
*** Running vivado
    with args -log svd_top_fsm_bram.vdi -applog -m64 -product Vivado -messageDb vivado.pb -mode batch -source svd_top_fsm_bram.tcl -notrace


****** Vivado v2018.3.1 (64-bit)
  **** SW Build 2489853 on Tue Mar 26 04:20:25 MDT 2019
  **** IP Build 2486929 on Tue Mar 26 06:44:21 MDT 2019
    ** Copyright 1986-2019 Xilinx, Inc. All Rights Reserved.

source svd_top_fsm_bram.tcl -notrace
Command: link_design -top svd_top_fsm_bram -part xc7a100tcsg324-1 -mode out_of_context
Design is defaulting to srcset: sources_1
Design is defaulting to constrset: constrs_1
INFO: [Project 1-454] Reading design checkpoint 'c:/Users/khanm/OneDrive/Documents/GitHub/ECE532_Project_MVP/jacobi 1 1/jacobi 1/jacobi/jacobi.srcs/sources_1/ip/div_gen_0/div_gen_0.dcp' for cell 'lower_fsm/u_div_gen'
INFO: [Project 1-454] Reading design checkpoint 'c:/Users/khanm/OneDrive/Documents/GitHub/ECE532_Project_MVP/jacobi 1 1/jacobi 1/jacobi/jacobi.srcs/sources_1/ip/cordic_2/cordic_2.dcp' for cell 'lower_fsm/u_sqrt'
INFO: [Project 1-454] Reading design checkpoint 'c:/Users/khanm/OneDrive/Documents/GitHub/ECE532_Project_MVP/jacobi 1 1/jacobi 1/jacobi/jacobi.srcs/sources_1/ip/cordic_0/cordic_0.dcp' for cell 'lower_fsm/u_rotation_param/u_arctan'
INFO: [Project 1-454] Reading design checkpoint 'c:/Users/khanm/OneDrive/Documents/GitHub/ECE532_Project_MVP/jacobi 1 1/jacobi 1/jacobi/jacobi.srcs/sources_1/ip/cordic_1/cordic_1.dcp' for cell 'lower_fsm/u_rotation_param/u_sincos'
INFO: [Netlist 29-17] Analyzing 4479 Unisim elements for replacement
INFO: [Netlist 29-28] Unisim Transformation completed in 0 CPU seconds
INFO: [Project 1-479] Netlist was created with Vivado 2018.3
INFO: [Device 21-403] Loading part xc7a100tcsg324-1
INFO: [Project 1-570] Preparing netlist for logic optimization
Parsing XDC File [C:/Users/khanm/OneDrive/Documents/GitHub/ECE532_Project_MVP/jacobi 1 1/jacobi 1/jacobi/jacobi.srcs/constrs_1/new/constraints.xdc]
Finished Parsing XDC File [C:/Users/khanm/OneDrive/Documents/GitHub/ECE532_Project_MVP/jacobi 1 1/jacobi 1/jacobi/jacobi.srcs/constrs_1/new/constraints.xdc]
INFO: [Opt 31-138] Pushed 0 inverter(s) to 0 load pin(s).
Netlist sorting complete. Time (s): cpu = 00:00:00 ; elapsed = 00:00:00.029 . Memory (MB): peak = 942.531 ; gain = 0.000
INFO: [Project 1-111] Unisim Transformation Summary:
No Unisim elements were transformed.

11 Infos, 0 Warnings, 0 Critical Warnings and 0 Errors encountered.
link_design completed successfully
link_design: Time (s): cpu = 00:00:23 ; elapsed = 00:00:24 . Memory (MB): peak = 942.531 ; gain = 582.234
Command: opt_design
Attempting to get a license for feature 'Implementation' and/or device 'xc7a100t'
INFO: [Common 17-349] Got license for feature 'Implementation' and/or device 'xc7a100t'
Running DRC as a precondition to command opt_design

Starting DRC Task
INFO: [DRC 23-27] Running DRC with 2 threads
INFO: [Project 1-461] DRC finished with 0 Errors
INFO: [Project 1-462] Please refer to the DRC report (report_drc) for more information.

Time (s): cpu = 00:00:01 ; elapsed = 00:00:00.767 . Memory (MB): peak = 945.035 ; gain = 2.504

Starting Cache Timing Information Task
INFO: [Timing 38-35] Done setting XDC timing constraints.
Ending Cache Timing Information Task | Checksum: 10acf4869

Time (s): cpu = 00:00:10 ; elapsed = 00:00:09 . Memory (MB): peak = 1567.062 ; gain = 622.027

Starting Logic Optimization Task

Phase 1 Retarget
INFO: [Opt 31-138] Pushed 8 inverter(s) to 320 load pin(s).
INFO: [Opt 31-49] Retargeted 0 cell(s).
Phase 1 Retarget | Checksum: 14d159533

Time (s): cpu = 00:00:05 ; elapsed = 00:00:05 . Memory (MB): peak = 1653.262 ; gain = 0.000
INFO: [Opt 31-389] Phase Retarget created 32 cells and removed 373 cells

Phase 2 Constant propagation
INFO: [Opt 31-138] Pushed 12 inverter(s) to 12 load pin(s).
Phase 2 Constant propagation | Checksum: 1a0ffbc0b

Time (s): cpu = 00:00:06 ; elapsed = 00:00:05 . Memory (MB): peak = 1653.262 ; gain = 0.000
INFO: [Opt 31-389] Phase Constant propagation created 157 cells and removed 260 cells

Phase 3 Sweep
Phase 3 Sweep | Checksum: e7ad9cb7

Time (s): cpu = 00:00:30 ; elapsed = 00:00:30 . Memory (MB): peak = 1653.262 ; gain = 0.000
INFO: [Opt 31-389] Phase Sweep created 0 cells and removed 42557 cells

Phase 4 BUFG optimization
Phase 4 BUFG optimization | Checksum: e7ad9cb7

Time (s): cpu = 00:00:30 ; elapsed = 00:00:30 . Memory (MB): peak = 1653.262 ; gain = 0.000
INFO: [Opt 31-662] Phase BUFG optimization created 0 cells of which 0 are BUFGs and removed 0 cells.

Phase 5 Shift Register Optimization
Phase 5 Shift Register Optimization | Checksum: 16936a5b6

Time (s): cpu = 00:00:30 ; elapsed = 00:00:30 . Memory (MB): peak = 1653.262 ; gain = 0.000
INFO: [Opt 31-389] Phase Shift Register Optimization created 0 cells and removed 0 cells

Phase 6 Post Processing Netlist
Phase 6 Post Processing Netlist | Checksum: 16936a5b6

Time (s): cpu = 00:00:30 ; elapsed = 00:00:30 . Memory (MB): peak = 1653.262 ; gain = 0.000
INFO: [Opt 31-389] Phase Post Processing Netlist created 0 cells and removed 0 cells
Opt_design Change Summary
=========================


-------------------------------------------------------------------------------------------------------------------------
|  Phase                        |  #Cells created  |  #Cells Removed  |  #Constrained objects preventing optimizations  |
-------------------------------------------------------------------------------------------------------------------------
|  Retarget                     |              32  |             373  |                                              0  |
|  Constant propagation         |             157  |             260  |                                              0  |
|  Sweep                        |               0  |           42557  |                                              0  |
|  BUFG optimization            |               0  |               0  |                                              0  |
|  Shift Register Optimization  |               0  |               0  |                                              0  |
|  Post Processing Netlist      |               0  |               0  |                                              0  |
-------------------------------------------------------------------------------------------------------------------------



Starting Connectivity Check Task

Time (s): cpu = 00:00:00 ; elapsed = 00:00:00.002 . Memory (MB): peak = 1653.262 ; gain = 0.000
Ending Logic Optimization Task | Checksum: 16936a5b6

Time (s): cpu = 00:00:30 ; elapsed = 00:00:30 . Memory (MB): peak = 1653.262 ; gain = 0.000

Starting Power Optimization Task
INFO: [Pwropt 34-132] Skipping clock gating for clocks with a period < 2.00 ns.
Ending Power Optimization Task | Checksum: 16936a5b6

Time (s): cpu = 00:00:00 ; elapsed = 00:00:00.006 . Memory (MB): peak = 1653.262 ; gain = 0.000

Starting Final Cleanup Task
Ending Final Cleanup Task | Checksum: 16936a5b6

Time (s): cpu = 00:00:00 ; elapsed = 00:00:00 . Memory (MB): peak = 1653.262 ; gain = 0.000

Starting Netlist Obfuscation Task
Netlist sorting complete. Time (s): cpu = 00:00:00 ; elapsed = 00:00:00.001 . Memory (MB): peak = 1653.262 ; gain = 0.000
Ending Netlist Obfuscation Task | Checksum: 16936a5b6

Time (s): cpu = 00:00:00 ; elapsed = 00:00:00.001 . Memory (MB): peak = 1653.262 ; gain = 0.000
INFO: [Common 17-83] Releasing license: Implementation
27 Infos, 0 Warnings, 0 Critical Warnings and 0 Errors encountered.
opt_design completed successfully
opt_design: Time (s): cpu = 00:00:43 ; elapsed = 00:00:41 . Memory (MB): peak = 1653.262 ; gain = 710.730
Netlist sorting complete. Time (s): cpu = 00:00:00 ; elapsed = 00:00:00 . Memory (MB): peak = 1653.262 ; gain = 0.000
INFO: [Timing 38-35] Done setting XDC timing constraints.
INFO: [Timing 38-480] Writing timing data to binary archive.
Netlist sorting complete. Time (s): cpu = 00:00:00 ; elapsed = 00:00:00.001 . Memory (MB): peak = 1653.262 ; gain = 0.000
INFO: [Common 17-1381] The checkpoint 'C:/Users/khanm/OneDrive/Documents/GitHub/ECE532_Project_MVP/jacobi 1 1/jacobi 1/jacobi/jacobi.runs/impl_1/svd_top_fsm_bram_opt.dcp' has been generated.
INFO: [runtcl-4] Executing : report_drc -file svd_top_fsm_bram_drc_opted.rpt -pb svd_top_fsm_bram_drc_opted.pb -rpx svd_top_fsm_bram_drc_opted.rpx
Command: report_drc -file svd_top_fsm_bram_drc_opted.rpt -pb svd_top_fsm_bram_drc_opted.pb -rpx svd_top_fsm_bram_drc_opted.rpx
INFO: [IP_Flow 19-1839] IP Catalog is up to date.
INFO: [DRC 23-27] Running DRC with 2 threads
INFO: [Coretcl 2-168] The results of DRC are in file C:/Users/khanm/OneDrive/Documents/GitHub/ECE532_Project_MVP/jacobi 1 1/jacobi 1/jacobi/jacobi.runs/impl_1/svd_top_fsm_bram_drc_opted.rpt.
report_drc completed successfully
Command: place_design
Attempting to get a license for feature 'Implementation' and/or device 'xc7a100t'
INFO: [Common 17-349] Got license for feature 'Implementation' and/or device 'xc7a100t'
INFO: [DRC 23-27] Running DRC with 2 threads
INFO: [Vivado_Tcl 4-198] DRC finished with 0 Errors
INFO: [Vivado_Tcl 4-199] Please refer to the DRC report (report_drc) for more information.
Running DRC as a precondition to command place_design
INFO: [DRC 23-27] Running DRC with 2 threads
INFO: [Vivado_Tcl 4-198] DRC finished with 0 Errors
INFO: [Vivado_Tcl 4-199] Please refer to the DRC report (report_drc) for more information.

Starting Placer Task
INFO: [Place 30-611] Multithreading enabled for place_design using a maximum of 2 CPUs

Phase 1 Placer Initialization

Phase 1.1 Placer Initialization Netlist Sorting
Netlist sorting complete. Time (s): cpu = 00:00:00 ; elapsed = 00:00:00 . Memory (MB): peak = 1653.262 ; gain = 0.000
Phase 1.1 Placer Initialization Netlist Sorting | Checksum: c96638ef

Time (s): cpu = 00:00:00 ; elapsed = 00:00:00.003 . Memory (MB): peak = 1653.262 ; gain = 0.000
Netlist sorting complete. Time (s): cpu = 00:00:00 ; elapsed = 00:00:00 . Memory (MB): peak = 1653.262 ; gain = 0.000

Phase 1.2 IO Placement/ Clock Placement/ Build Placer Device
Phase 1.2 IO Placement/ Clock Placement/ Build Placer Device | Checksum: 899f3588

Time (s): cpu = 00:00:00 ; elapsed = 00:00:00.481 . Memory (MB): peak = 1653.262 ; gain = 0.000

Phase 1.3 Build Placer Netlist Model
Phase 1.3 Build Placer Netlist Model | Checksum: 1293a6edc

Time (s): cpu = 00:00:01 ; elapsed = 00:00:00.648 . Memory (MB): peak = 1653.262 ; gain = 0.000

Phase 1.4 Constrain Clocks/Macros
Phase 1.4 Constrain Clocks/Macros | Checksum: 1293a6edc

Time (s): cpu = 00:00:01 ; elapsed = 00:00:00.651 . Memory (MB): peak = 1653.262 ; gain = 0.000
Phase 1 Placer Initialization | Checksum: 1293a6edc

Time (s): cpu = 00:00:01 ; elapsed = 00:00:00.653 . Memory (MB): peak = 1653.262 ; gain = 0.000

Phase 2 Global Placement

Phase 2.1 Floorplanning
Phase 2.1 Floorplanning | Checksum: 1202596ca

Time (s): cpu = 00:00:01 ; elapsed = 00:00:00.712 . Memory (MB): peak = 1653.262 ; gain = 0.000

Phase 2.2 Physical Synthesis In Placer
INFO: [Physopt 32-65] No nets found for high-fanout optimization.
INFO: [Physopt 32-232] Optimized 0 net. Created 0 new instance.
INFO: [Physopt 32-775] End 1 Pass. Optimized 0 net or cell. Created 0 new cell, deleted 0 existing cell and moved 0 existing cell
INFO: [Physopt 32-670] No setup violation found.  DSP Register Optimization was not performed.
INFO: [Physopt 32-670] No setup violation found.  Shift Register Optimization was not performed.
INFO: [Physopt 32-670] No setup violation found.  BRAM Register Optimization was not performed.
INFO: [Physopt 32-949] No candidate nets found for HD net replication
INFO: [Physopt 32-775] End 1 Pass. Optimized 0 net or cell. Created 0 new cell, deleted 0 existing cell and moved 0 existing cell
Netlist sorting complete. Time (s): cpu = 00:00:00 ; elapsed = 00:00:00.001 . Memory (MB): peak = 1653.262 ; gain = 0.000

Summary of Physical Synthesis Optimizations
============================================


----------------------------------------------------------------------------------------------------------------------------------------
|  Optimization                  |  Added Cells  |  Removed Cells  |  Optimized Cells/Nets  |  Dont Touch  |  Iterations  |  Elapsed   |
----------------------------------------------------------------------------------------------------------------------------------------
|  Very High Fanout              |            0  |              0  |                     0  |           0  |           1  |  00:00:00  |
|  DSP Register                  |            0  |              0  |                     0  |           0  |           0  |  00:00:00  |
|  Shift Register                |            0  |              0  |                     0  |           0  |           0  |  00:00:00  |
|  BRAM Register                 |            0  |              0  |                     0  |           0  |           0  |  00:00:00  |
|  HD Interface Net Replication  |            0  |              0  |                     0  |           0  |           1  |  00:00:00  |
|  Total                         |            0  |              0  |                     0  |           0  |           2  |  00:00:00  |
----------------------------------------------------------------------------------------------------------------------------------------


Phase 2.2 Physical Synthesis In Placer | Checksum: 135bb1f2f

Time (s): cpu = 00:00:02 ; elapsed = 00:00:02 . Memory (MB): peak = 1653.262 ; gain = 0.000
Phase 2 Global Placement | Checksum: 15f9a79c2

Time (s): cpu = 00:00:02 ; elapsed = 00:00:02 . Memory (MB): peak = 1653.262 ; gain = 0.000

Phase 3 Detail Placement

Phase 3.1 Commit Multi Column Macros
Phase 3.1 Commit Multi Column Macros | Checksum: 15f9a79c2

Time (s): cpu = 00:00:02 ; elapsed = 00:00:02 . Memory (MB): peak = 1653.262 ; gain = 0.000

Phase 3.2 Commit Most Macros & LUTRAMs
Phase 3.2 Commit Most Macros & LUTRAMs | Checksum: 1e29ff62e

Time (s): cpu = 00:00:03 ; elapsed = 00:00:02 . Memory (MB): peak = 1653.262 ; gain = 0.000

Phase 3.3 Area Swap Optimization
Phase 3.3 Area Swap Optimization | Checksum: 244cd02b4

Time (s): cpu = 00:00:03 ; elapsed = 00:00:02 . Memory (MB): peak = 1653.262 ; gain = 0.000

Phase 3.4 Pipeline Register Optimization
Phase 3.4 Pipeline Register Optimization | Checksum: 1eebe0e1d

Time (s): cpu = 00:00:03 ; elapsed = 00:00:02 . Memory (MB): peak = 1653.262 ; gain = 0.000

Phase 3.5 Small Shape Detail Placement
Phase 3.5 Small Shape Detail Placement | Checksum: 2377eb144

Time (s): cpu = 00:00:03 ; elapsed = 00:00:02 . Memory (MB): peak = 1653.262 ; gain = 0.000

Phase 3.6 Re-assign LUT pins
Phase 3.6 Re-assign LUT pins | Checksum: 1bbd2d265

Time (s): cpu = 00:00:03 ; elapsed = 00:00:02 . Memory (MB): peak = 1653.262 ; gain = 0.000

Phase 3.7 Pipeline Register Optimization
Phase 3.7 Pipeline Register Optimization | Checksum: 1c946088f

Time (s): cpu = 00:00:03 ; elapsed = 00:00:02 . Memory (MB): peak = 1653.262 ; gain = 0.000
Phase 3 Detail Placement | Checksum: 1c946088f

Time (s): cpu = 00:00:03 ; elapsed = 00:00:02 . Memory (MB): peak = 1653.262 ; gain = 0.000

Phase 4 Post Placement Optimization and Clean-Up

Phase 4.1 Post Commit Optimization
INFO: [Timing 38-35] Done setting XDC timing constraints.

Phase 4.1.1 Post Placement Optimization
Post Placement Optimization Initialization | Checksum: 1ea992a5c

Phase 4.1.1.1 BUFG Insertion
INFO: [Place 46-46] BUFG insertion identified 0 candidate nets, 0 success, 0 bufg driver replicated, 0 skipped for placement/routing, 0 skipped for timing, 0 skipped for netlist change reason
Phase 4.1.1.1 BUFG Insertion | Checksum: 1ea992a5c

Time (s): cpu = 00:00:03 ; elapsed = 00:00:02 . Memory (MB): peak = 1653.262 ; gain = 0.000
INFO: [Place 30-746] Post Placement Timing Summary WNS=1.498. For the most accurate timing information please run report_timing.
Phase 4.1.1 Post Placement Optimization | Checksum: 142b6f3f7

Time (s): cpu = 00:00:03 ; elapsed = 00:00:02 . Memory (MB): peak = 1653.262 ; gain = 0.000
Phase 4.1 Post Commit Optimization | Checksum: 142b6f3f7

Time (s): cpu = 00:00:03 ; elapsed = 00:00:02 . Memory (MB): peak = 1653.262 ; gain = 0.000

Phase 4.2 Post Placement Cleanup
Phase 4.2 Post Placement Cleanup | Checksum: 142b6f3f7

Time (s): cpu = 00:00:03 ; elapsed = 00:00:02 . Memory (MB): peak = 1653.262 ; gain = 0.000

Phase 4.3 Placer Reporting
Phase 4.3 Placer Reporting | Checksum: 142b6f3f7

Time (s): cpu = 00:00:03 ; elapsed = 00:00:02 . Memory (MB): peak = 1653.262 ; gain = 0.000

Phase 4.4 Final Placement Cleanup
Netlist sorting complete. Time (s): cpu = 00:00:00 ; elapsed = 00:00:00 . Memory (MB): peak = 1653.262 ; gain = 0.000
Phase 4.4 Final Placement Cleanup | Checksum: 94f33c46

Time (s): cpu = 00:00:03 ; elapsed = 00:00:02 . Memory (MB): peak = 1653.262 ; gain = 0.000
Phase 4 Post Placement Optimization and Clean-Up | Checksum: 94f33c46

Time (s): cpu = 00:00:03 ; elapsed = 00:00:02 . Memory (MB): peak = 1653.262 ; gain = 0.000
Ending Placer Task | Checksum: 81d7a2ab

Time (s): cpu = 00:00:03 ; elapsed = 00:00:02 . Memory (MB): peak = 1653.262 ; gain = 0.000
INFO: [Common 17-83] Releasing license: Implementation
54 Infos, 0 Warnings, 0 Critical Warnings and 0 Errors encountered.
place_design completed successfully
Netlist sorting complete. Time (s): cpu = 00:00:00 ; elapsed = 00:00:00 . Memory (MB): peak = 1653.262 ; gain = 0.000
INFO: [Timing 38-480] Writing timing data to binary archive.
Writing placer database...
Writing XDEF routing.
Writing XDEF routing logical nets.
Writing XDEF routing special nets.
Write XDEF Complete: Time (s): cpu = 00:00:00 ; elapsed = 00:00:00.055 . Memory (MB): peak = 1653.262 ; gain = 0.000
Netlist sorting complete. Time (s): cpu = 00:00:00 ; elapsed = 00:00:00.001 . Memory (MB): peak = 1653.262 ; gain = 0.000
INFO: [Common 17-1381] The checkpoint 'C:/Users/khanm/OneDrive/Documents/GitHub/ECE532_Project_MVP/jacobi 1 1/jacobi 1/jacobi/jacobi.runs/impl_1/svd_top_fsm_bram_placed.dcp' has been generated.
INFO: [runtcl-4] Executing : report_io -file svd_top_fsm_bram_io_placed.rpt
report_io: Time (s): cpu = 00:00:00 ; elapsed = 00:00:00.026 . Memory (MB): peak = 1653.262 ; gain = 0.000
INFO: [runtcl-4] Executing : report_utilization -file svd_top_fsm_bram_utilization_placed.rpt -pb svd_top_fsm_bram_utilization_placed.pb
INFO: [runtcl-4] Executing : report_control_sets -verbose -file svd_top_fsm_bram_control_sets_placed.rpt
report_control_sets: Time (s): cpu = 00:00:00 ; elapsed = 00:00:00.003 . Memory (MB): peak = 1653.262 ; gain = 0.000
Command: route_design
Attempting to get a license for feature 'Implementation' and/or device 'xc7a100t'
INFO: [Common 17-349] Got license for feature 'Implementation' and/or device 'xc7a100t'
Running DRC as a precondition to command route_design
INFO: [DRC 23-27] Running DRC with 2 threads
INFO: [Vivado_Tcl 4-198] DRC finished with 0 Errors
INFO: [Vivado_Tcl 4-199] Please refer to the DRC report (report_drc) for more information.


Starting Routing Task
INFO: [Route 35-254] Multithreading enabled for route_design using a maximum of 2 CPUs
Checksum: PlaceDB: 797df188 ConstDB: 0 ShapeSum: 859b123 RouteDB: 0

Phase 1 Build RT Design
WARNING: [Route 35-197] Clock port "clk" does not have an associated HD.CLK_SRC. Without this constraint, timing analysis may not be accurate and upstream checks cannot be done to ensure correct clock placement.
WARNING: [Route 35-198] Port "rst" does not have an associated HD.PARTPIN_LOCS, which will prevent the partial routing of the signal "rst". Without this partial route, timing analysis to/from this port will not be accurate, and no routing information for this port can be exported.
WARNING: [Route 35-198] Port "start" does not have an associated HD.PARTPIN_LOCS, which will prevent the partial routing of the signal "start". Without this partial route, timing analysis to/from this port will not be accurate, and no routing information for this port can be exported.
WARNING: [Route 35-198] Port "done" does not have an associated HD.PARTPIN_LOCS, which will prevent the partial routing of the signal "lower_fsm/u_control_fsm/done". Without this partial route, timing analysis to/from this port will not be accurate, and no routing information for this port can be exported.
WARNING: [Route 35-198] Port "mem_dout[13]" does not have an associated HD.PARTPIN_LOCS, which will prevent the partial routing of the signal "mem_dout[13]". Without this partial route, timing analysis to/from this port will not be accurate, and no routing information for this port can be exported.
WARNING: [Route 35-198] Port "mem_dout[10]" does not have an associated HD.PARTPIN_LOCS, which will prevent the partial routing of the signal "mem_dout[10]". Without this partial route, timing analysis to/from this port will not be accurate, and no routing information for this port can be exported.
WARNING: [Route 35-198] Port "mem_dout[3]" does not have an associated HD.PARTPIN_LOCS, which will prevent the partial routing of the signal "mem_dout[3]". Without this partial route, timing analysis to/from this port will not be accurate, and no routing information for this port can be exported.
WARNING: [Route 35-198] Port "mem_dout[7]" does not have an associated HD.PARTPIN_LOCS, which will prevent the partial routing of the signal "mem_dout[7]". Without this partial route, timing analysis to/from this port will not be accurate, and no routing information for this port can be exported.
WARNING: [Route 35-198] Port "mem_dout[11]" does not have an associated HD.PARTPIN_LOCS, which will prevent the partial routing of the signal "mem_dout[11]". Without this partial route, timing analysis to/from this port will not be accurate, and no routing information for this port can be exported.
WARNING: [Route 35-198] Port "mem_dout[15]" does not have an associated HD.PARTPIN_LOCS, which will prevent the partial routing of the signal "mem_dout[15]". Without this partial route, timing analysis to/from this port will not be accurate, and no routing information for this port can be exported.
WARNING: [Route 35-198] Port "mem_dout[1]" does not have an associated HD.PARTPIN_LOCS, which will prevent the partial routing of the signal "mem_dout[1]". Without this partial route, timing analysis to/from this port will not be accurate, and no routing information for this port can be exported.
WARNING: [Route 35-198] Port "mem_dout[0]" does not have an associated HD.PARTPIN_LOCS, which will prevent the partial routing of the signal "mem_dout[0]". Without this partial route, timing analysis to/from this port will not be accurate, and no routing information for this port can be exported.
WARNING: [Route 35-198] Port "mem_dout[12]" does not have an associated HD.PARTPIN_LOCS, which will prevent the partial routing of the signal "mem_dout[12]". Without this partial route, timing analysis to/from this port will not be accurate, and no routing information for this port can be exported.
WARNING: [Route 35-198] Port "mem_dout[14]" does not have an associated HD.PARTPIN_LOCS, which will prevent the partial routing of the signal "mem_dout[14]". Without this partial route, timing analysis to/from this port will not be accurate, and no routing information for this port can be exported.
WARNING: [Route 35-198] Port "mem_dout[2]" does not have an associated HD.PARTPIN_LOCS, which will prevent the partial routing of the signal "mem_dout[2]". Without this partial route, timing analysis to/from this port will not be accurate, and no routing information for this port can be exported.
WARNING: [Route 35-198] Port "mem_dout[4]" does not have an associated HD.PARTPIN_LOCS, which will prevent the partial routing of the signal "mem_dout[4]". Without this partial route, timing analysis to/from this port will not be accurate, and no routing information for this port can be exported.
WARNING: [Route 35-198] Port "mem_dout[5]" does not have an associated HD.PARTPIN_LOCS, which will prevent the partial routing of the signal "mem_dout[5]". Without this partial route, timing analysis to/from this port will not be accurate, and no routing information for this port can be exported.
WARNING: [Route 35-198] Port "mem_dout[6]" does not have an associated HD.PARTPIN_LOCS, which will prevent the partial routing of the signal "mem_dout[6]". Without this partial route, timing analysis to/from this port will not be accurate, and no routing information for this port can be exported.
WARNING: [Route 35-198] Port "mem_dout[8]" does not have an associated HD.PARTPIN_LOCS, which will prevent the partial routing of the signal "mem_dout[8]". Without this partial route, timing analysis to/from this port will not be accurate, and no routing information for this port can be exported.
WARNING: [Route 35-198] Port "mem_dout[9]" does not have an associated HD.PARTPIN_LOCS, which will prevent the partial routing of the signal "mem_dout[9]". Without this partial route, timing analysis to/from this port will not be accurate, and no routing information for this port can be exported.
WARNING: [Route 35-198] Port "bram4_dout[1]" does not have an associated HD.PARTPIN_LOCS, which will prevent the partial routing of the signal "bram4_dout[1]". Without this partial route, timing analysis to/from this port will not be accurate, and no routing information for this port can be exported.
WARNING: [Route 35-198] Port "bram2_dout[1]" does not have an associated HD.PARTPIN_LOCS, which will prevent the partial routing of the signal "bram2_dout[1]". Without this partial route, timing analysis to/from this port will not be accurate, and no routing information for this port can be exported.
WARNING: [Route 35-198] Port "bram4_dout[4]" does not have an associated HD.PARTPIN_LOCS, which will prevent the partial routing of the signal "bram4_dout[4]". Without this partial route, timing analysis to/from this port will not be accurate, and no routing information for this port can be exported.
WARNING: [Route 35-198] Port "bram2_dout[4]" does not have an associated HD.PARTPIN_LOCS, which will prevent the partial routing of the signal "bram2_dout[4]". Without this partial route, timing analysis to/from this port will not be accurate, and no routing information for this port can be exported.
WARNING: [Route 35-198] Port "bram4_dout[5]" does not have an associated HD.PARTPIN_LOCS, which will prevent the partial routing of the signal "bram4_dout[5]". Without this partial route, timing analysis to/from this port will not be accurate, and no routing information for this port can be exported.
WARNING: [Route 35-198] Port "bram2_dout[5]" does not have an associated HD.PARTPIN_LOCS, which will prevent the partial routing of the signal "bram2_dout[5]". Without this partial route, timing analysis to/from this port will not be accurate, and no routing information for this port can be exported.
WARNING: [Route 35-198] Port "bram4_dout[11]" does not have an associated HD.PARTPIN_LOCS, which will prevent the partial routing of the signal "bram4_dout[11]". Without this partial route, timing analysis to/from this port will not be accurate, and no routing information for this port can be exported.
WARNING: [Route 35-198] Port "bram2_dout[11]" does not have an associated HD.PARTPIN_LOCS, which will prevent the partial routing of the signal "bram2_dout[11]". Without this partial route, timing analysis to/from this port will not be accurate, and no routing information for this port can be exported.
WARNING: [Route 35-198] Port "bram4_dout[13]" does not have an associated HD.PARTPIN_LOCS, which will prevent the partial routing of the signal "bram4_dout[13]". Without this partial route, timing analysis to/from this port will not be accurate, and no routing information for this port can be exported.
WARNING: [Route 35-198] Port "bram2_dout[13]" does not have an associated HD.PARTPIN_LOCS, which will prevent the partial routing of the signal "bram2_dout[13]". Without this partial route, timing analysis to/from this port will not be accurate, and no routing information for this port can be exported.
WARNING: [Route 35-198] Port "bram4_dout[15]" does not have an associated HD.PARTPIN_LOCS, which will prevent the partial routing of the signal "bram4_dout[15]". Without this partial route, timing analysis to/from this port will not be accurate, and no routing information for this port can be exported.
WARNING: [Route 35-198] Port "bram2_dout[15]" does not have an associated HD.PARTPIN_LOCS, which will prevent the partial routing of the signal "bram2_dout[15]". Without this partial route, timing analysis to/from this port will not be accurate, and no routing information for this port can be exported.
WARNING: [Route 35-198] Port "bram4_dout[2]" does not have an associated HD.PARTPIN_LOCS, which will prevent the partial routing of the signal "bram4_dout[2]". Without this partial route, timing analysis to/from this port will not be accurate, and no routing information for this port can be exported.
WARNING: [Route 35-198] Port "bram2_dout[2]" does not have an associated HD.PARTPIN_LOCS, which will prevent the partial routing of the signal "bram2_dout[2]". Without this partial route, timing analysis to/from this port will not be accurate, and no routing information for this port can be exported.
WARNING: [Route 35-198] Port "bram4_dout[14]" does not have an associated HD.PARTPIN_LOCS, which will prevent the partial routing of the signal "bram4_dout[14]". Without this partial route, timing analysis to/from this port will not be accurate, and no routing information for this port can be exported.
WARNING: [Route 35-198] Port "bram2_dout[14]" does not have an associated HD.PARTPIN_LOCS, which will prevent the partial routing of the signal "bram2_dout[14]". Without this partial route, timing analysis to/from this port will not be accurate, and no routing information for this port can be exported.
WARNING: [Route 35-198] Port "bram4_dout[0]" does not have an associated HD.PARTPIN_LOCS, which will prevent the partial routing of the signal "bram4_dout[0]". Without this partial route, timing analysis to/from this port will not be accurate, and no routing information for this port can be exported.
WARNING: [Route 35-198] Port "bram2_dout[0]" does not have an associated HD.PARTPIN_LOCS, which will prevent the partial routing of the signal "bram2_dout[0]". Without this partial route, timing analysis to/from this port will not be accurate, and no routing information for this port can be exported.
WARNING: [Route 35-198] Port "bram4_dout[9]" does not have an associated HD.PARTPIN_LOCS, which will prevent the partial routing of the signal "bram4_dout[9]". Without this partial route, timing analysis to/from this port will not be accurate, and no routing information for this port can be exported.
WARNING: [Route 35-198] Port "bram2_dout[9]" does not have an associated HD.PARTPIN_LOCS, which will prevent the partial routing of the signal "bram2_dout[9]". Without this partial route, timing analysis to/from this port will not be accurate, and no routing information for this port can be exported.
WARNING: [Route 35-198] Port "bram4_dout[12]" does not have an associated HD.PARTPIN_LOCS, which will prevent the partial routing of the signal "bram4_dout[12]". Without this partial route, timing analysis to/from this port will not be accurate, and no routing information for this port can be exported.
WARNING: [Route 35-198] Port "bram2_dout[12]" does not have an associated HD.PARTPIN_LOCS, which will prevent the partial routing of the signal "bram2_dout[12]". Without this partial route, timing analysis to/from this port will not be accurate, and no routing information for this port can be exported.
WARNING: [Route 35-198] Port "bram4_dout[10]" does not have an associated HD.PARTPIN_LOCS, which will prevent the partial routing of the signal "bram4_dout[10]". Without this partial route, timing analysis to/from this port will not be accurate, and no routing information for this port can be exported.
WARNING: [Route 35-198] Port "bram2_dout[10]" does not have an associated HD.PARTPIN_LOCS, which will prevent the partial routing of the signal "bram2_dout[10]". Without this partial route, timing analysis to/from this port will not be accurate, and no routing information for this port can be exported.
WARNING: [Route 35-198] Port "bram4_dout[3]" does not have an associated HD.PARTPIN_LOCS, which will prevent the partial routing of the signal "bram4_dout[3]". Without this partial route, timing analysis to/from this port will not be accurate, and no routing information for this port can be exported.
WARNING: [Route 35-198] Port "bram2_dout[3]" does not have an associated HD.PARTPIN_LOCS, which will prevent the partial routing of the signal "bram2_dout[3]". Without this partial route, timing analysis to/from this port will not be accurate, and no routing information for this port can be exported.
WARNING: [Route 35-198] Port "bram4_dout[7]" does not have an associated HD.PARTPIN_LOCS, which will prevent the partial routing of the signal "bram4_dout[7]". Without this partial route, timing analysis to/from this port will not be accurate, and no routing information for this port can be exported.
WARNING: [Route 35-198] Port "bram2_dout[7]" does not have an associated HD.PARTPIN_LOCS, which will prevent the partial routing of the signal "bram2_dout[7]". Without this partial route, timing analysis to/from this port will not be accurate, and no routing information for this port can be exported.
WARNING: [Route 35-198] Port "bram4_dout[8]" does not have an associated HD.PARTPIN_LOCS, which will prevent the partial routing of the signal "bram4_dout[8]". Without this partial route, timing analysis to/from this port will not be accurate, and no routing information for this port can be exported.
WARNING: [Route 35-198] Port "bram2_dout[8]" does not have an associated HD.PARTPIN_LOCS, which will prevent the partial routing of the signal "bram2_dout[8]". Without this partial route, timing analysis to/from this port will not be accurate, and no routing information for this port can be exported.
WARNING: [Route 35-198] Port "bram4_dout[6]" does not have an associated HD.PARTPIN_LOCS, which will prevent the partial routing of the signal "bram4_dout[6]". Without this partial route, timing analysis to/from this port will not be accurate, and no routing information for this port can be exported.
WARNING: [Route 35-198] Port "bram2_dout[6]" does not have an associated HD.PARTPIN_LOCS, which will prevent the partial routing of the signal "bram2_dout[6]". Without this partial route, timing analysis to/from this port will not be accurate, and no routing information for this port can be exported.
Phase 1 Build RT Design | Checksum: 11e900b0e

Time (s): cpu = 00:00:25 ; elapsed = 00:00:22 . Memory (MB): peak = 1653.262 ; gain = 0.000
Post Restoration Checksum: NetGraph: f795b132 NumContArr: 26fa59dc Constraints: 0 Timing: 0

Phase 2 Router Initialization

Phase 2.1 Create Timer
Phase 2.1 Create Timer | Checksum: 11e900b0e

Time (s): cpu = 00:00:25 ; elapsed = 00:00:22 . Memory (MB): peak = 1653.262 ; gain = 0.000

Phase 2.2 Fix Topology Constraints
Phase 2.2 Fix Topology Constraints | Checksum: 11e900b0e

Time (s): cpu = 00:00:25 ; elapsed = 00:00:22 . Memory (MB): peak = 1653.262 ; gain = 0.000

Phase 2.3 Pre Route Cleanup
Phase 2.3 Pre Route Cleanup | Checksum: 11e900b0e

Time (s): cpu = 00:00:25 ; elapsed = 00:00:22 . Memory (MB): peak = 1653.262 ; gain = 0.000
 Number of Nodes with overlaps = 0

Phase 2.4 Update Timing
Phase 2.4 Update Timing | Checksum: 1388f5ef5

Time (s): cpu = 00:00:25 ; elapsed = 00:00:22 . Memory (MB): peak = 1653.262 ; gain = 0.000
INFO: [Route 35-416] Intermediate Timing Summary | WNS=1.655  | TNS=0.000  | WHS=0.058  | THS=0.000  |

Phase 2 Router Initialization | Checksum: 1d9d014e9

Time (s): cpu = 00:00:25 ; elapsed = 00:00:22 . Memory (MB): peak = 1653.262 ; gain = 0.000

Phase 3 Initial Routing
Phase 3 Initial Routing | Checksum: 23d879379

Time (s): cpu = 00:00:25 ; elapsed = 00:00:22 . Memory (MB): peak = 1653.262 ; gain = 0.000

Phase 4 Rip-up And Reroute

Phase 4.1 Global Iteration 0
 Number of Nodes with overlaps = 36
 Number of Nodes with overlaps = 3
 Number of Nodes with overlaps = 0
INFO: [Route 35-416] Intermediate Timing Summary | WNS=2.056  | TNS=0.000  | WHS=N/A    | THS=N/A    |

Phase 4.1 Global Iteration 0 | Checksum: 15feb250a

Time (s): cpu = 00:00:25 ; elapsed = 00:00:22 . Memory (MB): peak = 1653.262 ; gain = 0.000
Phase 4 Rip-up And Reroute | Checksum: 15feb250a

Time (s): cpu = 00:00:25 ; elapsed = 00:00:22 . Memory (MB): peak = 1653.262 ; gain = 0.000

Phase 5 Delay and Skew Optimization

Phase 5.1 Delay CleanUp
Phase 5.1 Delay CleanUp | Checksum: 15feb250a

Time (s): cpu = 00:00:25 ; elapsed = 00:00:22 . Memory (MB): peak = 1653.262 ; gain = 0.000

Phase 5.2 Clock Skew Optimization
Phase 5.2 Clock Skew Optimization | Checksum: 15feb250a

Time (s): cpu = 00:00:25 ; elapsed = 00:00:22 . Memory (MB): peak = 1653.262 ; gain = 0.000
Phase 5 Delay and Skew Optimization | Checksum: 15feb250a

Time (s): cpu = 00:00:25 ; elapsed = 00:00:22 . Memory (MB): peak = 1653.262 ; gain = 0.000

Phase 6 Post Hold Fix

Phase 6.1 Hold Fix Iter

Phase 6.1.1 Update Timing
Phase 6.1.1 Update Timing | Checksum: da4ac2b1

Time (s): cpu = 00:00:25 ; elapsed = 00:00:22 . Memory (MB): peak = 1653.262 ; gain = 0.000
INFO: [Route 35-416] Intermediate Timing Summary | WNS=2.056  | TNS=0.000  | WHS=0.046  | THS=0.000  |

Phase 6.1 Hold Fix Iter | Checksum: da4ac2b1

Time (s): cpu = 00:00:25 ; elapsed = 00:00:22 . Memory (MB): peak = 1653.262 ; gain = 0.000
Phase 6 Post Hold Fix | Checksum: da4ac2b1

Time (s): cpu = 00:00:25 ; elapsed = 00:00:22 . Memory (MB): peak = 1653.262 ; gain = 0.000

Phase 7 Route finalize

Router Utilization Summary
  Global Vertical Routing Utilization    = 0.036863 %
  Global Horizontal Routing Utilization  = 0.0462489 %
  Routable Net Status*
  *Does not include unroutable nets such as driverless and loadless.
  Run report_route_status for detailed report.
  Number of Failed Nets               = 0
  Number of Unrouted Nets             = 0
  Number of Partially Routed Nets     = 0
  Number of Node Overlaps             = 0

Phase 7 Route finalize | Checksum: 109f0cff4

Time (s): cpu = 00:00:25 ; elapsed = 00:00:22 . Memory (MB): peak = 1653.262 ; gain = 0.000

Phase 8 Verifying routed nets

 Verification completed successfully
Phase 8 Verifying routed nets | Checksum: 109f0cff4

Time (s): cpu = 00:00:25 ; elapsed = 00:00:22 . Memory (MB): peak = 1653.262 ; gain = 0.000

Phase 9 Depositing Routes
Phase 9 Depositing Routes | Checksum: 185eb9179

Time (s): cpu = 00:00:25 ; elapsed = 00:00:22 . Memory (MB): peak = 1653.262 ; gain = 0.000

Phase 10 Post Router Timing
INFO: [Route 35-57] Estimated Timing Summary | WNS=2.056  | TNS=0.000  | WHS=0.046  | THS=0.000  |

INFO: [Route 35-327] The final timing numbers are based on the router estimated timing analysis. For a complete and accurate timing signoff, please run report_timing_summary.
Phase 10 Post Router Timing | Checksum: 185eb9179

Time (s): cpu = 00:00:25 ; elapsed = 00:00:22 . Memory (MB): peak = 1653.262 ; gain = 0.000
INFO: [Route 35-16] Router Completed Successfully

Time (s): cpu = 00:00:25 ; elapsed = 00:00:22 . Memory (MB): peak = 1653.262 ; gain = 0.000

Routing Is Done.
INFO: [Common 17-83] Releasing license: Implementation
71 Infos, 52 Warnings, 0 Critical Warnings and 0 Errors encountered.
route_design completed successfully
route_design: Time (s): cpu = 00:00:26 ; elapsed = 00:00:23 . Memory (MB): peak = 1653.262 ; gain = 0.000
Netlist sorting complete. Time (s): cpu = 00:00:00 ; elapsed = 00:00:00 . Memory (MB): peak = 1653.262 ; gain = 0.000
INFO: [Timing 38-480] Writing timing data to binary archive.
Writing placer database...
Writing XDEF routing.
Writing XDEF routing logical nets.
Writing XDEF routing special nets.
Write XDEF Complete: Time (s): cpu = 00:00:01 ; elapsed = 00:00:00.069 . Memory (MB): peak = 1653.262 ; gain = 0.000
Netlist sorting complete. Time (s): cpu = 00:00:00 ; elapsed = 00:00:00 . Memory (MB): peak = 1653.262 ; gain = 0.000
INFO: [Common 17-1381] The checkpoint 'C:/Users/khanm/OneDrive/Documents/GitHub/ECE532_Project_MVP/jacobi 1 1/jacobi 1/jacobi/jacobi.runs/impl_1/svd_top_fsm_bram_routed.dcp' has been generated.
INFO: [runtcl-4] Executing : report_drc -file svd_top_fsm_bram_drc_routed.rpt -pb svd_top_fsm_bram_drc_routed.pb -rpx svd_top_fsm_bram_drc_routed.rpx
Command: report_drc -file svd_top_fsm_bram_drc_routed.rpt -pb svd_top_fsm_bram_drc_routed.pb -rpx svd_top_fsm_bram_drc_routed.rpx
INFO: [IP_Flow 19-1839] IP Catalog is up to date.
INFO: [DRC 23-27] Running DRC with 2 threads
INFO: [Coretcl 2-168] The results of DRC are in file C:/Users/khanm/OneDrive/Documents/GitHub/ECE532_Project_MVP/jacobi 1 1/jacobi 1/jacobi/jacobi.runs/impl_1/svd_top_fsm_bram_drc_routed.rpt.
report_drc completed successfully
INFO: [runtcl-4] Executing : report_methodology -file svd_top_fsm_bram_methodology_drc_routed.rpt -pb svd_top_fsm_bram_methodology_drc_routed.pb -rpx svd_top_fsm_bram_methodology_drc_routed.rpx
Command: report_methodology -file svd_top_fsm_bram_methodology_drc_routed.rpt -pb svd_top_fsm_bram_methodology_drc_routed.pb -rpx svd_top_fsm_bram_methodology_drc_routed.rpx
INFO: [Timing 38-35] Done setting XDC timing constraints.
WARNING: [Timing 38-242] The property HD.CLK_SRC of clock port "clk" is not set. In out-of-context mode, this prevents timing estimation for clock delay/skew
Resolution: Set the HD.CLK_SRC property of the out-of-context port to the location of the clock buffer instance in the top-level design
INFO: [DRC 23-133] Running Methodology with 2 threads
INFO: [Coretcl 2-1520] The results of Report Methodology are in file C:/Users/khanm/OneDrive/Documents/GitHub/ECE532_Project_MVP/jacobi 1 1/jacobi 1/jacobi/jacobi.runs/impl_1/svd_top_fsm_bram_methodology_drc_routed.rpt.
report_methodology completed successfully
INFO: [runtcl-4] Executing : report_power -file svd_top_fsm_bram_power_routed.rpt -pb svd_top_fsm_bram_power_summary_routed.pb -rpx svd_top_fsm_bram_power_routed.rpx
Command: report_power -file svd_top_fsm_bram_power_routed.rpt -pb svd_top_fsm_bram_power_summary_routed.pb -rpx svd_top_fsm_bram_power_routed.rpx
INFO: [Timing 38-35] Done setting XDC timing constraints.
Running Vector-less Activity Propagation...

Finished Running Vector-less Activity Propagation
83 Infos, 53 Warnings, 0 Critical Warnings and 0 Errors encountered.
report_power completed successfully
INFO: [runtcl-4] Executing : report_route_status -file svd_top_fsm_bram_route_status.rpt -pb svd_top_fsm_bram_route_status.pb
INFO: [runtcl-4] Executing : report_timing_summary -max_paths 10 -file svd_top_fsm_bram_timing_summary_routed.rpt -pb svd_top_fsm_bram_timing_summary_routed.pb -rpx svd_top_fsm_bram_timing_summary_routed.rpx
INFO: [Timing 38-91] UpdateTimingParams: Speed grade: -1, Delay Type: min_max.
INFO: [Timing 38-191] Multithreading enabled for timing update using a maximum of 2 CPUs
INFO: [runtcl-4] Executing : report_incremental_reuse -file svd_top_fsm_bram_incremental_reuse_routed.rpt
INFO: [Vivado_Tcl 4-1062] Incremental flow is disabled. No incremental reuse Info to report.
INFO: [runtcl-4] Executing : report_clock_utilization -file svd_top_fsm_bram_clock_utilization_routed.rpt
INFO: [runtcl-4] Executing : report_bus_skew -warn_on_violation -file svd_top_fsm_bram_bus_skew_routed.rpt -pb svd_top_fsm_bram_bus_skew_routed.pb -rpx svd_top_fsm_bram_bus_skew_routed.rpx
INFO: [Timing 38-91] UpdateTimingParams: Speed grade: -1, Delay Type: min_max.
INFO: [Timing 38-191] Multithreading enabled for timing update using a maximum of 2 CPUs
Command: phys_opt_design
Attempting to get a license for feature 'Implementation' and/or device 'xc7a100t'
INFO: [Common 17-349] Got license for feature 'Implementation' and/or device 'xc7a100t'
INFO: [Vivado_Tcl 4-241] Physical synthesis in post route mode ( 100.0% nets are fully routed)
INFO: [Vivado_Tcl 4-383] Design worst setup slack (WNS) is greater than or equal to 0.000 ns. Skipping all physical synthesis optimizations.
INFO: [Vivado_Tcl 4-232] No setup violation found. The netlist was not modified.
INFO: [Common 17-83] Releasing license: Implementation
98 Infos, 53 Warnings, 0 Critical Warnings and 0 Errors encountered.
phys_opt_design completed successfully
Netlist sorting complete. Time (s): cpu = 00:00:00 ; elapsed = 00:00:00.001 . Memory (MB): peak = 1653.262 ; gain = 0.000
INFO: [Timing 38-480] Writing timing data to binary archive.
Writing placer database...
Writing XDEF routing.
Writing XDEF routing logical nets.
Writing XDEF routing special nets.
Write XDEF Complete: Time (s): cpu = 00:00:00 ; elapsed = 00:00:00.073 . Memory (MB): peak = 1653.262 ; gain = 0.000
Netlist sorting complete. Time (s): cpu = 00:00:00 ; elapsed = 00:00:00.001 . Memory (MB): peak = 1653.262 ; gain = 0.000
INFO: [Common 17-1381] The checkpoint 'C:/Users/khanm/OneDrive/Documents/GitHub/ECE532_Project_MVP/jacobi 1 1/jacobi 1/jacobi/jacobi.runs/impl_1/svd_top_fsm_bram_postroute_physopt.dcp' has been generated.
INFO: [runtcl-4] Executing : report_timing_summary -max_paths 10 -warn_on_violation -file svd_top_fsm_bram_timing_summary_postroute_physopted.rpt -pb svd_top_fsm_bram_timing_summary_postroute_physopted.pb -rpx svd_top_fsm_bram_timing_summary_postroute_physopted.rpx
INFO: [Timing 38-91] UpdateTimingParams: Speed grade: -1, Delay Type: min_max.
INFO: [Timing 38-191] Multithreading enabled for timing update using a maximum of 2 CPUs
INFO: [runtcl-4] Executing : report_bus_skew -warn_on_violation -file svd_top_fsm_bram_bus_skew_postroute_physopted.rpt -pb svd_top_fsm_bram_bus_skew_postroute_physopted.pb -rpx svd_top_fsm_bram_bus_skew_postroute_physopted.rpx
INFO: [Timing 38-91] UpdateTimingParams: Speed grade: -1, Delay Type: min_max.
INFO: [Timing 38-191] Multithreading enabled for timing update using a maximum of 2 CPUs
INFO: [Common 17-206] Exiting Vivado at Sun Mar 29 17:55:04 2026...
Abnormal program termination (EXCEPTION_ACCESS_VIOLATION)
Please check 'C:/Users/khanm/OneDrive/Documents/GitHub/ECE532_Project_MVP/jacobi 1 1/jacobi 1/jacobi/jacobi.runs/impl_1/hs_err_pid30232.log' for details
