Copyright 1986-2019 Xilinx, Inc. All Rights Reserved.
--------------------------------------------------------------------------------------------------------------------------------------------------------------------------------------------------------------------------------------------------------------
| Tool Version : Vivado v.2018.3.1 (win64) Build 2489853 Tue Mar 26 04:20:25 MDT 2019
| Date         : Sun Mar 29 17:55:04 2026
| Host         : DESKTOP-CDKE44D running 64-bit major release  (build 9200)
| Command      : report_timing_summary -max_paths 10 -warn_on_violation -file svd_top_fsm_bram_timing_summary_postroute_physopted.rpt -pb svd_top_fsm_bram_timing_summary_postroute_physopted.pb -rpx svd_top_fsm_bram_timing_summary_postroute_physopted.rpx
| Design       : svd_top_fsm_bram
| Device       : 7a100t-csg324
| Speed File   : -1  PRODUCTION 1.23 2018-06-13
--------------------------------------------------------------------------------------------------------------------------------------------------------------------------------------------------------------------------------------------------------------

Timing Summary Report

------------------------------------------------------------------------------------------------
| Timer Settings
| --------------
------------------------------------------------------------------------------------------------

  Enable Multi Corner Analysis               :  Yes
  Enable Pessimism Removal                   :  Yes
  Pessimism Removal Resolution               :  Nearest Common Node
  Enable Input Delay Default Clock           :  No
  Enable Preset / Clear Arcs                 :  No
  Disable Flight Delays                      :  No
  Ignore I/O Paths                           :  No
  Timing Early Launch at Borrowing Latches   :  false

  Corner  Analyze    Analyze    
  Name    Max Paths  Min Paths  
  ------  ---------  ---------  
  Slow    Yes        Yes        
  Fast    Yes        Yes        



check_timing report

Table of Contents
-----------------
1. checking no_clock
2. checking constant_clock
3. checking pulse_width_clock
4. checking unconstrained_internal_endpoints
5. checking no_input_delay
6. checking no_output_delay
7. checking multiple_clock
8. checking generated_clocks
9. checking loops
10. checking partial_input_delay
11. checking partial_output_delay
12. checking latch_loops

1. checking no_clock
--------------------
 There are 0 register/latch pins with no clock.


2. checking constant_clock
--------------------------
 There are 0 register/latch pins with constant_clock.


3. checking pulse_width_clock
-----------------------------
 There are 0 register/latch pins which need pulse_width check


4. checking unconstrained_internal_endpoints
--------------------------------------------
 There are 0 pins that are not constrained for maximum delay.

 There are 0 pins that are not constrained for maximum delay due to constant clock.


5. checking no_input_delay
--------------------------
 There are 51 input ports with no input delay specified. (HIGH)

 There are 0 input ports with no input delay but user has a false path constraint.


6. checking no_output_delay
---------------------------
 There are 115 ports with no output delay specified. (HIGH)

 There are 0 ports with no output delay but user has a false path constraint

 There are 0 ports with no output delay but with a timing clock defined on it or propagating through it


7. checking multiple_clock
--------------------------
 There are 0 register/latch pins with multiple clocks.


8. checking generated_clocks
----------------------------
 There are 0 generated clocks that are not connected to a clock source.


9. checking loops
-----------------
 There are 0 combinational loops in the design.


10. checking partial_input_delay
--------------------------------
 There are 0 input ports with partial input delay specified.


11. checking partial_output_delay
---------------------------------
 There are 0 ports with partial output delay specified.


12. checking latch_loops
------------------------
 There are 0 combinational latch loops in the design through latch input



------------------------------------------------------------------------------------------------
| Design Timing Summary
| ---------------------
------------------------------------------------------------------------------------------------

    WNS(ns)      TNS(ns)  TNS Failing Endpoints  TNS Total Endpoints      WHS(ns)      THS(ns)  THS Failing Endpoints  THS Total Endpoints     WPWS(ns)     TPWS(ns)  TPWS Failing Endpoints  TPWS Total Endpoints  
    -------      -------  ---------------------  -------------------      -------      -------  ---------------------  -------------------     --------     --------  ----------------------  --------------------  
      2.091        0.000                      0                  695        0.046        0.000                      0                  695        4.020        0.000                       0                   353  


All user specified timing constraints are met.


------------------------------------------------------------------------------------------------
| Clock Summary
| -------------
------------------------------------------------------------------------------------------------

Clock  Waveform(ns)       Period(ns)      Frequency(MHz)
-----  ------------       ----------      --------------
clk    {0.000 5.000}      10.000          100.000         


------------------------------------------------------------------------------------------------
| Intra Clock Table
| -----------------
------------------------------------------------------------------------------------------------

Clock             WNS(ns)      TNS(ns)  TNS Failing Endpoints  TNS Total Endpoints      WHS(ns)      THS(ns)  THS Failing Endpoints  THS Total Endpoints     WPWS(ns)     TPWS(ns)  TPWS Failing Endpoints  TPWS Total Endpoints  
-----             -------      -------  ---------------------  -------------------      -------      -------  ---------------------  -------------------     --------     --------  ----------------------  --------------------  
clk                 2.091        0.000                      0                  695        0.046        0.000                      0                  695        4.020        0.000                       0                   353  


------------------------------------------------------------------------------------------------
| Inter Clock Table
| -----------------
------------------------------------------------------------------------------------------------

From Clock    To Clock          WNS(ns)      TNS(ns)  TNS Failing Endpoints  TNS Total Endpoints      WHS(ns)      THS(ns)  THS Failing Endpoints  THS Total Endpoints  
----------    --------          -------      -------  ---------------------  -------------------      -------      -------  ---------------------  -------------------  


------------------------------------------------------------------------------------------------
| Other Path Groups Table
| -----------------------
------------------------------------------------------------------------------------------------

Path Group    From Clock    To Clock          WNS(ns)      TNS(ns)  TNS Failing Endpoints  TNS Total Endpoints      WHS(ns)      THS(ns)  THS Failing Endpoints  THS Total Endpoints  
----------    ----------    --------          -------      -------  ---------------------  -------------------      -------      -------  ---------------------  -------------------  


------------------------------------------------------------------------------------------------
| Timing Details
| --------------
------------------------------------------------------------------------------------------------


---------------------------------------------------------------------------------------------------
From Clock:  clk
  To Clock:  clk

Setup :            0  Failing Endpoints,  Worst Slack        2.091ns,  Total Violation        0.000ns
Hold  :            0  Failing Endpoints,  Worst Slack        0.046ns,  Total Violation        0.000ns
PW    :            0  Failing Endpoints,  Worst Slack        4.020ns,  Total Violation        0.000ns
---------------------------------------------------------------------------------------------------


Max Delay Paths
--------------------------------------------------------------------------------------
Slack (MET) :             2.091ns  (required time - arrival time)
  Source:                 q_idx_reg[1]/C
                            (rising edge-triggered cell FDCE clocked by clk  {rise@0.000ns fall@5.000ns period=10.000ns})
  Destination:            q_idx_reg[0]/D
                            (rising edge-triggered cell FDPE clocked by clk  {rise@0.000ns fall@5.000ns period=10.000ns})
  Path Group:             clk
  Path Type:              Setup (Max at Slow Process Corner)
  Requirement:            10.000ns  (clk rise@10.000ns - clk rise@0.000ns)
  Data Path Delay:        7.554ns  (logic 2.298ns (30.420%)  route 5.256ns (69.580%))
  Logic Levels:           8  (LUT2=6 LUT3=1 LUT4=1)
  Clock Path Skew:        -0.049ns (DCD - SCD + CPR)
    Destination Clock Delay (DCD):    0.924ns = ( 10.924 - 10.000 ) 
    Source Clock Delay      (SCD):    0.973ns
    Clock Pessimism Removal (CPR):    0.000ns
  Clock Uncertainty:      0.035ns  ((TSJ^2 + TIJ^2)^1/2 + DJ) / 2 + PE
    Total System Jitter     (TSJ):    0.071ns
    Total Input Jitter      (TIJ):    0.000ns
    Discrete Jitter          (DJ):    0.000ns
    Phase Error              (PE):    0.000ns

    Location             Delay type                Incr(ns)  Path(ns)    Netlist Resource(s)
  -------------------------------------------------------------------    -------------------
                         (clock clk rise edge)        0.000     0.000 r  
                                                      0.000     0.000 r  clk (IN)
                         net (fo=352, unset)          0.973     0.973    clk
    SLICE_X13Y68         FDCE                                         r  q_idx_reg[1]/C
  -------------------------------------------------------------------    -------------------
    SLICE_X13Y68         FDCE (Prop_fdce_C_Q)         0.419     1.392 r  q_idx_reg[1]/Q
                         net (fo=4, routed)           0.683     2.075    q_idx_reg__0[1]
    SLICE_X13Y68         LUT2 (Prop_lut2_I1_O)        0.324     2.399 f  q_idx[2]_i_2/O
                         net (fo=2, routed)           0.452     2.851    q_idx[2]_i_2_n_0
    SLICE_X13Y68         LUT2 (Prop_lut2_I0_O)        0.326     3.177 f  q_idx[3]_i_2/O
                         net (fo=2, routed)           0.459     3.636    q_idx[3]_i_2_n_0
    SLICE_X14Y70         LUT2 (Prop_lut2_I0_O)        0.124     3.760 f  q_idx[4]_i_3/O
                         net (fo=2, routed)           0.599     4.359    q_idx[4]_i_3_n_0
    SLICE_X14Y71         LUT2 (Prop_lut2_I0_O)        0.153     4.512 f  q_idx[5]_i_3/O
                         net (fo=2, routed)           0.685     5.197    q_idx[5]_i_3_n_0
    SLICE_X14Y71         LUT2 (Prop_lut2_I1_O)        0.357     5.554 r  q_idx[6]_i_2/O
                         net (fo=2, routed)           0.512     6.066    q_idx[6]_i_2_n_0
    SLICE_X15Y71         LUT2 (Prop_lut2_I1_O)        0.355     6.421 f  q_idx[9]_i_4/O
                         net (fo=5, routed)           0.598     7.018    q_idx[9]_i_4_n_0
    SLICE_X11Y71         LUT3 (Prop_lut3_I2_O)        0.124     7.142 r  sweep_cnt[2]_i_3/O
                         net (fo=11, routed)          0.925     8.068    sweep_cnt[2]_i_3_n_0
    SLICE_X12Y68         LUT4 (Prop_lut4_I2_O)        0.116     8.184 r  q_idx[0]_i_1/O
                         net (fo=1, routed)           0.343     8.527    p_0_in__12[0]
    SLICE_X13Y68         FDPE                                         r  q_idx_reg[0]/D
  -------------------------------------------------------------------    -------------------

                         (clock clk rise edge)       10.000    10.000 r  
                                                      0.000    10.000 r  clk (IN)
                         net (fo=352, unset)          0.924    10.924    clk
    SLICE_X13Y68         FDPE                                         r  q_idx_reg[0]/C
                         clock pessimism              0.000    10.924    
                         clock uncertainty           -0.035    10.889    
    SLICE_X13Y68         FDPE (Setup_fdpe_C_D)       -0.271    10.618    q_idx_reg[0]
  -------------------------------------------------------------------
                         required time                         10.618    
                         arrival time                          -8.527    
  -------------------------------------------------------------------
                         slack                                  2.091    

Slack (MET) :             2.123ns  (required time - arrival time)
  Source:                 q_idx_reg[1]/C
                            (rising edge-triggered cell FDCE clocked by clk  {rise@0.000ns fall@5.000ns period=10.000ns})
  Destination:            q_idx_reg[1]/D
                            (rising edge-triggered cell FDCE clocked by clk  {rise@0.000ns fall@5.000ns period=10.000ns})
  Path Group:             clk
  Path Type:              Setup (Max at Slow Process Corner)
  Requirement:            10.000ns  (clk rise@10.000ns - clk rise@0.000ns)
  Data Path Delay:        7.731ns  (logic 2.306ns (29.828%)  route 5.425ns (70.172%))
  Logic Levels:           8  (LUT2=6 LUT3=1 LUT5=1)
  Clock Path Skew:        -0.049ns (DCD - SCD + CPR)
    Destination Clock Delay (DCD):    0.924ns = ( 10.924 - 10.000 ) 
    Source Clock Delay      (SCD):    0.973ns
    Clock Pessimism Removal (CPR):    0.000ns
  Clock Uncertainty:      0.035ns  ((TSJ^2 + TIJ^2)^1/2 + DJ) / 2 + PE
    Total System Jitter     (TSJ):    0.071ns
    Total Input Jitter      (TIJ):    0.000ns
    Discrete Jitter          (DJ):    0.000ns
    Phase Error              (PE):    0.000ns

    Location             Delay type                Incr(ns)  Path(ns)    Netlist Resource(s)
  -------------------------------------------------------------------    -------------------
                         (clock clk rise edge)        0.000     0.000 r  
                                                      0.000     0.000 r  clk (IN)
                         net (fo=352, unset)          0.973     0.973    clk
    SLICE_X13Y68         FDCE                                         r  q_idx_reg[1]/C
  -------------------------------------------------------------------    -------------------
    SLICE_X13Y68         FDCE (Prop_fdce_C_Q)         0.419     1.392 r  q_idx_reg[1]/Q
                         net (fo=4, routed)           0.683     2.075    q_idx_reg__0[1]
    SLICE_X13Y68         LUT2 (Prop_lut2_I1_O)        0.324     2.399 f  q_idx[2]_i_2/O
                         net (fo=2, routed)           0.452     2.851    q_idx[2]_i_2_n_0
    SLICE_X13Y68         LUT2 (Prop_lut2_I0_O)        0.326     3.177 f  q_idx[3]_i_2/O
                         net (fo=2, routed)           0.459     3.636    q_idx[3]_i_2_n_0
    SLICE_X14Y70         LUT2 (Prop_lut2_I0_O)        0.124     3.760 f  q_idx[4]_i_3/O
                         net (fo=2, routed)           0.599     4.359    q_idx[4]_i_3_n_0
    SLICE_X14Y71         LUT2 (Prop_lut2_I0_O)        0.153     4.512 f  q_idx[5]_i_3/O
                         net (fo=2, routed)           0.685     5.197    q_idx[5]_i_3_n_0
    SLICE_X14Y71         LUT2 (Prop_lut2_I1_O)        0.357     5.554 r  q_idx[6]_i_2/O
                         net (fo=2, routed)           0.512     6.066    q_idx[6]_i_2_n_0
    SLICE_X15Y71         LUT2 (Prop_lut2_I1_O)        0.355     6.421 f  q_idx[9]_i_4/O
                         net (fo=5, routed)           0.598     7.018    q_idx[9]_i_4_n_0
    SLICE_X11Y71         LUT3 (Prop_lut3_I2_O)        0.124     7.142 r  sweep_cnt[2]_i_3/O
                         net (fo=11, routed)          0.918     8.061    sweep_cnt[2]_i_3_n_0
    SLICE_X13Y68         LUT5 (Prop_lut5_I2_O)        0.124     8.185 r  q_idx[1]_i_1/O
                         net (fo=1, routed)           0.519     8.704    p_0_in__12[1]
    SLICE_X13Y68         FDCE                                         r  q_idx_reg[1]/D
  -------------------------------------------------------------------    -------------------

                         (clock clk rise edge)       10.000    10.000 r  
                                                      0.000    10.000 r  clk (IN)
                         net (fo=352, unset)          0.924    10.924    clk
    SLICE_X13Y68         FDCE                                         r  q_idx_reg[1]/C
                         clock pessimism              0.000    10.924    
                         clock uncertainty           -0.035    10.889    
    SLICE_X13Y68         FDCE (Setup_fdce_C_D)       -0.062    10.827    q_idx_reg[1]
  -------------------------------------------------------------------
                         required time                         10.827    
                         arrival time                          -8.704    
  -------------------------------------------------------------------
                         slack                                  2.123    

Slack (MET) :             2.142ns  (required time - arrival time)
  Source:                 q_idx_reg[1]/C
                            (rising edge-triggered cell FDCE clocked by clk  {rise@0.000ns fall@5.000ns period=10.000ns})
  Destination:            p_idx_reg[7]/CE
                            (rising edge-triggered cell FDCE clocked by clk  {rise@0.000ns fall@5.000ns period=10.000ns})
  Path Group:             clk
  Path Type:              Setup (Max at Slow Process Corner)
  Requirement:            10.000ns  (clk rise@10.000ns - clk rise@0.000ns)
  Data Path Delay:        7.569ns  (logic 2.306ns (30.466%)  route 5.263ns (69.534%))
  Logic Levels:           8  (LUT2=6 LUT3=1 LUT4=1)
  Clock Path Skew:        -0.049ns (DCD - SCD + CPR)
    Destination Clock Delay (DCD):    0.924ns = ( 10.924 - 10.000 ) 
    Source Clock Delay      (SCD):    0.973ns
    Clock Pessimism Removal (CPR):    0.000ns
  Clock Uncertainty:      0.035ns  ((TSJ^2 + TIJ^2)^1/2 + DJ) / 2 + PE
    Total System Jitter     (TSJ):    0.071ns
    Total Input Jitter      (TIJ):    0.000ns
    Discrete Jitter          (DJ):    0.000ns
    Phase Error              (PE):    0.000ns

    Location             Delay type                Incr(ns)  Path(ns)    Netlist Resource(s)
  -------------------------------------------------------------------    -------------------
                         (clock clk rise edge)        0.000     0.000 r  
                                                      0.000     0.000 r  clk (IN)
                         net (fo=352, unset)          0.973     0.973    clk
    SLICE_X13Y68         FDCE                                         r  q_idx_reg[1]/C
  -------------------------------------------------------------------    -------------------
    SLICE_X13Y68         FDCE (Prop_fdce_C_Q)         0.419     1.392 r  q_idx_reg[1]/Q
                         net (fo=4, routed)           0.683     2.075    q_idx_reg__0[1]
    SLICE_X13Y68         LUT2 (Prop_lut2_I1_O)        0.324     2.399 f  q_idx[2]_i_2/O
                         net (fo=2, routed)           0.452     2.851    q_idx[2]_i_2_n_0
    SLICE_X13Y68         LUT2 (Prop_lut2_I0_O)        0.326     3.177 f  q_idx[3]_i_2/O
                         net (fo=2, routed)           0.459     3.636    q_idx[3]_i_2_n_0
    SLICE_X14Y70         LUT2 (Prop_lut2_I0_O)        0.124     3.760 f  q_idx[4]_i_3/O
                         net (fo=2, routed)           0.599     4.359    q_idx[4]_i_3_n_0
    SLICE_X14Y71         LUT2 (Prop_lut2_I0_O)        0.153     4.512 f  q_idx[5]_i_3/O
                         net (fo=2, routed)           0.685     5.197    q_idx[5]_i_3_n_0
    SLICE_X14Y71         LUT2 (Prop_lut2_I1_O)        0.357     5.554 r  q_idx[6]_i_2/O
                         net (fo=2, routed)           0.512     6.066    q_idx[6]_i_2_n_0
    SLICE_X15Y71         LUT2 (Prop_lut2_I1_O)        0.355     6.421 f  q_idx[9]_i_4/O
                         net (fo=5, routed)           0.598     7.018    q_idx[9]_i_4_n_0
    SLICE_X11Y71         LUT3 (Prop_lut3_I2_O)        0.124     7.142 r  sweep_cnt[2]_i_3/O
                         net (fo=11, routed)          0.633     7.775    sweep_cnt[2]_i_3_n_0
    SLICE_X14Y72         LUT4 (Prop_lut4_I3_O)        0.124     7.899 r  p_idx[9]_i_1/O
                         net (fo=10, routed)          0.643     8.542    p_idx[9]_i_1_n_0
    SLICE_X11Y71         FDCE                                         r  p_idx_reg[7]/CE
  -------------------------------------------------------------------    -------------------

                         (clock clk rise edge)       10.000    10.000 r  
                                                      0.000    10.000 r  clk (IN)
                         net (fo=352, unset)          0.924    10.924    clk
    SLICE_X11Y71         FDCE                                         r  p_idx_reg[7]/C
                         clock pessimism              0.000    10.924    
                         clock uncertainty           -0.035    10.889    
    SLICE_X11Y71         FDCE (Setup_fdce_C_CE)      -0.205    10.684    p_idx_reg[7]
  -------------------------------------------------------------------
                         required time                         10.684    
                         arrival time                          -8.542    
  -------------------------------------------------------------------
                         slack                                  2.142    

Slack (MET) :             2.142ns  (required time - arrival time)
  Source:                 q_idx_reg[1]/C
                            (rising edge-triggered cell FDCE clocked by clk  {rise@0.000ns fall@5.000ns period=10.000ns})
  Destination:            p_idx_reg[8]/CE
                            (rising edge-triggered cell FDCE clocked by clk  {rise@0.000ns fall@5.000ns period=10.000ns})
  Path Group:             clk
  Path Type:              Setup (Max at Slow Process Corner)
  Requirement:            10.000ns  (clk rise@10.000ns - clk rise@0.000ns)
  Data Path Delay:        7.569ns  (logic 2.306ns (30.466%)  route 5.263ns (69.534%))
  Logic Levels:           8  (LUT2=6 LUT3=1 LUT4=1)
  Clock Path Skew:        -0.049ns (DCD - SCD + CPR)
    Destination Clock Delay (DCD):    0.924ns = ( 10.924 - 10.000 ) 
    Source Clock Delay      (SCD):    0.973ns
    Clock Pessimism Removal (CPR):    0.000ns
  Clock Uncertainty:      0.035ns  ((TSJ^2 + TIJ^2)^1/2 + DJ) / 2 + PE
    Total System Jitter     (TSJ):    0.071ns
    Total Input Jitter      (TIJ):    0.000ns
    Discrete Jitter          (DJ):    0.000ns
    Phase Error              (PE):    0.000ns

    Location             Delay type                Incr(ns)  Path(ns)    Netlist Resource(s)
  -------------------------------------------------------------------    -------------------
                         (clock clk rise edge)        0.000     0.000 r  
                                                      0.000     0.000 r  clk (IN)
                         net (fo=352, unset)          0.973     0.973    clk
    SLICE_X13Y68         FDCE                                         r  q_idx_reg[1]/C
  -------------------------------------------------------------------    -------------------
    SLICE_X13Y68         FDCE (Prop_fdce_C_Q)         0.419     1.392 r  q_idx_reg[1]/Q
                         net (fo=4, routed)           0.683     2.075    q_idx_reg__0[1]
    SLICE_X13Y68         LUT2 (Prop_lut2_I1_O)        0.324     2.399 f  q_idx[2]_i_2/O
                         net (fo=2, routed)           0.452     2.851    q_idx[2]_i_2_n_0
    SLICE_X13Y68         LUT2 (Prop_lut2_I0_O)        0.326     3.177 f  q_idx[3]_i_2/O
                         net (fo=2, routed)           0.459     3.636    q_idx[3]_i_2_n_0
    SLICE_X14Y70         LUT2 (Prop_lut2_I0_O)        0.124     3.760 f  q_idx[4]_i_3/O
                         net (fo=2, routed)           0.599     4.359    q_idx[4]_i_3_n_0
    SLICE_X14Y71         LUT2 (Prop_lut2_I0_O)        0.153     4.512 f  q_idx[5]_i_3/O
                         net (fo=2, routed)           0.685     5.197    q_idx[5]_i_3_n_0
    SLICE_X14Y71         LUT2 (Prop_lut2_I1_O)        0.357     5.554 r  q_idx[6]_i_2/O
                         net (fo=2, routed)           0.512     6.066    q_idx[6]_i_2_n_0
    SLICE_X15Y71         LUT2 (Prop_lut2_I1_O)        0.355     6.421 f  q_idx[9]_i_4/O
                         net (fo=5, routed)           0.598     7.018    q_idx[9]_i_4_n_0
    SLICE_X11Y71         LUT3 (Prop_lut3_I2_O)        0.124     7.142 r  sweep_cnt[2]_i_3/O
                         net (fo=11, routed)          0.633     7.775    sweep_cnt[2]_i_3_n_0
    SLICE_X14Y72         LUT4 (Prop_lut4_I3_O)        0.124     7.899 r  p_idx[9]_i_1/O
                         net (fo=10, routed)          0.643     8.542    p_idx[9]_i_1_n_0
    SLICE_X11Y71         FDCE                                         r  p_idx_reg[8]/CE
  -------------------------------------------------------------------    -------------------

                         (clock clk rise edge)       10.000    10.000 r  
                                                      0.000    10.000 r  clk (IN)
                         net (fo=352, unset)          0.924    10.924    clk
    SLICE_X11Y71         FDCE                                         r  p_idx_reg[8]/C
                         clock pessimism              0.000    10.924    
                         clock uncertainty           -0.035    10.889    
    SLICE_X11Y71         FDCE (Setup_fdce_C_CE)      -0.205    10.684    p_idx_reg[8]
  -------------------------------------------------------------------
                         required time                         10.684    
                         arrival time                          -8.542    
  -------------------------------------------------------------------
                         slack                                  2.142    

Slack (MET) :             2.142ns  (required time - arrival time)
  Source:                 q_idx_reg[1]/C
                            (rising edge-triggered cell FDCE clocked by clk  {rise@0.000ns fall@5.000ns period=10.000ns})
  Destination:            p_idx_reg[9]/CE
                            (rising edge-triggered cell FDCE clocked by clk  {rise@0.000ns fall@5.000ns period=10.000ns})
  Path Group:             clk
  Path Type:              Setup (Max at Slow Process Corner)
  Requirement:            10.000ns  (clk rise@10.000ns - clk rise@0.000ns)
  Data Path Delay:        7.569ns  (logic 2.306ns (30.466%)  route 5.263ns (69.534%))
  Logic Levels:           8  (LUT2=6 LUT3=1 LUT4=1)
  Clock Path Skew:        -0.049ns (DCD - SCD + CPR)
    Destination Clock Delay (DCD):    0.924ns = ( 10.924 - 10.000 ) 
    Source Clock Delay      (SCD):    0.973ns
    Clock Pessimism Removal (CPR):    0.000ns
  Clock Uncertainty:      0.035ns  ((TSJ^2 + TIJ^2)^1/2 + DJ) / 2 + PE
    Total System Jitter     (TSJ):    0.071ns
    Total Input Jitter      (TIJ):    0.000ns
    Discrete Jitter          (DJ):    0.000ns
    Phase Error              (PE):    0.000ns

    Location             Delay type                Incr(ns)  Path(ns)    Netlist Resource(s)
  -------------------------------------------------------------------    -------------------
                         (clock clk rise edge)        0.000     0.000 r  
                                                      0.000     0.000 r  clk (IN)
                         net (fo=352, unset)          0.973     0.973    clk
    SLICE_X13Y68         FDCE                                         r  q_idx_reg[1]/C
  -------------------------------------------------------------------    -------------------
    SLICE_X13Y68         FDCE (Prop_fdce_C_Q)         0.419     1.392 r  q_idx_reg[1]/Q
                         net (fo=4, routed)           0.683     2.075    q_idx_reg__0[1]
    SLICE_X13Y68         LUT2 (Prop_lut2_I1_O)        0.324     2.399 f  q_idx[2]_i_2/O
                         net (fo=2, routed)           0.452     2.851    q_idx[2]_i_2_n_0
    SLICE_X13Y68         LUT2 (Prop_lut2_I0_O)        0.326     3.177 f  q_idx[3]_i_2/O
                         net (fo=2, routed)           0.459     3.636    q_idx[3]_i_2_n_0
    SLICE_X14Y70         LUT2 (Prop_lut2_I0_O)        0.124     3.760 f  q_idx[4]_i_3/O
                         net (fo=2, routed)           0.599     4.359    q_idx[4]_i_3_n_0
    SLICE_X14Y71         LUT2 (Prop_lut2_I0_O)        0.153     4.512 f  q_idx[5]_i_3/O
                         net (fo=2, routed)           0.685     5.197    q_idx[5]_i_3_n_0
    SLICE_X14Y71         LUT2 (Prop_lut2_I1_O)        0.357     5.554 r  q_idx[6]_i_2/O
                         net (fo=2, routed)           0.512     6.066    q_idx[6]_i_2_n_0
    SLICE_X15Y71         LUT2 (Prop_lut2_I1_O)        0.355     6.421 f  q_idx[9]_i_4/O
                         net (fo=5, routed)           0.598     7.018    q_idx[9]_i_4_n_0
    SLICE_X11Y71         LUT3 (Prop_lut3_I2_O)        0.124     7.142 r  sweep_cnt[2]_i_3/O
                         net (fo=11, routed)          0.633     7.775    sweep_cnt[2]_i_3_n_0
    SLICE_X14Y72         LUT4 (Prop_lut4_I3_O)        0.124     7.899 r  p_idx[9]_i_1/O
                         net (fo=10, routed)          0.643     8.542    p_idx[9]_i_1_n_0
    SLICE_X11Y71         FDCE                                         r  p_idx_reg[9]/CE
  -------------------------------------------------------------------    -------------------

                         (clock clk rise edge)       10.000    10.000 r  
                                                      0.000    10.000 r  clk (IN)
                         net (fo=352, unset)          0.924    10.924    clk
    SLICE_X11Y71         FDCE                                         r  p_idx_reg[9]/C
                         clock pessimism              0.000    10.924    
                         clock uncertainty           -0.035    10.889    
    SLICE_X11Y71         FDCE (Setup_fdce_C_CE)      -0.205    10.684    p_idx_reg[9]
  -------------------------------------------------------------------
                         required time                         10.684    
                         arrival time                          -8.542    
  -------------------------------------------------------------------
                         slack                                  2.142    

Slack (MET) :             2.234ns  (required time - arrival time)
  Source:                 q_idx_reg[1]/C
                            (rising edge-triggered cell FDCE clocked by clk  {rise@0.000ns fall@5.000ns period=10.000ns})
  Destination:            p_idx_reg[0]/CE
                            (rising edge-triggered cell FDCE clocked by clk  {rise@0.000ns fall@5.000ns period=10.000ns})
  Path Group:             clk
  Path Type:              Setup (Max at Slow Process Corner)
  Requirement:            10.000ns  (clk rise@10.000ns - clk rise@0.000ns)
  Data Path Delay:        7.513ns  (logic 2.306ns (30.693%)  route 5.207ns (69.307%))
  Logic Levels:           8  (LUT2=6 LUT3=1 LUT4=1)
  Clock Path Skew:        -0.049ns (DCD - SCD + CPR)
    Destination Clock Delay (DCD):    0.924ns = ( 10.924 - 10.000 ) 
    Source Clock Delay      (SCD):    0.973ns
    Clock Pessimism Removal (CPR):    0.000ns
  Clock Uncertainty:      0.035ns  ((TSJ^2 + TIJ^2)^1/2 + DJ) / 2 + PE
    Total System Jitter     (TSJ):    0.071ns
    Total Input Jitter      (TIJ):    0.000ns
    Discrete Jitter          (DJ):    0.000ns
    Phase Error              (PE):    0.000ns

    Location             Delay type                Incr(ns)  Path(ns)    Netlist Resource(s)
  -------------------------------------------------------------------    -------------------
                         (clock clk rise edge)        0.000     0.000 r  
                                                      0.000     0.000 r  clk (IN)
                         net (fo=352, unset)          0.973     0.973    clk
    SLICE_X13Y68         FDCE                                         r  q_idx_reg[1]/C
  -------------------------------------------------------------------    -------------------
    SLICE_X13Y68         FDCE (Prop_fdce_C_Q)         0.419     1.392 r  q_idx_reg[1]/Q
                         net (fo=4, routed)           0.683     2.075    q_idx_reg__0[1]
    SLICE_X13Y68         LUT2 (Prop_lut2_I1_O)        0.324     2.399 f  q_idx[2]_i_2/O
                         net (fo=2, routed)           0.452     2.851    q_idx[2]_i_2_n_0
    SLICE_X13Y68         LUT2 (Prop_lut2_I0_O)        0.326     3.177 f  q_idx[3]_i_2/O
                         net (fo=2, routed)           0.459     3.636    q_idx[3]_i_2_n_0
    SLICE_X14Y70         LUT2 (Prop_lut2_I0_O)        0.124     3.760 f  q_idx[4]_i_3/O
                         net (fo=2, routed)           0.599     4.359    q_idx[4]_i_3_n_0
    SLICE_X14Y71         LUT2 (Prop_lut2_I0_O)        0.153     4.512 f  q_idx[5]_i_3/O
                         net (fo=2, routed)           0.685     5.197    q_idx[5]_i_3_n_0
    SLICE_X14Y71         LUT2 (Prop_lut2_I1_O)        0.357     5.554 r  q_idx[6]_i_2/O
                         net (fo=2, routed)           0.512     6.066    q_idx[6]_i_2_n_0
    SLICE_X15Y71         LUT2 (Prop_lut2_I1_O)        0.355     6.421 f  q_idx[9]_i_4/O
                         net (fo=5, routed)           0.598     7.018    q_idx[9]_i_4_n_0
    SLICE_X11Y71         LUT3 (Prop_lut3_I2_O)        0.124     7.142 r  sweep_cnt[2]_i_3/O
                         net (fo=11, routed)          0.633     7.775    sweep_cnt[2]_i_3_n_0
    SLICE_X14Y72         LUT4 (Prop_lut4_I3_O)        0.124     7.899 r  p_idx[9]_i_1/O
                         net (fo=10, routed)          0.587     8.486    p_idx[9]_i_1_n_0
    SLICE_X12Y68         FDCE                                         r  p_idx_reg[0]/CE
  -------------------------------------------------------------------    -------------------

                         (clock clk rise edge)       10.000    10.000 r  
                                                      0.000    10.000 r  clk (IN)
                         net (fo=352, unset)          0.924    10.924    clk
    SLICE_X12Y68         FDCE                                         r  p_idx_reg[0]/C
                         clock pessimism              0.000    10.924    
                         clock uncertainty           -0.035    10.889    
    SLICE_X12Y68         FDCE (Setup_fdce_C_CE)      -0.169    10.720    p_idx_reg[0]
  -------------------------------------------------------------------
                         required time                         10.720    
                         arrival time                          -8.486    
  -------------------------------------------------------------------
                         slack                                  2.234    

Slack (MET) :             2.234ns  (required time - arrival time)
  Source:                 q_idx_reg[1]/C
                            (rising edge-triggered cell FDCE clocked by clk  {rise@0.000ns fall@5.000ns period=10.000ns})
  Destination:            p_idx_reg[1]/CE
                            (rising edge-triggered cell FDCE clocked by clk  {rise@0.000ns fall@5.000ns period=10.000ns})
  Path Group:             clk
  Path Type:              Setup (Max at Slow Process Corner)
  Requirement:            10.000ns  (clk rise@10.000ns - clk rise@0.000ns)
  Data Path Delay:        7.513ns  (logic 2.306ns (30.693%)  route 5.207ns (69.307%))
  Logic Levels:           8  (LUT2=6 LUT3=1 LUT4=1)
  Clock Path Skew:        -0.049ns (DCD - SCD + CPR)
    Destination Clock Delay (DCD):    0.924ns = ( 10.924 - 10.000 ) 
    Source Clock Delay      (SCD):    0.973ns
    Clock Pessimism Removal (CPR):    0.000ns
  Clock Uncertainty:      0.035ns  ((TSJ^2 + TIJ^2)^1/2 + DJ) / 2 + PE
    Total System Jitter     (TSJ):    0.071ns
    Total Input Jitter      (TIJ):    0.000ns
    Discrete Jitter          (DJ):    0.000ns
    Phase Error              (PE):    0.000ns

    Location             Delay type                Incr(ns)  Path(ns)    Netlist Resource(s)
  -------------------------------------------------------------------    -------------------
                         (clock clk rise edge)        0.000     0.000 r  
                                                      0.000     0.000 r  clk (IN)
                         net (fo=352, unset)          0.973     0.973    clk
    SLICE_X13Y68         FDCE                                         r  q_idx_reg[1]/C
  -------------------------------------------------------------------    -------------------
    SLICE_X13Y68         FDCE (Prop_fdce_C_Q)         0.419     1.392 r  q_idx_reg[1]/Q
                         net (fo=4, routed)           0.683     2.075    q_idx_reg__0[1]
    SLICE_X13Y68         LUT2 (Prop_lut2_I1_O)        0.324     2.399 f  q_idx[2]_i_2/O
                         net (fo=2, routed)           0.452     2.851    q_idx[2]_i_2_n_0
    SLICE_X13Y68         LUT2 (Prop_lut2_I0_O)        0.326     3.177 f  q_idx[3]_i_2/O
                         net (fo=2, routed)           0.459     3.636    q_idx[3]_i_2_n_0
    SLICE_X14Y70         LUT2 (Prop_lut2_I0_O)        0.124     3.760 f  q_idx[4]_i_3/O
                         net (fo=2, routed)           0.599     4.359    q_idx[4]_i_3_n_0
    SLICE_X14Y71         LUT2 (Prop_lut2_I0_O)        0.153     4.512 f  q_idx[5]_i_3/O
                         net (fo=2, routed)           0.685     5.197    q_idx[5]_i_3_n_0
    SLICE_X14Y71         LUT2 (Prop_lut2_I1_O)        0.357     5.554 r  q_idx[6]_i_2/O
                         net (fo=2, routed)           0.512     6.066    q_idx[6]_i_2_n_0
    SLICE_X15Y71         LUT2 (Prop_lut2_I1_O)        0.355     6.421 f  q_idx[9]_i_4/O
                         net (fo=5, routed)           0.598     7.018    q_idx[9]_i_4_n_0
    SLICE_X11Y71         LUT3 (Prop_lut3_I2_O)        0.124     7.142 r  sweep_cnt[2]_i_3/O
                         net (fo=11, routed)          0.633     7.775    sweep_cnt[2]_i_3_n_0
    SLICE_X14Y72         LUT4 (Prop_lut4_I3_O)        0.124     7.899 r  p_idx[9]_i_1/O
                         net (fo=10, routed)          0.587     8.486    p_idx[9]_i_1_n_0
    SLICE_X12Y68         FDCE                                         r  p_idx_reg[1]/CE
  -------------------------------------------------------------------    -------------------

                         (clock clk rise edge)       10.000    10.000 r  
                                                      0.000    10.000 r  clk (IN)
                         net (fo=352, unset)          0.924    10.924    clk
    SLICE_X12Y68         FDCE                                         r  p_idx_reg[1]/C
                         clock pessimism              0.000    10.924    
                         clock uncertainty           -0.035    10.889    
    SLICE_X12Y68         FDCE (Setup_fdce_C_CE)      -0.169    10.720    p_idx_reg[1]
  -------------------------------------------------------------------
                         required time                         10.720    
                         arrival time                          -8.486    
  -------------------------------------------------------------------
                         slack                                  2.234    

Slack (MET) :             2.234ns  (required time - arrival time)
  Source:                 q_idx_reg[1]/C
                            (rising edge-triggered cell FDCE clocked by clk  {rise@0.000ns fall@5.000ns period=10.000ns})
  Destination:            p_idx_reg[2]/CE
                            (rising edge-triggered cell FDCE clocked by clk  {rise@0.000ns fall@5.000ns period=10.000ns})
  Path Group:             clk
  Path Type:              Setup (Max at Slow Process Corner)
  Requirement:            10.000ns  (clk rise@10.000ns - clk rise@0.000ns)
  Data Path Delay:        7.513ns  (logic 2.306ns (30.693%)  route 5.207ns (69.307%))
  Logic Levels:           8  (LUT2=6 LUT3=1 LUT4=1)
  Clock Path Skew:        -0.049ns (DCD - SCD + CPR)
    Destination Clock Delay (DCD):    0.924ns = ( 10.924 - 10.000 ) 
    Source Clock Delay      (SCD):    0.973ns
    Clock Pessimism Removal (CPR):    0.000ns
  Clock Uncertainty:      0.035ns  ((TSJ^2 + TIJ^2)^1/2 + DJ) / 2 + PE
    Total System Jitter     (TSJ):    0.071ns
    Total Input Jitter      (TIJ):    0.000ns
    Discrete Jitter          (DJ):    0.000ns
    Phase Error              (PE):    0.000ns

    Location             Delay type                Incr(ns)  Path(ns)    Netlist Resource(s)
  -------------------------------------------------------------------    -------------------
                         (clock clk rise edge)        0.000     0.000 r  
                                                      0.000     0.000 r  clk (IN)
                         net (fo=352, unset)          0.973     0.973    clk
    SLICE_X13Y68         FDCE                                         r  q_idx_reg[1]/C
  -------------------------------------------------------------------    -------------------
    SLICE_X13Y68         FDCE (Prop_fdce_C_Q)         0.419     1.392 r  q_idx_reg[1]/Q
                         net (fo=4, routed)           0.683     2.075    q_idx_reg__0[1]
    SLICE_X13Y68         LUT2 (Prop_lut2_I1_O)        0.324     2.399 f  q_idx[2]_i_2/O
                         net (fo=2, routed)           0.452     2.851    q_idx[2]_i_2_n_0
    SLICE_X13Y68         LUT2 (Prop_lut2_I0_O)        0.326     3.177 f  q_idx[3]_i_2/O
                         net (fo=2, routed)           0.459     3.636    q_idx[3]_i_2_n_0
    SLICE_X14Y70         LUT2 (Prop_lut2_I0_O)        0.124     3.760 f  q_idx[4]_i_3/O
                         net (fo=2, routed)           0.599     4.359    q_idx[4]_i_3_n_0
    SLICE_X14Y71         LUT2 (Prop_lut2_I0_O)        0.153     4.512 f  q_idx[5]_i_3/O
                         net (fo=2, routed)           0.685     5.197    q_idx[5]_i_3_n_0
    SLICE_X14Y71         LUT2 (Prop_lut2_I1_O)        0.357     5.554 r  q_idx[6]_i_2/O
                         net (fo=2, routed)           0.512     6.066    q_idx[6]_i_2_n_0
    SLICE_X15Y71         LUT2 (Prop_lut2_I1_O)        0.355     6.421 f  q_idx[9]_i_4/O
                         net (fo=5, routed)           0.598     7.018    q_idx[9]_i_4_n_0
    SLICE_X11Y71         LUT3 (Prop_lut3_I2_O)        0.124     7.142 r  sweep_cnt[2]_i_3/O
                         net (fo=11, routed)          0.633     7.775    sweep_cnt[2]_i_3_n_0
    SLICE_X14Y72         LUT4 (Prop_lut4_I3_O)        0.124     7.899 r  p_idx[9]_i_1/O
                         net (fo=10, routed)          0.587     8.486    p_idx[9]_i_1_n_0
    SLICE_X12Y68         FDCE                                         r  p_idx_reg[2]/CE
  -------------------------------------------------------------------    -------------------

                         (clock clk rise edge)       10.000    10.000 r  
                                                      0.000    10.000 r  clk (IN)
                         net (fo=352, unset)          0.924    10.924    clk
    SLICE_X12Y68         FDCE                                         r  p_idx_reg[2]/C
                         clock pessimism              0.000    10.924    
                         clock uncertainty           -0.035    10.889    
    SLICE_X12Y68         FDCE (Setup_fdce_C_CE)      -0.169    10.720    p_idx_reg[2]
  -------------------------------------------------------------------
                         required time                         10.720    
                         arrival time                          -8.486    
  -------------------------------------------------------------------
                         slack                                  2.234    

Slack (MET) :             2.321ns  (required time - arrival time)
  Source:                 q_idx_reg[1]/C
                            (rising edge-triggered cell FDCE clocked by clk  {rise@0.000ns fall@5.000ns period=10.000ns})
  Destination:            p_idx_reg[3]/CE
                            (rising edge-triggered cell FDCE clocked by clk  {rise@0.000ns fall@5.000ns period=10.000ns})
  Path Group:             clk
  Path Type:              Setup (Max at Slow Process Corner)
  Requirement:            10.000ns  (clk rise@10.000ns - clk rise@0.000ns)
  Data Path Delay:        7.426ns  (logic 2.306ns (31.051%)  route 5.120ns (68.949%))
  Logic Levels:           8  (LUT2=6 LUT3=1 LUT4=1)
  Clock Path Skew:        -0.049ns (DCD - SCD + CPR)
    Destination Clock Delay (DCD):    0.924ns = ( 10.924 - 10.000 ) 
    Source Clock Delay      (SCD):    0.973ns
    Clock Pessimism Removal (CPR):    0.000ns
  Clock Uncertainty:      0.035ns  ((TSJ^2 + TIJ^2)^1/2 + DJ) / 2 + PE
    Total System Jitter     (TSJ):    0.071ns
    Total Input Jitter      (TIJ):    0.000ns
    Discrete Jitter          (DJ):    0.000ns
    Phase Error              (PE):    0.000ns

    Location             Delay type                Incr(ns)  Path(ns)    Netlist Resource(s)
  -------------------------------------------------------------------    -------------------
                         (clock clk rise edge)        0.000     0.000 r  
                                                      0.000     0.000 r  clk (IN)
                         net (fo=352, unset)          0.973     0.973    clk
    SLICE_X13Y68         FDCE                                         r  q_idx_reg[1]/C
  -------------------------------------------------------------------    -------------------
    SLICE_X13Y68         FDCE (Prop_fdce_C_Q)         0.419     1.392 r  q_idx_reg[1]/Q
                         net (fo=4, routed)           0.683     2.075    q_idx_reg__0[1]
    SLICE_X13Y68         LUT2 (Prop_lut2_I1_O)        0.324     2.399 f  q_idx[2]_i_2/O
                         net (fo=2, routed)           0.452     2.851    q_idx[2]_i_2_n_0
    SLICE_X13Y68         LUT2 (Prop_lut2_I0_O)        0.326     3.177 f  q_idx[3]_i_2/O
                         net (fo=2, routed)           0.459     3.636    q_idx[3]_i_2_n_0
    SLICE_X14Y70         LUT2 (Prop_lut2_I0_O)        0.124     3.760 f  q_idx[4]_i_3/O
                         net (fo=2, routed)           0.599     4.359    q_idx[4]_i_3_n_0
    SLICE_X14Y71         LUT2 (Prop_lut2_I0_O)        0.153     4.512 f  q_idx[5]_i_3/O
                         net (fo=2, routed)           0.685     5.197    q_idx[5]_i_3_n_0
    SLICE_X14Y71         LUT2 (Prop_lut2_I1_O)        0.357     5.554 r  q_idx[6]_i_2/O
                         net (fo=2, routed)           0.512     6.066    q_idx[6]_i_2_n_0
    SLICE_X15Y71         LUT2 (Prop_lut2_I1_O)        0.355     6.421 f  q_idx[9]_i_4/O
                         net (fo=5, routed)           0.598     7.018    q_idx[9]_i_4_n_0
    SLICE_X11Y71         LUT3 (Prop_lut3_I2_O)        0.124     7.142 r  sweep_cnt[2]_i_3/O
                         net (fo=11, routed)          0.633     7.775    sweep_cnt[2]_i_3_n_0
    SLICE_X14Y72         LUT4 (Prop_lut4_I3_O)        0.124     7.899 r  p_idx[9]_i_1/O
                         net (fo=10, routed)          0.500     8.399    p_idx[9]_i_1_n_0
    SLICE_X14Y70         FDCE                                         r  p_idx_reg[3]/CE
  -------------------------------------------------------------------    -------------------

                         (clock clk rise edge)       10.000    10.000 r  
                                                      0.000    10.000 r  clk (IN)
                         net (fo=352, unset)          0.924    10.924    clk
    SLICE_X14Y70         FDCE                                         r  p_idx_reg[3]/C
                         clock pessimism              0.000    10.924    
                         clock uncertainty           -0.035    10.889    
    SLICE_X14Y70         FDCE (Setup_fdce_C_CE)      -0.169    10.720    p_idx_reg[3]
  -------------------------------------------------------------------
                         required time                         10.720    
                         arrival time                          -8.399    
  -------------------------------------------------------------------
                         slack                                  2.321    

Slack (MET) :             2.321ns  (required time - arrival time)
  Source:                 q_idx_reg[1]/C
                            (rising edge-triggered cell FDCE clocked by clk  {rise@0.000ns fall@5.000ns period=10.000ns})
  Destination:            p_idx_reg[4]/CE
                            (rising edge-triggered cell FDCE clocked by clk  {rise@0.000ns fall@5.000ns period=10.000ns})
  Path Group:             clk
  Path Type:              Setup (Max at Slow Process Corner)
  Requirement:            10.000ns  (clk rise@10.000ns - clk rise@0.000ns)
  Data Path Delay:        7.426ns  (logic 2.306ns (31.051%)  route 5.120ns (68.949%))
  Logic Levels:           8  (LUT2=6 LUT3=1 LUT4=1)
  Clock Path Skew:        -0.049ns (DCD - SCD + CPR)
    Destination Clock Delay (DCD):    0.924ns = ( 10.924 - 10.000 ) 
    Source Clock Delay      (SCD):    0.973ns
    Clock Pessimism Removal (CPR):    0.000ns
  Clock Uncertainty:      0.035ns  ((TSJ^2 + TIJ^2)^1/2 + DJ) / 2 + PE
    Total System Jitter     (TSJ):    0.071ns
    Total Input Jitter      (TIJ):    0.000ns
    Discrete Jitter          (DJ):    0.000ns
    Phase Error              (PE):    0.000ns

    Location             Delay type                Incr(ns)  Path(ns)    Netlist Resource(s)
  -------------------------------------------------------------------    -------------------
                         (clock clk rise edge)        0.000     0.000 r  
                                                      0.000     0.000 r  clk (IN)
                         net (fo=352, unset)          0.973     0.973    clk
    SLICE_X13Y68         FDCE                                         r  q_idx_reg[1]/C
  -------------------------------------------------------------------    -------------------
    SLICE_X13Y68         FDCE (Prop_fdce_C_Q)         0.419     1.392 r  q_idx_reg[1]/Q
                         net (fo=4, routed)           0.683     2.075    q_idx_reg__0[1]
    SLICE_X13Y68         LUT2 (Prop_lut2_I1_O)        0.324     2.399 f  q_idx[2]_i_2/O
                         net (fo=2, routed)           0.452     2.851    q_idx[2]_i_2_n_0
    SLICE_X13Y68         LUT2 (Prop_lut2_I0_O)        0.326     3.177 f  q_idx[3]_i_2/O
                         net (fo=2, routed)           0.459     3.636    q_idx[3]_i_2_n_0
    SLICE_X14Y70         LUT2 (Prop_lut2_I0_O)        0.124     3.760 f  q_idx[4]_i_3/O
                         net (fo=2, routed)           0.599     4.359    q_idx[4]_i_3_n_0
    SLICE_X14Y71         LUT2 (Prop_lut2_I0_O)        0.153     4.512 f  q_idx[5]_i_3/O
                         net (fo=2, routed)           0.685     5.197    q_idx[5]_i_3_n_0
    SLICE_X14Y71         LUT2 (Prop_lut2_I1_O)        0.357     5.554 r  q_idx[6]_i_2/O
                         net (fo=2, routed)           0.512     6.066    q_idx[6]_i_2_n_0
    SLICE_X15Y71         LUT2 (Prop_lut2_I1_O)        0.355     6.421 f  q_idx[9]_i_4/O
                         net (fo=5, routed)           0.598     7.018    q_idx[9]_i_4_n_0
    SLICE_X11Y71         LUT3 (Prop_lut3_I2_O)        0.124     7.142 r  sweep_cnt[2]_i_3/O
                         net (fo=11, routed)          0.633     7.775    sweep_cnt[2]_i_3_n_0
    SLICE_X14Y72         LUT4 (Prop_lut4_I3_O)        0.124     7.899 r  p_idx[9]_i_1/O
                         net (fo=10, routed)          0.500     8.399    p_idx[9]_i_1_n_0
    SLICE_X14Y70         FDCE                                         r  p_idx_reg[4]/CE
  -------------------------------------------------------------------    -------------------

                         (clock clk rise edge)       10.000    10.000 r  
                                                      0.000    10.000 r  clk (IN)
                         net (fo=352, unset)          0.924    10.924    clk
    SLICE_X14Y70         FDCE                                         r  p_idx_reg[4]/C
                         clock pessimism              0.000    10.924    
                         clock uncertainty           -0.035    10.889    
    SLICE_X14Y70         FDCE (Setup_fdce_C_CE)      -0.169    10.720    p_idx_reg[4]
  -------------------------------------------------------------------
                         required time                         10.720    
                         arrival time                          -8.399    
  -------------------------------------------------------------------
                         slack                                  2.321    





Min Delay Paths
--------------------------------------------------------------------------------------
Slack (MET) :             0.046ns  (arrival time - required time)
  Source:                 lower_fsm/u_rotation_param/u_sincos/U0/i_synth/i_nd_to_rdy/opt_has_pipe.first_q_reg[0]/C
                            (rising edge-triggered cell FDRE clocked by clk  {rise@0.000ns fall@5.000ns period=10.000ns})
  Destination:            lower_fsm/u_rotation_param/u_sincos/U0/i_synth/i_nd_to_rdy/opt_has_pipe.i_pipe[33].pipe_reg[33][0]_srl32/D
                            (rising edge-triggered cell SRLC32E clocked by clk  {rise@0.000ns fall@5.000ns period=10.000ns})
  Path Group:             clk
  Path Type:              Hold (Min at Fast Process Corner)
  Requirement:            0.000ns  (clk rise@0.000ns - clk rise@0.000ns)
  Data Path Delay:        0.251ns  (logic 0.141ns (56.174%)  route 0.110ns (43.826%))
  Logic Levels:           0  
  Clock Path Skew:        0.022ns (DCD - SCD - CPR)
    Destination Clock Delay (DCD):    0.432ns
    Source Clock Delay      (SCD):    0.410ns
    Clock Pessimism Removal (CPR):    -0.000ns

    Location             Delay type                Incr(ns)  Path(ns)    Netlist Resource(s)
  -------------------------------------------------------------------    -------------------
                         (clock clk rise edge)        0.000     0.000 r  
                                                      0.000     0.000 r  clk (IN)
                         net (fo=352, unset)          0.410     0.410    lower_fsm/u_rotation_param/u_sincos/U0/i_synth/i_nd_to_rdy/aclk
    SLICE_X9Y94          FDRE                                         r  lower_fsm/u_rotation_param/u_sincos/U0/i_synth/i_nd_to_rdy/opt_has_pipe.first_q_reg[0]/C
  -------------------------------------------------------------------    -------------------
    SLICE_X9Y94          FDRE (Prop_fdre_C_Q)         0.141     0.551 r  lower_fsm/u_rotation_param/u_sincos/U0/i_synth/i_nd_to_rdy/opt_has_pipe.first_q_reg[0]/Q
                         net (fo=1, routed)           0.110     0.661    lower_fsm/u_rotation_param/u_sincos/U0/i_synth/i_nd_to_rdy/first_q
    SLICE_X8Y94          SRLC32E                                      r  lower_fsm/u_rotation_param/u_sincos/U0/i_synth/i_nd_to_rdy/opt_has_pipe.i_pipe[33].pipe_reg[33][0]_srl32/D
  -------------------------------------------------------------------    -------------------

                         (clock clk rise edge)        0.000     0.000 r  
                                                      0.000     0.000 r  clk (IN)
                         net (fo=352, unset)          0.432     0.432    lower_fsm/u_rotation_param/u_sincos/U0/i_synth/i_nd_to_rdy/aclk
    SLICE_X8Y94          SRLC32E                                      r  lower_fsm/u_rotation_param/u_sincos/U0/i_synth/i_nd_to_rdy/opt_has_pipe.i_pipe[33].pipe_reg[33][0]_srl32/CLK
                         clock pessimism              0.000     0.432    
    SLICE_X8Y94          SRLC32E (Hold_srlc32e_CLK_D)
                                                      0.183     0.615    lower_fsm/u_rotation_param/u_sincos/U0/i_synth/i_nd_to_rdy/opt_has_pipe.i_pipe[33].pipe_reg[33][0]_srl32
  -------------------------------------------------------------------
                         required time                         -0.615    
                         arrival time                           0.661    
  -------------------------------------------------------------------
                         slack                                  0.046    

Slack (MET) :             0.058ns  (arrival time - required time)
  Source:                 lower_fsm/u_sqrt/U0/i_synth/i_nd_to_rdy/opt_has_pipe.first_q_reg[0]/C
                            (rising edge-triggered cell FDRE clocked by clk  {rise@0.000ns fall@5.000ns period=10.000ns})
  Destination:            lower_fsm/u_sqrt/U0/i_synth/i_nd_to_rdy/opt_has_pipe.i_pipe[24].pipe_reg[24][0]_srl23/D
                            (rising edge-triggered cell SRLC32E clocked by clk  {rise@0.000ns fall@5.000ns period=10.000ns})
  Path Group:             clk
  Path Type:              Hold (Min at Fast Process Corner)
  Requirement:            0.000ns  (clk rise@0.000ns - clk rise@0.000ns)
  Data Path Delay:        0.197ns  (logic 0.141ns (71.611%)  route 0.056ns (28.389%))
  Logic Levels:           0  
  Clock Path Skew:        0.022ns (DCD - SCD - CPR)
    Destination Clock Delay (DCD):    0.432ns
    Source Clock Delay      (SCD):    0.410ns
    Clock Pessimism Removal (CPR):    -0.000ns

    Location             Delay type                Incr(ns)  Path(ns)    Netlist Resource(s)
  -------------------------------------------------------------------    -------------------
                         (clock clk rise edge)        0.000     0.000 r  
                                                      0.000     0.000 r  clk (IN)
                         net (fo=352, unset)          0.410     0.410    lower_fsm/u_sqrt/U0/i_synth/i_nd_to_rdy/aclk
    SLICE_X7Y94          FDRE                                         r  lower_fsm/u_sqrt/U0/i_synth/i_nd_to_rdy/opt_has_pipe.first_q_reg[0]/C
  -------------------------------------------------------------------    -------------------
    SLICE_X7Y94          FDRE (Prop_fdre_C_Q)         0.141     0.551 r  lower_fsm/u_sqrt/U0/i_synth/i_nd_to_rdy/opt_has_pipe.first_q_reg[0]/Q
                         net (fo=1, routed)           0.056     0.607    lower_fsm/u_sqrt/U0/i_synth/i_nd_to_rdy/first_q
    SLICE_X6Y94          SRLC32E                                      r  lower_fsm/u_sqrt/U0/i_synth/i_nd_to_rdy/opt_has_pipe.i_pipe[24].pipe_reg[24][0]_srl23/D
  -------------------------------------------------------------------    -------------------

                         (clock clk rise edge)        0.000     0.000 r  
                                                      0.000     0.000 r  clk (IN)
                         net (fo=352, unset)          0.432     0.432    lower_fsm/u_sqrt/U0/i_synth/i_nd_to_rdy/aclk
    SLICE_X6Y94          SRLC32E                                      r  lower_fsm/u_sqrt/U0/i_synth/i_nd_to_rdy/opt_has_pipe.i_pipe[24].pipe_reg[24][0]_srl23/CLK
                         clock pessimism              0.000     0.432    
    SLICE_X6Y94          SRLC32E (Hold_srlc32e_CLK_D)
                                                      0.117     0.549    lower_fsm/u_sqrt/U0/i_synth/i_nd_to_rdy/opt_has_pipe.i_pipe[24].pipe_reg[24][0]_srl23
  -------------------------------------------------------------------
                         required time                         -0.549    
                         arrival time                           0.607    
  -------------------------------------------------------------------
                         slack                                  0.058    

Slack (MET) :             0.114ns  (arrival time - required time)
  Source:                 lower_fsm/u_div_gen/U0/i_synth/i_nd_to_rdy/opt_has_pipe.first_q_reg[0]/C
                            (rising edge-triggered cell FDRE clocked by clk  {rise@0.000ns fall@5.000ns period=10.000ns})
  Destination:            lower_fsm/u_div_gen/U0/i_synth/i_nd_to_rdy/opt_has_pipe.i_pipe[32].pipe_reg[32][0]_srl31/D
                            (rising edge-triggered cell SRLC32E clocked by clk  {rise@0.000ns fall@5.000ns period=10.000ns})
  Path Group:             clk
  Path Type:              Hold (Min at Fast Process Corner)
  Requirement:            0.000ns  (clk rise@0.000ns - clk rise@0.000ns)
  Data Path Delay:        0.253ns  (logic 0.141ns (55.730%)  route 0.112ns (44.270%))
  Logic Levels:           0  
  Clock Path Skew:        0.022ns (DCD - SCD - CPR)
    Destination Clock Delay (DCD):    0.432ns
    Source Clock Delay      (SCD):    0.410ns
    Clock Pessimism Removal (CPR):    -0.000ns

    Location             Delay type                Incr(ns)  Path(ns)    Netlist Resource(s)
  -------------------------------------------------------------------    -------------------
                         (clock clk rise edge)        0.000     0.000 r  
                                                      0.000     0.000 r  clk (IN)
                         net (fo=352, unset)          0.410     0.410    lower_fsm/u_div_gen/U0/i_synth/i_nd_to_rdy/aclk
    SLICE_X11Y90         FDRE                                         r  lower_fsm/u_div_gen/U0/i_synth/i_nd_to_rdy/opt_has_pipe.first_q_reg[0]/C
  -------------------------------------------------------------------    -------------------
    SLICE_X11Y90         FDRE (Prop_fdre_C_Q)         0.141     0.551 r  lower_fsm/u_div_gen/U0/i_synth/i_nd_to_rdy/opt_has_pipe.first_q_reg[0]/Q
                         net (fo=1, routed)           0.112     0.663    lower_fsm/u_div_gen/U0/i_synth/i_nd_to_rdy/first_q
    SLICE_X10Y91         SRLC32E                                      r  lower_fsm/u_div_gen/U0/i_synth/i_nd_to_rdy/opt_has_pipe.i_pipe[32].pipe_reg[32][0]_srl31/D
  -------------------------------------------------------------------    -------------------

                         (clock clk rise edge)        0.000     0.000 r  
                                                      0.000     0.000 r  clk (IN)
                         net (fo=352, unset)          0.432     0.432    lower_fsm/u_div_gen/U0/i_synth/i_nd_to_rdy/aclk
    SLICE_X10Y91         SRLC32E                                      r  lower_fsm/u_div_gen/U0/i_synth/i_nd_to_rdy/opt_has_pipe.i_pipe[32].pipe_reg[32][0]_srl31/CLK
                         clock pessimism              0.000     0.432    
    SLICE_X10Y91         SRLC32E (Hold_srlc32e_CLK_D)
                                                      0.117     0.549    lower_fsm/u_div_gen/U0/i_synth/i_nd_to_rdy/opt_has_pipe.i_pipe[32].pipe_reg[32][0]_srl31
  -------------------------------------------------------------------
                         required time                         -0.549    
                         arrival time                           0.663    
  -------------------------------------------------------------------
                         slack                                  0.114    

Slack (MET) :             0.131ns  (arrival time - required time)
  Source:                 lower_fsm/u_control_fsm/FSM_onehot_state_reg[17]/C
                            (rising edge-triggered cell FDRE clocked by clk  {rise@0.000ns fall@5.000ns period=10.000ns})
  Destination:            lower_fsm/u_control_fsm/FSM_onehot_state_reg[0]/D
                            (rising edge-triggered cell FDSE clocked by clk  {rise@0.000ns fall@5.000ns period=10.000ns})
  Path Group:             clk
  Path Type:              Hold (Min at Fast Process Corner)
  Requirement:            0.000ns  (clk rise@0.000ns - clk rise@0.000ns)
  Data Path Delay:        0.223ns  (logic 0.141ns (63.116%)  route 0.082ns (36.884%))
  Logic Levels:           0  
  Clock Path Skew:        0.022ns (DCD - SCD - CPR)
    Destination Clock Delay (DCD):    0.432ns
    Source Clock Delay      (SCD):    0.410ns
    Clock Pessimism Removal (CPR):    -0.000ns

    Location             Delay type                Incr(ns)  Path(ns)    Netlist Resource(s)
  -------------------------------------------------------------------    -------------------
                         (clock clk rise edge)        0.000     0.000 r  
                                                      0.000     0.000 r  clk (IN)
                         net (fo=352, unset)          0.410     0.410    lower_fsm/u_control_fsm/clk
    SLICE_X5Y93          FDRE                                         r  lower_fsm/u_control_fsm/FSM_onehot_state_reg[17]/C
  -------------------------------------------------------------------    -------------------
    SLICE_X5Y93          FDRE (Prop_fdre_C_Q)         0.141     0.551 r  lower_fsm/u_control_fsm/FSM_onehot_state_reg[17]/Q
                         net (fo=3, routed)           0.082     0.634    lower_fsm/u_control_fsm/FSM_onehot_state_reg_n_0_[17]
    SLICE_X5Y93          FDSE                                         r  lower_fsm/u_control_fsm/FSM_onehot_state_reg[0]/D
  -------------------------------------------------------------------    -------------------

                         (clock clk rise edge)        0.000     0.000 r  
                                                      0.000     0.000 r  clk (IN)
                         net (fo=352, unset)          0.432     0.432    lower_fsm/u_control_fsm/clk
    SLICE_X5Y93          FDSE                                         r  lower_fsm/u_control_fsm/FSM_onehot_state_reg[0]/C
                         clock pessimism              0.000     0.432    
    SLICE_X5Y93          FDSE (Hold_fdse_C_D)         0.071     0.503    lower_fsm/u_control_fsm/FSM_onehot_state_reg[0]
  -------------------------------------------------------------------
                         required time                         -0.503    
                         arrival time                           0.634    
  -------------------------------------------------------------------
                         slack                                  0.131    

Slack (MET) :             0.151ns  (arrival time - required time)
  Source:                 lower_fsm/u_div_gen/U0/i_synth/i_nonzero_fract.i_synth/opt_high_radix.i_nonzero_fract.i_high_radix/i_flow_ctrl/nd_pipe_reg[8]/C
                            (rising edge-triggered cell FDRE clocked by clk  {rise@0.000ns fall@5.000ns period=10.000ns})
  Destination:            lower_fsm/u_div_gen/U0/i_synth/i_nonzero_fract.i_synth/opt_high_radix.i_nonzero_fract.i_high_radix/i_flow_ctrl/nd_pipe_reg[11]_srl3/D
                            (rising edge-triggered cell SRL16E clocked by clk  {rise@0.000ns fall@5.000ns period=10.000ns})
  Path Group:             clk
  Path Type:              Hold (Min at Fast Process Corner)
  Requirement:            0.000ns  (clk rise@0.000ns - clk rise@0.000ns)
  Data Path Delay:        0.237ns  (logic 0.148ns (62.493%)  route 0.089ns (37.507%))
  Logic Levels:           0  
  Clock Path Skew:        0.022ns (DCD - SCD - CPR)
    Destination Clock Delay (DCD):    0.432ns
    Source Clock Delay      (SCD):    0.410ns
    Clock Pessimism Removal (CPR):    -0.000ns

    Location             Delay type                Incr(ns)  Path(ns)    Netlist Resource(s)
  -------------------------------------------------------------------    -------------------
                         (clock clk rise edge)        0.000     0.000 r  
                                                      0.000     0.000 r  clk (IN)
                         net (fo=352, unset)          0.410     0.410    lower_fsm/u_div_gen/U0/i_synth/i_nonzero_fract.i_synth/opt_high_radix.i_nonzero_fract.i_high_radix/i_flow_ctrl/aclk
    SLICE_X10Y90         FDRE                                         r  lower_fsm/u_div_gen/U0/i_synth/i_nonzero_fract.i_synth/opt_high_radix.i_nonzero_fract.i_high_radix/i_flow_ctrl/nd_pipe_reg[8]/C
  -------------------------------------------------------------------    -------------------
    SLICE_X10Y90         FDRE (Prop_fdre_C_Q)         0.148     0.558 r  lower_fsm/u_div_gen/U0/i_synth/i_nonzero_fract.i_synth/opt_high_radix.i_nonzero_fract.i_high_radix/i_flow_ctrl/nd_pipe_reg[8]/Q
                         net (fo=3, routed)           0.089     0.647    lower_fsm/u_div_gen/U0/i_synth/i_nonzero_fract.i_synth/opt_high_radix.i_nonzero_fract.i_high_radix/i_flow_ctrl/p_0_in[7]
    SLICE_X10Y90         SRL16E                                       r  lower_fsm/u_div_gen/U0/i_synth/i_nonzero_fract.i_synth/opt_high_radix.i_nonzero_fract.i_high_radix/i_flow_ctrl/nd_pipe_reg[11]_srl3/D
  -------------------------------------------------------------------    -------------------

                         (clock clk rise edge)        0.000     0.000 r  
                                                      0.000     0.000 r  clk (IN)
                         net (fo=352, unset)          0.432     0.432    lower_fsm/u_div_gen/U0/i_synth/i_nonzero_fract.i_synth/opt_high_radix.i_nonzero_fract.i_high_radix/i_flow_ctrl/aclk
    SLICE_X10Y90         SRL16E                                       r  lower_fsm/u_div_gen/U0/i_synth/i_nonzero_fract.i_synth/opt_high_radix.i_nonzero_fract.i_high_radix/i_flow_ctrl/nd_pipe_reg[11]_srl3/CLK
                         clock pessimism              0.000     0.432    
    SLICE_X10Y90         SRL16E (Hold_srl16e_CLK_D)
                                                      0.064     0.496    lower_fsm/u_div_gen/U0/i_synth/i_nonzero_fract.i_synth/opt_high_radix.i_nonzero_fract.i_high_radix/i_flow_ctrl/nd_pipe_reg[11]_srl3
  -------------------------------------------------------------------
                         required time                         -0.496    
                         arrival time                           0.647    
  -------------------------------------------------------------------
                         slack                                  0.151    

Slack (MET) :             0.156ns  (arrival time - required time)
  Source:                 row_idx_reg[5]/C
                            (rising edge-triggered cell FDCE clocked by clk  {rise@0.000ns fall@5.000ns period=10.000ns})
  Destination:            row_idx_reg[9]/D
                            (rising edge-triggered cell FDCE clocked by clk  {rise@0.000ns fall@5.000ns period=10.000ns})
  Path Group:             clk
  Path Type:              Hold (Min at Fast Process Corner)
  Requirement:            0.000ns  (clk rise@0.000ns - clk rise@0.000ns)
  Data Path Delay:        0.299ns  (logic 0.186ns (62.283%)  route 0.113ns (37.717%))
  Logic Levels:           1  (LUT6=1)
  Clock Path Skew:        0.022ns (DCD - SCD - CPR)
    Destination Clock Delay (DCD):    0.432ns
    Source Clock Delay      (SCD):    0.410ns
    Clock Pessimism Removal (CPR):    -0.000ns

    Location             Delay type                Incr(ns)  Path(ns)    Netlist Resource(s)
  -------------------------------------------------------------------    -------------------
                         (clock clk rise edge)        0.000     0.000 r  
                                                      0.000     0.000 r  clk (IN)
                         net (fo=352, unset)          0.410     0.410    clk
    SLICE_X9Y72          FDCE                                         r  row_idx_reg[5]/C
  -------------------------------------------------------------------    -------------------
    SLICE_X9Y72          FDCE (Prop_fdce_C_Q)         0.141     0.551 r  row_idx_reg[5]/Q
                         net (fo=15, routed)          0.113     0.664    sel0[5]
    SLICE_X8Y72          LUT6 (Prop_lut6_I1_O)        0.045     0.709 r  row_idx[9]_i_2/O
                         net (fo=1, routed)           0.000     0.709    row_idx[9]
    SLICE_X8Y72          FDCE                                         r  row_idx_reg[9]/D
  -------------------------------------------------------------------    -------------------

                         (clock clk rise edge)        0.000     0.000 r  
                                                      0.000     0.000 r  clk (IN)
                         net (fo=352, unset)          0.432     0.432    clk
    SLICE_X8Y72          FDCE                                         r  row_idx_reg[9]/C
                         clock pessimism              0.000     0.432    
    SLICE_X8Y72          FDCE (Hold_fdce_C_D)         0.121     0.553    row_idx_reg[9]
  -------------------------------------------------------------------
                         required time                         -0.553    
                         arrival time                           0.709    
  -------------------------------------------------------------------
                         slack                                  0.156    

Slack (MET) :             0.166ns  (arrival time - required time)
  Source:                 lower_fsm/u_dot_product_1/input_count_reg[5]/C
                            (rising edge-triggered cell FDRE clocked by clk  {rise@0.000ns fall@5.000ns period=10.000ns})
  Destination:            lower_fsm/u_dot_product_1/running_reg/D
                            (rising edge-triggered cell FDRE clocked by clk  {rise@0.000ns fall@5.000ns period=10.000ns})
  Path Group:             clk
  Path Type:              Hold (Min at Fast Process Corner)
  Requirement:            0.000ns  (clk rise@0.000ns - clk rise@0.000ns)
  Data Path Delay:        0.307ns  (logic 0.186ns (60.539%)  route 0.121ns (39.461%))
  Logic Levels:           1  (LUT6=1)
  Clock Path Skew:        0.022ns (DCD - SCD - CPR)
    Destination Clock Delay (DCD):    0.432ns
    Source Clock Delay      (SCD):    0.410ns
    Clock Pessimism Removal (CPR):    -0.000ns

    Location             Delay type                Incr(ns)  Path(ns)    Netlist Resource(s)
  -------------------------------------------------------------------    -------------------
                         (clock clk rise edge)        0.000     0.000 r  
                                                      0.000     0.000 r  clk (IN)
                         net (fo=352, unset)          0.410     0.410    lower_fsm/u_dot_product_1/clk
    SLICE_X9Y98          FDRE                                         r  lower_fsm/u_dot_product_1/input_count_reg[5]/C
  -------------------------------------------------------------------    -------------------
    SLICE_X9Y98          FDRE (Prop_fdre_C_Q)         0.141     0.551 r  lower_fsm/u_dot_product_1/input_count_reg[5]/Q
                         net (fo=7, routed)           0.121     0.672    lower_fsm/u_dot_product_1/input_count_reg__0[5]
    SLICE_X8Y98          LUT6 (Prop_lut6_I5_O)        0.045     0.717 r  lower_fsm/u_dot_product_1/running_i_1__1/O
                         net (fo=1, routed)           0.000     0.717    lower_fsm/u_dot_product_1/running_i_1__1_n_0
    SLICE_X8Y98          FDRE                                         r  lower_fsm/u_dot_product_1/running_reg/D
  -------------------------------------------------------------------    -------------------

                         (clock clk rise edge)        0.000     0.000 r  
                                                      0.000     0.000 r  clk (IN)
                         net (fo=352, unset)          0.432     0.432    lower_fsm/u_dot_product_1/clk
    SLICE_X8Y98          FDRE                                         r  lower_fsm/u_dot_product_1/running_reg/C
                         clock pessimism              0.000     0.432    
    SLICE_X8Y98          FDRE (Hold_fdre_C_D)         0.120     0.552    lower_fsm/u_dot_product_1/running_reg
  -------------------------------------------------------------------
                         required time                         -0.552    
                         arrival time                           0.717    
  -------------------------------------------------------------------
                         slack                                  0.166    

Slack (MET) :             0.176ns  (arrival time - required time)
  Source:                 lower_fsm/u_control_fsm/divideout_count_reg[0]/C
                            (rising edge-triggered cell FDRE clocked by clk  {rise@0.000ns fall@5.000ns period=10.000ns})
  Destination:            lower_fsm/u_control_fsm/divideout_count_reg[2]/D
                            (rising edge-triggered cell FDRE clocked by clk  {rise@0.000ns fall@5.000ns period=10.000ns})
  Path Group:             clk
  Path Type:              Hold (Min at Fast Process Corner)
  Requirement:            0.000ns  (clk rise@0.000ns - clk rise@0.000ns)
  Data Path Delay:        0.318ns  (logic 0.186ns (58.579%)  route 0.132ns (41.421%))
  Logic Levels:           1  (LUT3=1)
  Clock Path Skew:        0.022ns (DCD - SCD - CPR)
    Destination Clock Delay (DCD):    0.432ns
    Source Clock Delay      (SCD):    0.410ns
    Clock Pessimism Removal (CPR):    -0.000ns

    Location             Delay type                Incr(ns)  Path(ns)    Netlist Resource(s)
  -------------------------------------------------------------------    -------------------
                         (clock clk rise edge)        0.000     0.000 r  
                                                      0.000     0.000 r  clk (IN)
                         net (fo=352, unset)          0.410     0.410    lower_fsm/u_control_fsm/clk
    SLICE_X9Y93          FDRE                                         r  lower_fsm/u_control_fsm/divideout_count_reg[0]/C
  -------------------------------------------------------------------    -------------------
    SLICE_X9Y93          FDRE (Prop_fdre_C_Q)         0.141     0.551 r  lower_fsm/u_control_fsm/divideout_count_reg[0]/Q
                         net (fo=8, routed)           0.132     0.683    lower_fsm/u_control_fsm/divideout_count_reg__0[0]
    SLICE_X8Y93          LUT3 (Prop_lut3_I2_O)        0.045     0.728 r  lower_fsm/u_control_fsm/divideout_count[2]_i_1/O
                         net (fo=1, routed)           0.000     0.728    lower_fsm/u_control_fsm/p_0_in__4[2]
    SLICE_X8Y93          FDRE                                         r  lower_fsm/u_control_fsm/divideout_count_reg[2]/D
  -------------------------------------------------------------------    -------------------

                         (clock clk rise edge)        0.000     0.000 r  
                                                      0.000     0.000 r  clk (IN)
                         net (fo=352, unset)          0.432     0.432    lower_fsm/u_control_fsm/clk
    SLICE_X8Y93          FDRE                                         r  lower_fsm/u_control_fsm/divideout_count_reg[2]/C
                         clock pessimism              0.000     0.432    
    SLICE_X8Y93          FDRE (Hold_fdre_C_D)         0.120     0.552    lower_fsm/u_control_fsm/divideout_count_reg[2]
  -------------------------------------------------------------------
                         required time                         -0.552    
                         arrival time                           0.728    
  -------------------------------------------------------------------
                         slack                                  0.176    

Slack (MET) :             0.179ns  (arrival time - required time)
  Source:                 lower_fsm/u_control_fsm/divideout_count_reg[0]/C
                            (rising edge-triggered cell FDRE clocked by clk  {rise@0.000ns fall@5.000ns period=10.000ns})
  Destination:            lower_fsm/u_control_fsm/divideout_count_reg[5]/D
                            (rising edge-triggered cell FDRE clocked by clk  {rise@0.000ns fall@5.000ns period=10.000ns})
  Path Group:             clk
  Path Type:              Hold (Min at Fast Process Corner)
  Requirement:            0.000ns  (clk rise@0.000ns - clk rise@0.000ns)
  Data Path Delay:        0.322ns  (logic 0.186ns (57.850%)  route 0.136ns (42.150%))
  Logic Levels:           1  (LUT6=1)
  Clock Path Skew:        0.022ns (DCD - SCD - CPR)
    Destination Clock Delay (DCD):    0.432ns
    Source Clock Delay      (SCD):    0.410ns
    Clock Pessimism Removal (CPR):    -0.000ns

    Location             Delay type                Incr(ns)  Path(ns)    Netlist Resource(s)
  -------------------------------------------------------------------    -------------------
                         (clock clk rise edge)        0.000     0.000 r  
                                                      0.000     0.000 r  clk (IN)
                         net (fo=352, unset)          0.410     0.410    lower_fsm/u_control_fsm/clk
    SLICE_X9Y93          FDRE                                         r  lower_fsm/u_control_fsm/divideout_count_reg[0]/C
  -------------------------------------------------------------------    -------------------
    SLICE_X9Y93          FDRE (Prop_fdre_C_Q)         0.141     0.551 r  lower_fsm/u_control_fsm/divideout_count_reg[0]/Q
                         net (fo=8, routed)           0.136     0.687    lower_fsm/u_control_fsm/divideout_count_reg__0[0]
    SLICE_X8Y93          LUT6 (Prop_lut6_I2_O)        0.045     0.732 r  lower_fsm/u_control_fsm/divideout_count[5]_i_1/O
                         net (fo=1, routed)           0.000     0.732    lower_fsm/u_control_fsm/p_0_in__4[5]
    SLICE_X8Y93          FDRE                                         r  lower_fsm/u_control_fsm/divideout_count_reg[5]/D
  -------------------------------------------------------------------    -------------------

                         (clock clk rise edge)        0.000     0.000 r  
                                                      0.000     0.000 r  clk (IN)
                         net (fo=352, unset)          0.432     0.432    lower_fsm/u_control_fsm/clk
    SLICE_X8Y93          FDRE                                         r  lower_fsm/u_control_fsm/divideout_count_reg[5]/C
                         clock pessimism              0.000     0.432    
    SLICE_X8Y93          FDRE (Hold_fdre_C_D)         0.121     0.553    lower_fsm/u_control_fsm/divideout_count_reg[5]
  -------------------------------------------------------------------
                         required time                         -0.553    
                         arrival time                           0.732    
  -------------------------------------------------------------------
                         slack                                  0.179    

Slack (MET) :             0.182ns  (arrival time - required time)
  Source:                 lower_fsm/u_updated_column_2/input_count_reg[0]/C
                            (rising edge-triggered cell FDRE clocked by clk  {rise@0.000ns fall@5.000ns period=10.000ns})
  Destination:            lower_fsm/u_updated_column_2/input_count_reg[5]/D
                            (rising edge-triggered cell FDRE clocked by clk  {rise@0.000ns fall@5.000ns period=10.000ns})
  Path Group:             clk
  Path Type:              Hold (Min at Fast Process Corner)
  Requirement:            0.000ns  (clk rise@0.000ns - clk rise@0.000ns)
  Data Path Delay:        0.324ns  (logic 0.186ns (57.339%)  route 0.138ns (42.661%))
  Logic Levels:           1  (LUT6=1)
  Clock Path Skew:        0.022ns (DCD - SCD - CPR)
    Destination Clock Delay (DCD):    0.432ns
    Source Clock Delay      (SCD):    0.410ns
    Clock Pessimism Removal (CPR):    -0.000ns

    Location             Delay type                Incr(ns)  Path(ns)    Netlist Resource(s)
  -------------------------------------------------------------------    -------------------
                         (clock clk rise edge)        0.000     0.000 r  
                                                      0.000     0.000 r  clk (IN)
                         net (fo=352, unset)          0.410     0.410    lower_fsm/u_updated_column_2/clk
    SLICE_X1Y98          FDRE                                         r  lower_fsm/u_updated_column_2/input_count_reg[0]/C
  -------------------------------------------------------------------    -------------------
    SLICE_X1Y98          FDRE (Prop_fdre_C_Q)         0.141     0.551 r  lower_fsm/u_updated_column_2/input_count_reg[0]/Q
                         net (fo=8, routed)           0.138     0.690    lower_fsm/u_updated_column_2/input_count_reg__0[0]
    SLICE_X2Y98          LUT6 (Prop_lut6_I2_O)        0.045     0.735 r  lower_fsm/u_updated_column_2/input_count[5]_i_1/O
                         net (fo=1, routed)           0.000     0.735    lower_fsm/u_updated_column_2/p_0_in__6[5]
    SLICE_X2Y98          FDRE                                         r  lower_fsm/u_updated_column_2/input_count_reg[5]/D
  -------------------------------------------------------------------    -------------------

                         (clock clk rise edge)        0.000     0.000 r  
                                                      0.000     0.000 r  clk (IN)
                         net (fo=352, unset)          0.432     0.432    lower_fsm/u_updated_column_2/clk
    SLICE_X2Y98          FDRE                                         r  lower_fsm/u_updated_column_2/input_count_reg[5]/C
                         clock pessimism              0.000     0.432    
    SLICE_X2Y98          FDRE (Hold_fdre_C_D)         0.121     0.553    lower_fsm/u_updated_column_2/input_count_reg[5]
  -------------------------------------------------------------------
                         required time                         -0.553    
                         arrival time                           0.735    
  -------------------------------------------------------------------
                         slack                                  0.182    





Pulse Width Checks
--------------------------------------------------------------------------------------
Clock Name:         clk
Waveform(ns):       { 0.000 5.000 }
Period(ns):         10.000
Sources:            { clk }

Check Type        Corner  Lib Pin      Reference Pin  Required(ns)  Actual(ns)  Slack(ns)  Location      Pin
Min Period        n/a     FDRE/C       n/a            1.000         10.000      9.000      SLICE_X4Y72   bram1_addr_reg[0]/C
Min Period        n/a     FDRE/C       n/a            1.000         10.000      9.000      SLICE_X6Y71   bram1_addr_reg[10]/C
Min Period        n/a     FDRE/C       n/a            1.000         10.000      9.000      SLICE_X5Y72   bram1_addr_reg[1]/C
Min Period        n/a     FDRE/C       n/a            1.000         10.000      9.000      SLICE_X5Y72   bram1_addr_reg[2]/C
Min Period        n/a     FDRE/C       n/a            1.000         10.000      9.000      SLICE_X6Y73   bram1_addr_reg[3]/C
Min Period        n/a     FDRE/C       n/a            1.000         10.000      9.000      SLICE_X6Y73   bram1_addr_reg[4]/C
Min Period        n/a     FDRE/C       n/a            1.000         10.000      9.000      SLICE_X4Y71   bram1_addr_reg[5]/C
Min Period        n/a     FDRE/C       n/a            1.000         10.000      9.000      SLICE_X4Y71   bram1_addr_reg[6]/C
Min Period        n/a     FDRE/C       n/a            1.000         10.000      9.000      SLICE_X5Y72   bram1_addr_reg[7]/C
Min Period        n/a     FDRE/C       n/a            1.000         10.000      9.000      SLICE_X4Y71   bram1_addr_reg[8]/C
Low Pulse Width   Fast    SRLC32E/CLK  n/a            0.980         5.000       4.020      SLICE_X10Y91  lower_fsm/u_div_gen/U0/i_synth/i_nd_to_rdy/opt_has_pipe.i_pipe[32].pipe_reg[32][0]_srl31/CLK
Low Pulse Width   Fast    SRL16E/CLK   n/a            0.980         5.000       4.020      SLICE_X10Y90  lower_fsm/u_div_gen/U0/i_synth/i_nonzero_fract.i_synth/opt_high_radix.i_nonzero_fract.i_high_radix/i_flow_ctrl/nd_pipe_reg[11]_srl3/CLK
Low Pulse Width   Fast    SRL16E/CLK   n/a            0.980         5.000       4.020      SLICE_X10Y90  lower_fsm/u_div_gen/U0/i_synth/i_nonzero_fract.i_synth/opt_high_radix.i_nonzero_fract.i_high_radix/i_flow_ctrl/nd_pipe_reg[3]_srl3/CLK
Low Pulse Width   Fast    SRL16E/CLK   n/a            0.980         5.000       4.020      SLICE_X10Y90  lower_fsm/u_div_gen/U0/i_synth/i_nonzero_fract.i_synth/opt_high_radix.i_nonzero_fract.i_high_radix/i_flow_ctrl/nd_pipe_reg[7]_srl3/CLK
Low Pulse Width   Fast    SRLC32E/CLK  n/a            0.980         5.000       4.020      SLICE_X8Y94   lower_fsm/u_rotation_param/u_arctan/U0/i_synth/i_nd_to_rdy/opt_has_pipe.i_pipe[33].pipe_reg[33][0]_srl32/CLK
Low Pulse Width   Fast    SRLC32E/CLK  n/a            0.980         5.000       4.020      SLICE_X8Y94   lower_fsm/u_rotation_param/u_arctan/U0/i_synth/i_nd_to_rdy/opt_has_pipe.i_pipe[50].pipe_reg[50][0]_srl17/CLK
Low Pulse Width   Fast    SRLC32E/CLK  n/a            0.980         5.000       4.020      SLICE_X8Y94   lower_fsm/u_rotation_param/u_sincos/U0/i_synth/i_nd_to_rdy/opt_has_pipe.i_pipe[33].pipe_reg[33][0]_srl32/CLK
Low Pulse Width   Fast    SRLC32E/CLK  n/a            0.980         5.000       4.020      SLICE_X8Y94   lower_fsm/u_rotation_param/u_sincos/U0/i_synth/i_nd_to_rdy/opt_has_pipe.i_pipe[50].pipe_reg[50][0]_srl17/CLK
Low Pulse Width   Fast    SRLC32E/CLK  n/a            0.980         5.000       4.020      SLICE_X6Y94   lower_fsm/u_sqrt/U0/i_synth/i_nd_to_rdy/opt_has_pipe.i_pipe[24].pipe_reg[24][0]_srl23/CLK
Low Pulse Width   Slow    SRLC32E/CLK  n/a            0.980         5.000       4.020      SLICE_X10Y91  lower_fsm/u_div_gen/U0/i_synth/i_nd_to_rdy/opt_has_pipe.i_pipe[32].pipe_reg[32][0]_srl31/CLK
High Pulse Width  Slow    SRLC32E/CLK  n/a            0.980         5.000       4.020      SLICE_X10Y91  lower_fsm/u_div_gen/U0/i_synth/i_nd_to_rdy/opt_has_pipe.i_pipe[32].pipe_reg[32][0]_srl31/CLK
High Pulse Width  Fast    SRLC32E/CLK  n/a            0.980         5.000       4.020      SLICE_X10Y91  lower_fsm/u_div_gen/U0/i_synth/i_nd_to_rdy/opt_has_pipe.i_pipe[32].pipe_reg[32][0]_srl31/CLK
High Pulse Width  Slow    SRL16E/CLK   n/a            0.980         5.000       4.020      SLICE_X10Y90  lower_fsm/u_div_gen/U0/i_synth/i_nonzero_fract.i_synth/opt_high_radix.i_nonzero_fract.i_high_radix/i_flow_ctrl/nd_pipe_reg[11]_srl3/CLK
High Pulse Width  Fast    SRL16E/CLK   n/a            0.980         5.000       4.020      SLICE_X10Y90  lower_fsm/u_div_gen/U0/i_synth/i_nonzero_fract.i_synth/opt_high_radix.i_nonzero_fract.i_high_radix/i_flow_ctrl/nd_pipe_reg[11]_srl3/CLK
High Pulse Width  Slow    SRL16E/CLK   n/a            0.980         5.000       4.020      SLICE_X10Y90  lower_fsm/u_div_gen/U0/i_synth/i_nonzero_fract.i_synth/opt_high_radix.i_nonzero_fract.i_high_radix/i_flow_ctrl/nd_pipe_reg[3]_srl3/CLK
High Pulse Width  Fast    SRL16E/CLK   n/a            0.980         5.000       4.020      SLICE_X10Y90  lower_fsm/u_div_gen/U0/i_synth/i_nonzero_fract.i_synth/opt_high_radix.i_nonzero_fract.i_high_radix/i_flow_ctrl/nd_pipe_reg[3]_srl3/CLK
High Pulse Width  Slow    SRL16E/CLK   n/a            0.980         5.000       4.020      SLICE_X10Y90  lower_fsm/u_div_gen/U0/i_synth/i_nonzero_fract.i_synth/opt_high_radix.i_nonzero_fract.i_high_radix/i_flow_ctrl/nd_pipe_reg[7]_srl3/CLK
High Pulse Width  Fast    SRL16E/CLK   n/a            0.980         5.000       4.020      SLICE_X10Y90  lower_fsm/u_div_gen/U0/i_synth/i_nonzero_fract.i_synth/opt_high_radix.i_nonzero_fract.i_high_radix/i_flow_ctrl/nd_pipe_reg[7]_srl3/CLK
High Pulse Width  Slow    SRLC32E/CLK  n/a            0.980         5.000       4.020      SLICE_X8Y94   lower_fsm/u_rotation_param/u_arctan/U0/i_synth/i_nd_to_rdy/opt_has_pipe.i_pipe[33].pipe_reg[33][0]_srl32/CLK
High Pulse Width  Fast    SRLC32E/CLK  n/a            0.980         5.000       4.020      SLICE_X8Y94   lower_fsm/u_rotation_param/u_arctan/U0/i_synth/i_nd_to_rdy/opt_has_pipe.i_pipe[33].pipe_reg[33][0]_srl32/CLK



