
*** Running vivado
    with args -log project_mvp_top.vds -m64 -product Vivado -mode batch -messageDb vivado.pb -notrace -source project_mvp_top.tcl


****** Vivado v2018.3 (64-bit)
  **** SW Build 2405991 on Thu Dec  6 23:38:27 MST 2018
  **** IP Build 2404404 on Fri Dec  7 01:43:56 MST 2018
    ** Copyright 1986-2018 Xilinx, Inc. All Rights Reserved.

source project_mvp_top.tcl -notrace
Command: synth_design -top project_mvp_top -part xc7a100tcsg324-1
Starting synth_design
Attempting to get a license for feature 'Synthesis' and/or device 'xc7a100t'
INFO: [Common 17-349] Got license for feature 'Synthesis' and/or device 'xc7a100t'
INFO: Launching helper process for spawning children vivado processes
INFO: Helper process launched with PID 21820 
---------------------------------------------------------------------------------
Starting RTL Elaboration : Time (s): cpu = 00:00:02 ; elapsed = 00:00:01 . Memory (MB): peak = 496.398 ; gain = 103.180
---------------------------------------------------------------------------------
INFO: [Synth 8-6157] synthesizing module 'project_mvp_top' [C:/Users/13083/Documents/GitHub/ECE532_Project_MVP/Project/Project.srcs/sources_1/new/project_mvp_top.sv:23]
	Parameter W bound to: 32'sb00000000000000000000000000010001 
	Parameter FRAC bound to: 32'sb00000000000000000000000000001000 
	Parameter N bound to: 32'sb00000000000000000000000001000000 
	Parameter MEM_DEPTH bound to: 32'sb00000000000000000011000001000010 
	Parameter LED_BLINK_BIT bound to: 32'sb00000000000000000000000000011000 
INFO: [Synth 8-6157] synthesizing module 'blk_mem_gen_0' [C:/Users/13083/Documents/GitHub/ECE532_Project_MVP/Project/Project.runs/synth_1/.Xil/Vivado-34224-Re1nA/realtime/blk_mem_gen_0_stub.v:6]
INFO: [Synth 8-6155] done synthesizing module 'blk_mem_gen_0' (1#1) [C:/Users/13083/Documents/GitHub/ECE532_Project_MVP/Project/Project.runs/synth_1/.Xil/Vivado-34224-Re1nA/realtime/blk_mem_gen_0_stub.v:6]
INFO: [Synth 8-6157] synthesizing module 'reconstruction_compute_64_1dsp' [C:/Users/13083/Documents/GitHub/ECE532_Project_MVP/Project/Project.srcs/sources_1/new/reconstruction_compute_64_1dsp.sv:23]
	Parameter W bound to: 32'sb00000000000000000000000000010001 
	Parameter FRAC bound to: 32'sb00000000000000000000000000001000 
	Parameter N bound to: 32'sb00000000000000000000000001000000 
	Parameter MEM_DEPTH bound to: 32'sb00000000000000000011000001000010 
	Parameter LED_BLINK_BIT bound to: 32'sb00000000000000000000000000011000 
	Parameter IDX_SCALE bound to: 32'sb00000000000000000000000000000000 
	Parameter IDX_K bound to: 32'sb00000000000000000000000000000001 
	Parameter IDX_U bound to: 32'sb00000000000000000000000000000010 
	Parameter IDX_S bound to: 32'sb00000000000000000001000000000010 
	Parameter IDX_VT bound to: 32'sb00000000000000000001000001000010 
	Parameter IDX_A bound to: 32'sb00000000000000000010000001000010 
	Parameter ST_RD_SCALE_ADDR bound to: 32'sb00000000000000000000000000000000 
	Parameter ST_RD_SCALE_WAIT bound to: 32'sb00000000000000000000000000000001 
	Parameter ST_RD_SCALE_CAP bound to: 32'sb00000000000000000000000000000010 
	Parameter ST_RD_K_ADDR bound to: 32'sb00000000000000000000000000000011 
	Parameter ST_RD_K_WAIT bound to: 32'sb00000000000000000000000000000100 
	Parameter ST_RD_K_CAP bound to: 32'sb00000000000000000000000000000101 
	Parameter ST_CHK_CAP_START bound to: 32'sb00000000000000000000000000000110 
	Parameter ST_CHK_CAP_WAIT bound to: 32'sb00000000000000000000000000000111 
	Parameter ST_CHECK_T bound to: 32'sb00000000000000000000000000001000 
	Parameter ST_RD_S_ADDR bound to: 32'sb00000000000000000000000000001001 
	Parameter ST_RD_S_WAIT bound to: 32'sb00000000000000000000000000001010 
	Parameter ST_RD_S_CAP bound to: 32'sb00000000000000000000000000001011 
	Parameter ST_RD_U_ADDR bound to: 32'sb00000000000000000000000000001100 
	Parameter ST_RD_U_WAIT bound to: 32'sb00000000000000000000000000001101 
	Parameter ST_RD_U_CAP bound to: 32'sb00000000000000000000000000001110 
	Parameter ST_RD_V_ADDR bound to: 32'sb00000000000000000000000000001111 
	Parameter ST_RD_V_WAIT bound to: 32'sb00000000000000000000000000010000 
	Parameter ST_RD_V_CAP bound to: 32'sb00000000000000000000000000010001 
	Parameter ST_MUL_SCALE bound to: 32'sb00000000000000000000000000010010 
	Parameter ST_MUL_SV bound to: 32'sb00000000000000000000000000010011 
	Parameter ST_MUL_TERM bound to: 32'sb00000000000000000000000000010100 
	Parameter ST_WRITE_A bound to: 32'sb00000000000000000000000000010101 
	Parameter ST_CHK_VFY_START bound to: 32'sb00000000000000000000000000010110 
	Parameter ST_CHK_VFY_WAIT bound to: 32'sb00000000000000000000000000010111 
	Parameter ST_CHK_VFY_DECIDE bound to: 32'sb00000000000000000000000000011000 
	Parameter ST_PASS bound to: 32'sb00000000000000000000000000011001 
	Parameter ST_FAIL bound to: 32'sb00000000000000000000000000011010 
INFO: [Synth 8-6157] synthesizing module 'svd_bram_firstcol_checker' [C:/Users/13083/Documents/GitHub/ECE532_Project_MVP/Project/Project.srcs/sources_1/new/svd_bram_firstcol_checker.sv:23]
	Parameter W bound to: 32'sb00000000000000000000000000010001 
	Parameter N bound to: 32'sb00000000000000000000000001000000 
	Parameter IDX_A bound to: 32'sb00000000000000000010000001000010 
	Parameter ST_IDLE bound to: 32'sb00000000000000000000000000000000 
	Parameter ST_CAP_ADDR bound to: 32'sb00000000000000000000000000000001 
	Parameter ST_CAP_WAIT bound to: 32'sb00000000000000000000000000000010 
	Parameter ST_CAP_STORE bound to: 32'sb00000000000000000000000000000011 
	Parameter ST_VFY_ADDR bound to: 32'sb00000000000000000000000000000100 
	Parameter ST_VFY_WAIT bound to: 32'sb00000000000000000000000000000101 
	Parameter ST_VFY_CMP bound to: 32'sb00000000000000000000000000000110 
WARNING: [Synth 8-589] replacing case/wildcard equality operator !== with logical equality operator != [C:/Users/13083/Documents/GitHub/ECE532_Project_MVP/Project/Project.srcs/sources_1/new/svd_bram_firstcol_checker.sv:114]
INFO: [Synth 8-6155] done synthesizing module 'svd_bram_firstcol_checker' (2#1) [C:/Users/13083/Documents/GitHub/ECE532_Project_MVP/Project/Project.srcs/sources_1/new/svd_bram_firstcol_checker.sv:23]
WARNING: [Synth 8-6014] Unused sequential element ready_reg was removed.  [C:/Users/13083/Documents/GitHub/ECE532_Project_MVP/Project/Project.srcs/sources_1/new/reconstruction_compute_64_1dsp.sv:181]
WARNING: [Synth 8-6014] Unused sequential element done_reg was removed.  [C:/Users/13083/Documents/GitHub/ECE532_Project_MVP/Project/Project.srcs/sources_1/new/reconstruction_compute_64_1dsp.sv:182]
INFO: [Synth 8-6155] done synthesizing module 'reconstruction_compute_64_1dsp' (3#1) [C:/Users/13083/Documents/GitHub/ECE532_Project_MVP/Project/Project.srcs/sources_1/new/reconstruction_compute_64_1dsp.sv:23]
INFO: [Synth 8-6157] synthesizing module 'reconstruction_buf' [C:/Users/13083/Documents/GitHub/ECE532_Project_MVP/Project/Project.srcs/sources_1/new/reconstruction_buf.sv:23]
	Parameter W bound to: 32'sb00000000000000000000000000010001 
	Parameter SRC_W bound to: 32'sb00000000000000000000000001000000 
	Parameter DST_W bound to: 32'sb00000000000000000000001010000000 
	Parameter A_BASE bound to: 32'sb00000000000000000010000001000010 
INFO: [Synth 8-6155] done synthesizing module 'reconstruction_buf' (4#1) [C:/Users/13083/Documents/GitHub/ECE532_Project_MVP/Project/Project.srcs/sources_1/new/reconstruction_buf.sv:23]
INFO: [Synth 8-6157] synthesizing module 'clk_wiz_0' [C:/Users/13083/Documents/GitHub/ECE532_Project_MVP/Project/Project.runs/synth_1/.Xil/Vivado-34224-Re1nA/realtime/clk_wiz_0_stub.v:5]
INFO: [Synth 8-6155] done synthesizing module 'clk_wiz_0' (5#1) [C:/Users/13083/Documents/GitHub/ECE532_Project_MVP/Project/Project.runs/synth_1/.Xil/Vivado-34224-Re1nA/realtime/clk_wiz_0_stub.v:5]
INFO: [Synth 8-6157] synthesizing module 'blk_mem_gen_1' [C:/Users/13083/Documents/GitHub/ECE532_Project_MVP/Project/Project.runs/synth_1/.Xil/Vivado-34224-Re1nA/realtime/blk_mem_gen_1_stub.v:6]
INFO: [Synth 8-6155] done synthesizing module 'blk_mem_gen_1' (6#1) [C:/Users/13083/Documents/GitHub/ECE532_Project_MVP/Project/Project.runs/synth_1/.Xil/Vivado-34224-Re1nA/realtime/blk_mem_gen_1_stub.v:6]
INFO: [Synth 8-6157] synthesizing module 'vga_buf' [C:/Users/13083/Documents/GitHub/ECE532_Project_MVP/Project/Project.srcs/sources_1/new/vga_buf.v:23]
INFO: [Synth 8-6157] synthesizing module 'vga_output' [C:/Users/13083/Documents/GitHub/ECE532_Project_MVP/Project/Project.srcs/sources_1/new/vga_output.v:23]
	Parameter H_SYNC bound to: 95 - type: integer 
	Parameter V_SYNC bound to: 1 - type: integer 
	Parameter H_VISIBLE_LEFT bound to: 143 - type: integer 
	Parameter H_VISIBLE_RIGHT bound to: 783 - type: integer 
	Parameter V_VISIBLE_TOP bound to: 34 - type: integer 
	Parameter V_VISIBLE_BOTTOM bound to: 514 - type: integer 
	Parameter H_TOTAL bound to: 799 - type: integer 
	Parameter V_TOTAL bound to: 524 - type: integer 
INFO: [Synth 8-6155] done synthesizing module 'vga_output' (7#1) [C:/Users/13083/Documents/GitHub/ECE532_Project_MVP/Project/Project.srcs/sources_1/new/vga_output.v:23]
INFO: [Synth 8-6155] done synthesizing module 'vga_buf' (8#1) [C:/Users/13083/Documents/GitHub/ECE532_Project_MVP/Project/Project.srcs/sources_1/new/vga_buf.v:23]
INFO: [Synth 8-6155] done synthesizing module 'project_mvp_top' (9#1) [C:/Users/13083/Documents/GitHub/ECE532_Project_MVP/Project/Project.srcs/sources_1/new/project_mvp_top.sv:23]
---------------------------------------------------------------------------------
Finished RTL Elaboration : Time (s): cpu = 00:00:02 ; elapsed = 00:00:02 . Memory (MB): peak = 552.371 ; gain = 159.152
---------------------------------------------------------------------------------

Report Check Netlist: 
+------+------------------+-------+---------+-------+------------------+
|      |Item              |Errors |Warnings |Status |Description       |
+------+------------------+-------+---------+-------+------------------+
|1     |multi_driven_nets |      0|        0|Passed |Multi driven nets |
+------+------------------+-------+---------+-------+------------------+
---------------------------------------------------------------------------------
Start Handling Custom Attributes
---------------------------------------------------------------------------------
---------------------------------------------------------------------------------
Finished Handling Custom Attributes : Time (s): cpu = 00:00:02 ; elapsed = 00:00:02 . Memory (MB): peak = 552.371 ; gain = 159.152
---------------------------------------------------------------------------------
---------------------------------------------------------------------------------
Finished RTL Optimization Phase 1 : Time (s): cpu = 00:00:02 ; elapsed = 00:00:02 . Memory (MB): peak = 552.371 ; gain = 159.152
---------------------------------------------------------------------------------
INFO: [Device 21-403] Loading part xc7a100tcsg324-1
INFO: [Project 1-570] Preparing netlist for logic optimization

Processing XDC Constraints
Initializing timing engine
Parsing XDC File [c:/Users/13083/Documents/GitHub/ECE532_Project_MVP/Project/Project.srcs/sources_1/ip/blk_mem_gen_0/blk_mem_gen_0/blk_mem_gen_0_in_context.xdc] for cell 'input_bram'
Finished Parsing XDC File [c:/Users/13083/Documents/GitHub/ECE532_Project_MVP/Project/Project.srcs/sources_1/ip/blk_mem_gen_0/blk_mem_gen_0/blk_mem_gen_0_in_context.xdc] for cell 'input_bram'
Parsing XDC File [c:/Users/13083/Documents/GitHub/ECE532_Project_MVP/Project/Project.srcs/sources_1/ip/blk_mem_gen_1/blk_mem_gen_1/blk_mem_gen_1_in_context.xdc] for cell 'output_bram'
Finished Parsing XDC File [c:/Users/13083/Documents/GitHub/ECE532_Project_MVP/Project/Project.srcs/sources_1/ip/blk_mem_gen_1/blk_mem_gen_1/blk_mem_gen_1_in_context.xdc] for cell 'output_bram'
Parsing XDC File [c:/Users/13083/Documents/GitHub/ECE532_Project_MVP/Project/Project.srcs/sources_1/ip/clk_wiz_0/clk_wiz_0/clk_wiz_0_in_context.xdc] for cell 'vga_clk'
Finished Parsing XDC File [c:/Users/13083/Documents/GitHub/ECE532_Project_MVP/Project/Project.srcs/sources_1/ip/clk_wiz_0/clk_wiz_0/clk_wiz_0_in_context.xdc] for cell 'vga_clk'
Parsing XDC File [C:/Users/13083/Documents/GitHub/ECE532_Project_MVP/Project/Project.srcs/constrs_1/new/project_mvp_constraints.xdc]
CRITICAL WARNING: [Constraints 18-1056] Clock 'sys_clk_pin' completely overrides clock 'clk'.
New: create_clock -period 10.000 -name sys_clk_pin -waveform {0.000 5.000} [get_ports clk], [C:/Users/13083/Documents/GitHub/ECE532_Project_MVP/Project/Project.srcs/constrs_1/new/project_mvp_constraints.xdc:9]
Previous: create_clock -period 10.000 [get_ports clk], [c:/Users/13083/Documents/GitHub/ECE532_Project_MVP/Project/Project.srcs/sources_1/ip/clk_wiz_0/clk_wiz_0/clk_wiz_0_in_context.xdc:1]
Resolution: Review the constraint files and remove the redundant clock definition(s). If the clock constraints are not saved in a file, you can first save the constraints to an XDC file and reload the design once the constraints have been corrected.
Finished Parsing XDC File [C:/Users/13083/Documents/GitHub/ECE532_Project_MVP/Project/Project.srcs/constrs_1/new/project_mvp_constraints.xdc]
INFO: [Project 1-236] Implementation specific constraints were found while reading constraint file [C:/Users/13083/Documents/GitHub/ECE532_Project_MVP/Project/Project.srcs/constrs_1/new/project_mvp_constraints.xdc]. These constraints will be ignored for synthesis but will be used in implementation. Impacted constraints are listed in the file [.Xil/project_mvp_top_propImpl.xdc].
Resolution: To avoid this warning, move constraints listed in [.Xil/project_mvp_top_propImpl.xdc] to another XDC file and exclude this new file from synthesis with the used_in_synthesis property (File Properties dialog in GUI) and re-run elaboration/synthesis.
Netlist sorting complete. Time (s): cpu = 00:00:00 ; elapsed = 00:00:00 . Memory (MB): peak = 918.203 ; gain = 0.000
Completed Processing XDC Constraints

Netlist sorting complete. Time (s): cpu = 00:00:00 ; elapsed = 00:00:00 . Memory (MB): peak = 918.203 ; gain = 0.000
INFO: [Project 1-111] Unisim Transformation Summary:
No Unisim elements were transformed.

Netlist sorting complete. Time (s): cpu = 00:00:00 ; elapsed = 00:00:00 . Memory (MB): peak = 918.203 ; gain = 0.000
Constraint Validation Runtime : Time (s): cpu = 00:00:00 ; elapsed = 00:00:00.003 . Memory (MB): peak = 918.203 ; gain = 0.000
WARNING: [Timing 38-316] Clock period '20.000' specified during out-of-context synthesis of instance 'input_bram' at clock pin 'clka' is different from the actual clock period '10.000', this can lead to different synthesis results.
WARNING: [Timing 38-316] Clock period '20.000' specified during out-of-context synthesis of instance 'output_bram' at clock pin 'clka' is different from the actual clock period '10.000', this can lead to different synthesis results.
---------------------------------------------------------------------------------
Finished Constraint Validation : Time (s): cpu = 00:00:07 ; elapsed = 00:00:24 . Memory (MB): peak = 918.203 ; gain = 524.984
---------------------------------------------------------------------------------
---------------------------------------------------------------------------------
Start Loading Part and Timing Information
---------------------------------------------------------------------------------
Loading part: xc7a100tcsg324-1
---------------------------------------------------------------------------------
Finished Loading Part and Timing Information : Time (s): cpu = 00:00:07 ; elapsed = 00:00:24 . Memory (MB): peak = 918.203 ; gain = 524.984
---------------------------------------------------------------------------------
---------------------------------------------------------------------------------
Start Applying 'set_property' XDC Constraints
---------------------------------------------------------------------------------
Applied set_property IO_BUFFER_TYPE = NONE for clk. (constraint file  c:/Users/13083/Documents/GitHub/ECE532_Project_MVP/Project/Project.srcs/sources_1/ip/clk_wiz_0/clk_wiz_0/clk_wiz_0_in_context.xdc, line 3).
Applied set_property CLOCK_BUFFER_TYPE = NONE for clk. (constraint file  c:/Users/13083/Documents/GitHub/ECE532_Project_MVP/Project/Project.srcs/sources_1/ip/clk_wiz_0/clk_wiz_0/clk_wiz_0_in_context.xdc, line 4).
Applied set_property DONT_TOUCH = true for input_bram. (constraint file  auto generated constraint, line ).
Applied set_property DONT_TOUCH = true for output_bram. (constraint file  auto generated constraint, line ).
Applied set_property DONT_TOUCH = true for vga_clk. (constraint file  auto generated constraint, line ).
---------------------------------------------------------------------------------
Finished applying 'set_property' XDC Constraints : Time (s): cpu = 00:00:07 ; elapsed = 00:00:24 . Memory (MB): peak = 918.203 ; gain = 524.984
---------------------------------------------------------------------------------
INFO: [Synth 8-5545] ROM "exp_A0_reg[0]" won't be mapped to RAM because address size (32) is larger than maximum supported(25)
INFO: [Synth 8-5545] ROM "exp_A0_reg[1]" won't be mapped to RAM because address size (32) is larger than maximum supported(25)
INFO: [Synth 8-5545] ROM "exp_A0_reg[2]" won't be mapped to RAM because address size (32) is larger than maximum supported(25)
INFO: [Synth 8-5545] ROM "exp_A0_reg[3]" won't be mapped to RAM because address size (32) is larger than maximum supported(25)
INFO: [Synth 8-5545] ROM "exp_A0_reg[4]" won't be mapped to RAM because address size (32) is larger than maximum supported(25)
INFO: [Synth 8-5545] ROM "exp_A0_reg[5]" won't be mapped to RAM because address size (32) is larger than maximum supported(25)
INFO: [Synth 8-5545] ROM "exp_A0_reg[6]" won't be mapped to RAM because address size (32) is larger than maximum supported(25)
INFO: [Synth 8-5545] ROM "exp_A0_reg[7]" won't be mapped to RAM because address size (32) is larger than maximum supported(25)
INFO: [Synth 8-5545] ROM "exp_A0_reg[8]" won't be mapped to RAM because address size (32) is larger than maximum supported(25)
INFO: [Synth 8-5545] ROM "exp_A0_reg[9]" won't be mapped to RAM because address size (32) is larger than maximum supported(25)
INFO: [Synth 8-5545] ROM "exp_A0_reg[10]" won't be mapped to RAM because address size (32) is larger than maximum supported(25)
INFO: [Synth 8-5545] ROM "exp_A0_reg[11]" won't be mapped to RAM because address size (32) is larger than maximum supported(25)
INFO: [Synth 8-5545] ROM "exp_A0_reg[12]" won't be mapped to RAM because address size (32) is larger than maximum supported(25)
INFO: [Synth 8-5545] ROM "exp_A0_reg[13]" won't be mapped to RAM because address size (32) is larger than maximum supported(25)
INFO: [Synth 8-5545] ROM "exp_A0_reg[14]" won't be mapped to RAM because address size (32) is larger than maximum supported(25)
INFO: [Synth 8-5545] ROM "exp_A0_reg[15]" won't be mapped to RAM because address size (32) is larger than maximum supported(25)
INFO: [Synth 8-5545] ROM "exp_A0_reg[16]" won't be mapped to RAM because address size (32) is larger than maximum supported(25)
INFO: [Synth 8-5545] ROM "exp_A0_reg[17]" won't be mapped to RAM because address size (32) is larger than maximum supported(25)
INFO: [Synth 8-5545] ROM "exp_A0_reg[18]" won't be mapped to RAM because address size (32) is larger than maximum supported(25)
INFO: [Synth 8-5545] ROM "exp_A0_reg[19]" won't be mapped to RAM because address size (32) is larger than maximum supported(25)
INFO: [Synth 8-5545] ROM "exp_A0_reg[20]" won't be mapped to RAM because address size (32) is larger than maximum supported(25)
INFO: [Synth 8-5545] ROM "exp_A0_reg[21]" won't be mapped to RAM because address size (32) is larger than maximum supported(25)
INFO: [Synth 8-5545] ROM "exp_A0_reg[22]" won't be mapped to RAM because address size (32) is larger than maximum supported(25)
INFO: [Synth 8-5545] ROM "exp_A0_reg[23]" won't be mapped to RAM because address size (32) is larger than maximum supported(25)
INFO: [Synth 8-5545] ROM "exp_A0_reg[24]" won't be mapped to RAM because address size (32) is larger than maximum supported(25)
INFO: [Synth 8-5545] ROM "exp_A0_reg[25]" won't be mapped to RAM because address size (32) is larger than maximum supported(25)
INFO: [Synth 8-5545] ROM "exp_A0_reg[26]" won't be mapped to RAM because address size (32) is larger than maximum supported(25)
INFO: [Synth 8-5545] ROM "exp_A0_reg[27]" won't be mapped to RAM because address size (32) is larger than maximum supported(25)
INFO: [Synth 8-5545] ROM "exp_A0_reg[28]" won't be mapped to RAM because address size (32) is larger than maximum supported(25)
INFO: [Synth 8-5545] ROM "exp_A0_reg[29]" won't be mapped to RAM because address size (32) is larger than maximum supported(25)
INFO: [Synth 8-5545] ROM "exp_A0_reg[30]" won't be mapped to RAM because address size (32) is larger than maximum supported(25)
INFO: [Synth 8-5545] ROM "exp_A0_reg[31]" won't be mapped to RAM because address size (32) is larger than maximum supported(25)
INFO: [Synth 8-5545] ROM "exp_A0_reg[32]" won't be mapped to RAM because address size (32) is larger than maximum supported(25)
INFO: [Synth 8-5545] ROM "exp_A0_reg[33]" won't be mapped to RAM because address size (32) is larger than maximum supported(25)
INFO: [Synth 8-5545] ROM "exp_A0_reg[34]" won't be mapped to RAM because address size (32) is larger than maximum supported(25)
INFO: [Synth 8-5545] ROM "exp_A0_reg[35]" won't be mapped to RAM because address size (32) is larger than maximum supported(25)
INFO: [Synth 8-5545] ROM "exp_A0_reg[36]" won't be mapped to RAM because address size (32) is larger than maximum supported(25)
INFO: [Synth 8-5545] ROM "exp_A0_reg[37]" won't be mapped to RAM because address size (32) is larger than maximum supported(25)
INFO: [Synth 8-5545] ROM "exp_A0_reg[38]" won't be mapped to RAM because address size (32) is larger than maximum supported(25)
INFO: [Synth 8-5545] ROM "exp_A0_reg[39]" won't be mapped to RAM because address size (32) is larger than maximum supported(25)
INFO: [Synth 8-5545] ROM "exp_A0_reg[40]" won't be mapped to RAM because address size (32) is larger than maximum supported(25)
INFO: [Synth 8-5545] ROM "exp_A0_reg[41]" won't be mapped to RAM because address size (32) is larger than maximum supported(25)
INFO: [Synth 8-5545] ROM "exp_A0_reg[42]" won't be mapped to RAM because address size (32) is larger than maximum supported(25)
INFO: [Synth 8-5545] ROM "exp_A0_reg[43]" won't be mapped to RAM because address size (32) is larger than maximum supported(25)
INFO: [Synth 8-5545] ROM "exp_A0_reg[44]" won't be mapped to RAM because address size (32) is larger than maximum supported(25)
INFO: [Synth 8-5545] ROM "exp_A0_reg[45]" won't be mapped to RAM because address size (32) is larger than maximum supported(25)
INFO: [Synth 8-5545] ROM "exp_A0_reg[46]" won't be mapped to RAM because address size (32) is larger than maximum supported(25)
INFO: [Synth 8-5545] ROM "exp_A0_reg[47]" won't be mapped to RAM because address size (32) is larger than maximum supported(25)
INFO: [Synth 8-5545] ROM "exp_A0_reg[48]" won't be mapped to RAM because address size (32) is larger than maximum supported(25)
INFO: [Synth 8-5545] ROM "exp_A0_reg[49]" won't be mapped to RAM because address size (32) is larger than maximum supported(25)
INFO: [Synth 8-5545] ROM "exp_A0_reg[50]" won't be mapped to RAM because address size (32) is larger than maximum supported(25)
INFO: [Synth 8-5545] ROM "exp_A0_reg[51]" won't be mapped to RAM because address size (32) is larger than maximum supported(25)
INFO: [Synth 8-5545] ROM "exp_A0_reg[52]" won't be mapped to RAM because address size (32) is larger than maximum supported(25)
INFO: [Synth 8-5545] ROM "exp_A0_reg[53]" won't be mapped to RAM because address size (32) is larger than maximum supported(25)
INFO: [Synth 8-5545] ROM "exp_A0_reg[54]" won't be mapped to RAM because address size (32) is larger than maximum supported(25)
INFO: [Synth 8-5545] ROM "exp_A0_reg[55]" won't be mapped to RAM because address size (32) is larger than maximum supported(25)
INFO: [Synth 8-5545] ROM "exp_A0_reg[56]" won't be mapped to RAM because address size (32) is larger than maximum supported(25)
INFO: [Synth 8-5545] ROM "exp_A0_reg[57]" won't be mapped to RAM because address size (32) is larger than maximum supported(25)
INFO: [Synth 8-5545] ROM "exp_A0_reg[58]" won't be mapped to RAM because address size (32) is larger than maximum supported(25)
INFO: [Synth 8-5545] ROM "exp_A0_reg[59]" won't be mapped to RAM because address size (32) is larger than maximum supported(25)
INFO: [Synth 8-5545] ROM "exp_A0_reg[60]" won't be mapped to RAM because address size (32) is larger than maximum supported(25)
INFO: [Synth 8-5545] ROM "exp_A0_reg[61]" won't be mapped to RAM because address size (32) is larger than maximum supported(25)
INFO: [Synth 8-5545] ROM "exp_A0_reg[62]" won't be mapped to RAM because address size (32) is larger than maximum supported(25)
INFO: [Synth 8-5545] ROM "exp_A0_reg[63]" won't be mapped to RAM because address size (32) is larger than maximum supported(25)
INFO: [Synth 8-5545] ROM "state" won't be mapped to RAM because address size (32) is larger than maximum supported(25)
INFO: [Synth 8-5545] ROM "busy" won't be mapped to RAM because address size (32) is larger than maximum supported(25)
INFO: [Synth 8-5545] ROM "idx" won't be mapped to RAM because address size (32) is larger than maximum supported(25)
INFO: [Synth 8-5545] ROM "state" won't be mapped to RAM because address size (32) is larger than maximum supported(25)
INFO: [Synth 8-5546] ROM "led_pass" won't be mapped to RAM because it is too sparse
INFO: [Synth 8-5545] ROM "i" won't be mapped to RAM because address size (32) is larger than maximum supported(25)
INFO: [Synth 8-5545] ROM "j" won't be mapped to RAM because address size (32) is larger than maximum supported(25)
INFO: [Synth 8-5545] ROM "t" won't be mapped to RAM because address size (32) is larger than maximum supported(25)
INFO: [Synth 8-5546] ROM "v_count" won't be mapped to RAM because it is too sparse
---------------------------------------------------------------------------------
Finished RTL Optimization Phase 2 : Time (s): cpu = 00:00:07 ; elapsed = 00:00:25 . Memory (MB): peak = 918.203 ; gain = 524.984
---------------------------------------------------------------------------------

Report RTL Partitions: 
+-+--------------+------------+----------+
| |RTL Partition |Replication |Instances |
+-+--------------+------------+----------+
+-+--------------+------------+----------+
---------------------------------------------------------------------------------
Start RTL Component Statistics 
---------------------------------------------------------------------------------
Detailed RTL Component Info : 
+---Adders : 
	   2 Input     37 Bit       Adders := 1     
	   2 Input     32 Bit       Adders := 4     
	   2 Input     14 Bit       Adders := 1     
	   3 Input     14 Bit       Adders := 2     
	   2 Input     12 Bit       Adders := 1     
	   2 Input     10 Bit       Adders := 4     
+---Registers : 
	               37 Bit    Registers := 1     
	               32 Bit    Registers := 8     
	               17 Bit    Registers := 71    
	               14 Bit    Registers := 2     
	               12 Bit    Registers := 1     
	               10 Bit    Registers := 4     
	                7 Bit    Registers := 1     
	                5 Bit    Registers := 1     
	                3 Bit    Registers := 1     
	                1 Bit    Registers := 13    
+---Muxes : 
	  27 Input     37 Bit        Muxes := 1     
	   8 Input     32 Bit        Muxes := 1     
	   2 Input     32 Bit        Muxes := 1     
	  27 Input     32 Bit        Muxes := 3     
	   2 Input     17 Bit        Muxes := 2     
	   4 Input     17 Bit        Muxes := 2     
	   2 Input     16 Bit        Muxes := 1     
	   2 Input     14 Bit        Muxes := 1     
	   2 Input     12 Bit        Muxes := 1     
	   2 Input      5 Bit        Muxes := 3     
	   2 Input      4 Bit        Muxes := 3     
	   2 Input      3 Bit        Muxes := 1     
	   9 Input      3 Bit        Muxes := 1     
	   2 Input      1 Bit        Muxes := 19    
	   8 Input      1 Bit        Muxes := 9     
	   9 Input      1 Bit        Muxes := 64    
	  27 Input      1 Bit        Muxes := 17    
---------------------------------------------------------------------------------
Finished RTL Component Statistics 
---------------------------------------------------------------------------------
---------------------------------------------------------------------------------
Start RTL Hierarchical Component Statistics 
---------------------------------------------------------------------------------
Hierarchical RTL Component report 
Module svd_bram_firstcol_checker 
Detailed RTL Component Info : 
+---Adders : 
	   2 Input     32 Bit       Adders := 1     
+---Registers : 
	               32 Bit    Registers := 2     
	               17 Bit    Registers := 64    
	                3 Bit    Registers := 1     
	                1 Bit    Registers := 4     
+---Muxes : 
	   8 Input     32 Bit        Muxes := 1     
	   2 Input      3 Bit        Muxes := 1     
	   9 Input      3 Bit        Muxes := 1     
	   2 Input      1 Bit        Muxes := 4     
	   8 Input      1 Bit        Muxes := 9     
	   9 Input      1 Bit        Muxes := 64    
Module reconstruction_compute_64_1dsp 
Detailed RTL Component Info : 
+---Adders : 
	   2 Input     37 Bit       Adders := 1     
	   2 Input     32 Bit       Adders := 3     
	   2 Input     14 Bit       Adders := 1     
	   3 Input     14 Bit       Adders := 2     
+---Registers : 
	               37 Bit    Registers := 1     
	               32 Bit    Registers := 6     
	               17 Bit    Registers := 7     
	               14 Bit    Registers := 2     
	                7 Bit    Registers := 1     
	                5 Bit    Registers := 1     
	                1 Bit    Registers := 4     
+---Muxes : 
	  27 Input     37 Bit        Muxes := 1     
	   2 Input     32 Bit        Muxes := 1     
	  27 Input     32 Bit        Muxes := 3     
	   2 Input     17 Bit        Muxes := 2     
	   4 Input     17 Bit        Muxes := 2     
	   2 Input     14 Bit        Muxes := 1     
	   2 Input      5 Bit        Muxes := 3     
	  27 Input      1 Bit        Muxes := 17    
	   2 Input      1 Bit        Muxes := 5     
Module reconstruction_buf 
Detailed RTL Component Info : 
+---Adders : 
	   2 Input     12 Bit       Adders := 1     
+---Muxes : 
	   2 Input     16 Bit        Muxes := 1     
	   2 Input      4 Bit        Muxes := 3     
Module vga_output 
Detailed RTL Component Info : 
+---Adders : 
	   2 Input     10 Bit       Adders := 4     
+---Registers : 
	               10 Bit    Registers := 4     
	                1 Bit    Registers := 4     
+---Muxes : 
	   2 Input     12 Bit        Muxes := 1     
	   2 Input      1 Bit        Muxes := 9     
Module vga_buf 
Detailed RTL Component Info : 
+---Registers : 
	               12 Bit    Registers := 1     
	                1 Bit    Registers := 1     
+---Muxes : 
	   2 Input      1 Bit        Muxes := 1     
---------------------------------------------------------------------------------
Finished RTL Hierarchical Component Statistics
---------------------------------------------------------------------------------
---------------------------------------------------------------------------------
Start Part Resource Summary
---------------------------------------------------------------------------------
Part Resources:
DSPs: 240 (col length:80)
BRAMs: 270 (col length: RAMB18 80 RAMB36 40)
---------------------------------------------------------------------------------
Finished Part Resource Summary
---------------------------------------------------------------------------------
---------------------------------------------------------------------------------
Start Cross Boundary and Area Optimization
---------------------------------------------------------------------------------
Warning: Parallel synthesis criteria is not met 
INFO: [Synth 8-4471] merging register 'idx_reg[31:0]' into 'idx_reg[31:0]' [C:/Users/13083/Documents/GitHub/ECE532_Project_MVP/Project/Project.srcs/sources_1/new/svd_bram_firstcol_checker.sv:60]
INFO: [Synth 8-5545] ROM "idx" won't be mapped to RAM because address size (32) is larger than maximum supported(25)
INFO: [Synth 8-5545] ROM "busy" won't be mapped to RAM because address size (32) is larger than maximum supported(25)
INFO: [Synth 8-4471] merging register 'i_reg[31:0]' into 'i_reg[31:0]' [C:/Users/13083/Documents/GitHub/ECE532_Project_MVP/Project/Project.srcs/sources_1/new/reconstruction_compute_64_1dsp.sv:188]
INFO: [Synth 8-4471] merging register 't_reg[31:0]' into 't_reg[31:0]' [C:/Users/13083/Documents/GitHub/ECE532_Project_MVP/Project/Project.srcs/sources_1/new/reconstruction_compute_64_1dsp.sv:190]
INFO: [Synth 8-4471] merging register 'j_reg[31:0]' into 'j_reg[31:0]' [C:/Users/13083/Documents/GitHub/ECE532_Project_MVP/Project/Project.srcs/sources_1/new/reconstruction_compute_64_1dsp.sv:189]
INFO: [Synth 8-5545] ROM "t" won't be mapped to RAM because address size (32) is larger than maximum supported(25)
INFO: [Synth 8-5545] ROM "j" won't be mapped to RAM because address size (32) is larger than maximum supported(25)
INFO: [Synth 8-5545] ROM "i" won't be mapped to RAM because address size (32) is larger than maximum supported(25)
INFO: [Synth 8-5545] ROM "state" won't be mapped to RAM because address size (32) is larger than maximum supported(25)
DSP Report: Generating DSP fx_mul_return0, operation Mode is: A*B.
DSP Report: operator fx_mul_return0 is absorbed into DSP fx_mul_return0.
INFO: [Synth 8-5546] ROM "vga_buf_1/vga_output_1/v_count" won't be mapped to RAM because it is too sparse
DSP Report: Generating DSP ir_buf/out_bram_addr_in0, operation Mode is: C+(A:0x280)*B.
DSP Report: operator ir_buf/out_bram_addr_in0 is absorbed into DSP ir_buf/out_bram_addr_in0.
DSP Report: operator ir_buf/out_bram_addr_in1 is absorbed into DSP ir_buf/out_bram_addr_in0.
DSP Report: Generating DSP vga_buf_1/bram_addrb, operation Mode is: C'+A2*(B:0x280).
DSP Report: register vga_buf_1/vga_output_1/v_valid_count_reg is absorbed into DSP vga_buf_1/bram_addrb.
DSP Report: register vga_buf_1/vga_output_1/h_valid_count_reg is absorbed into DSP vga_buf_1/bram_addrb.
DSP Report: operator vga_buf_1/bram_addrb is absorbed into DSP vga_buf_1/bram_addrb.
DSP Report: operator vga_buf_1/bram_addrb0 is absorbed into DSP vga_buf_1/bram_addrb.
INFO: [Synth 8-3886] merging instance 'u_compute/u_checker/rd_addr_reg[0]' (FDRE) to 'u_compute/u_checker/rd_addr_reg[2]'
INFO: [Synth 8-3886] merging instance 'u_compute/u_checker/rd_addr_reg[2]' (FDRE) to 'u_compute/u_checker/rd_addr_reg[3]'
INFO: [Synth 8-3886] merging instance 'u_compute/u_checker/rd_addr_reg[3]' (FDRE) to 'u_compute/u_checker/rd_addr_reg[4]'
INFO: [Synth 8-3886] merging instance 'u_compute/u_checker/rd_addr_reg[4]' (FDRE) to 'u_compute/u_checker/rd_addr_reg[5]'
INFO: [Synth 8-3333] propagating constant 0 across sequential element (\u_compute/u_checker/rd_addr_reg[5] )
INFO: [Synth 8-3886] merging instance 'u_compute/bram_din_reg[0]' (FDRE) to 'u_compute/bram_din_reg[1]'
INFO: [Synth 8-3886] merging instance 'u_compute/bram_din_reg[1]' (FDRE) to 'u_compute/bram_din_reg[2]'
INFO: [Synth 8-3886] merging instance 'u_compute/bram_din_reg[2]' (FDRE) to 'u_compute/bram_din_reg[3]'
INFO: [Synth 8-3886] merging instance 'u_compute/bram_din_reg[3]' (FDRE) to 'u_compute/bram_din_reg[4]'
INFO: [Synth 8-3886] merging instance 'u_compute/bram_din_reg[4]' (FDRE) to 'u_compute/bram_din_reg[5]'
INFO: [Synth 8-3886] merging instance 'u_compute/bram_din_reg[5]' (FDRE) to 'u_compute/bram_din_reg[6]'
INFO: [Synth 8-3886] merging instance 'u_compute/bram_din_reg[6]' (FDRE) to 'u_compute/bram_din_reg[7]'
INFO: [Synth 8-3333] propagating constant 0 across sequential element (\u_compute/bram_din_reg[7] )
INFO: [Synth 8-3886] merging instance 'vga_buf_1/vga_data_in_reg[0]' (FDR) to 'vga_buf_1/vga_data_in_reg[8]'
INFO: [Synth 8-3886] merging instance 'vga_buf_1/vga_data_in_reg[1]' (FDR) to 'vga_buf_1/vga_data_in_reg[9]'
INFO: [Synth 8-3886] merging instance 'vga_buf_1/vga_data_in_reg[2]' (FDR) to 'vga_buf_1/vga_data_in_reg[10]'
INFO: [Synth 8-3886] merging instance 'vga_buf_1/vga_data_in_reg[3]' (FDR) to 'vga_buf_1/vga_data_in_reg[11]'
INFO: [Synth 8-3886] merging instance 'vga_buf_1/vga_data_in_reg[4]' (FDR) to 'vga_buf_1/vga_data_in_reg[8]'
INFO: [Synth 8-3886] merging instance 'vga_buf_1/vga_data_in_reg[5]' (FDR) to 'vga_buf_1/vga_data_in_reg[9]'
INFO: [Synth 8-3886] merging instance 'vga_buf_1/vga_data_in_reg[6]' (FDR) to 'vga_buf_1/vga_data_in_reg[10]'
INFO: [Synth 8-3886] merging instance 'vga_buf_1/vga_data_in_reg[7]' (FDR) to 'vga_buf_1/vga_data_in_reg[11]'
---------------------------------------------------------------------------------
Finished Cross Boundary and Area Optimization : Time (s): cpu = 00:00:11 ; elapsed = 00:00:28 . Memory (MB): peak = 918.203 ; gain = 524.984
---------------------------------------------------------------------------------
---------------------------------------------------------------------------------
Start ROM, RAM, DSP and Shift Register Reporting
---------------------------------------------------------------------------------

DSP: Preliminary Mapping  Report (see note below)
+-------------------------------+-----------------+--------+--------+--------+--------+--------+------+------+------+------+-------+------+------+
|Module Name                    | DSP Mapping     | A Size | B Size | C Size | D Size | P Size | AREG | BREG | CREG | DREG | ADREG | MREG | PREG | 
+-------------------------------+-----------------+--------+--------+--------+--------+--------+------+------+------+------+-------+------+------+
|reconstruction_compute_64_1dsp | A*B             | 17     | 17     | -      | -      | 34     | 0    | 0    | -    | -    | -     | 0    | 0    | 
|reconstruction_buf             | C+(A:0x280)*B   | 6      | 10     | 6      | -      | 16     | 0    | 0    | 0    | -    | -     | 0    | 0    | 
|project_mvp_top                | C'+A2*(B:0x280) | 10     | 10     | 10     | -      | 19     | 1    | 0    | 1    | -    | -     | 0    | 0    | 
+-------------------------------+-----------------+--------+--------+--------+--------+--------+------+------+------+------+-------+------+------+

Note: The table above is a preliminary report that shows the DSPs inferred at the current stage of the synthesis flow. Some DSP may be reimplemented as non DSP primitives later in the synthesis flow. Multiple instantiated DSPs are reported only once.
---------------------------------------------------------------------------------
Finished ROM, RAM, DSP and Shift Register Reporting
---------------------------------------------------------------------------------

Report RTL Partitions: 
+-+--------------+------------+----------+
| |RTL Partition |Replication |Instances |
+-+--------------+------------+----------+
+-+--------------+------------+----------+
---------------------------------------------------------------------------------
Start Applying XDC Timing Constraints
---------------------------------------------------------------------------------
INFO: [Synth 8-5578] Moved timing constraint from pin 'vga_clk/clk_out1' to pin 'vga_clk/bbstub_clk_out1/O'
INFO: [Synth 8-5819] Moved 1 constraints on hierarchical pins to their respective driving/loading pins
---------------------------------------------------------------------------------
Finished Applying XDC Timing Constraints : Time (s): cpu = 00:00:17 ; elapsed = 00:00:34 . Memory (MB): peak = 961.164 ; gain = 567.945
---------------------------------------------------------------------------------
---------------------------------------------------------------------------------
Start Timing Optimization
---------------------------------------------------------------------------------
---------------------------------------------------------------------------------
Finished Timing Optimization : Time (s): cpu = 00:00:18 ; elapsed = 00:00:36 . Memory (MB): peak = 1016.289 ; gain = 623.070
---------------------------------------------------------------------------------

Report RTL Partitions: 
+-+--------------+------------+----------+
| |RTL Partition |Replication |Instances |
+-+--------------+------------+----------+
+-+--------------+------------+----------+
---------------------------------------------------------------------------------
Start Technology Mapping
---------------------------------------------------------------------------------
---------------------------------------------------------------------------------
Finished Technology Mapping : Time (s): cpu = 00:00:19 ; elapsed = 00:00:36 . Memory (MB): peak = 1016.289 ; gain = 623.070
---------------------------------------------------------------------------------

Report RTL Partitions: 
+-+--------------+------------+----------+
| |RTL Partition |Replication |Instances |
+-+--------------+------------+----------+
+-+--------------+------------+----------+
---------------------------------------------------------------------------------
Start IO Insertion
---------------------------------------------------------------------------------
---------------------------------------------------------------------------------
Start Flattening Before IO Insertion
---------------------------------------------------------------------------------
---------------------------------------------------------------------------------
Finished Flattening Before IO Insertion
---------------------------------------------------------------------------------
---------------------------------------------------------------------------------
Start Final Netlist Cleanup
---------------------------------------------------------------------------------
---------------------------------------------------------------------------------
Finished Final Netlist Cleanup
---------------------------------------------------------------------------------
---------------------------------------------------------------------------------
Finished IO Insertion : Time (s): cpu = 00:00:20 ; elapsed = 00:00:37 . Memory (MB): peak = 1016.289 ; gain = 623.070
---------------------------------------------------------------------------------

Report Check Netlist: 
+------+------------------+-------+---------+-------+------------------+
|      |Item              |Errors |Warnings |Status |Description       |
+------+------------------+-------+---------+-------+------------------+
|1     |multi_driven_nets |      0|        0|Passed |Multi driven nets |
+------+------------------+-------+---------+-------+------------------+
---------------------------------------------------------------------------------
Start Renaming Generated Instances
---------------------------------------------------------------------------------
---------------------------------------------------------------------------------
Finished Renaming Generated Instances : Time (s): cpu = 00:00:20 ; elapsed = 00:00:37 . Memory (MB): peak = 1016.289 ; gain = 623.070
---------------------------------------------------------------------------------

Report RTL Partitions: 
+-+--------------+------------+----------+
| |RTL Partition |Replication |Instances |
+-+--------------+------------+----------+
+-+--------------+------------+----------+
---------------------------------------------------------------------------------
Start Rebuilding User Hierarchy
---------------------------------------------------------------------------------
---------------------------------------------------------------------------------
Finished Rebuilding User Hierarchy : Time (s): cpu = 00:00:20 ; elapsed = 00:00:37 . Memory (MB): peak = 1016.289 ; gain = 623.070
---------------------------------------------------------------------------------
---------------------------------------------------------------------------------
Start Renaming Generated Ports
---------------------------------------------------------------------------------
---------------------------------------------------------------------------------
Finished Renaming Generated Ports : Time (s): cpu = 00:00:20 ; elapsed = 00:00:37 . Memory (MB): peak = 1016.289 ; gain = 623.070
---------------------------------------------------------------------------------
---------------------------------------------------------------------------------
Start Handling Custom Attributes
---------------------------------------------------------------------------------
---------------------------------------------------------------------------------
Finished Handling Custom Attributes : Time (s): cpu = 00:00:20 ; elapsed = 00:00:37 . Memory (MB): peak = 1016.289 ; gain = 623.070
---------------------------------------------------------------------------------
---------------------------------------------------------------------------------
Start Renaming Generated Nets
---------------------------------------------------------------------------------
---------------------------------------------------------------------------------
Finished Renaming Generated Nets : Time (s): cpu = 00:00:20 ; elapsed = 00:00:37 . Memory (MB): peak = 1016.289 ; gain = 623.070
---------------------------------------------------------------------------------
---------------------------------------------------------------------------------
Start Writing Synthesis Report
---------------------------------------------------------------------------------

Report BlackBoxes: 
+------+--------------+----------+
|      |BlackBox name |Instances |
+------+--------------+----------+
|1     |blk_mem_gen_0 |         1|
|2     |clk_wiz_0     |         1|
|3     |blk_mem_gen_1 |         1|
+------+--------------+----------+

Report Cell Usage: 
+------+--------------+------+
|      |Cell          |Count |
+------+--------------+------+
|1     |blk_mem_gen_0 |     1|
|2     |blk_mem_gen_1 |     1|
|3     |clk_wiz_0     |     1|
|4     |CARRY4        |    76|
|5     |DSP48E1       |     1|
|6     |DSP48E1_1     |     1|
|7     |DSP48E1_2     |     1|
|8     |LUT1          |    22|
|9     |LUT2          |   175|
|10    |LUT3          |   112|
|11    |LUT4          |    98|
|12    |LUT5          |    48|
|13    |LUT6          |   483|
|14    |MUXF7         |   136|
|15    |MUXF8         |    68|
|16    |FDCE          |    16|
|17    |FDRE          |  1455|
|18    |FDSE          |     2|
|19    |IBUF          |     2|
|20    |OBUF          |    30|
+------+--------------+------+

Report Instance Areas: 
+------+-----------------+-------------------------------+------+
|      |Instance         |Module                         |Cells |
+------+-----------------+-------------------------------+------+
|1     |top              |                               |  2749|
|2     |  ir_buf         |reconstruction_buf             |     8|
|3     |  u_compute      |reconstruction_compute_64_1dsp |  2567|
|4     |    u_checker    |svd_bram_firstcol_checker      |  1862|
|5     |  vga_buf_1      |vga_buf                        |    98|
|6     |    vga_output_1 |vga_output                     |    91|
+------+-----------------+-------------------------------+------+
---------------------------------------------------------------------------------
Finished Writing Synthesis Report : Time (s): cpu = 00:00:20 ; elapsed = 00:00:37 . Memory (MB): peak = 1016.289 ; gain = 623.070
---------------------------------------------------------------------------------
Synthesis finished with 0 errors, 0 critical warnings and 0 warnings.
Synthesis Optimization Runtime : Time (s): cpu = 00:00:14 ; elapsed = 00:00:17 . Memory (MB): peak = 1016.289 ; gain = 257.238
Synthesis Optimization Complete : Time (s): cpu = 00:00:20 ; elapsed = 00:00:37 . Memory (MB): peak = 1016.289 ; gain = 623.070
INFO: [Project 1-571] Translating synthesized netlist
INFO: [Netlist 29-17] Analyzing 283 Unisim elements for replacement
INFO: [Netlist 29-28] Unisim Transformation completed in 0 CPU seconds
INFO: [Project 1-570] Preparing netlist for logic optimization
INFO: [Opt 31-140] Inserted 1 IBUFs to IO ports without IO buffers.
INFO: [Opt 31-138] Pushed 0 inverter(s) to 0 load pin(s).
Netlist sorting complete. Time (s): cpu = 00:00:00 ; elapsed = 00:00:00.001 . Memory (MB): peak = 1016.289 ; gain = 0.000
INFO: [Project 1-111] Unisim Transformation Summary:
No Unisim elements were transformed.

INFO: [Common 17-83] Releasing license: Synthesis
138 Infos, 5 Warnings, 1 Critical Warnings and 0 Errors encountered.
synth_design completed successfully
synth_design: Time (s): cpu = 00:00:21 ; elapsed = 00:00:39 . Memory (MB): peak = 1016.289 ; gain = 634.543
Netlist sorting complete. Time (s): cpu = 00:00:00 ; elapsed = 00:00:00 . Memory (MB): peak = 1016.289 ; gain = 0.000
WARNING: [Constraints 18-5210] No constraints selected for write.
Resolution: This message can indicate that there are no constraints for the design, or it can indicate that the used_in flags are set such that the constraints are ignored. This later case is used when running synth_design to not write synthesis constraints to the resulting checkpoint. Instead, project constraints are read when the synthesized design is opened.
INFO: [Common 17-1381] The checkpoint 'C:/Users/13083/Documents/GitHub/ECE532_Project_MVP/Project/Project.runs/synth_1/project_mvp_top.dcp' has been generated.
INFO: [runtcl-4] Executing : report_utilization -file project_mvp_top_utilization_synth.rpt -pb project_mvp_top_utilization_synth.pb
INFO: [Common 17-206] Exiting Vivado at Wed Mar 18 02:30:39 2026...
