#-----------------------------------------------------------
# Vivado v2018.3.1 (64-bit)
# SW Build 2489853 on Tue Mar 26 04:20:25 MDT 2019
# IP Build 2486929 on Tue Mar 26 06:44:21 MDT 2019
# Start of session at: Mon Mar 23 15:36:13 2026
# Process ID: 28432
# Current directory: C:/Users/khanm/OneDrive/Documents/GitHub/ECE532_Project_MVP/Project
# Command line: vivado.exe -gui_launcher_event rodinguilauncherevent9620 C:\Users\khanm\OneDrive\Documents\GitHub\ECE532_Project_MVP\Project\Project.xpr
# Log file: C:/Users/khanm/OneDrive/Documents/GitHub/ECE532_Project_MVP/Project/vivado.log
# Journal file: C:/Users/khanm/OneDrive/Documents/GitHub/ECE532_Project_MVP/Project\vivado.jou
#-----------------------------------------------------------
start_gui
open_project C:/Users/khanm/OneDrive/Documents/GitHub/ECE532_Project_MVP/Project/Project.xpr
INFO: [Project 1-313] Project file moved from 'C:/Users/13083/Documents/GitHub/ECE532_Project_MVP/Project' since last save.
Scanning sources...
Finished scanning sources
INFO: [IP_Flow 19-234] Refreshing IP repositories
INFO: [IP_Flow 19-1704] No user IP repositories specified
INFO: [IP_Flow 19-2313] Loaded Vivado IP repository 'C:/Xilinx/Vivado/2018.3/data/ip'.
open_project: Time (s): cpu = 00:00:15 ; elapsed = 00:00:06 . Memory (MB): peak = 837.844 ; gain = 136.840
update_compile_order -fileset sources_1
INFO: [Device 21-403] Loading part xc7a100tcsg324-1
WARNING: [IP_Flow 19-4067] Ignoring invalid widget type specified checkbox.Providing a default widget
WARNING: [IP_Flow 19-4067] Ignoring invalid widget type specified checkbox.Providing a default widget
set_property  ip_repo_paths  {C:/Users/khanm/OneDrive/Documents/GitHub/ECE532_Project_MVP/Project/bram_mux C:/Users/khanm/OneDrive/Documents/GitHub/ECE532_Project_MVP/Project/bram_ctrl} [current_project]
update_ip_catalog
INFO: [IP_Flow 19-234] Refreshing IP repositories
INFO: [IP_Flow 19-1700] Loaded user IP repository 'c:/Users/khanm/OneDrive/Documents/GitHub/ECE532_Project_MVP/Project/bram_mux'.
INFO: [IP_Flow 19-1700] Loaded user IP repository 'c:/Users/khanm/OneDrive/Documents/GitHub/ECE532_Project_MVP/Project/bram_ctrl'.
create_bd_design "design_1"
Wrote  : <C:\Users\khanm\OneDrive\Documents\GitHub\ECE532_Project_MVP\Project\Project.srcs\sources_1\bd\design_1\design_1.bd> 
update_compile_order -fileset sources_1
startgroup
create_bd_cell -type ip -vlnv xilinx.com:user:bram_ctrl:1.0 bram_ctrl_0
endgroup
startgroup
create_bd_cell -type ip -vlnv xilinx.com:ip:clk_wiz:6.0 clk_wiz_0
endgroup
WARNING: [BD 5-232] No interface pins matched 'get_bd_intf_pins /clk_wiz_0/reset'
WARNING: [BD 5-232] No interface pins matched 'get_bd_intf_pins /clk_wiz_0/reset'
WARNING: [BD 5-232] No interface pins matched 'get_bd_intf_pins /clk_wiz_0/clk_in1'
WARNING: [BD 5-232] No interface pins matched 'get_bd_intf_pins /clk_wiz_0/clk_in1'
startgroup
apply_bd_automation -rule xilinx.com:bd_rule:clkrst -config {Clk "/clk_wiz_0/clk_out1 (100 MHz)" }  [get_bd_pins bram_ctrl_0/clk]
apply_bd_automation -rule xilinx.com:bd_rule:board -config { Manual_Source {Auto} rst_polarity {ACTIVE_HIGH}}  [get_bd_pins clk_wiz_0/reset]
INFO: [board_rule 100-100] create_bd_port -dir I reset_rtl_0 -type rst
INFO: [board_rule 100-100] set_property CONFIG.POLARITY  /reset_rtl_0
INFO: [board_rule 100-100] connect_bd_net /reset_rtl_0 /clk_wiz_0/reset
INFO: [board_rule 100-100] set_property CONFIG.POLARITY ACTIVE_HIGH /reset_rtl_0
apply_bd_automation -rule xilinx.com:bd_rule:board -config { Clk {New External Port (100 MHz)} Manual_Source {Auto}}  [get_bd_pins clk_wiz_0/clk_in1]
endgroup
set_property location {-187 -47} [get_bd_ports reset_rtl_0]
set_property location {-256 18} [get_bd_ports clk_100MHz]
set_property location {1 99 -60} [get_bd_cells clk_wiz_0]
set_property location {1 97 -30} [get_bd_cells clk_wiz_0]
set_property location {2.5 507 357} [get_bd_cells bram_ctrl_0]
set_property location {2 529 348} [get_bd_cells bram_ctrl_0]
set_property location {2 505 340} [get_bd_cells bram_ctrl_0]
set_property location {2 505 341} [get_bd_cells bram_ctrl_0]
set_property location {2 506 346} [get_bd_cells bram_ctrl_0]
set_property location {2 506 323} [get_bd_cells bram_ctrl_0]
set_property location {2 506 358} [get_bd_cells bram_ctrl_0]
set_property location {2 507 352} [get_bd_cells bram_ctrl_0]
set_property CONFIG.POLARITY ACTIVE_LOW [get_bd_ports reset_rtl_0]
startgroup
set_property -dict [list CONFIG.RESET_TYPE {ACTIVE_LOW} CONFIG.RESET_PORT {resetn}] [get_bd_cells clk_wiz_0]
WARNING: [BD 41-1684] Pin /clk_wiz_0/reset is now disabled. All connections to this pin have been removed. 
delete_bd_objs [get_bd_nets reset_rtl_0_1]
endgroup
connect_bd_net [get_bd_ports reset_rtl_0] [get_bd_pins clk_wiz_0/resetn]
connect_bd_net [get_bd_ports reset_rtl_0] [get_bd_pins bram_ctrl_0/reset_n]
update_compile_order -fileset sources_1
update_compile_order -fileset sources_1
update_compile_order -fileset sources_1
update_compile_order -fileset sources_1
update_compile_order -fileset sources_1
update_compile_order -fileset sources_1
ipx::infer_core -vendor xilinx.com -library user -taxonomy /UserIP C:/Users/khanm/OneDrive/Documents/GitHub/ECE532_Project_MVP/Project/project_mvp
WARNING: [filemgmt 56-99] Vivado Synthesis ignores library specification for Verilog or SystemVerilog files. [c:/Users/khanm/OneDrive/Documents/GitHub/ECE532_Project_MVP/Project/project_mvp/project_mvp_top.sv:]
WARNING: [filemgmt 56-99] Vivado Synthesis ignores library specification for Verilog or SystemVerilog files. [c:/Users/khanm/OneDrive/Documents/GitHub/ECE532_Project_MVP/Project/project_mvp/reconstruction_buf.sv:]
WARNING: [filemgmt 56-99] Vivado Synthesis ignores library specification for Verilog or SystemVerilog files. [c:/Users/khanm/OneDrive/Documents/GitHub/ECE532_Project_MVP/Project/project_mvp/reconstruction_compute_64_1dsp.sv:]
WARNING: [filemgmt 56-99] Vivado Synthesis ignores library specification for Verilog or SystemVerilog files. [c:/Users/khanm/OneDrive/Documents/GitHub/ECE532_Project_MVP/Project/project_mvp/svd_bram_firstcol_checker.sv:]
WARNING: [filemgmt 56-99] Vivado Synthesis ignores library specification for Verilog or SystemVerilog files. [c:/Users/khanm/OneDrive/Documents/GitHub/ECE532_Project_MVP/Project/project_mvp/test_square_writer.v:]
WARNING: [filemgmt 56-99] Vivado Synthesis ignores library specification for Verilog or SystemVerilog files. [c:/Users/khanm/OneDrive/Documents/GitHub/ECE532_Project_MVP/Project/project_mvp/uart_buf.v:]
WARNING: [filemgmt 56-99] Vivado Synthesis ignores library specification for Verilog or SystemVerilog files. [c:/Users/khanm/OneDrive/Documents/GitHub/ECE532_Project_MVP/Project/project_mvp/vga_buf.v:]
WARNING: [filemgmt 56-99] Vivado Synthesis ignores library specification for Verilog or SystemVerilog files. [c:/Users/khanm/OneDrive/Documents/GitHub/ECE532_Project_MVP/Project/project_mvp/vga_output.v:]
WARNING: [IP_Flow 19-5101] Packaging a component with a SystemVerilog top file is not fully supported. Please refer to UG1118 'Creating and Packaging Custom IP'.
CRITICAL WARNING: [HDL 9-806] Syntax error near "[". [c:/Users/khanm/OneDrive/Documents/GitHub/ECE532_Project_MVP/Project/project_mvp\project_mvp_top.sv:105]
CRITICAL WARNING: [HDL 9-806] Syntax error near "[". [c:/Users/khanm/OneDrive/Documents/GitHub/ECE532_Project_MVP/Project/project_mvp\project_mvp_top.sv:109]
ERROR: [IP_Flow 19-264] [HDL Parser] No interface information is available for Verilog design unit 'project_mvp_top'.
ERROR: [IP_Flow 19-262] [HDL Parser] Failed to parse top module entity.  This can result from an empty entity or module declaration (i.e. no ports or parameters/generics).  Check that design unit "project_mvp_top" of HDL file "c:/Users/khanm/OneDrive/Documents/GitHub/ECE532_Project_MVP/Project/project_mvp/svd_bram_firstcol_checker.sv" is not empty.
ERROR: [IP_Flow 19-258] [HDL Parser] Error parsing HDL file 'svd_bram_firstcol_checker.sv'.
WARNING: [IP_Flow 19-378] There are no ports found from top-level file 'c:/Users/khanm/OneDrive/Documents/GitHub/ECE532_Project_MVP/Project/project_mvp/svd_bram_firstcol_checker.sv'.
ERROR: [Common 17-39] 'ipx::infer_core' failed due to earlier errors.
add_files -norecurse {C:/Users/khanm/OneDrive/Documents/GitHub/ECE532_Project_MVP/Project/project_mvp/project_mvp_top.sv C:/Users/khanm/OneDrive/Documents/GitHub/ECE532_Project_MVP/Project/project_mvp/reconstruction_compute_64_1dsp.sv C:/Users/khanm/OneDrive/Documents/GitHub/ECE532_Project_MVP/Project/project_mvp/svd_bram_firstcol_checker.sv C:/Users/khanm/OneDrive/Documents/GitHub/ECE532_Project_MVP/Project/project_mvp/vga_output.v C:/Users/khanm/OneDrive/Documents/GitHub/ECE532_Project_MVP/Project/project_mvp/test_square_writer.v C:/Users/khanm/OneDrive/Documents/GitHub/ECE532_Project_MVP/Project/project_mvp/uart_buf.v C:/Users/khanm/OneDrive/Documents/GitHub/ECE532_Project_MVP/Project/project_mvp/vga_buf.v C:/Users/khanm/OneDrive/Documents/GitHub/ECE532_Project_MVP/Project/project_mvp/reconstruction_buf.sv}
update_compile_order -fileset sources_1
export_ip_user_files -of_objects  [get_files C:/Users/khanm/OneDrive/Documents/GitHub/ECE532_Project_MVP/Project/project_mvp/test_square_writer.v] -no_script -reset -force -quiet
remove_files  C:/Users/khanm/OneDrive/Documents/GitHub/ECE532_Project_MVP/Project/project_mvp/test_square_writer.v
export_ip_user_files -of_objects  [get_files C:/Users/khanm/OneDrive/Documents/GitHub/ECE532_Project_MVP/Project/project_mvp/project_mvp_top.sv] -no_script -reset -force -quiet
export_ip_user_files -of_objects  [get_files C:/Users/khanm/OneDrive/Documents/GitHub/ECE532_Project_MVP/Project/project_mvp/uart_buf.v] -no_script -reset -force -quiet
export_ip_user_files -of_objects  [get_files C:/Users/khanm/OneDrive/Documents/GitHub/ECE532_Project_MVP/Project/project_mvp/reconstruction_compute_64_1dsp.sv] -no_script -reset -force -quiet
export_ip_user_files -of_objects  [get_files C:/Users/khanm/OneDrive/Documents/GitHub/ECE532_Project_MVP/Project/project_mvp/reconstruction_buf.sv] -no_script -reset -force -quiet
export_ip_user_files -of_objects  [get_files C:/Users/khanm/OneDrive/Documents/GitHub/ECE532_Project_MVP/Project/project_mvp/vga_buf.v] -no_script -reset -force -quiet
remove_files  {C:/Users/khanm/OneDrive/Documents/GitHub/ECE532_Project_MVP/Project/project_mvp/project_mvp_top.sv C:/Users/khanm/OneDrive/Documents/GitHub/ECE532_Project_MVP/Project/project_mvp/uart_buf.v C:/Users/khanm/OneDrive/Documents/GitHub/ECE532_Project_MVP/Project/project_mvp/reconstruction_compute_64_1dsp.sv C:/Users/khanm/OneDrive/Documents/GitHub/ECE532_Project_MVP/Project/project_mvp/reconstruction_buf.sv C:/Users/khanm/OneDrive/Documents/GitHub/ECE532_Project_MVP/Project/project_mvp/vga_buf.v}
export_ip_user_files -of_objects  [get_files C:/Users/khanm/OneDrive/Documents/GitHub/ECE532_Project_MVP/Project/Project.srcs/sources_1/ip/clk_wiz_0/clk_wiz_0.xci] -no_script -reset -force -quiet
remove_files  -fileset clk_wiz_0 C:/Users/khanm/OneDrive/Documents/GitHub/ECE532_Project_MVP/Project/Project.srcs/sources_1/ip/clk_wiz_0/clk_wiz_0.xci
INFO: [Project 1-386] Moving file 'C:/Users/khanm/OneDrive/Documents/GitHub/ECE532_Project_MVP/Project/Project.srcs/sources_1/ip/clk_wiz_0/clk_wiz_0.xci' from fileset 'clk_wiz_0' to fileset 'sources_1'.
update_compile_order -fileset sources_1
ipx::infer_core -vendor xilinx.com -library user -taxonomy /UserIP C:/Users/khanm/OneDrive/Documents/GitHub/ECE532_Project_MVP/Project/project_mvp
WARNING: [filemgmt 56-99] Vivado Synthesis ignores library specification for Verilog or SystemVerilog files. [c:/Users/khanm/OneDrive/Documents/GitHub/ECE532_Project_MVP/Project/project_mvp/project_mvp_top.sv:]
WARNING: [filemgmt 56-99] Vivado Synthesis ignores library specification for Verilog or SystemVerilog files. [c:/Users/khanm/OneDrive/Documents/GitHub/ECE532_Project_MVP/Project/project_mvp/reconstruction_buf.sv:]
WARNING: [filemgmt 56-99] Vivado Synthesis ignores library specification for Verilog or SystemVerilog files. [c:/Users/khanm/OneDrive/Documents/GitHub/ECE532_Project_MVP/Project/project_mvp/reconstruction_compute_64_1dsp.sv:]
WARNING: [filemgmt 56-99] Vivado Synthesis ignores library specification for Verilog or SystemVerilog files. [c:/Users/khanm/OneDrive/Documents/GitHub/ECE532_Project_MVP/Project/project_mvp/svd_bram_firstcol_checker.sv:]
WARNING: [filemgmt 56-99] Vivado Synthesis ignores library specification for Verilog or SystemVerilog files. [c:/Users/khanm/OneDrive/Documents/GitHub/ECE532_Project_MVP/Project/project_mvp/uart_buf.v:]
WARNING: [filemgmt 56-99] Vivado Synthesis ignores library specification for Verilog or SystemVerilog files. [c:/Users/khanm/OneDrive/Documents/GitHub/ECE532_Project_MVP/Project/project_mvp/vga_buf.v:]
WARNING: [filemgmt 56-99] Vivado Synthesis ignores library specification for Verilog or SystemVerilog files. [c:/Users/khanm/OneDrive/Documents/GitHub/ECE532_Project_MVP/Project/project_mvp/vga_output.v:]
WARNING: [IP_Flow 19-5101] Packaging a component with a SystemVerilog top file is not fully supported. Please refer to UG1118 'Creating and Packaging Custom IP'.
INFO: [IP_Flow 19-1976] HDL Parser: Replacing 'W' by 17 for port or parameter 'bram_dout'
INFO: [IP_Flow 19-1976] HDL Parser: Replacing 'W' by 17 for port or parameter 'bram_din'
INFO: [IP_Flow 19-5107] Inferred bus interface 'reset' of definition 'xilinx.com:signal:reset:1.0' (from Xilinx Repository).
INFO: [IP_Flow 19-5107] Inferred bus interface 'clk' of definition 'xilinx.com:signal:clock:1.0' (from Xilinx Repository).
INFO: [IP_Flow 19-4728] Bus Interface 'clk': Added interface parameter 'ASSOCIATED_RESET' with value 'reset'.
WARNING: [IP_Flow 19-3153] Bus Interface 'clk': ASSOCIATED_BUSIF bus parameter is missing.
INFO: [IP_Flow 19-2181] Payment Required is not set for this core.
INFO: [IP_Flow 19-2187] The Product Guide file is missing.
WARNING: [IP_Flow 19-3153] Bus Interface 'clk': ASSOCIATED_BUSIF bus parameter is missing.
INFO: [IP_Flow 19-2181] Payment Required is not set for this core.
INFO: [IP_Flow 19-2187] The Product Guide file is missing.
ipx::edit_ip_in_project -upgrade true -name edit_ip_project -directory C:/Users/khanm/OneDrive/Documents/GitHub/ECE532_Project_MVP/Project/Project.tmp c:/Users/khanm/OneDrive/Documents/GitHub/ECE532_Project_MVP/Project/project_mvp/component.xml
INFO: [IP_Flow 19-234] Refreshing IP repositories
INFO: [IP_Flow 19-1704] No user IP repositories specified
INFO: [IP_Flow 19-2313] Loaded Vivado IP repository 'C:/Xilinx/Vivado/2018.3/data/ip'.
INFO: [IP_Flow 19-234] Refreshing IP repositories
INFO: [IP_Flow 19-1700] Loaded user IP repository 'c:/Users/khanm/OneDrive/Documents/GitHub/ECE532_Project_MVP/Project/bram_mux'.
INFO: [IP_Flow 19-1700] Loaded user IP repository 'c:/Users/khanm/OneDrive/Documents/GitHub/ECE532_Project_MVP/Project/bram_ctrl'.
INFO: [IP_Flow 19-795] Syncing license key meta-data
WARNING: [filemgmt 56-99] Vivado Synthesis ignores library specification for Verilog or SystemVerilog files. [c:/Users/khanm/OneDrive/Documents/GitHub/ECE532_Project_MVP/Project/project_mvp/uart_buf.v:]
WARNING: [filemgmt 56-99] Vivado Synthesis ignores library specification for Verilog or SystemVerilog files. [c:/Users/khanm/OneDrive/Documents/GitHub/ECE532_Project_MVP/Project/project_mvp/vga_buf.v:]
WARNING: [filemgmt 56-99] Vivado Synthesis ignores library specification for Verilog or SystemVerilog files. [c:/Users/khanm/OneDrive/Documents/GitHub/ECE532_Project_MVP/Project/project_mvp/vga_output.v:]
WARNING: [filemgmt 56-99] Vivado Synthesis ignores library specification for Verilog or SystemVerilog files. [c:/Users/khanm/OneDrive/Documents/GitHub/ECE532_Project_MVP/Project/project_mvp/project_mvp_top.sv:]
WARNING: [filemgmt 56-99] Vivado Synthesis ignores library specification for Verilog or SystemVerilog files. [c:/Users/khanm/OneDrive/Documents/GitHub/ECE532_Project_MVP/Project/project_mvp/reconstruction_buf.sv:]
WARNING: [filemgmt 56-99] Vivado Synthesis ignores library specification for Verilog or SystemVerilog files. [c:/Users/khanm/OneDrive/Documents/GitHub/ECE532_Project_MVP/Project/project_mvp/reconstruction_compute_64_1dsp.sv:]
WARNING: [filemgmt 56-99] Vivado Synthesis ignores library specification for Verilog or SystemVerilog files. [c:/Users/khanm/OneDrive/Documents/GitHub/ECE532_Project_MVP/Project/project_mvp/svd_bram_firstcol_checker.sv:]
ipx::current_core c:/Users/khanm/OneDrive/Documents/GitHub/ECE532_Project_MVP/Project/project_mvp/component.xml
update_compile_order -fileset sources_1
set_property core_revision 2 [ipx::current_core]
ipx::update_source_project_archive -component [ipx::current_core]
ipx::create_xgui_files [ipx::current_core]
ipx::update_checksums [ipx::current_core]
ipx::save_core [ipx::current_core]
current_project Project
open_bd_design {C:/Users/khanm/OneDrive/Documents/GitHub/ECE532_Project_MVP/Project/Project.srcs/sources_1/bd/design_1/design_1.bd}
update_ip_catalog -add_ip C:/Users/khanm/OneDrive/Documents/GitHub/ECE532_Project_MVP/Project/project_mvp/component.xml -repo_path c:/Users/khanm/OneDrive/Documents/GitHub/ECE532_Project_MVP/Project/bram_mux
INFO: [IP_Flow 19-1655] Copied IP 'xilinx.com:user:project_mvp_top:1.0' into repository 'c:/Users/khanm/OneDrive/Documents/GitHub/ECE532_Project_MVP/Project/bram_mux' at c:/Users/khanm/OneDrive/Documents/GitHub/ECE532_Project_MVP/Project/bram_mux/project_mvp.
INFO: [IP_Flow 19-725] Reloaded user IP repository 'c:/Users/khanm/OneDrive/Documents/GitHub/ECE532_Project_MVP/Project/bram_mux'
set_property  ip_repo_paths  {c:/Users/khanm/OneDrive/Documents/GitHub/ECE532_Project_MVP/Project/bram_mux c:/Users/khanm/OneDrive/Documents/GitHub/ECE532_Project_MVP/Project/bram_ctrl C:/Users/khanm/OneDrive/Documents/GitHub/ECE532_Project_MVP/Project/project_mvp} [current_project]
update_ip_catalog
INFO: [IP_Flow 19-234] Refreshing IP repositories
INFO: [IP_Flow 19-1700] Loaded user IP repository 'c:/Users/khanm/OneDrive/Documents/GitHub/ECE532_Project_MVP/Project/bram_mux'.
INFO: [IP_Flow 19-1700] Loaded user IP repository 'c:/Users/khanm/OneDrive/Documents/GitHub/ECE532_Project_MVP/Project/bram_ctrl'.
INFO: [IP_Flow 19-1700] Loaded user IP repository 'c:/Users/khanm/OneDrive/Documents/GitHub/ECE532_Project_MVP/Project/project_mvp'.
CRITICAL WARNING: [IP_Flow 19-1663] Duplicate IP found for 'xilinx.com:user:project_mvp_top:1.0'. The one found in IP location 'c:/Users/khanm/OneDrive/Documents/GitHub/ECE532_Project_MVP/Project/bram_mux/project_mvp' will take precedence over the same IP in location c:/Users/khanm/OneDrive/Documents/GitHub/ECE532_Project_MVP/Project/project_mvp
startgroup
create_bd_cell -type ip -vlnv xilinx.com:user:project_mvp_top:1.0 project_mvp_top_0
WARNING: [IP_Flow 19-3432] UI File c:/Users/khanm/OneDrive/Documents/GitHub/ECE532_Project_MVP/Project/bram_mux/project_mvp/xgui/project_mvp_top_v1_0.tcl does not exist
WARNING: [IP_Flow 19-2991] No XGUI Files found 
endgroup
set_property location {1 35 282} [get_bd_cells project_mvp_top_0]
connect_bd_net [get_bd_pins project_mvp_top_0/bram_ena_uart] [get_bd_pins bram_ctrl_0/a_en_1]
save_bd_design
Wrote  : <C:\Users\khanm\OneDrive\Documents\GitHub\ECE532_Project_MVP\Project\Project.srcs\sources_1\bd\design_1\design_1.bd> 
Wrote  : <C:/Users/khanm/OneDrive/Documents/GitHub/ECE532_Project_MVP/Project/Project.srcs/sources_1/bd/design_1/ui/bd_1f5defd0.ui> 
close_project
