
*** Running vivado
    with args -log project_mvp_top.vds -m64 -product Vivado -mode batch -messageDb vivado.pb -notrace -source project_mvp_top.tcl


****** Vivado v2018.3.1 (64-bit)
  **** SW Build 2489853 on Tue Mar 26 04:20:25 MDT 2019
  **** IP Build 2486929 on Tue Mar 26 06:44:21 MDT 2019
    ** Copyright 1986-2019 Xilinx, Inc. All Rights Reserved.

source project_mvp_top.tcl -notrace
INFO: [IP_Flow 19-234] Refreshing IP repositories
INFO: [IP_Flow 19-1700] Loaded user IP repository 'c:/Users/khanm/OneDrive/Documents/GitHub/ECE532_Project_MVP/Project/bram_mux'.
INFO: [IP_Flow 19-1700] Loaded user IP repository 'c:/Users/khanm/OneDrive/Documents/GitHub/ECE532_Project_MVP/Project/bram_ctrl'.
INFO: [IP_Flow 19-1700] Loaded user IP repository 'c:/Users/khanm/OneDrive/Documents/GitHub/ECE532_Project_MVP/Project/project_mvp'.
INFO: [IP_Flow 19-2313] Loaded Vivado IP repository 'C:/Xilinx/Vivado/2018.3/data/ip'.
WARNING: [IP_Flow 19-4995] The host OS only allows 260 characters in a normal path. The IP cache path is more than 80 characters. If you experience issues with IP caching, please consider changing the IP cache to a location with a shorter path. Alternately consider using the OS subst command to map part of the path to a drive letter. 
Current IP cache path is c:/users/khanm/onedrive/documents/github/ece532_project_mvp/project/project.tmp/project_mvp_top_v1_0_project/project_mvp_top_v1_0_project.cache/ip 
Command: synth_design -top project_mvp_top -part xc7a100tcsg324-1
Starting synth_design
Attempting to get a license for feature 'Synthesis' and/or device 'xc7a100t'
INFO: [Common 17-349] Got license for feature 'Synthesis' and/or device 'xc7a100t'
INFO: Launching helper process for spawning children vivado processes
INFO: Helper process launched with PID 8668 
WARNING: [Synth 8-2490] overwriting previous definition of module uart_buf [C:/Users/khanm/OneDrive/Documents/GitHub/ECE532_Project_MVP/Project/project_mvp/uart_buf.v:23]
---------------------------------------------------------------------------------
Starting Synthesize : Time (s): cpu = 00:00:01 ; elapsed = 00:00:02 . Memory (MB): peak = 482.629 ; gain = 114.766
---------------------------------------------------------------------------------
INFO: [Synth 8-6157] synthesizing module 'project_mvp_top' [C:/Users/khanm/OneDrive/Documents/GitHub/ECE532_Project_MVP/Project/project_mvp/project_mvp_top.sv:23]
	Parameter EXP_W bound to: 32'sb00000000000000000000000000010000 
	Parameter OUT_W bound to: 32'sb00000000000000000000000000000100 
	Parameter IMG_N bound to: 32'sb00000000000000000000000011001000 
	Parameter K bound to: 32'sb00000000000000000000000001100100 
	Parameter BUF bound to: 32'sb00000000000000000000000000000101 
	Parameter EXP_MEM_DEPTH bound to: 32'sb00000000000000011101010110001000 
	Parameter OUT_MEM_DEPTH bound to: 32'sb00000000000000001001110001000000 
	Parameter EXP_ADDR_W bound to: 32'sb00000000000000000000000000010001 
	Parameter OUT_ADDR_W bound to: 32'sb00000000000000000000000000010000 
	Parameter W bound to: 32'sb00000000000000000000000000010001 
	Parameter FRAC bound to: 32'sb00000000000000000000000000001000 
	Parameter N bound to: 32'sb00000000000000000000000001000000 
	Parameter MEM_DEPTH bound to: 32'sb00000000000000000011000001000010 
	Parameter LED_BLINK_BIT bound to: 32'sb00000000000000000000000000011000 
INFO: [Synth 8-6157] synthesizing module 'uart_rx' [C:/Users/khanm/OneDrive/Documents/GitHub/ECE532_Project_MVP/Project/project_mvp/uart_rx.v:23]
INFO: [Synth 8-5534] Detected attribute (* mark_debug = "true" *) [C:/Users/khanm/OneDrive/Documents/GitHub/ECE532_Project_MVP/Project/project_mvp/uart_rx.v:34]
INFO: [Synth 8-5534] Detected attribute (* mark_debug = "true" *) [C:/Users/khanm/OneDrive/Documents/GitHub/ECE532_Project_MVP/Project/project_mvp/uart_rx.v:35]
INFO: [Synth 8-155] case statement is not full and has no default [C:/Users/khanm/OneDrive/Documents/GitHub/ECE532_Project_MVP/Project/project_mvp/uart_rx.v:66]
INFO: [Synth 8-6155] done synthesizing module 'uart_rx' (1#1) [C:/Users/khanm/OneDrive/Documents/GitHub/ECE532_Project_MVP/Project/project_mvp/uart_rx.v:23]
INFO: [Synth 8-6157] synthesizing module 'uart_buf' [C:/Users/khanm/OneDrive/Documents/GitHub/ECE532_Project_MVP/Project/project_mvp/uart_buf.v:23]
	Parameter BUF_DEPTH bound to: 120200 - type: integer 
INFO: [Synth 8-5534] Detected attribute (* mark_debug = "true" *) [C:/Users/khanm/OneDrive/Documents/GitHub/ECE532_Project_MVP/Project/project_mvp/uart_buf.v:37]
INFO: [Synth 8-4471] merging register 'bram_wea_reg[0:0]' into 'bram_ena_reg' [C:/Users/khanm/OneDrive/Documents/GitHub/ECE532_Project_MVP/Project/project_mvp/uart_buf.v:49]
WARNING: [Synth 8-6014] Unused sequential element bram_wea_reg was removed.  [C:/Users/khanm/OneDrive/Documents/GitHub/ECE532_Project_MVP/Project/project_mvp/uart_buf.v:49]
INFO: [Synth 8-6155] done synthesizing module 'uart_buf' (2#1) [C:/Users/khanm/OneDrive/Documents/GitHub/ECE532_Project_MVP/Project/project_mvp/uart_buf.v:23]
INFO: [Synth 8-6157] synthesizing module 'reconstruction_compute_200_5dsp' [c:/Users/khanm/OneDrive/Documents/GitHub/ECE532_Project_MVP/Project/project_mvp/src/reconstruction_compute_200_5dsp.sv:23]
	Parameter W bound to: 32'sb00000000000000000000000000010000 
	Parameter OUT_W bound to: 32'sb00000000000000000000000000000100 
	Parameter FRAC_UV bound to: 32'sb00000000000000000000000000001110 
	Parameter N bound to: 32'sb00000000000000000000000011001000 
	Parameter K bound to: 32'sb00000000000000000000000001100100 
	Parameter BUF bound to: 32'sb00000000000000000000000000000101 
	Parameter EXP_MEM_DEPTH bound to: 32'sb00000000000000011101010110001000 
	Parameter OUT_MEM_DEPTH bound to: 32'sb00000000000000001001110001000000 
	Parameter EXP_ADDR_W bound to: 32'sb00000000000000000000000000010001 
	Parameter OUT_ADDR_W bound to: 32'sb00000000000000000000000000010000 
	Parameter IDX_V bound to: 32'sb00000000000000001001110001000000 
	Parameter IDX_U bound to: 32'sb00000000000000010011100010000000 
	Parameter IDX_SIGMA bound to: 32'sb00000000000000011101010011000000 
	Parameter FRAC_SV bound to: 32'sb00000000000000000000000000001011 
	Parameter FRAC_TERM bound to: 32'sb00000000000000000000000000011001 
	Parameter S_MUL_W bound to: 32'sb00000000000000000000000000011001 
	Parameter SV_DSP_W bound to: 32'sb00000000000000000000000000011001 
	Parameter SV_BUF_W bound to: 32'sb00000000000000000000000000100000 
	Parameter VT_MUL_W bound to: 32'sb00000000000000000000000000010010 
	Parameter ST_LOAD_S_STREAM bound to: 32'sb00000000000000000000000000000000 
	Parameter ST_INIT_PIXEL bound to: 32'sb00000000000000000000000000000001 
	Parameter ST_WAIT_BUF bound to: 32'sb00000000000000000000000000000010 
	Parameter ST_MUL_SV bound to: 32'sb00000000000000000000000000000011 
	Parameter ST_MUL_TERM bound to: 32'sb00000000000000000000000000000100 
	Parameter ST_WRITE_A bound to: 32'sb00000000000000000000000000000101 
	Parameter ST_DONE bound to: 32'sb00000000000000000000000000000110 
INFO: [Synth 8-6157] synthesizing module 'svd_preloader_200_5dsp' [c:/Users/khanm/OneDrive/Documents/GitHub/ECE532_Project_MVP/Project/project_mvp/src/svd_preloader_200_5dsp.sv:23]
	Parameter W bound to: 32'sb00000000000000000000000000010000 
	Parameter N bound to: 32'sb00000000000000000000000011001000 
	Parameter K bound to: 32'sb00000000000000000000000001100100 
	Parameter BUF bound to: 32'sb00000000000000000000000000000101 
	Parameter EXP_MEM_DEPTH bound to: 32'sb00000000000000011101010110001000 
	Parameter EXP_ADDR_W bound to: 32'sb00000000000000000000000000010001 
	Parameter IDX_V bound to: 32'sb00000000000000001001110001000000 
	Parameter IDX_U bound to: 32'sb00000000000000010011100010000000 
INFO: [Synth 8-6155] done synthesizing module 'svd_preloader_200_5dsp' (3#1) [c:/Users/khanm/OneDrive/Documents/GitHub/ECE532_Project_MVP/Project/project_mvp/src/svd_preloader_200_5dsp.sv:23]
WARNING: [Synth 8-5856] 3D RAM u_buf_bank_reg  for this pattern/configuration is not supported. This will most likely be implemented in registers
WARNING: [Synth 8-5856] 3D RAM v_buf_bank_reg  for this pattern/configuration is not supported. This will most likely be implemented in registers
INFO: [Synth 8-6155] done synthesizing module 'reconstruction_compute_200_5dsp' (4#1) [c:/Users/khanm/OneDrive/Documents/GitHub/ECE532_Project_MVP/Project/project_mvp/src/reconstruction_compute_200_5dsp.sv:23]
INFO: [Synth 8-6157] synthesizing module 'vga_buf' [C:/Users/khanm/OneDrive/Documents/GitHub/ECE532_Project_MVP/Project/project_mvp/vga_buf.v:23]
INFO: [Synth 8-6157] synthesizing module 'vga_output' [C:/Users/khanm/OneDrive/Documents/GitHub/ECE532_Project_MVP/Project/project_mvp/vga_output.v:23]
	Parameter H_SYNC bound to: 95 - type: integer 
	Parameter V_SYNC bound to: 1 - type: integer 
	Parameter H_VISIBLE_LEFT bound to: 143 - type: integer 
	Parameter H_VISIBLE_RIGHT bound to: 783 - type: integer 
	Parameter V_VISIBLE_TOP bound to: 34 - type: integer 
	Parameter V_VISIBLE_BOTTOM bound to: 514 - type: integer 
	Parameter H_TOTAL bound to: 799 - type: integer 
	Parameter V_TOTAL bound to: 524 - type: integer 
INFO: [Synth 8-6155] done synthesizing module 'vga_output' (5#1) [C:/Users/khanm/OneDrive/Documents/GitHub/ECE532_Project_MVP/Project/project_mvp/vga_output.v:23]
INFO: [Synth 8-6155] done synthesizing module 'vga_buf' (6#1) [C:/Users/khanm/OneDrive/Documents/GitHub/ECE532_Project_MVP/Project/project_mvp/vga_buf.v:23]
WARNING: [Synth 8-6014] Unused sequential element led_reg_reg was removed.  [C:/Users/khanm/OneDrive/Documents/GitHub/ECE532_Project_MVP/Project/project_mvp/project_mvp_top.sv:154]
WARNING: [Synth 8-3848] Net wea_count in module/entity project_mvp_top does not have driver. [C:/Users/khanm/OneDrive/Documents/GitHub/ECE532_Project_MVP/Project/project_mvp/project_mvp_top.sv:201]
WARNING: [Synth 8-3848] Net vga_wea in module/entity project_mvp_top does not have driver. [C:/Users/khanm/OneDrive/Documents/GitHub/ECE532_Project_MVP/Project/project_mvp/project_mvp_top.sv:46]
WARNING: [Synth 8-3848] Net vga_addra in module/entity project_mvp_top does not have driver. [C:/Users/khanm/OneDrive/Documents/GitHub/ECE532_Project_MVP/Project/project_mvp/project_mvp_top.sv:47]
WARNING: [Synth 8-3848] Net vga_dina in module/entity project_mvp_top does not have driver. [C:/Users/khanm/OneDrive/Documents/GitHub/ECE532_Project_MVP/Project/project_mvp/project_mvp_top.sv:48]
WARNING: [Synth 8-3848] Net vga_enb in module/entity project_mvp_top does not have driver. [C:/Users/khanm/OneDrive/Documents/GitHub/ECE532_Project_MVP/Project/project_mvp/project_mvp_top.sv:51]
WARNING: [Synth 8-3848] Net vga_addrb in module/entity project_mvp_top does not have driver. [C:/Users/khanm/OneDrive/Documents/GitHub/ECE532_Project_MVP/Project/project_mvp/project_mvp_top.sv:52]
INFO: [Synth 8-6155] done synthesizing module 'project_mvp_top' (7#1) [C:/Users/khanm/OneDrive/Documents/GitHub/ECE532_Project_MVP/Project/project_mvp/project_mvp_top.sv:23]
WARNING: [Synth 8-3917] design project_mvp_top has port bram_dina_uart[16] driven by constant 0
WARNING: [Synth 8-3917] design project_mvp_top has port bram_enb_uart driven by constant 1
WARNING: [Synth 8-3917] design project_mvp_top has port vga_dina_dsp[16] driven by constant 0
WARNING: [Synth 8-3917] design project_mvp_top has port vga_dina_dsp[15] driven by constant 0
WARNING: [Synth 8-3917] design project_mvp_top has port vga_dina_dsp[14] driven by constant 0
WARNING: [Synth 8-3917] design project_mvp_top has port vga_dina_dsp[13] driven by constant 0
WARNING: [Synth 8-3917] design project_mvp_top has port vga_dina_dsp[12] driven by constant 0
WARNING: [Synth 8-3917] design project_mvp_top has port vga_dina_dsp[11] driven by constant 0
WARNING: [Synth 8-3917] design project_mvp_top has port vga_dina_dsp[10] driven by constant 0
WARNING: [Synth 8-3917] design project_mvp_top has port vga_dina_dsp[9] driven by constant 0
WARNING: [Synth 8-3917] design project_mvp_top has port vga_dina_dsp[8] driven by constant 0
WARNING: [Synth 8-3917] design project_mvp_top has port vga_dina_dsp[7] driven by constant 0
WARNING: [Synth 8-3917] design project_mvp_top has port vga_dina_dsp[6] driven by constant 0
WARNING: [Synth 8-3917] design project_mvp_top has port vga_dina_dsp[5] driven by constant 0
WARNING: [Synth 8-3917] design project_mvp_top has port vga_dina_dsp[4] driven by constant 0
WARNING: [Synth 8-3917] design project_mvp_top has port vga_ena_dsp driven by constant 1
WARNING: [Synth 8-3917] design project_mvp_top has port vga_web_dsp driven by constant 0
WARNING: [Synth 8-3917] design project_mvp_top has port bram_wea_3 driven by constant 0
WARNING: [Synth 8-3331] design project_mvp_top has unconnected port led[15]
WARNING: [Synth 8-3331] design project_mvp_top has unconnected port led[14]
WARNING: [Synth 8-3331] design project_mvp_top has unconnected port led[13]
WARNING: [Synth 8-3331] design project_mvp_top has unconnected port led[12]
WARNING: [Synth 8-3331] design project_mvp_top has unconnected port led[11]
WARNING: [Synth 8-3331] design project_mvp_top has unconnected port led[10]
WARNING: [Synth 8-3331] design project_mvp_top has unconnected port led[9]
WARNING: [Synth 8-3331] design project_mvp_top has unconnected port led[8]
WARNING: [Synth 8-3331] design project_mvp_top has unconnected port led[7]
WARNING: [Synth 8-3331] design project_mvp_top has unconnected port led[6]
WARNING: [Synth 8-3331] design project_mvp_top has unconnected port led[5]
WARNING: [Synth 8-3331] design project_mvp_top has unconnected port led[4]
WARNING: [Synth 8-3331] design project_mvp_top has unconnected port led[3]
WARNING: [Synth 8-3331] design project_mvp_top has unconnected port led[2]
WARNING: [Synth 8-3331] design project_mvp_top has unconnected port vga_wea
WARNING: [Synth 8-3331] design project_mvp_top has unconnected port vga_addra[13]
WARNING: [Synth 8-3331] design project_mvp_top has unconnected port vga_addra[12]
WARNING: [Synth 8-3331] design project_mvp_top has unconnected port vga_addra[11]
WARNING: [Synth 8-3331] design project_mvp_top has unconnected port vga_addra[10]
WARNING: [Synth 8-3331] design project_mvp_top has unconnected port vga_addra[9]
WARNING: [Synth 8-3331] design project_mvp_top has unconnected port vga_addra[8]
WARNING: [Synth 8-3331] design project_mvp_top has unconnected port vga_addra[7]
WARNING: [Synth 8-3331] design project_mvp_top has unconnected port vga_addra[6]
WARNING: [Synth 8-3331] design project_mvp_top has unconnected port vga_addra[5]
WARNING: [Synth 8-3331] design project_mvp_top has unconnected port vga_addra[4]
WARNING: [Synth 8-3331] design project_mvp_top has unconnected port vga_addra[3]
WARNING: [Synth 8-3331] design project_mvp_top has unconnected port vga_addra[2]
WARNING: [Synth 8-3331] design project_mvp_top has unconnected port vga_addra[1]
WARNING: [Synth 8-3331] design project_mvp_top has unconnected port vga_addra[0]
WARNING: [Synth 8-3331] design project_mvp_top has unconnected port vga_dina[16]
WARNING: [Synth 8-3331] design project_mvp_top has unconnected port vga_dina[15]
WARNING: [Synth 8-3331] design project_mvp_top has unconnected port vga_dina[14]
WARNING: [Synth 8-3331] design project_mvp_top has unconnected port vga_dina[13]
WARNING: [Synth 8-3331] design project_mvp_top has unconnected port vga_dina[12]
WARNING: [Synth 8-3331] design project_mvp_top has unconnected port vga_dina[11]
WARNING: [Synth 8-3331] design project_mvp_top has unconnected port vga_dina[10]
WARNING: [Synth 8-3331] design project_mvp_top has unconnected port vga_dina[9]
WARNING: [Synth 8-3331] design project_mvp_top has unconnected port vga_dina[8]
WARNING: [Synth 8-3331] design project_mvp_top has unconnected port vga_dina[7]
WARNING: [Synth 8-3331] design project_mvp_top has unconnected port vga_dina[6]
WARNING: [Synth 8-3331] design project_mvp_top has unconnected port vga_dina[5]
WARNING: [Synth 8-3331] design project_mvp_top has unconnected port vga_dina[4]
WARNING: [Synth 8-3331] design project_mvp_top has unconnected port vga_dina[3]
WARNING: [Synth 8-3331] design project_mvp_top has unconnected port vga_dina[2]
WARNING: [Synth 8-3331] design project_mvp_top has unconnected port vga_dina[1]
WARNING: [Synth 8-3331] design project_mvp_top has unconnected port vga_dina[0]
WARNING: [Synth 8-3331] design project_mvp_top has unconnected port vga_enb
WARNING: [Synth 8-3331] design project_mvp_top has unconnected port vga_addrb[13]
WARNING: [Synth 8-3331] design project_mvp_top has unconnected port vga_addrb[12]
WARNING: [Synth 8-3331] design project_mvp_top has unconnected port vga_addrb[11]
WARNING: [Synth 8-3331] design project_mvp_top has unconnected port vga_addrb[10]
WARNING: [Synth 8-3331] design project_mvp_top has unconnected port vga_addrb[9]
WARNING: [Synth 8-3331] design project_mvp_top has unconnected port vga_addrb[8]
WARNING: [Synth 8-3331] design project_mvp_top has unconnected port vga_addrb[7]
WARNING: [Synth 8-3331] design project_mvp_top has unconnected port vga_addrb[6]
WARNING: [Synth 8-3331] design project_mvp_top has unconnected port vga_addrb[5]
WARNING: [Synth 8-3331] design project_mvp_top has unconnected port vga_addrb[4]
WARNING: [Synth 8-3331] design project_mvp_top has unconnected port vga_addrb[3]
WARNING: [Synth 8-3331] design project_mvp_top has unconnected port vga_addrb[2]
WARNING: [Synth 8-3331] design project_mvp_top has unconnected port vga_addrb[1]
WARNING: [Synth 8-3331] design project_mvp_top has unconnected port vga_addrb[0]
WARNING: [Synth 8-3331] design project_mvp_top has unconnected port vga_doutb[16]
WARNING: [Synth 8-3331] design project_mvp_top has unconnected port vga_doutb[15]
WARNING: [Synth 8-3331] design project_mvp_top has unconnected port vga_doutb[14]
WARNING: [Synth 8-3331] design project_mvp_top has unconnected port vga_doutb[13]
WARNING: [Synth 8-3331] design project_mvp_top has unconnected port vga_doutb[12]
WARNING: [Synth 8-3331] design project_mvp_top has unconnected port vga_doutb[11]
WARNING: [Synth 8-3331] design project_mvp_top has unconnected port vga_doutb[10]
WARNING: [Synth 8-3331] design project_mvp_top has unconnected port vga_doutb[9]
WARNING: [Synth 8-3331] design project_mvp_top has unconnected port vga_doutb[8]
WARNING: [Synth 8-3331] design project_mvp_top has unconnected port vga_doutb[7]
WARNING: [Synth 8-3331] design project_mvp_top has unconnected port vga_doutb[6]
WARNING: [Synth 8-3331] design project_mvp_top has unconnected port vga_doutb[5]
WARNING: [Synth 8-3331] design project_mvp_top has unconnected port vga_doutb[4]
WARNING: [Synth 8-3331] design project_mvp_top has unconnected port vga_doutb[3]
WARNING: [Synth 8-3331] design project_mvp_top has unconnected port vga_doutb[2]
WARNING: [Synth 8-3331] design project_mvp_top has unconnected port vga_doutb[1]
WARNING: [Synth 8-3331] design project_mvp_top has unconnected port vga_doutb[0]
WARNING: [Synth 8-3331] design project_mvp_top has unconnected port bram_adouta_3[16]
WARNING: [Synth 8-3331] design project_mvp_top has unconnected port bram_doutb_3[16]
---------------------------------------------------------------------------------
Finished Synthesize : Time (s): cpu = 00:00:02 ; elapsed = 00:00:03 . Memory (MB): peak = 537.277 ; gain = 169.414
---------------------------------------------------------------------------------
---------------------------------------------------------------------------------
Finished Constraint Validation : Time (s): cpu = 00:00:02 ; elapsed = 00:00:03 . Memory (MB): peak = 537.277 ; gain = 169.414
---------------------------------------------------------------------------------
---------------------------------------------------------------------------------
Start Loading Part and Timing Information
---------------------------------------------------------------------------------
Loading part: xc7a100tcsg324-1
---------------------------------------------------------------------------------
Finished Loading Part and Timing Information : Time (s): cpu = 00:00:02 ; elapsed = 00:00:03 . Memory (MB): peak = 537.277 ; gain = 169.414
---------------------------------------------------------------------------------
INFO: [Device 21-403] Loading part xc7a100tcsg324-1
INFO: [Synth 8-802] inferred FSM for state register 'byte_count_reg' in module 'uart_buf'
INFO: [Synth 8-5546] ROM "uart_done" won't be mapped to RAM because it is too sparse
INFO: [Synth 8-5544] ROM "byte0" won't be mapped to Block RAM because address size (2) smaller than threshold (5)
INFO: [Synth 8-5544] ROM "bram_ena" won't be mapped to Block RAM because address size (2) smaller than threshold (5)
INFO: [Synth 8-5544] ROM "byte0" won't be mapped to Block RAM because address size (2) smaller than threshold (5)
INFO: [Synth 8-5546] ROM "s_cache_reg[0]" won't be mapped to RAM because it is too sparse
INFO: [Synth 8-5546] ROM "s_cache_reg[1]" won't be mapped to RAM because it is too sparse
INFO: [Synth 8-5546] ROM "s_cache_reg[2]" won't be mapped to RAM because it is too sparse
INFO: [Synth 8-5546] ROM "s_cache_reg[3]" won't be mapped to RAM because it is too sparse
INFO: [Synth 8-5546] ROM "s_cache_reg[4]" won't be mapped to RAM because it is too sparse
INFO: [Synth 8-5546] ROM "s_cache_reg[5]" won't be mapped to RAM because it is too sparse
INFO: [Synth 8-5546] ROM "s_cache_reg[6]" won't be mapped to RAM because it is too sparse
INFO: [Synth 8-5546] ROM "s_cache_reg[7]" won't be mapped to RAM because it is too sparse
INFO: [Synth 8-5546] ROM "s_cache_reg[8]" won't be mapped to RAM because it is too sparse
INFO: [Synth 8-5546] ROM "s_cache_reg[9]" won't be mapped to RAM because it is too sparse
INFO: [Synth 8-5546] ROM "s_cache_reg[10]" won't be mapped to RAM because it is too sparse
INFO: [Synth 8-5546] ROM "s_cache_reg[11]" won't be mapped to RAM because it is too sparse
INFO: [Synth 8-5546] ROM "s_cache_reg[12]" won't be mapped to RAM because it is too sparse
INFO: [Synth 8-5546] ROM "s_cache_reg[13]" won't be mapped to RAM because it is too sparse
INFO: [Synth 8-5546] ROM "s_cache_reg[14]" won't be mapped to RAM because it is too sparse
INFO: [Synth 8-5546] ROM "s_cache_reg[15]" won't be mapped to RAM because it is too sparse
INFO: [Synth 8-5546] ROM "s_cache_reg[16]" won't be mapped to RAM because it is too sparse
INFO: [Synth 8-5546] ROM "s_cache_reg[17]" won't be mapped to RAM because it is too sparse
INFO: [Synth 8-5546] ROM "s_cache_reg[18]" won't be mapped to RAM because it is too sparse
INFO: [Synth 8-5546] ROM "s_cache_reg[19]" won't be mapped to RAM because it is too sparse
INFO: [Synth 8-5546] ROM "s_cache_reg[20]" won't be mapped to RAM because it is too sparse
INFO: [Synth 8-5546] ROM "s_cache_reg[21]" won't be mapped to RAM because it is too sparse
INFO: [Synth 8-5546] ROM "s_cache_reg[22]" won't be mapped to RAM because it is too sparse
INFO: [Synth 8-5546] ROM "s_cache_reg[23]" won't be mapped to RAM because it is too sparse
INFO: [Synth 8-5546] ROM "s_cache_reg[24]" won't be mapped to RAM because it is too sparse
INFO: [Synth 8-5546] ROM "s_cache_reg[25]" won't be mapped to RAM because it is too sparse
INFO: [Synth 8-5546] ROM "s_cache_reg[26]" won't be mapped to RAM because it is too sparse
INFO: [Synth 8-5546] ROM "s_cache_reg[27]" won't be mapped to RAM because it is too sparse
INFO: [Synth 8-5546] ROM "s_cache_reg[28]" won't be mapped to RAM because it is too sparse
INFO: [Synth 8-5546] ROM "s_cache_reg[29]" won't be mapped to RAM because it is too sparse
INFO: [Synth 8-5546] ROM "s_cache_reg[30]" won't be mapped to RAM because it is too sparse
INFO: [Synth 8-5546] ROM "s_cache_reg[31]" won't be mapped to RAM because it is too sparse
INFO: [Synth 8-5546] ROM "s_cache_reg[32]" won't be mapped to RAM because it is too sparse
INFO: [Synth 8-5546] ROM "s_cache_reg[33]" won't be mapped to RAM because it is too sparse
INFO: [Synth 8-5546] ROM "s_cache_reg[34]" won't be mapped to RAM because it is too sparse
INFO: [Synth 8-5546] ROM "s_cache_reg[35]" won't be mapped to RAM because it is too sparse
INFO: [Synth 8-5546] ROM "s_cache_reg[36]" won't be mapped to RAM because it is too sparse
INFO: [Synth 8-5546] ROM "s_cache_reg[37]" won't be mapped to RAM because it is too sparse
INFO: [Synth 8-5546] ROM "s_cache_reg[38]" won't be mapped to RAM because it is too sparse
INFO: [Synth 8-5546] ROM "s_cache_reg[39]" won't be mapped to RAM because it is too sparse
INFO: [Synth 8-5546] ROM "s_cache_reg[40]" won't be mapped to RAM because it is too sparse
INFO: [Synth 8-5546] ROM "s_cache_reg[41]" won't be mapped to RAM because it is too sparse
INFO: [Synth 8-5546] ROM "s_cache_reg[42]" won't be mapped to RAM because it is too sparse
INFO: [Synth 8-5546] ROM "s_cache_reg[43]" won't be mapped to RAM because it is too sparse
INFO: [Synth 8-5546] ROM "s_cache_reg[44]" won't be mapped to RAM because it is too sparse
INFO: [Synth 8-5546] ROM "s_cache_reg[45]" won't be mapped to RAM because it is too sparse
INFO: [Synth 8-5546] ROM "s_cache_reg[46]" won't be mapped to RAM because it is too sparse
INFO: [Synth 8-5546] ROM "s_cache_reg[47]" won't be mapped to RAM because it is too sparse
INFO: [Synth 8-5546] ROM "s_cache_reg[48]" won't be mapped to RAM because it is too sparse
INFO: [Synth 8-5546] ROM "s_cache_reg[49]" won't be mapped to RAM because it is too sparse
INFO: [Synth 8-5546] ROM "s_cache_reg[50]" won't be mapped to RAM because it is too sparse
INFO: [Synth 8-5546] ROM "s_cache_reg[51]" won't be mapped to RAM because it is too sparse
INFO: [Synth 8-5546] ROM "s_cache_reg[52]" won't be mapped to RAM because it is too sparse
INFO: [Synth 8-5546] ROM "s_cache_reg[53]" won't be mapped to RAM because it is too sparse
INFO: [Synth 8-5546] ROM "s_cache_reg[54]" won't be mapped to RAM because it is too sparse
INFO: [Synth 8-5546] ROM "s_cache_reg[55]" won't be mapped to RAM because it is too sparse
INFO: [Synth 8-5546] ROM "s_cache_reg[56]" won't be mapped to RAM because it is too sparse
INFO: [Synth 8-5546] ROM "s_cache_reg[57]" won't be mapped to RAM because it is too sparse
INFO: [Synth 8-5546] ROM "s_cache_reg[58]" won't be mapped to RAM because it is too sparse
INFO: [Synth 8-5546] ROM "s_cache_reg[59]" won't be mapped to RAM because it is too sparse
INFO: [Synth 8-5546] ROM "s_cache_reg[60]" won't be mapped to RAM because it is too sparse
INFO: [Synth 8-5546] ROM "s_cache_reg[61]" won't be mapped to RAM because it is too sparse
INFO: [Synth 8-5546] ROM "s_cache_reg[62]" won't be mapped to RAM because it is too sparse
INFO: [Synth 8-5546] ROM "s_cache_reg[63]" won't be mapped to RAM because it is too sparse
INFO: [Synth 8-5546] ROM "s_cache_reg[64]" won't be mapped to RAM because it is too sparse
INFO: [Synth 8-5546] ROM "s_cache_reg[65]" won't be mapped to RAM because it is too sparse
INFO: [Synth 8-5546] ROM "s_cache_reg[66]" won't be mapped to RAM because it is too sparse
INFO: [Synth 8-5546] ROM "s_cache_reg[67]" won't be mapped to RAM because it is too sparse
INFO: [Synth 8-5546] ROM "s_cache_reg[68]" won't be mapped to RAM because it is too sparse
INFO: [Synth 8-5546] ROM "s_cache_reg[69]" won't be mapped to RAM because it is too sparse
INFO: [Synth 8-5546] ROM "s_cache_reg[70]" won't be mapped to RAM because it is too sparse
INFO: [Synth 8-5546] ROM "s_cache_reg[71]" won't be mapped to RAM because it is too sparse
INFO: [Synth 8-5546] ROM "s_cache_reg[72]" won't be mapped to RAM because it is too sparse
INFO: [Synth 8-5546] ROM "s_cache_reg[73]" won't be mapped to RAM because it is too sparse
INFO: [Synth 8-5546] ROM "s_cache_reg[74]" won't be mapped to RAM because it is too sparse
INFO: [Synth 8-5546] ROM "s_cache_reg[75]" won't be mapped to RAM because it is too sparse
INFO: [Synth 8-5546] ROM "s_cache_reg[76]" won't be mapped to RAM because it is too sparse
INFO: [Synth 8-5546] ROM "s_cache_reg[77]" won't be mapped to RAM because it is too sparse
INFO: [Synth 8-5546] ROM "s_cache_reg[78]" won't be mapped to RAM because it is too sparse
INFO: [Synth 8-5546] ROM "s_cache_reg[79]" won't be mapped to RAM because it is too sparse
INFO: [Synth 8-5546] ROM "s_cache_reg[80]" won't be mapped to RAM because it is too sparse
INFO: [Synth 8-5546] ROM "s_cache_reg[81]" won't be mapped to RAM because it is too sparse
INFO: [Synth 8-5546] ROM "s_cache_reg[82]" won't be mapped to RAM because it is too sparse
INFO: [Synth 8-5546] ROM "s_cache_reg[83]" won't be mapped to RAM because it is too sparse
INFO: [Synth 8-5546] ROM "s_cache_reg[84]" won't be mapped to RAM because it is too sparse
INFO: [Synth 8-5546] ROM "s_cache_reg[85]" won't be mapped to RAM because it is too sparse
INFO: [Synth 8-5546] ROM "s_cache_reg[86]" won't be mapped to RAM because it is too sparse
INFO: [Synth 8-5546] ROM "s_cache_reg[87]" won't be mapped to RAM because it is too sparse
INFO: [Synth 8-5546] ROM "s_cache_reg[88]" won't be mapped to RAM because it is too sparse
INFO: [Synth 8-5546] ROM "s_cache_reg[89]" won't be mapped to RAM because it is too sparse
INFO: [Synth 8-5546] ROM "s_cache_reg[90]" won't be mapped to RAM because it is too sparse
INFO: [Synth 8-5546] ROM "s_cache_reg[91]" won't be mapped to RAM because it is too sparse
INFO: [Synth 8-5546] ROM "s_cache_reg[92]" won't be mapped to RAM because it is too sparse
INFO: [Synth 8-5546] ROM "s_cache_reg[93]" won't be mapped to RAM because it is too sparse
INFO: [Synth 8-5546] ROM "s_cache_reg[94]" won't be mapped to RAM because it is too sparse
INFO: [Synth 8-5546] ROM "s_cache_reg[95]" won't be mapped to RAM because it is too sparse
INFO: [Synth 8-5546] ROM "s_cache_reg[96]" won't be mapped to RAM because it is too sparse
INFO: [Synth 8-5546] ROM "s_cache_reg[97]" won't be mapped to RAM because it is too sparse
INFO: [Synth 8-5546] ROM "s_cache_reg[98]" won't be mapped to RAM because it is too sparse
INFO: [Common 17-14] Message 'Synth 8-5546' appears 100 times and further instances of the messages will be disabled. Use the Tcl command set_msg_config to change the current settings.
INFO: [Synth 8-5544] ROM "u_buf_bank_reg[0][0]" won't be mapped to Block RAM because address size (3) smaller than threshold (5)
INFO: [Synth 8-5544] ROM "u_buf_bank_reg[0][1]" won't be mapped to Block RAM because address size (3) smaller than threshold (5)
INFO: [Synth 8-5544] ROM "u_buf_bank_reg[0][2]" won't be mapped to Block RAM because address size (3) smaller than threshold (5)
INFO: [Synth 8-5544] ROM "u_buf_bank_reg[0][3]" won't be mapped to Block RAM because address size (3) smaller than threshold (5)
INFO: [Synth 8-5544] ROM "u_buf_bank_reg[0][4]" won't be mapped to Block RAM because address size (3) smaller than threshold (5)
INFO: [Synth 8-4471] merging register 'vic_start_reg' into 'load_done_reg' [C:/Users/khanm/OneDrive/Documents/GitHub/ECE532_Project_MVP/Project/project_mvp/project_mvp_top.sv:121]
---------------------------------------------------------------------------------------------------
                   State |                     New Encoding |                Previous Encoding 
---------------------------------------------------------------------------------------------------
                  iSTATE |                                0 |                               00
                 iSTATE0 |                                1 |                               01
---------------------------------------------------------------------------------------------------
INFO: [Synth 8-3354] encoded FSM with state register 'byte_count_reg' using encoding 'sequential' in module 'uart_buf'
---------------------------------------------------------------------------------
Finished RTL Optimization Phase 2 : Time (s): cpu = 00:00:05 ; elapsed = 00:00:04 . Memory (MB): peak = 670.320 ; gain = 302.457
---------------------------------------------------------------------------------

Report RTL Partitions: 
+-+--------------+------------+----------+
| |RTL Partition |Replication |Instances |
+-+--------------+------------+----------+
+-+--------------+------------+----------+
No constraint files found.
---------------------------------------------------------------------------------
Start RTL Component Statistics 
---------------------------------------------------------------------------------
Detailed RTL Component Info : 
+---Adders : 
	   2 Input     17 Bit       Adders := 2     
	   2 Input     10 Bit       Adders := 5     
	   2 Input      9 Bit       Adders := 1     
	   2 Input      8 Bit       Adders := 6     
	   2 Input      7 Bit       Adders := 1     
	   2 Input      4 Bit       Adders := 1     
	   2 Input      3 Bit       Adders := 2     
+---Registers : 
	               48 Bit    Registers := 1     
	               25 Bit    Registers := 5     
	               17 Bit    Registers := 105   
	               16 Bit    Registers := 22    
	               12 Bit    Registers := 1     
	               10 Bit    Registers := 4     
	                8 Bit    Registers := 9     
	                7 Bit    Registers := 2     
	                4 Bit    Registers := 2     
	                3 Bit    Registers := 6     
	                1 Bit    Registers := 25    
+---Muxes : 
	   8 Input     48 Bit        Muxes := 1     
	   2 Input     17 Bit        Muxes := 3     
	   2 Input     16 Bit        Muxes := 11    
	   2 Input     12 Bit        Muxes := 4     
	   2 Input      8 Bit        Muxes := 3     
	   8 Input      8 Bit        Muxes := 1     
	   2 Input      4 Bit        Muxes := 1     
	  10 Input      3 Bit        Muxes := 1     
	   2 Input      1 Bit        Muxes := 137   
	   8 Input      1 Bit        Muxes := 116   
---------------------------------------------------------------------------------
Finished RTL Component Statistics 
---------------------------------------------------------------------------------
---------------------------------------------------------------------------------
Start RTL Hierarchical Component Statistics 
---------------------------------------------------------------------------------
Hierarchical RTL Component report 
Module project_mvp_top 
Detailed RTL Component Info : 
+---Registers : 
	                1 Bit    Registers := 3     
Module uart_rx 
Detailed RTL Component Info : 
+---Adders : 
	   2 Input     10 Bit       Adders := 1     
	   2 Input      4 Bit       Adders := 1     
+---Registers : 
	               16 Bit    Registers := 1     
	                8 Bit    Registers := 1     
	                4 Bit    Registers := 1     
	                1 Bit    Registers := 4     
+---Muxes : 
	   2 Input      4 Bit        Muxes := 1     
	   2 Input      1 Bit        Muxes := 6     
Module uart_buf 
Detailed RTL Component Info : 
+---Adders : 
	   2 Input     17 Bit       Adders := 1     
+---Registers : 
	               17 Bit    Registers := 2     
	               16 Bit    Registers := 1     
	                8 Bit    Registers := 1     
	                1 Bit    Registers := 2     
+---Muxes : 
	   2 Input     17 Bit        Muxes := 2     
	   2 Input      1 Bit        Muxes := 6     
Module svd_preloader_200_5dsp 
Detailed RTL Component Info : 
+---Adders : 
	   2 Input      8 Bit       Adders := 2     
	   2 Input      3 Bit       Adders := 2     
+---Registers : 
	               17 Bit    Registers := 2     
	                8 Bit    Registers := 3     
	                3 Bit    Registers := 6     
	                1 Bit    Registers := 5     
+---Muxes : 
	   2 Input      1 Bit        Muxes := 7     
Module reconstruction_compute_200_5dsp 
Detailed RTL Component Info : 
+---Adders : 
	   2 Input     17 Bit       Adders := 1     
	   2 Input      9 Bit       Adders := 1     
	   2 Input      8 Bit       Adders := 4     
	   2 Input      7 Bit       Adders := 1     
+---Registers : 
	               48 Bit    Registers := 1     
	               25 Bit    Registers := 5     
	               17 Bit    Registers := 101   
	               16 Bit    Registers := 20    
	                8 Bit    Registers := 4     
	                7 Bit    Registers := 2     
	                4 Bit    Registers := 1     
	                1 Bit    Registers := 6     
+---Muxes : 
	   8 Input     48 Bit        Muxes := 1     
	   2 Input     17 Bit        Muxes := 1     
	   2 Input     16 Bit        Muxes := 10    
	   2 Input      8 Bit        Muxes := 3     
	   8 Input      8 Bit        Muxes := 1     
	  10 Input      3 Bit        Muxes := 1     
	   8 Input      1 Bit        Muxes := 116   
	   2 Input      1 Bit        Muxes := 109   
Module vga_output 
Detailed RTL Component Info : 
+---Adders : 
	   2 Input     10 Bit       Adders := 4     
+---Registers : 
	               10 Bit    Registers := 4     
	                1 Bit    Registers := 4     
+---Muxes : 
	   2 Input     12 Bit        Muxes := 1     
	   2 Input      1 Bit        Muxes := 9     
Module vga_buf 
Detailed RTL Component Info : 
+---Registers : 
	               12 Bit    Registers := 1     
	                1 Bit    Registers := 1     
+---Muxes : 
	   2 Input     16 Bit        Muxes := 1     
	   2 Input     12 Bit        Muxes := 3     
---------------------------------------------------------------------------------
Finished RTL Hierarchical Component Statistics
---------------------------------------------------------------------------------
---------------------------------------------------------------------------------
Start Part Resource Summary
---------------------------------------------------------------------------------
Part Resources:
DSPs: 240 (col length:80)
BRAMs: 270 (col length: RAMB18 80 RAMB36 40)
---------------------------------------------------------------------------------
Finished Part Resource Summary
---------------------------------------------------------------------------------
No constraint files found.
---------------------------------------------------------------------------------
Start Cross Boundary and Area Optimization
---------------------------------------------------------------------------------
Warning: Parallel synthesis criteria is not met 
INFO: [Synth 8-4471] merging register 'ld_issue_idx_reg[2:0]' into 'ld_issue_idx_reg[2:0]' [c:/Users/khanm/OneDrive/Documents/GitHub/ECE532_Project_MVP/Project/project_mvp/src/svd_preloader_200_5dsp.sv:95]
INFO: [Synth 8-4471] merging register 'next_load_t_reg[7:0]' into 'next_load_t_reg[7:0]' [c:/Users/khanm/OneDrive/Documents/GitHub/ECE532_Project_MVP/Project/project_mvp/src/svd_preloader_200_5dsp.sv:93]
INFO: [Synth 8-4471] merging register 'ld_issue_idx_reg[2:0]' into 'ld_issue_idx_reg[2:0]' [c:/Users/khanm/OneDrive/Documents/GitHub/ECE532_Project_MVP/Project/project_mvp/src/svd_preloader_200_5dsp.sv:95]
INFO: [Synth 8-4471] merging register 'next_load_t_reg[7:0]' into 'next_load_t_reg[7:0]' [c:/Users/khanm/OneDrive/Documents/GitHub/ECE532_Project_MVP/Project/project_mvp/src/svd_preloader_200_5dsp.sv:93]
INFO: [Synth 8-4471] merging register 'ld_base_t_reg[7:0]' into 'ld_base_t_reg[7:0]' [c:/Users/khanm/OneDrive/Documents/GitHub/ECE532_Project_MVP/Project/project_mvp/src/svd_preloader_200_5dsp.sv:94]
INFO: [Synth 8-4471] merging register 'i_reg[7:0]' into 'i_reg[7:0]' [c:/Users/khanm/OneDrive/Documents/GitHub/ECE532_Project_MVP/Project/project_mvp/src/reconstruction_compute_200_5dsp.sv:169]
INFO: [Synth 8-4471] merging register 'j_reg[7:0]' into 'j_reg[7:0]' [c:/Users/khanm/OneDrive/Documents/GitHub/ECE532_Project_MVP/Project/project_mvp/src/reconstruction_compute_200_5dsp.sv:170]
DSP Report: Generating DSP p_0_out, operation Mode is: A*B.
DSP Report: operator p_0_out is absorbed into DSP p_0_out.
DSP Report: Generating DSP acc2, operation Mode is: A2*B.
DSP Report: register sv_buf_reg[4] is absorbed into DSP acc2.
DSP Report: operator acc2 is absorbed into DSP acc2.
DSP Report: Generating DSP p_0_out, operation Mode is: A*B.
DSP Report: operator p_0_out is absorbed into DSP p_0_out.
DSP Report: Generating DSP acc0, operation Mode is: PCIN+A2*B.
DSP Report: register sv_buf_reg[0] is absorbed into DSP acc0.
DSP Report: operator acc0 is absorbed into DSP acc0.
DSP Report: operator acc5 is absorbed into DSP acc0.
DSP Report: Generating DSP p_0_out, operation Mode is: A*B.
DSP Report: operator p_0_out is absorbed into DSP p_0_out.
DSP Report: Generating DSP acc0, operation Mode is: PCIN+A2*B.
DSP Report: register sv_buf_reg[3] is absorbed into DSP acc0.
DSP Report: operator acc0 is absorbed into DSP acc0.
DSP Report: operator acc3 is absorbed into DSP acc0.
DSP Report: Generating DSP p_0_out, operation Mode is: A*B.
DSP Report: operator p_0_out is absorbed into DSP p_0_out.
DSP Report: Generating DSP acc0, operation Mode is: PCIN+A2*B.
DSP Report: register sv_buf_reg[2] is absorbed into DSP acc0.
DSP Report: operator acc0 is absorbed into DSP acc0.
DSP Report: operator acc4 is absorbed into DSP acc0.
DSP Report: Generating DSP p_0_out, operation Mode is: A*B.
DSP Report: operator p_0_out is absorbed into DSP p_0_out.
DSP Report: Generating DSP acc0, operation Mode is: PCIN+A2*B.
DSP Report: register sv_buf_reg[1] is absorbed into DSP acc0.
DSP Report: operator acc0 is absorbed into DSP acc0.
DSP Report: operator acc5 is absorbed into DSP acc0.
DSP Report: Generating DSP vga_buf_1/bram_addrb0, operation Mode is: C'+A2*(B:0xc8).
DSP Report: register vga_buf_1/vga_output_1/v_valid_count_reg is absorbed into DSP vga_buf_1/bram_addrb0.
DSP Report: register vga_buf_1/vga_output_1/h_valid_count_reg is absorbed into DSP vga_buf_1/bram_addrb0.
DSP Report: operator vga_buf_1/bram_addrb0 is absorbed into DSP vga_buf_1/bram_addrb0.
DSP Report: operator vga_buf_1/bram_addrb1 is absorbed into DSP vga_buf_1/bram_addrb0.
WARNING: [Synth 8-3917] design project_mvp_top has port bram_dina_uart[16] driven by constant 0
WARNING: [Synth 8-3917] design project_mvp_top has port bram_enb_uart driven by constant 1
WARNING: [Synth 8-3917] design project_mvp_top has port vga_dina_dsp[16] driven by constant 0
WARNING: [Synth 8-3917] design project_mvp_top has port vga_dina_dsp[15] driven by constant 0
WARNING: [Synth 8-3917] design project_mvp_top has port vga_dina_dsp[14] driven by constant 0
WARNING: [Synth 8-3917] design project_mvp_top has port vga_dina_dsp[13] driven by constant 0
WARNING: [Synth 8-3917] design project_mvp_top has port vga_dina_dsp[12] driven by constant 0
WARNING: [Synth 8-3917] design project_mvp_top has port vga_dina_dsp[11] driven by constant 0
WARNING: [Synth 8-3917] design project_mvp_top has port vga_dina_dsp[10] driven by constant 0
WARNING: [Synth 8-3917] design project_mvp_top has port vga_dina_dsp[9] driven by constant 0
WARNING: [Synth 8-3917] design project_mvp_top has port vga_dina_dsp[8] driven by constant 0
WARNING: [Synth 8-3917] design project_mvp_top has port vga_dina_dsp[7] driven by constant 0
WARNING: [Synth 8-3917] design project_mvp_top has port vga_dina_dsp[6] driven by constant 0
WARNING: [Synth 8-3917] design project_mvp_top has port vga_dina_dsp[5] driven by constant 0
WARNING: [Synth 8-3917] design project_mvp_top has port vga_dina_dsp[4] driven by constant 0
WARNING: [Synth 8-3917] design project_mvp_top has port vga_ena_dsp driven by constant 1
WARNING: [Synth 8-3917] design project_mvp_top has port vga_web_dsp driven by constant 0
WARNING: [Synth 8-3917] design project_mvp_top has port bram_wea_3 driven by constant 0
WARNING: [Synth 8-3331] design project_mvp_top has unconnected port led[15]
WARNING: [Synth 8-3331] design project_mvp_top has unconnected port led[14]
WARNING: [Synth 8-3331] design project_mvp_top has unconnected port led[13]
WARNING: [Synth 8-3331] design project_mvp_top has unconnected port led[12]
WARNING: [Synth 8-3331] design project_mvp_top has unconnected port led[11]
WARNING: [Synth 8-3331] design project_mvp_top has unconnected port led[10]
WARNING: [Synth 8-3331] design project_mvp_top has unconnected port led[9]
WARNING: [Synth 8-3331] design project_mvp_top has unconnected port led[8]
WARNING: [Synth 8-3331] design project_mvp_top has unconnected port led[7]
WARNING: [Synth 8-3331] design project_mvp_top has unconnected port led[6]
WARNING: [Synth 8-3331] design project_mvp_top has unconnected port led[5]
WARNING: [Synth 8-3331] design project_mvp_top has unconnected port led[4]
WARNING: [Synth 8-3331] design project_mvp_top has unconnected port led[3]
WARNING: [Synth 8-3331] design project_mvp_top has unconnected port led[2]
WARNING: [Synth 8-3331] design project_mvp_top has unconnected port vga_wea
WARNING: [Synth 8-3331] design project_mvp_top has unconnected port vga_addra[13]
WARNING: [Synth 8-3331] design project_mvp_top has unconnected port vga_addra[12]
WARNING: [Synth 8-3331] design project_mvp_top has unconnected port vga_addra[11]
WARNING: [Synth 8-3331] design project_mvp_top has unconnected port vga_addra[10]
WARNING: [Synth 8-3331] design project_mvp_top has unconnected port vga_addra[9]
INFO: [Common 17-14] Message 'Synth 8-3331' appears 100 times and further instances of the messages will be disabled. Use the Tcl command set_msg_config to change the current settings.
INFO: [Synth 8-3333] propagating constant 0 across sequential element (u_compute/\s_cache_reg[64][16] )
INFO: [Synth 8-3333] propagating constant 0 across sequential element (u_compute/\s_cache_reg[63][16] )
INFO: [Synth 8-3333] propagating constant 0 across sequential element (u_compute/\s_cache_reg[62][16] )
INFO: [Synth 8-3333] propagating constant 0 across sequential element (u_compute/\s_cache_reg[61][16] )
INFO: [Synth 8-3333] propagating constant 0 across sequential element (u_compute/\s_cache_reg[60][16] )
INFO: [Synth 8-3333] propagating constant 0 across sequential element (u_compute/\s_cache_reg[59][16] )
INFO: [Synth 8-3333] propagating constant 0 across sequential element (u_compute/\s_cache_reg[58][16] )
INFO: [Synth 8-3333] propagating constant 0 across sequential element (u_compute/\s_cache_reg[57][16] )
INFO: [Synth 8-3333] propagating constant 0 across sequential element (u_compute/\s_cache_reg[56][16] )
INFO: [Synth 8-3333] propagating constant 0 across sequential element (u_compute/\s_cache_reg[55][16] )
INFO: [Synth 8-3333] propagating constant 0 across sequential element (u_compute/\s_cache_reg[54][16] )
INFO: [Synth 8-3333] propagating constant 0 across sequential element (u_compute/\s_cache_reg[53][16] )
INFO: [Synth 8-3333] propagating constant 0 across sequential element (u_compute/\s_cache_reg[52][16] )
INFO: [Synth 8-3333] propagating constant 0 across sequential element (u_compute/\s_cache_reg[51][16] )
INFO: [Synth 8-3333] propagating constant 0 across sequential element (u_compute/\s_cache_reg[50][16] )
INFO: [Synth 8-3333] propagating constant 0 across sequential element (u_compute/\s_cache_reg[49][16] )
INFO: [Synth 8-3333] propagating constant 0 across sequential element (u_compute/\s_cache_reg[48][16] )
INFO: [Synth 8-3333] propagating constant 0 across sequential element (u_compute/\s_cache_reg[47][16] )
INFO: [Synth 8-3333] propagating constant 0 across sequential element (u_compute/\s_cache_reg[46][16] )
INFO: [Synth 8-3333] propagating constant 0 across sequential element (u_compute/\s_cache_reg[45][16] )
INFO: [Synth 8-3333] propagating constant 0 across sequential element (u_compute/\s_cache_reg[44][16] )
INFO: [Synth 8-3333] propagating constant 0 across sequential element (u_compute/\s_cache_reg[43][16] )
INFO: [Synth 8-3333] propagating constant 0 across sequential element (u_compute/\s_cache_reg[42][16] )
INFO: [Synth 8-3333] propagating constant 0 across sequential element (u_compute/\s_cache_reg[41][16] )
INFO: [Synth 8-3333] propagating constant 0 across sequential element (u_compute/\s_cache_reg[40][16] )
INFO: [Synth 8-3333] propagating constant 0 across sequential element (u_compute/\s_cache_reg[39][16] )
INFO: [Synth 8-3333] propagating constant 0 across sequential element (u_compute/\s_cache_reg[38][16] )
INFO: [Synth 8-3333] propagating constant 0 across sequential element (u_compute/\s_cache_reg[37][16] )
INFO: [Synth 8-3333] propagating constant 0 across sequential element (u_compute/\s_cache_reg[36][16] )
INFO: [Synth 8-3333] propagating constant 0 across sequential element (u_compute/\s_cache_reg[35][16] )
INFO: [Synth 8-3333] propagating constant 0 across sequential element (u_compute/\s_cache_reg[34][16] )
INFO: [Synth 8-3333] propagating constant 0 across sequential element (u_compute/\s_cache_reg[33][16] )
INFO: [Synth 8-3333] propagating constant 0 across sequential element (u_compute/\s_cache_reg[32][16] )
INFO: [Synth 8-3333] propagating constant 0 across sequential element (u_compute/\s_cache_reg[31][16] )
INFO: [Synth 8-3333] propagating constant 0 across sequential element (u_compute/\s_cache_reg[30][16] )
INFO: [Synth 8-3333] propagating constant 0 across sequential element (u_compute/\s_cache_reg[29][16] )
INFO: [Synth 8-3333] propagating constant 0 across sequential element (u_compute/\s_cache_reg[28][16] )
INFO: [Synth 8-3333] propagating constant 0 across sequential element (u_compute/\s_cache_reg[27][16] )
INFO: [Synth 8-3333] propagating constant 0 across sequential element (u_compute/\s_cache_reg[26][16] )
INFO: [Synth 8-3333] propagating constant 0 across sequential element (u_compute/\s_cache_reg[25][16] )
INFO: [Synth 8-3333] propagating constant 0 across sequential element (u_compute/\s_cache_reg[24][16] )
INFO: [Synth 8-3333] propagating constant 0 across sequential element (u_compute/\s_cache_reg[23][16] )
INFO: [Synth 8-3333] propagating constant 0 across sequential element (u_compute/\s_cache_reg[22][16] )
INFO: [Synth 8-3333] propagating constant 0 across sequential element (u_compute/\s_cache_reg[21][16] )
INFO: [Synth 8-3333] propagating constant 0 across sequential element (u_compute/\s_cache_reg[20][16] )
INFO: [Synth 8-3333] propagating constant 0 across sequential element (u_compute/\s_cache_reg[19][16] )
INFO: [Synth 8-3333] propagating constant 0 across sequential element (u_compute/\s_cache_reg[18][16] )
INFO: [Synth 8-3333] propagating constant 0 across sequential element (u_compute/\s_cache_reg[17][16] )
INFO: [Synth 8-3333] propagating constant 0 across sequential element (u_compute/\s_cache_reg[16][16] )
INFO: [Synth 8-3333] propagating constant 0 across sequential element (u_compute/\s_cache_reg[15][16] )
INFO: [Synth 8-3333] propagating constant 0 across sequential element (u_compute/\s_cache_reg[14][16] )
INFO: [Synth 8-3333] propagating constant 0 across sequential element (u_compute/\s_cache_reg[13][16] )
INFO: [Synth 8-3333] propagating constant 0 across sequential element (u_compute/\s_cache_reg[12][16] )
INFO: [Synth 8-3333] propagating constant 0 across sequential element (u_compute/\s_cache_reg[11][16] )
INFO: [Synth 8-3333] propagating constant 0 across sequential element (u_compute/\s_cache_reg[10][16] )
INFO: [Synth 8-3333] propagating constant 0 across sequential element (u_compute/\s_cache_reg[9][16] )
INFO: [Synth 8-3333] propagating constant 0 across sequential element (u_compute/\s_cache_reg[8][16] )
INFO: [Synth 8-3333] propagating constant 0 across sequential element (u_compute/\s_cache_reg[7][16] )
INFO: [Synth 8-3333] propagating constant 0 across sequential element (u_compute/\s_cache_reg[6][16] )
INFO: [Synth 8-3333] propagating constant 0 across sequential element (u_compute/\s_cache_reg[5][16] )
INFO: [Synth 8-3333] propagating constant 0 across sequential element (u_compute/\s_cache_reg[4][16] )
INFO: [Synth 8-3333] propagating constant 0 across sequential element (u_compute/\s_cache_reg[3][16] )
INFO: [Synth 8-3333] propagating constant 0 across sequential element (u_compute/\s_cache_reg[2][16] )
INFO: [Synth 8-3333] propagating constant 0 across sequential element (u_compute/\s_cache_reg[1][16] )
INFO: [Synth 8-3333] propagating constant 0 across sequential element (u_compute/\s_cache_reg[0][16] )
INFO: [Synth 8-3333] propagating constant 0 across sequential element (u_compute/\s_cache_reg[99][16] )
INFO: [Synth 8-3333] propagating constant 0 across sequential element (u_compute/\s_cache_reg[98][16] )
INFO: [Synth 8-3333] propagating constant 0 across sequential element (u_compute/\s_cache_reg[97][16] )
INFO: [Synth 8-3333] propagating constant 0 across sequential element (u_compute/\s_cache_reg[96][16] )
INFO: [Synth 8-3333] propagating constant 0 across sequential element (u_compute/\s_cache_reg[95][16] )
INFO: [Synth 8-3333] propagating constant 0 across sequential element (u_compute/\s_cache_reg[94][16] )
INFO: [Synth 8-3333] propagating constant 0 across sequential element (u_compute/\s_cache_reg[93][16] )
INFO: [Synth 8-3333] propagating constant 0 across sequential element (u_compute/\s_cache_reg[92][16] )
INFO: [Synth 8-3333] propagating constant 0 across sequential element (u_compute/\s_cache_reg[91][16] )
INFO: [Synth 8-3333] propagating constant 0 across sequential element (u_compute/\s_cache_reg[90][16] )
INFO: [Synth 8-3333] propagating constant 0 across sequential element (u_compute/\s_cache_reg[89][16] )
INFO: [Synth 8-3333] propagating constant 0 across sequential element (u_compute/\s_cache_reg[88][16] )
INFO: [Synth 8-3333] propagating constant 0 across sequential element (u_compute/\s_cache_reg[87][16] )
INFO: [Synth 8-3333] propagating constant 0 across sequential element (u_compute/\s_cache_reg[86][16] )
INFO: [Synth 8-3333] propagating constant 0 across sequential element (u_compute/\s_cache_reg[85][16] )
INFO: [Synth 8-3333] propagating constant 0 across sequential element (u_compute/\s_cache_reg[84][16] )
INFO: [Synth 8-3333] propagating constant 0 across sequential element (u_compute/\s_cache_reg[83][16] )
INFO: [Synth 8-3333] propagating constant 0 across sequential element (u_compute/\s_cache_reg[82][16] )
INFO: [Synth 8-3333] propagating constant 0 across sequential element (u_compute/\s_cache_reg[81][16] )
INFO: [Synth 8-3333] propagating constant 0 across sequential element (u_compute/\s_cache_reg[80][16] )
INFO: [Synth 8-3333] propagating constant 0 across sequential element (u_compute/\s_cache_reg[79][16] )
INFO: [Synth 8-3333] propagating constant 0 across sequential element (u_compute/\s_cache_reg[78][16] )
INFO: [Synth 8-3333] propagating constant 0 across sequential element (u_compute/\s_cache_reg[77][16] )
INFO: [Synth 8-3333] propagating constant 0 across sequential element (u_compute/\s_cache_reg[76][16] )
INFO: [Synth 8-3333] propagating constant 0 across sequential element (u_compute/\s_cache_reg[75][16] )
INFO: [Synth 8-3333] propagating constant 0 across sequential element (u_compute/\s_cache_reg[74][16] )
INFO: [Synth 8-3333] propagating constant 0 across sequential element (u_compute/\s_cache_reg[73][16] )
INFO: [Synth 8-3333] propagating constant 0 across sequential element (u_compute/\s_cache_reg[72][16] )
INFO: [Synth 8-3333] propagating constant 0 across sequential element (u_compute/\s_cache_reg[71][16] )
INFO: [Synth 8-3333] propagating constant 0 across sequential element (u_compute/\s_cache_reg[70][16] )
INFO: [Synth 8-3333] propagating constant 0 across sequential element (u_compute/\s_cache_reg[69][16] )
INFO: [Synth 8-3333] propagating constant 0 across sequential element (u_compute/\s_cache_reg[68][16] )
INFO: [Synth 8-3333] propagating constant 0 across sequential element (u_compute/\s_cache_reg[67][16] )
INFO: [Synth 8-3333] propagating constant 0 across sequential element (u_compute/\s_cache_reg[66][16] )
INFO: [Synth 8-3333] propagating constant 0 across sequential element (u_compute/\s_cache_reg[65][16] )
INFO: [Common 17-14] Message 'Synth 8-3333' appears 100 times and further instances of the messages will be disabled. Use the Tcl command set_msg_config to change the current settings.
INFO: [Synth 8-3886] merging instance 'u_compute/s_cap_idx_d0_reg[3]' (FDRE) to 'u_compute/s_bram_addr_reg[3]'
INFO: [Synth 8-3886] merging instance 'u_compute/s_cap_idx_d0_reg[2]' (FDRE) to 'u_compute/s_bram_addr_reg[2]'
INFO: [Synth 8-3886] merging instance 'u_compute/s_cap_idx_d0_reg[4]' (FDRE) to 'u_compute/s_bram_addr_reg[4]'
INFO: [Synth 8-3886] merging instance 'u_compute/s_cap_idx_d0_reg[5]' (FDRE) to 'u_compute/s_bram_addr_reg[5]'
INFO: [Synth 8-3886] merging instance 'u_compute/s_cap_idx_d0_reg[6]' (FDRE) to 'u_compute/s_bram_addr_reg[8]'
INFO: [Synth 8-3886] merging instance 'u_compute/s_cap_idx_d0_reg[1]' (FDRE) to 'u_compute/s_bram_addr_reg[1]'
INFO: [Synth 8-3886] merging instance 'u_compute/s_cap_idx_d0_reg[0]' (FDRE) to 'u_compute/s_bram_addr_reg[0]'
INFO: [Synth 8-3886] merging instance 'u_compute/s_bram_addr_reg[6]' (FDSE) to 'u_compute/s_bram_addr_reg[7]'
INFO: [Synth 8-3886] merging instance 'u_compute/s_bram_addr_reg[9]' (FDRE) to 'u_compute/s_bram_addr_reg[11]'
INFO: [Synth 8-3886] merging instance 'u_compute/s_bram_addr_reg[10]' (FDSE) to 'u_compute/s_bram_addr_reg[12]'
INFO: [Synth 8-3886] merging instance 'u_compute/s_bram_addr_reg[14]' (FDSE) to 'u_compute/s_bram_addr_reg[12]'
INFO: [Synth 8-3886] merging instance 'u_compute/s_bram_addr_reg[15]' (FDSE) to 'u_compute/s_bram_addr_reg[12]'
INFO: [Synth 8-3886] merging instance 'u_compute/s_bram_addr_reg[16]' (FDSE) to 'u_compute/s_bram_addr_reg[12]'
INFO: [Synth 8-3886] merging instance 'u_compute/s_bram_addr_reg[11]' (FDRE) to 'u_compute/s_bram_addr_reg[13]'
INFO: [Synth 8-3886] merging instance 'vga_buf_1/vga_data_in_reg[0]' (FD) to 'vga_buf_1/vga_data_in_reg[4]'
INFO: [Synth 8-3886] merging instance 'vga_buf_1/vga_data_in_reg[1]' (FD) to 'vga_buf_1/vga_data_in_reg[5]'
INFO: [Synth 8-3886] merging instance 'vga_buf_1/vga_data_in_reg[2]' (FD) to 'vga_buf_1/vga_data_in_reg[6]'
INFO: [Synth 8-3886] merging instance 'vga_buf_1/vga_data_in_reg[3]' (FD) to 'vga_buf_1/vga_data_in_reg[7]'
INFO: [Synth 8-3886] merging instance 'vga_buf_1/vga_data_in_reg[4]' (FD) to 'vga_buf_1/vga_data_in_reg[8]'
INFO: [Synth 8-3886] merging instance 'vga_buf_1/vga_data_in_reg[5]' (FD) to 'vga_buf_1/vga_data_in_reg[9]'
INFO: [Synth 8-3886] merging instance 'vga_buf_1/vga_data_in_reg[6]' (FD) to 'vga_buf_1/vga_data_in_reg[10]'
INFO: [Synth 8-3886] merging instance 'vga_buf_1/vga_data_in_reg[7]' (FD) to 'vga_buf_1/vga_data_in_reg[11]'
---------------------------------------------------------------------------------
Finished Cross Boundary and Area Optimization : Time (s): cpu = 00:00:11 ; elapsed = 00:00:10 . Memory (MB): peak = 818.305 ; gain = 450.441
---------------------------------------------------------------------------------
---------------------------------------------------------------------------------
Start ROM, RAM, DSP and Shift Register Reporting
---------------------------------------------------------------------------------

DSP: Preliminary Mapping  Report (see note below)
+--------------------------------+----------------+--------+--------+--------+--------+--------+------+------+------+------+-------+------+------+
|Module Name                     | DSP Mapping    | A Size | B Size | C Size | D Size | P Size | AREG | BREG | CREG | DREG | ADREG | MREG | PREG | 
+--------------------------------+----------------+--------+--------+--------+--------+--------+------+------+------+------+-------+------+------+
|reconstruction_compute_200_5dsp | A*B            | 18     | 16     | -      | -      | 34     | 0    | 0    | -    | -    | -     | 0    | 0    | 
|reconstruction_compute_200_5dsp | A2*B           | 25     | 16     | -      | -      | 41     | 1    | 0    | -    | -    | -     | 0    | 0    | 
|reconstruction_compute_200_5dsp | A*B            | 18     | 16     | -      | -      | 34     | 0    | 0    | -    | -    | -     | 0    | 0    | 
|reconstruction_compute_200_5dsp | PCIN+A2*B      | 25     | 16     | -      | -      | 48     | 1    | 0    | -    | -    | -     | 0    | 0    | 
|reconstruction_compute_200_5dsp | A*B            | 18     | 16     | -      | -      | 34     | 0    | 0    | -    | -    | -     | 0    | 0    | 
|reconstruction_compute_200_5dsp | PCIN+A2*B      | 25     | 16     | -      | -      | 48     | 1    | 0    | -    | -    | -     | 0    | 0    | 
|reconstruction_compute_200_5dsp | A*B            | 18     | 16     | -      | -      | 34     | 0    | 0    | -    | -    | -     | 0    | 0    | 
|reconstruction_compute_200_5dsp | PCIN+A2*B      | 25     | 16     | -      | -      | 48     | 1    | 0    | -    | -    | -     | 0    | 0    | 
|reconstruction_compute_200_5dsp | A*B            | 18     | 16     | -      | -      | 34     | 0    | 0    | -    | -    | -     | 0    | 0    | 
|reconstruction_compute_200_5dsp | PCIN+A2*B      | 25     | 16     | -      | -      | 48     | 1    | 0    | -    | -    | -     | 0    | 0    | 
|project_mvp_top                 | C'+A2*(B:0xc8) | 10     | 8      | 10     | -      | 14     | 1    | 0    | 1    | -    | -     | 0    | 0    | 
+--------------------------------+----------------+--------+--------+--------+--------+--------+------+------+------+------+-------+------+------+

Note: The table above is a preliminary report that shows the DSPs inferred at the current stage of the synthesis flow. Some DSP may be reimplemented as non DSP primitives later in the synthesis flow. Multiple instantiated DSPs are reported only once.
---------------------------------------------------------------------------------
Finished ROM, RAM, DSP and Shift Register Reporting
---------------------------------------------------------------------------------

Report RTL Partitions: 
+-+--------------+------------+----------+
| |RTL Partition |Replication |Instances |
+-+--------------+------------+----------+
+-+--------------+------------+----------+
No constraint files found.
---------------------------------------------------------------------------------
Start Timing Optimization
---------------------------------------------------------------------------------
---------------------------------------------------------------------------------
Finished Timing Optimization : Time (s): cpu = 00:00:11 ; elapsed = 00:00:11 . Memory (MB): peak = 818.305 ; gain = 450.441
---------------------------------------------------------------------------------

Report RTL Partitions: 
+-+--------------+------------+----------+
| |RTL Partition |Replication |Instances |
+-+--------------+------------+----------+
+-+--------------+------------+----------+
---------------------------------------------------------------------------------
Start Technology Mapping
---------------------------------------------------------------------------------
---------------------------------------------------------------------------------
Finished Technology Mapping : Time (s): cpu = 00:00:12 ; elapsed = 00:00:12 . Memory (MB): peak = 818.305 ; gain = 450.441
---------------------------------------------------------------------------------

Report RTL Partitions: 
+-+--------------+------------+----------+
| |RTL Partition |Replication |Instances |
+-+--------------+------------+----------+
+-+--------------+------------+----------+
---------------------------------------------------------------------------------
Start IO Insertion
---------------------------------------------------------------------------------
---------------------------------------------------------------------------------
Start Flattening Before IO Insertion
---------------------------------------------------------------------------------
---------------------------------------------------------------------------------
Finished Flattening Before IO Insertion
---------------------------------------------------------------------------------
---------------------------------------------------------------------------------
Start Final Netlist Cleanup
---------------------------------------------------------------------------------
---------------------------------------------------------------------------------
Finished Final Netlist Cleanup
---------------------------------------------------------------------------------
---------------------------------------------------------------------------------
Finished IO Insertion : Time (s): cpu = 00:00:13 ; elapsed = 00:00:13 . Memory (MB): peak = 818.305 ; gain = 450.441
---------------------------------------------------------------------------------

Report Check Netlist: 
+------+------------------+-------+---------+-------+------------------+
|      |Item              |Errors |Warnings |Status |Description       |
+------+------------------+-------+---------+-------+------------------+
|1     |multi_driven_nets |      0|        0|Passed |Multi driven nets |
+------+------------------+-------+---------+-------+------------------+
---------------------------------------------------------------------------------
Start Renaming Generated Instances
---------------------------------------------------------------------------------
---------------------------------------------------------------------------------
Finished Renaming Generated Instances : Time (s): cpu = 00:00:13 ; elapsed = 00:00:13 . Memory (MB): peak = 818.305 ; gain = 450.441
---------------------------------------------------------------------------------

Report RTL Partitions: 
+-+--------------+------------+----------+
| |RTL Partition |Replication |Instances |
+-+--------------+------------+----------+
+-+--------------+------------+----------+
---------------------------------------------------------------------------------
Start Rebuilding User Hierarchy
---------------------------------------------------------------------------------
---------------------------------------------------------------------------------
Finished Rebuilding User Hierarchy : Time (s): cpu = 00:00:13 ; elapsed = 00:00:13 . Memory (MB): peak = 818.305 ; gain = 450.441
---------------------------------------------------------------------------------
---------------------------------------------------------------------------------
Start Renaming Generated Ports
---------------------------------------------------------------------------------
---------------------------------------------------------------------------------
Finished Renaming Generated Ports : Time (s): cpu = 00:00:13 ; elapsed = 00:00:13 . Memory (MB): peak = 818.305 ; gain = 450.441
---------------------------------------------------------------------------------
---------------------------------------------------------------------------------
Start Handling Custom Attributes
---------------------------------------------------------------------------------
---------------------------------------------------------------------------------
Finished Handling Custom Attributes : Time (s): cpu = 00:00:13 ; elapsed = 00:00:13 . Memory (MB): peak = 818.305 ; gain = 450.441
---------------------------------------------------------------------------------
---------------------------------------------------------------------------------
Start Renaming Generated Nets
---------------------------------------------------------------------------------
---------------------------------------------------------------------------------
Finished Renaming Generated Nets : Time (s): cpu = 00:00:13 ; elapsed = 00:00:13 . Memory (MB): peak = 818.305 ; gain = 450.441
---------------------------------------------------------------------------------
---------------------------------------------------------------------------------
Start Writing Synthesis Report
---------------------------------------------------------------------------------

Report BlackBoxes: 
+-+--------------+----------+
| |BlackBox name |Instances |
+-+--------------+----------+
+-+--------------+----------+

Report Cell Usage: 
+------+--------+------+
|      |Cell    |Count |
+------+--------+------+
|1     |BUFG    |     2|
|2     |CARRY4  |    45|
|3     |DSP48E1 |    11|
|4     |LUT1    |    29|
|5     |LUT2    |   246|
|6     |LUT3    |   262|
|7     |LUT4    |    71|
|8     |LUT5    |   125|
|9     |LUT6    |  2099|
|10    |MUXF7   |   640|
|11    |MUXF8   |   320|
|12    |FDRE    |  2264|
|13    |FDSE    |    11|
|14    |IBUF    |    42|
|15    |OBUF    |   133|
|16    |OBUFT   |    61|
+------+--------+------+

Report Instance Areas: 
+------+-----------------+--------------------------------+------+
|      |Instance         |Module                          |Cells |
+------+-----------------+--------------------------------+------+
|1     |top              |                                |  6361|
|2     |  u_compute      |reconstruction_compute_200_5dsp |  5807|
|3     |    u_preloader  |svd_preloader_200_5dsp          |   159|
|4     |  uart_buf_1     |uart_buf                        |    95|
|5     |  uart_rx_1      |uart_rx                         |    76|
|6     |  vga_buf_1      |vga_buf                         |   138|
|7     |    vga_output_1 |vga_output                      |   132|
+------+-----------------+--------------------------------+------+
---------------------------------------------------------------------------------
Finished Writing Synthesis Report : Time (s): cpu = 00:00:13 ; elapsed = 00:00:13 . Memory (MB): peak = 818.305 ; gain = 450.441
---------------------------------------------------------------------------------
Synthesis finished with 0 errors, 0 critical warnings and 207 warnings.
Synthesis Optimization Runtime : Time (s): cpu = 00:00:13 ; elapsed = 00:00:13 . Memory (MB): peak = 818.305 ; gain = 450.441
Synthesis Optimization Complete : Time (s): cpu = 00:00:13 ; elapsed = 00:00:13 . Memory (MB): peak = 818.305 ; gain = 450.441
INFO: [Project 1-571] Translating synthesized netlist
INFO: [Netlist 29-17] Analyzing 1016 Unisim elements for replacement
INFO: [Netlist 29-28] Unisim Transformation completed in 0 CPU seconds
WARNING: [Netlist 29-101] Netlist 'project_mvp_top' is not ideal for floorplanning, since the cellview 'reconstruction_compute_200_5dsp' contains a large number of primitives.  Please consider enabling hierarchy in synthesis if you want to do floorplanning.
INFO: [Project 1-570] Preparing netlist for logic optimization
INFO: [Opt 31-138] Pushed 0 inverter(s) to 0 load pin(s).
Netlist sorting complete. Time (s): cpu = 00:00:00 ; elapsed = 00:00:00.001 . Memory (MB): peak = 818.305 ; gain = 0.000
INFO: [Project 1-111] Unisim Transformation Summary:
No Unisim elements were transformed.

INFO: [Common 17-83] Releasing license: Synthesis
276 Infos, 149 Warnings, 0 Critical Warnings and 0 Errors encountered.
synth_design completed successfully
synth_design: Time (s): cpu = 00:00:17 ; elapsed = 00:00:18 . Memory (MB): peak = 818.305 ; gain = 463.504
Netlist sorting complete. Time (s): cpu = 00:00:00 ; elapsed = 00:00:00.001 . Memory (MB): peak = 818.305 ; gain = 0.000
WARNING: [Constraints 18-5210] No constraints selected for write.
Resolution: This message can indicate that there are no constraints for the design, or it can indicate that the used_in flags are set such that the constraints are ignored. This later case is used when running synth_design to not write synthesis constraints to the resulting checkpoint. Instead, project constraints are read when the synthesized design is opened.
INFO: [Common 17-1381] The checkpoint 'c:/Users/khanm/OneDrive/Documents/GitHub/ECE532_Project_MVP/Project/Project.tmp/project_mvp_top_v1_0_project/project_mvp_top_v1_0_project.runs/synth_1/project_mvp_top.dcp' has been generated.
INFO: [runtcl-4] Executing : report_utilization -file project_mvp_top_utilization_synth.rpt -pb project_mvp_top_utilization_synth.pb
INFO: [Common 17-206] Exiting Vivado at Tue Mar 31 15:40:35 2026...
