
*** Running vivado
    with args -log bram_ctrl.vds -m64 -product Vivado -mode batch -messageDb vivado.pb -notrace -source bram_ctrl.tcl


****** Vivado v2018.3.1 (64-bit)
  **** SW Build 2489853 on Tue Mar 26 04:20:25 MDT 2019
  **** IP Build 2486929 on Tue Mar 26 06:44:21 MDT 2019
    ** Copyright 1986-2019 Xilinx, Inc. All Rights Reserved.

source bram_ctrl.tcl -notrace
INFO: [IP_Flow 19-234] Refreshing IP repositories
INFO: [IP_Flow 19-1700] Loaded user IP repository 'c:/Users/khanm/OneDrive/Documents/GitHub/ECE532_Project_MVP/Project/bram_mux'.
INFO: [IP_Flow 19-1700] Loaded user IP repository 'c:/Users/khanm/OneDrive/Documents/GitHub/ECE532_Project_MVP/Project/bram_ctrl'.
WARNING: [IP_Flow 19-3656] If you move the project, the path for repository 'c:/Users/khanm/OneDrive/Documents/GitHub/ECE532_Project_MVP/Project/bram_ctrl' may become invalid. A better location for the repository would be in a path adjacent to the project. (Current project location is 'c:/Users/khanm/OneDrive/Documents/GitHub/ECE532_Project_MVP/Project/bram_ctrl/bram_ctrl_v1_0_project/bram_ctrl_v1_0_project.runs/synth_1'.)
INFO: [IP_Flow 19-1700] Loaded user IP repository 'c:/Users/khanm/OneDrive/Documents/GitHub/ECE532_Project_MVP/Project/project_mvp'.
INFO: [IP_Flow 19-2313] Loaded Vivado IP repository 'C:/Xilinx/Vivado/2018.3/data/ip'.
WARNING: [IP_Flow 19-4995] The host OS only allows 260 characters in a normal path. The IP cache path is more than 80 characters. If you experience issues with IP caching, please consider changing the IP cache to a location with a shorter path. Alternately consider using the OS subst command to map part of the path to a drive letter. 
Current IP cache path is c:/users/khanm/onedrive/documents/github/ece532_project_mvp/project/bram_ctrl/bram_ctrl_v1_0_project/bram_ctrl_v1_0_project.cache/ip 
WARNING: [filemgmt 56-99] Vivado Synthesis ignores library specification for Verilog or SystemVerilog files. [c:/Users/khanm/OneDrive/Documents/GitHub/ECE532_Project_MVP/Project/bram_ctrl/bram_ctrl.v:]
Command: synth_design -top bram_ctrl -part xc7a100tcsg324-1
Starting synth_design
Attempting to get a license for feature 'Synthesis' and/or device 'xc7a100t'
INFO: [Common 17-349] Got license for feature 'Synthesis' and/or device 'xc7a100t'
INFO: Launching helper process for spawning children vivado processes
INFO: Helper process launched with PID 15272 
---------------------------------------------------------------------------------
Starting Synthesize : Time (s): cpu = 00:00:01 ; elapsed = 00:00:02 . Memory (MB): peak = 469.535 ; gain = 102.336
---------------------------------------------------------------------------------
INFO: [Synth 8-6157] synthesizing module 'bram_ctrl' [c:/Users/khanm/OneDrive/Documents/GitHub/ECE532_Project_MVP/Project/bram_ctrl/bram_ctrl.v:1]
INFO: [Synth 8-6157] synthesizing module 'bram_mux' [c:/Users/khanm/OneDrive/Documents/GitHub/ECE532_Project_MVP/Project/bram_ctrl/bram_ctrl.v:156]
INFO: [Synth 8-6155] done synthesizing module 'bram_mux' (1#1) [c:/Users/khanm/OneDrive/Documents/GitHub/ECE532_Project_MVP/Project/bram_ctrl/bram_ctrl.v:156]
INFO: [Synth 8-6157] synthesizing module 'bram_dualport_driver' [c:/Users/khanm/OneDrive/Documents/GitHub/ECE532_Project_MVP/Project/bram_ctrl/bram_ctrl.v:113]
	Parameter mem_width bound to: 264000 - type: integer 
INFO: [Synth 8-5534] Detected attribute (* ram_style = "block" *) [c:/Users/khanm/OneDrive/Documents/GitHub/ECE532_Project_MVP/Project/bram_ctrl/bram_ctrl.v:135]
INFO: [Synth 8-6155] done synthesizing module 'bram_dualport_driver' (2#1) [c:/Users/khanm/OneDrive/Documents/GitHub/ECE532_Project_MVP/Project/bram_ctrl/bram_ctrl.v:113]
WARNING: [Synth 8-3848] Net a_dout_1 in module/entity bram_ctrl does not have driver. [c:/Users/khanm/OneDrive/Documents/GitHub/ECE532_Project_MVP/Project/bram_ctrl/bram_ctrl.v:9]
WARNING: [Synth 8-3848] Net b_dout_1 in module/entity bram_ctrl does not have driver. [c:/Users/khanm/OneDrive/Documents/GitHub/ECE532_Project_MVP/Project/bram_ctrl/bram_ctrl.v:15]
WARNING: [Synth 8-3848] Net a_dout_2 in module/entity bram_ctrl does not have driver. [c:/Users/khanm/OneDrive/Documents/GitHub/ECE532_Project_MVP/Project/bram_ctrl/bram_ctrl.v:23]
WARNING: [Synth 8-3848] Net b_dout_2 in module/entity bram_ctrl does not have driver. [c:/Users/khanm/OneDrive/Documents/GitHub/ECE532_Project_MVP/Project/bram_ctrl/bram_ctrl.v:29]
WARNING: [Synth 8-3848] Net a_dout_3 in module/entity bram_ctrl does not have driver. [c:/Users/khanm/OneDrive/Documents/GitHub/ECE532_Project_MVP/Project/bram_ctrl/bram_ctrl.v:37]
WARNING: [Synth 8-3848] Net b_dout_3 in module/entity bram_ctrl does not have driver. [c:/Users/khanm/OneDrive/Documents/GitHub/ECE532_Project_MVP/Project/bram_ctrl/bram_ctrl.v:43]
WARNING: [Synth 8-3848] Net a_dout_4 in module/entity bram_ctrl does not have driver. [c:/Users/khanm/OneDrive/Documents/GitHub/ECE532_Project_MVP/Project/bram_ctrl/bram_ctrl.v:51]
WARNING: [Synth 8-3848] Net b_dout_4 in module/entity bram_ctrl does not have driver. [c:/Users/khanm/OneDrive/Documents/GitHub/ECE532_Project_MVP/Project/bram_ctrl/bram_ctrl.v:57]
INFO: [Synth 8-6155] done synthesizing module 'bram_ctrl' (3#1) [c:/Users/khanm/OneDrive/Documents/GitHub/ECE532_Project_MVP/Project/bram_ctrl/bram_ctrl.v:1]
WARNING: [Synth 8-3331] design bram_dualport_driver has unconnected port reset_n
WARNING: [Synth 8-3331] design bram_mux has unconnected port reset_n
---------------------------------------------------------------------------------
Finished Synthesize : Time (s): cpu = 00:00:04 ; elapsed = 00:00:04 . Memory (MB): peak = 600.461 ; gain = 233.262
---------------------------------------------------------------------------------
---------------------------------------------------------------------------------
Finished Constraint Validation : Time (s): cpu = 00:00:04 ; elapsed = 00:00:04 . Memory (MB): peak = 600.461 ; gain = 233.262
---------------------------------------------------------------------------------
---------------------------------------------------------------------------------
Start Loading Part and Timing Information
---------------------------------------------------------------------------------
Loading part: xc7a100tcsg324-1
---------------------------------------------------------------------------------
Finished Loading Part and Timing Information : Time (s): cpu = 00:00:04 ; elapsed = 00:00:04 . Memory (MB): peak = 600.461 ; gain = 233.262
---------------------------------------------------------------------------------
INFO: [Device 21-403] Loading part xc7a100tcsg324-1
INFO: [Synth 8-3971] The signal mem_reg was recognized as a true dual port RAM template.
---------------------------------------------------------------------------------
Finished RTL Optimization Phase 2 : Time (s): cpu = 00:00:04 ; elapsed = 00:00:05 . Memory (MB): peak = 600.461 ; gain = 233.262
---------------------------------------------------------------------------------

Report RTL Partitions: 
+-+--------------+------------+----------+
| |RTL Partition |Replication |Instances |
+-+--------------+------------+----------+
+-+--------------+------------+----------+
No constraint files found.
---------------------------------------------------------------------------------
Start RTL Component Statistics 
---------------------------------------------------------------------------------
Detailed RTL Component Info : 
+---Registers : 
	               32 Bit    Registers := 2     
	                4 Bit    Registers := 1     
+---RAMs : 
	            4096K Bit         RAMs := 1     
+---Muxes : 
	   2 Input     32 Bit        Muxes := 8     
---------------------------------------------------------------------------------
Finished RTL Component Statistics 
---------------------------------------------------------------------------------
---------------------------------------------------------------------------------
Start RTL Hierarchical Component Statistics 
---------------------------------------------------------------------------------
Hierarchical RTL Component report 
Module bram_mux 
Detailed RTL Component Info : 
+---Registers : 
	                4 Bit    Registers := 1     
+---Muxes : 
	   2 Input     32 Bit        Muxes := 8     
Module bram_dualport_driver 
Detailed RTL Component Info : 
+---Registers : 
	               32 Bit    Registers := 2     
+---RAMs : 
	            4096K Bit         RAMs := 1     
---------------------------------------------------------------------------------
Finished RTL Hierarchical Component Statistics
---------------------------------------------------------------------------------
---------------------------------------------------------------------------------
Start Part Resource Summary
---------------------------------------------------------------------------------
Part Resources:
DSPs: 240 (col length:80)
BRAMs: 270 (col length: RAMB18 80 RAMB36 40)
---------------------------------------------------------------------------------
Finished Part Resource Summary
---------------------------------------------------------------------------------
No constraint files found.
---------------------------------------------------------------------------------
Start Cross Boundary and Area Optimization
---------------------------------------------------------------------------------
Warning: Parallel synthesis criteria is not met 
WARNING: [Synth 8-3331] design bram_ctrl has unconnected port reset_n
INFO: [Synth 8-3971] The signal driver/mem_reg was recognized as a true dual port RAM template.
INFO: [Synth 8-3886] merging instance 'i_1/driver/mem_reg_mux_sel__31' (FDE) to 'i_1/driver/mem_reg_mux_sel__62'
INFO: [Synth 8-3886] merging instance 'i_1/driver/mem_reg_mux_sel__32' (FDE) to 'i_1/driver/mem_reg_mux_sel__62'
INFO: [Synth 8-3886] merging instance 'i_1/driver/mem_reg_mux_sel__33' (FDE) to 'i_1/driver/mem_reg_mux_sel__62'
INFO: [Synth 8-3886] merging instance 'i_1/driver/mem_reg_mux_sel__34' (FDE) to 'i_1/driver/mem_reg_mux_sel__62'
INFO: [Synth 8-3886] merging instance 'i_1/driver/mem_reg_mux_sel__35' (FDE) to 'i_1/driver/mem_reg_mux_sel__62'
INFO: [Synth 8-3886] merging instance 'i_1/driver/mem_reg_mux_sel__36' (FDE) to 'i_1/driver/mem_reg_mux_sel__62'
INFO: [Synth 8-3886] merging instance 'i_1/driver/mem_reg_mux_sel__37' (FDE) to 'i_1/driver/mem_reg_mux_sel__62'
INFO: [Synth 8-3886] merging instance 'i_1/driver/mem_reg_mux_sel__38' (FDE) to 'i_1/driver/mem_reg_mux_sel__62'
INFO: [Synth 8-3886] merging instance 'i_1/driver/mem_reg_mux_sel__39' (FDE) to 'i_1/driver/mem_reg_mux_sel__62'
INFO: [Synth 8-3886] merging instance 'i_1/driver/mem_reg_mux_sel__40' (FDE) to 'i_1/driver/mem_reg_mux_sel__62'
INFO: [Synth 8-3886] merging instance 'i_1/driver/mem_reg_mux_sel__41' (FDE) to 'i_1/driver/mem_reg_mux_sel__62'
INFO: [Synth 8-3886] merging instance 'i_1/driver/mem_reg_mux_sel__42' (FDE) to 'i_1/driver/mem_reg_mux_sel__62'
INFO: [Synth 8-3886] merging instance 'i_1/driver/mem_reg_mux_sel__43' (FDE) to 'i_1/driver/mem_reg_mux_sel__62'
INFO: [Synth 8-3886] merging instance 'i_1/driver/mem_reg_mux_sel__44' (FDE) to 'i_1/driver/mem_reg_mux_sel__62'
INFO: [Synth 8-3886] merging instance 'i_1/driver/mem_reg_mux_sel__45' (FDE) to 'i_1/driver/mem_reg_mux_sel__62'
INFO: [Synth 8-3886] merging instance 'i_1/driver/mem_reg_mux_sel__46' (FDE) to 'i_1/driver/mem_reg_mux_sel__62'
INFO: [Synth 8-3886] merging instance 'i_1/driver/mem_reg_mux_sel__47' (FDE) to 'i_1/driver/mem_reg_mux_sel__62'
INFO: [Synth 8-3886] merging instance 'i_1/driver/mem_reg_mux_sel__48' (FDE) to 'i_1/driver/mem_reg_mux_sel__62'
INFO: [Synth 8-3886] merging instance 'i_1/driver/mem_reg_mux_sel__49' (FDE) to 'i_1/driver/mem_reg_mux_sel__62'
INFO: [Synth 8-3886] merging instance 'i_1/driver/mem_reg_mux_sel__50' (FDE) to 'i_1/driver/mem_reg_mux_sel__62'
INFO: [Synth 8-3886] merging instance 'i_1/driver/mem_reg_mux_sel__51' (FDE) to 'i_1/driver/mem_reg_mux_sel__62'
INFO: [Synth 8-3886] merging instance 'i_1/driver/mem_reg_mux_sel__52' (FDE) to 'i_1/driver/mem_reg_mux_sel__62'
INFO: [Synth 8-3886] merging instance 'i_1/driver/mem_reg_mux_sel__53' (FDE) to 'i_1/driver/mem_reg_mux_sel__62'
INFO: [Synth 8-3886] merging instance 'i_1/driver/mem_reg_mux_sel__54' (FDE) to 'i_1/driver/mem_reg_mux_sel__62'
INFO: [Synth 8-3886] merging instance 'i_1/driver/mem_reg_mux_sel__55' (FDE) to 'i_1/driver/mem_reg_mux_sel__62'
INFO: [Synth 8-3886] merging instance 'i_1/driver/mem_reg_mux_sel__56' (FDE) to 'i_1/driver/mem_reg_mux_sel__62'
INFO: [Synth 8-3886] merging instance 'i_1/driver/mem_reg_mux_sel__57' (FDE) to 'i_1/driver/mem_reg_mux_sel__62'
INFO: [Synth 8-3886] merging instance 'i_1/driver/mem_reg_mux_sel__58' (FDE) to 'i_1/driver/mem_reg_mux_sel__62'
INFO: [Synth 8-3886] merging instance 'i_1/driver/mem_reg_mux_sel__59' (FDE) to 'i_1/driver/mem_reg_mux_sel__62'
INFO: [Synth 8-3886] merging instance 'i_1/driver/mem_reg_mux_sel__60' (FDE) to 'i_1/driver/mem_reg_mux_sel__62'
INFO: [Synth 8-3886] merging instance 'i_1/driver/mem_reg_mux_sel__61' (FDE) to 'i_1/driver/mem_reg_mux_sel__62'
INFO: [Synth 8-3886] merging instance 'i_1/driver/mem_reg_mux_sel' (FDE) to 'i_1/driver/mem_reg_mux_sel__30'
INFO: [Synth 8-3886] merging instance 'i_1/driver/mem_reg_mux_sel__0' (FDE) to 'i_1/driver/mem_reg_mux_sel__30'
INFO: [Synth 8-3886] merging instance 'i_1/driver/mem_reg_mux_sel__1' (FDE) to 'i_1/driver/mem_reg_mux_sel__30'
INFO: [Synth 8-3886] merging instance 'i_1/driver/mem_reg_mux_sel__2' (FDE) to 'i_1/driver/mem_reg_mux_sel__30'
INFO: [Synth 8-3886] merging instance 'i_1/driver/mem_reg_mux_sel__3' (FDE) to 'i_1/driver/mem_reg_mux_sel__30'
INFO: [Synth 8-3886] merging instance 'i_1/driver/mem_reg_mux_sel__4' (FDE) to 'i_1/driver/mem_reg_mux_sel__30'
INFO: [Synth 8-3886] merging instance 'i_1/driver/mem_reg_mux_sel__5' (FDE) to 'i_1/driver/mem_reg_mux_sel__30'
INFO: [Synth 8-3886] merging instance 'i_1/driver/mem_reg_mux_sel__6' (FDE) to 'i_1/driver/mem_reg_mux_sel__30'
INFO: [Synth 8-3886] merging instance 'i_1/driver/mem_reg_mux_sel__7' (FDE) to 'i_1/driver/mem_reg_mux_sel__30'
INFO: [Synth 8-3886] merging instance 'i_1/driver/mem_reg_mux_sel__8' (FDE) to 'i_1/driver/mem_reg_mux_sel__30'
INFO: [Synth 8-3886] merging instance 'i_1/driver/mem_reg_mux_sel__9' (FDE) to 'i_1/driver/mem_reg_mux_sel__30'
INFO: [Synth 8-3886] merging instance 'i_1/driver/mem_reg_mux_sel__10' (FDE) to 'i_1/driver/mem_reg_mux_sel__30'
INFO: [Synth 8-3886] merging instance 'i_1/driver/mem_reg_mux_sel__11' (FDE) to 'i_1/driver/mem_reg_mux_sel__30'
INFO: [Synth 8-3886] merging instance 'i_1/driver/mem_reg_mux_sel__12' (FDE) to 'i_1/driver/mem_reg_mux_sel__30'
INFO: [Synth 8-3886] merging instance 'i_1/driver/mem_reg_mux_sel__13' (FDE) to 'i_1/driver/mem_reg_mux_sel__30'
INFO: [Synth 8-3886] merging instance 'i_1/driver/mem_reg_mux_sel__14' (FDE) to 'i_1/driver/mem_reg_mux_sel__30'
INFO: [Synth 8-3886] merging instance 'i_1/driver/mem_reg_mux_sel__15' (FDE) to 'i_1/driver/mem_reg_mux_sel__30'
INFO: [Synth 8-3886] merging instance 'i_1/driver/mem_reg_mux_sel__16' (FDE) to 'i_1/driver/mem_reg_mux_sel__30'
INFO: [Synth 8-3886] merging instance 'i_1/driver/mem_reg_mux_sel__17' (FDE) to 'i_1/driver/mem_reg_mux_sel__30'
INFO: [Synth 8-3886] merging instance 'i_1/driver/mem_reg_mux_sel__18' (FDE) to 'i_1/driver/mem_reg_mux_sel__30'
INFO: [Synth 8-3886] merging instance 'i_1/driver/mem_reg_mux_sel__19' (FDE) to 'i_1/driver/mem_reg_mux_sel__30'
INFO: [Synth 8-3886] merging instance 'i_1/driver/mem_reg_mux_sel__20' (FDE) to 'i_1/driver/mem_reg_mux_sel__30'
INFO: [Synth 8-3886] merging instance 'i_1/driver/mem_reg_mux_sel__21' (FDE) to 'i_1/driver/mem_reg_mux_sel__30'
INFO: [Synth 8-3886] merging instance 'i_1/driver/mem_reg_mux_sel__22' (FDE) to 'i_1/driver/mem_reg_mux_sel__30'
INFO: [Synth 8-3886] merging instance 'i_1/driver/mem_reg_mux_sel__23' (FDE) to 'i_1/driver/mem_reg_mux_sel__30'
INFO: [Synth 8-3886] merging instance 'i_1/driver/mem_reg_mux_sel__24' (FDE) to 'i_1/driver/mem_reg_mux_sel__30'
INFO: [Synth 8-3886] merging instance 'i_1/driver/mem_reg_mux_sel__25' (FDE) to 'i_1/driver/mem_reg_mux_sel__30'
INFO: [Synth 8-3886] merging instance 'i_1/driver/mem_reg_mux_sel__26' (FDE) to 'i_1/driver/mem_reg_mux_sel__30'
INFO: [Synth 8-3886] merging instance 'i_1/driver/mem_reg_mux_sel__27' (FDE) to 'i_1/driver/mem_reg_mux_sel__30'
INFO: [Synth 8-3886] merging instance 'i_1/driver/mem_reg_mux_sel__28' (FDE) to 'i_1/driver/mem_reg_mux_sel__30'
INFO: [Synth 8-3886] merging instance 'i_1/driver/mem_reg_mux_sel__29' (FDE) to 'i_1/driver/mem_reg_mux_sel__30'
---------------------------------------------------------------------------------
Finished Cross Boundary and Area Optimization : Time (s): cpu = 00:00:06 ; elapsed = 00:00:07 . Memory (MB): peak = 698.582 ; gain = 331.383
---------------------------------------------------------------------------------
---------------------------------------------------------------------------------
Start ROM, RAM, DSP and Shift Register Reporting
---------------------------------------------------------------------------------

Block RAM: Preliminary Mapping  Report (see note below)
+----------------------+------------+------------------------+---+---+------------------------+---+---+------------------+--------+--------+
|Module Name           | RTL Object | PORT A (Depth x Width) | W | R | PORT B (Depth x Width) | W | R | Ports driving FF | RAMB18 | RAMB36 | 
+----------------------+------------+------------------------+---+---+------------------------+---+---+------------------+--------+--------+
|bram_dualport_driver: | mem_reg    | 128 K x 32(READ_FIRST) | W | R | 128 K x 32(READ_FIRST) | W | R | Port A and B     | 0      | 128    | 
+----------------------+------------+------------------------+---+---+------------------------+---+---+------------------+--------+--------+

Note: The table above is a preliminary report that shows the Block RAMs at the current stage of the synthesis flow. Some Block RAMs may be reimplemented as non Block RAM primitives later in the synthesis flow. Multiple instantiated Block RAMs are reported only once. 
---------------------------------------------------------------------------------
Finished ROM, RAM, DSP and Shift Register Reporting
---------------------------------------------------------------------------------
INFO: [Synth 8-6837] The timing for the instance i_1/driver/mem_reg_1_0 (implemented as a Block RAM) might be sub-optimal as no optional output register could be merged into the block ram. Providing additional output register may help in improving timing.
INFO: [Synth 8-6837] The timing for the instance i_1/driver/mem_reg_1_0 (implemented as a Block RAM) might be sub-optimal as no optional output register could be merged into the block ram. Providing additional output register may help in improving timing.
INFO: [Synth 8-6837] The timing for the instance i_1/driver/mem_reg_1_1 (implemented as a Block RAM) might be sub-optimal as no optional output register could be merged into the block ram. Providing additional output register may help in improving timing.
INFO: [Synth 8-6837] The timing for the instance i_1/driver/mem_reg_1_1 (implemented as a Block RAM) might be sub-optimal as no optional output register could be merged into the block ram. Providing additional output register may help in improving timing.
INFO: [Synth 8-6837] The timing for the instance i_1/driver/mem_reg_1_2 (implemented as a Block RAM) might be sub-optimal as no optional output register could be merged into the block ram. Providing additional output register may help in improving timing.
INFO: [Synth 8-6837] The timing for the instance i_1/driver/mem_reg_1_2 (implemented as a Block RAM) might be sub-optimal as no optional output register could be merged into the block ram. Providing additional output register may help in improving timing.
INFO: [Synth 8-6837] The timing for the instance i_1/driver/mem_reg_1_3 (implemented as a Block RAM) might be sub-optimal as no optional output register could be merged into the block ram. Providing additional output register may help in improving timing.
INFO: [Synth 8-6837] The timing for the instance i_1/driver/mem_reg_1_3 (implemented as a Block RAM) might be sub-optimal as no optional output register could be merged into the block ram. Providing additional output register may help in improving timing.
INFO: [Synth 8-6837] The timing for the instance i_1/driver/mem_reg_1_4 (implemented as a Block RAM) might be sub-optimal as no optional output register could be merged into the block ram. Providing additional output register may help in improving timing.
INFO: [Synth 8-6837] The timing for the instance i_1/driver/mem_reg_1_4 (implemented as a Block RAM) might be sub-optimal as no optional output register could be merged into the block ram. Providing additional output register may help in improving timing.
INFO: [Synth 8-6837] The timing for the instance i_1/driver/mem_reg_1_5 (implemented as a Block RAM) might be sub-optimal as no optional output register could be merged into the block ram. Providing additional output register may help in improving timing.
INFO: [Synth 8-6837] The timing for the instance i_1/driver/mem_reg_1_5 (implemented as a Block RAM) might be sub-optimal as no optional output register could be merged into the block ram. Providing additional output register may help in improving timing.
INFO: [Synth 8-6837] The timing for the instance i_1/driver/mem_reg_1_6 (implemented as a Block RAM) might be sub-optimal as no optional output register could be merged into the block ram. Providing additional output register may help in improving timing.
INFO: [Synth 8-6837] The timing for the instance i_1/driver/mem_reg_1_6 (implemented as a Block RAM) might be sub-optimal as no optional output register could be merged into the block ram. Providing additional output register may help in improving timing.
INFO: [Synth 8-6837] The timing for the instance i_1/driver/mem_reg_1_7 (implemented as a Block RAM) might be sub-optimal as no optional output register could be merged into the block ram. Providing additional output register may help in improving timing.
INFO: [Synth 8-6837] The timing for the instance i_1/driver/mem_reg_1_7 (implemented as a Block RAM) might be sub-optimal as no optional output register could be merged into the block ram. Providing additional output register may help in improving timing.
INFO: [Synth 8-6837] The timing for the instance i_1/driver/mem_reg_1_8 (implemented as a Block RAM) might be sub-optimal as no optional output register could be merged into the block ram. Providing additional output register may help in improving timing.
INFO: [Synth 8-6837] The timing for the instance i_1/driver/mem_reg_1_8 (implemented as a Block RAM) might be sub-optimal as no optional output register could be merged into the block ram. Providing additional output register may help in improving timing.
INFO: [Synth 8-6837] The timing for the instance i_1/driver/mem_reg_1_9 (implemented as a Block RAM) might be sub-optimal as no optional output register could be merged into the block ram. Providing additional output register may help in improving timing.
INFO: [Synth 8-6837] The timing for the instance i_1/driver/mem_reg_1_9 (implemented as a Block RAM) might be sub-optimal as no optional output register could be merged into the block ram. Providing additional output register may help in improving timing.
INFO: [Synth 8-6837] The timing for the instance i_1/driver/mem_reg_1_10 (implemented as a Block RAM) might be sub-optimal as no optional output register could be merged into the block ram. Providing additional output register may help in improving timing.
INFO: [Synth 8-6837] The timing for the instance i_1/driver/mem_reg_1_10 (implemented as a Block RAM) might be sub-optimal as no optional output register could be merged into the block ram. Providing additional output register may help in improving timing.
INFO: [Synth 8-6837] The timing for the instance i_1/driver/mem_reg_1_11 (implemented as a Block RAM) might be sub-optimal as no optional output register could be merged into the block ram. Providing additional output register may help in improving timing.
INFO: [Synth 8-6837] The timing for the instance i_1/driver/mem_reg_1_11 (implemented as a Block RAM) might be sub-optimal as no optional output register could be merged into the block ram. Providing additional output register may help in improving timing.
INFO: [Synth 8-6837] The timing for the instance i_1/driver/mem_reg_1_12 (implemented as a Block RAM) might be sub-optimal as no optional output register could be merged into the block ram. Providing additional output register may help in improving timing.
INFO: [Synth 8-6837] The timing for the instance i_1/driver/mem_reg_1_12 (implemented as a Block RAM) might be sub-optimal as no optional output register could be merged into the block ram. Providing additional output register may help in improving timing.
INFO: [Synth 8-6837] The timing for the instance i_1/driver/mem_reg_1_13 (implemented as a Block RAM) might be sub-optimal as no optional output register could be merged into the block ram. Providing additional output register may help in improving timing.
INFO: [Synth 8-6837] The timing for the instance i_1/driver/mem_reg_1_13 (implemented as a Block RAM) might be sub-optimal as no optional output register could be merged into the block ram. Providing additional output register may help in improving timing.
INFO: [Synth 8-6837] The timing for the instance i_1/driver/mem_reg_1_14 (implemented as a Block RAM) might be sub-optimal as no optional output register could be merged into the block ram. Providing additional output register may help in improving timing.
INFO: [Synth 8-6837] The timing for the instance i_1/driver/mem_reg_1_14 (implemented as a Block RAM) might be sub-optimal as no optional output register could be merged into the block ram. Providing additional output register may help in improving timing.
INFO: [Synth 8-6837] The timing for the instance i_1/driver/mem_reg_1_15 (implemented as a Block RAM) might be sub-optimal as no optional output register could be merged into the block ram. Providing additional output register may help in improving timing.
INFO: [Synth 8-6837] The timing for the instance i_1/driver/mem_reg_1_15 (implemented as a Block RAM) might be sub-optimal as no optional output register could be merged into the block ram. Providing additional output register may help in improving timing.
INFO: [Synth 8-6837] The timing for the instance i_1/driver/mem_reg_1_16 (implemented as a Block RAM) might be sub-optimal as no optional output register could be merged into the block ram. Providing additional output register may help in improving timing.
INFO: [Synth 8-6837] The timing for the instance i_1/driver/mem_reg_1_16 (implemented as a Block RAM) might be sub-optimal as no optional output register could be merged into the block ram. Providing additional output register may help in improving timing.
INFO: [Synth 8-6837] The timing for the instance i_1/driver/mem_reg_1_17 (implemented as a Block RAM) might be sub-optimal as no optional output register could be merged into the block ram. Providing additional output register may help in improving timing.
INFO: [Synth 8-6837] The timing for the instance i_1/driver/mem_reg_1_17 (implemented as a Block RAM) might be sub-optimal as no optional output register could be merged into the block ram. Providing additional output register may help in improving timing.
INFO: [Synth 8-6837] The timing for the instance i_1/driver/mem_reg_1_18 (implemented as a Block RAM) might be sub-optimal as no optional output register could be merged into the block ram. Providing additional output register may help in improving timing.
INFO: [Synth 8-6837] The timing for the instance i_1/driver/mem_reg_1_18 (implemented as a Block RAM) might be sub-optimal as no optional output register could be merged into the block ram. Providing additional output register may help in improving timing.
INFO: [Synth 8-6837] The timing for the instance i_1/driver/mem_reg_1_19 (implemented as a Block RAM) might be sub-optimal as no optional output register could be merged into the block ram. Providing additional output register may help in improving timing.
INFO: [Synth 8-6837] The timing for the instance i_1/driver/mem_reg_1_19 (implemented as a Block RAM) might be sub-optimal as no optional output register could be merged into the block ram. Providing additional output register may help in improving timing.
INFO: [Synth 8-6837] The timing for the instance i_1/driver/mem_reg_1_20 (implemented as a Block RAM) might be sub-optimal as no optional output register could be merged into the block ram. Providing additional output register may help in improving timing.
INFO: [Synth 8-6837] The timing for the instance i_1/driver/mem_reg_1_20 (implemented as a Block RAM) might be sub-optimal as no optional output register could be merged into the block ram. Providing additional output register may help in improving timing.
INFO: [Synth 8-6837] The timing for the instance i_1/driver/mem_reg_1_21 (implemented as a Block RAM) might be sub-optimal as no optional output register could be merged into the block ram. Providing additional output register may help in improving timing.
INFO: [Synth 8-6837] The timing for the instance i_1/driver/mem_reg_1_21 (implemented as a Block RAM) might be sub-optimal as no optional output register could be merged into the block ram. Providing additional output register may help in improving timing.
INFO: [Synth 8-6837] The timing for the instance i_1/driver/mem_reg_1_22 (implemented as a Block RAM) might be sub-optimal as no optional output register could be merged into the block ram. Providing additional output register may help in improving timing.
INFO: [Synth 8-6837] The timing for the instance i_1/driver/mem_reg_1_22 (implemented as a Block RAM) might be sub-optimal as no optional output register could be merged into the block ram. Providing additional output register may help in improving timing.
INFO: [Synth 8-6837] The timing for the instance i_1/driver/mem_reg_1_23 (implemented as a Block RAM) might be sub-optimal as no optional output register could be merged into the block ram. Providing additional output register may help in improving timing.
INFO: [Synth 8-6837] The timing for the instance i_1/driver/mem_reg_1_23 (implemented as a Block RAM) might be sub-optimal as no optional output register could be merged into the block ram. Providing additional output register may help in improving timing.
INFO: [Synth 8-6837] The timing for the instance i_1/driver/mem_reg_1_24 (implemented as a Block RAM) might be sub-optimal as no optional output register could be merged into the block ram. Providing additional output register may help in improving timing.
INFO: [Synth 8-6837] The timing for the instance i_1/driver/mem_reg_1_24 (implemented as a Block RAM) might be sub-optimal as no optional output register could be merged into the block ram. Providing additional output register may help in improving timing.
INFO: [Synth 8-6837] The timing for the instance i_1/driver/mem_reg_1_25 (implemented as a Block RAM) might be sub-optimal as no optional output register could be merged into the block ram. Providing additional output register may help in improving timing.
INFO: [Synth 8-6837] The timing for the instance i_1/driver/mem_reg_1_25 (implemented as a Block RAM) might be sub-optimal as no optional output register could be merged into the block ram. Providing additional output register may help in improving timing.
INFO: [Synth 8-6837] The timing for the instance i_1/driver/mem_reg_1_26 (implemented as a Block RAM) might be sub-optimal as no optional output register could be merged into the block ram. Providing additional output register may help in improving timing.
INFO: [Synth 8-6837] The timing for the instance i_1/driver/mem_reg_1_26 (implemented as a Block RAM) might be sub-optimal as no optional output register could be merged into the block ram. Providing additional output register may help in improving timing.
INFO: [Synth 8-6837] The timing for the instance i_1/driver/mem_reg_1_27 (implemented as a Block RAM) might be sub-optimal as no optional output register could be merged into the block ram. Providing additional output register may help in improving timing.
INFO: [Synth 8-6837] The timing for the instance i_1/driver/mem_reg_1_27 (implemented as a Block RAM) might be sub-optimal as no optional output register could be merged into the block ram. Providing additional output register may help in improving timing.
INFO: [Synth 8-6837] The timing for the instance i_1/driver/mem_reg_1_28 (implemented as a Block RAM) might be sub-optimal as no optional output register could be merged into the block ram. Providing additional output register may help in improving timing.
INFO: [Synth 8-6837] The timing for the instance i_1/driver/mem_reg_1_28 (implemented as a Block RAM) might be sub-optimal as no optional output register could be merged into the block ram. Providing additional output register may help in improving timing.
INFO: [Synth 8-6837] The timing for the instance i_1/driver/mem_reg_1_29 (implemented as a Block RAM) might be sub-optimal as no optional output register could be merged into the block ram. Providing additional output register may help in improving timing.
INFO: [Synth 8-6837] The timing for the instance i_1/driver/mem_reg_1_29 (implemented as a Block RAM) might be sub-optimal as no optional output register could be merged into the block ram. Providing additional output register may help in improving timing.
INFO: [Synth 8-6837] The timing for the instance i_1/driver/mem_reg_1_30 (implemented as a Block RAM) might be sub-optimal as no optional output register could be merged into the block ram. Providing additional output register may help in improving timing.
INFO: [Synth 8-6837] The timing for the instance i_1/driver/mem_reg_1_30 (implemented as a Block RAM) might be sub-optimal as no optional output register could be merged into the block ram. Providing additional output register may help in improving timing.
INFO: [Synth 8-6837] The timing for the instance i_1/driver/mem_reg_1_31 (implemented as a Block RAM) might be sub-optimal as no optional output register could be merged into the block ram. Providing additional output register may help in improving timing.
INFO: [Synth 8-6837] The timing for the instance i_1/driver/mem_reg_1_31 (implemented as a Block RAM) might be sub-optimal as no optional output register could be merged into the block ram. Providing additional output register may help in improving timing.
INFO: [Synth 8-6837] The timing for the instance i_1/driver/mem_reg_3_0 (implemented as a Block RAM) might be sub-optimal as no optional output register could be merged into the block ram. Providing additional output register may help in improving timing.
INFO: [Synth 8-6837] The timing for the instance i_1/driver/mem_reg_3_0 (implemented as a Block RAM) might be sub-optimal as no optional output register could be merged into the block ram. Providing additional output register may help in improving timing.
INFO: [Synth 8-6837] The timing for the instance i_1/driver/mem_reg_3_1 (implemented as a Block RAM) might be sub-optimal as no optional output register could be merged into the block ram. Providing additional output register may help in improving timing.
INFO: [Synth 8-6837] The timing for the instance i_1/driver/mem_reg_3_1 (implemented as a Block RAM) might be sub-optimal as no optional output register could be merged into the block ram. Providing additional output register may help in improving timing.
INFO: [Synth 8-6837] The timing for the instance i_1/driver/mem_reg_3_2 (implemented as a Block RAM) might be sub-optimal as no optional output register could be merged into the block ram. Providing additional output register may help in improving timing.
INFO: [Synth 8-6837] The timing for the instance i_1/driver/mem_reg_3_2 (implemented as a Block RAM) might be sub-optimal as no optional output register could be merged into the block ram. Providing additional output register may help in improving timing.
INFO: [Synth 8-6837] The timing for the instance i_1/driver/mem_reg_3_3 (implemented as a Block RAM) might be sub-optimal as no optional output register could be merged into the block ram. Providing additional output register may help in improving timing.
INFO: [Synth 8-6837] The timing for the instance i_1/driver/mem_reg_3_3 (implemented as a Block RAM) might be sub-optimal as no optional output register could be merged into the block ram. Providing additional output register may help in improving timing.
INFO: [Synth 8-6837] The timing for the instance i_1/driver/mem_reg_3_4 (implemented as a Block RAM) might be sub-optimal as no optional output register could be merged into the block ram. Providing additional output register may help in improving timing.
INFO: [Synth 8-6837] The timing for the instance i_1/driver/mem_reg_3_4 (implemented as a Block RAM) might be sub-optimal as no optional output register could be merged into the block ram. Providing additional output register may help in improving timing.
INFO: [Synth 8-6837] The timing for the instance i_1/driver/mem_reg_3_5 (implemented as a Block RAM) might be sub-optimal as no optional output register could be merged into the block ram. Providing additional output register may help in improving timing.
INFO: [Synth 8-6837] The timing for the instance i_1/driver/mem_reg_3_5 (implemented as a Block RAM) might be sub-optimal as no optional output register could be merged into the block ram. Providing additional output register may help in improving timing.
INFO: [Synth 8-6837] The timing for the instance i_1/driver/mem_reg_3_6 (implemented as a Block RAM) might be sub-optimal as no optional output register could be merged into the block ram. Providing additional output register may help in improving timing.
INFO: [Synth 8-6837] The timing for the instance i_1/driver/mem_reg_3_6 (implemented as a Block RAM) might be sub-optimal as no optional output register could be merged into the block ram. Providing additional output register may help in improving timing.
INFO: [Synth 8-6837] The timing for the instance i_1/driver/mem_reg_3_7 (implemented as a Block RAM) might be sub-optimal as no optional output register could be merged into the block ram. Providing additional output register may help in improving timing.
INFO: [Synth 8-6837] The timing for the instance i_1/driver/mem_reg_3_7 (implemented as a Block RAM) might be sub-optimal as no optional output register could be merged into the block ram. Providing additional output register may help in improving timing.
INFO: [Synth 8-6837] The timing for the instance i_1/driver/mem_reg_3_8 (implemented as a Block RAM) might be sub-optimal as no optional output register could be merged into the block ram. Providing additional output register may help in improving timing.
INFO: [Synth 8-6837] The timing for the instance i_1/driver/mem_reg_3_8 (implemented as a Block RAM) might be sub-optimal as no optional output register could be merged into the block ram. Providing additional output register may help in improving timing.
INFO: [Synth 8-6837] The timing for the instance i_1/driver/mem_reg_3_9 (implemented as a Block RAM) might be sub-optimal as no optional output register could be merged into the block ram. Providing additional output register may help in improving timing.
INFO: [Synth 8-6837] The timing for the instance i_1/driver/mem_reg_3_9 (implemented as a Block RAM) might be sub-optimal as no optional output register could be merged into the block ram. Providing additional output register may help in improving timing.
INFO: [Synth 8-6837] The timing for the instance i_1/driver/mem_reg_3_10 (implemented as a Block RAM) might be sub-optimal as no optional output register could be merged into the block ram. Providing additional output register may help in improving timing.
INFO: [Synth 8-6837] The timing for the instance i_1/driver/mem_reg_3_10 (implemented as a Block RAM) might be sub-optimal as no optional output register could be merged into the block ram. Providing additional output register may help in improving timing.
INFO: [Synth 8-6837] The timing for the instance i_1/driver/mem_reg_3_11 (implemented as a Block RAM) might be sub-optimal as no optional output register could be merged into the block ram. Providing additional output register may help in improving timing.
INFO: [Synth 8-6837] The timing for the instance i_1/driver/mem_reg_3_11 (implemented as a Block RAM) might be sub-optimal as no optional output register could be merged into the block ram. Providing additional output register may help in improving timing.
INFO: [Synth 8-6837] The timing for the instance i_1/driver/mem_reg_3_12 (implemented as a Block RAM) might be sub-optimal as no optional output register could be merged into the block ram. Providing additional output register may help in improving timing.
INFO: [Synth 8-6837] The timing for the instance i_1/driver/mem_reg_3_12 (implemented as a Block RAM) might be sub-optimal as no optional output register could be merged into the block ram. Providing additional output register may help in improving timing.
INFO: [Synth 8-6837] The timing for the instance i_1/driver/mem_reg_3_13 (implemented as a Block RAM) might be sub-optimal as no optional output register could be merged into the block ram. Providing additional output register may help in improving timing.
INFO: [Synth 8-6837] The timing for the instance i_1/driver/mem_reg_3_13 (implemented as a Block RAM) might be sub-optimal as no optional output register could be merged into the block ram. Providing additional output register may help in improving timing.
INFO: [Synth 8-6837] The timing for the instance i_1/driver/mem_reg_3_14 (implemented as a Block RAM) might be sub-optimal as no optional output register could be merged into the block ram. Providing additional output register may help in improving timing.
INFO: [Synth 8-6837] The timing for the instance i_1/driver/mem_reg_3_14 (implemented as a Block RAM) might be sub-optimal as no optional output register could be merged into the block ram. Providing additional output register may help in improving timing.
INFO: [Synth 8-6837] The timing for the instance i_1/driver/mem_reg_3_15 (implemented as a Block RAM) might be sub-optimal as no optional output register could be merged into the block ram. Providing additional output register may help in improving timing.
INFO: [Synth 8-6837] The timing for the instance i_1/driver/mem_reg_3_15 (implemented as a Block RAM) might be sub-optimal as no optional output register could be merged into the block ram. Providing additional output register may help in improving timing.
INFO: [Synth 8-6837] The timing for the instance i_1/driver/mem_reg_3_16 (implemented as a Block RAM) might be sub-optimal as no optional output register could be merged into the block ram. Providing additional output register may help in improving timing.
INFO: [Synth 8-6837] The timing for the instance i_1/driver/mem_reg_3_16 (implemented as a Block RAM) might be sub-optimal as no optional output register could be merged into the block ram. Providing additional output register may help in improving timing.
INFO: [Synth 8-6837] The timing for the instance i_1/driver/mem_reg_3_17 (implemented as a Block RAM) might be sub-optimal as no optional output register could be merged into the block ram. Providing additional output register may help in improving timing.
INFO: [Synth 8-6837] The timing for the instance i_1/driver/mem_reg_3_17 (implemented as a Block RAM) might be sub-optimal as no optional output register could be merged into the block ram. Providing additional output register may help in improving timing.
INFO: [Common 17-14] Message 'Synth 8-6837' appears 100 times and further instances of the messages will be disabled. Use the Tcl command set_msg_config to change the current settings.

Report RTL Partitions: 
+-+--------------+------------+----------+
| |RTL Partition |Replication |Instances |
+-+--------------+------------+----------+
+-+--------------+------------+----------+
No constraint files found.
---------------------------------------------------------------------------------
Start Timing Optimization
---------------------------------------------------------------------------------
---------------------------------------------------------------------------------
Finished Timing Optimization : Time (s): cpu = 00:00:07 ; elapsed = 00:00:07 . Memory (MB): peak = 698.582 ; gain = 331.383
---------------------------------------------------------------------------------
---------------------------------------------------------------------------------
Start ROM, RAM, DSP and Shift Register Reporting
---------------------------------------------------------------------------------

Block RAM: Final Mapping  Report
+----------------------+------------+------------------------+---+---+------------------------+---+---+------------------+--------+--------+
|Module Name           | RTL Object | PORT A (Depth x Width) | W | R | PORT B (Depth x Width) | W | R | Ports driving FF | RAMB18 | RAMB36 | 
+----------------------+------------+------------------------+---+---+------------------------+---+---+------------------+--------+--------+
|bram_dualport_driver: | mem_reg    | 128 K x 32(READ_FIRST) | W | R | 128 K x 32(READ_FIRST) | W | R | Port A and B     | 0      | 128    | 
+----------------------+------------+------------------------+---+---+------------------------+---+---+------------------+--------+--------+

---------------------------------------------------------------------------------
Finished ROM, RAM, DSP and Shift Register Reporting
---------------------------------------------------------------------------------

Report RTL Partitions: 
+-+--------------+------------+----------+
| |RTL Partition |Replication |Instances |
+-+--------------+------------+----------+
+-+--------------+------------+----------+
---------------------------------------------------------------------------------
Start Technology Mapping
---------------------------------------------------------------------------------
---------------------------------------------------------------------------------
Finished Technology Mapping : Time (s): cpu = 00:00:07 ; elapsed = 00:00:07 . Memory (MB): peak = 698.582 ; gain = 331.383
---------------------------------------------------------------------------------

Report RTL Partitions: 
+-+--------------+------------+----------+
| |RTL Partition |Replication |Instances |
+-+--------------+------------+----------+
+-+--------------+------------+----------+
---------------------------------------------------------------------------------
Start IO Insertion
---------------------------------------------------------------------------------
---------------------------------------------------------------------------------
Start Flattening Before IO Insertion
---------------------------------------------------------------------------------
---------------------------------------------------------------------------------
Finished Flattening Before IO Insertion
---------------------------------------------------------------------------------
---------------------------------------------------------------------------------
Start Final Netlist Cleanup
---------------------------------------------------------------------------------
INFO: [Synth 8-6064] Net n_0_634 is driving 64 big block pins (URAM, BRAM and DSP loads). Created 7 replicas of its driver. 
INFO: [Synth 8-6064] Net n_0_640 is driving 64 big block pins (URAM, BRAM and DSP loads). Created 7 replicas of its driver. 
INFO: [Synth 8-6064] Net n_0_633 is driving 64 big block pins (URAM, BRAM and DSP loads). Created 7 replicas of its driver. 
INFO: [Synth 8-6064] Net n_0_639 is driving 64 big block pins (URAM, BRAM and DSP loads). Created 7 replicas of its driver. 
INFO: [Synth 8-6064] Net n_0_632 is driving 64 big block pins (URAM, BRAM and DSP loads). Created 7 replicas of its driver. 
INFO: [Synth 8-6064] Net n_0_638 is driving 64 big block pins (URAM, BRAM and DSP loads). Created 7 replicas of its driver. 
INFO: [Synth 8-6064] Net n_0_630 is driving 64 big block pins (URAM, BRAM and DSP loads). Created 7 replicas of its driver. 
INFO: [Synth 8-6064] Net n_0_628 is driving 64 big block pins (URAM, BRAM and DSP loads). Created 7 replicas of its driver. 
INFO: [Synth 8-6064] Net n_0_631 is driving 64 big block pins (URAM, BRAM and DSP loads). Created 7 replicas of its driver. 
INFO: [Synth 8-6064] Net n_0_629 is driving 64 big block pins (URAM, BRAM and DSP loads). Created 7 replicas of its driver. 
INFO: [Synth 8-6064] Net n_0_645 is driving 64 big block pins (URAM, BRAM and DSP loads). Created 7 replicas of its driver. 
INFO: [Synth 8-6064] Net n_0_635 is driving 64 big block pins (URAM, BRAM and DSP loads). Created 7 replicas of its driver. 
INFO: [Synth 8-6064] Net n_0_646 is driving 64 big block pins (URAM, BRAM and DSP loads). Created 7 replicas of its driver. 
INFO: [Synth 8-6064] Net n_0_636 is driving 64 big block pins (URAM, BRAM and DSP loads). Created 7 replicas of its driver. 
INFO: [Synth 8-6064] Net n_0_647 is driving 64 big block pins (URAM, BRAM and DSP loads). Created 7 replicas of its driver. 
INFO: [Synth 8-6064] Net n_0_637 is driving 64 big block pins (URAM, BRAM and DSP loads). Created 7 replicas of its driver. 
---------------------------------------------------------------------------------
Finished Final Netlist Cleanup
---------------------------------------------------------------------------------
---------------------------------------------------------------------------------
Finished IO Insertion : Time (s): cpu = 00:00:08 ; elapsed = 00:00:08 . Memory (MB): peak = 698.582 ; gain = 331.383
---------------------------------------------------------------------------------

Report Check Netlist: 
+------+------------------+-------+---------+-------+------------------+
|      |Item              |Errors |Warnings |Status |Description       |
+------+------------------+-------+---------+-------+------------------+
|1     |multi_driven_nets |      0|        0|Passed |Multi driven nets |
+------+------------------+-------+---------+-------+------------------+
---------------------------------------------------------------------------------
Start Renaming Generated Instances
---------------------------------------------------------------------------------
---------------------------------------------------------------------------------
Finished Renaming Generated Instances : Time (s): cpu = 00:00:08 ; elapsed = 00:00:08 . Memory (MB): peak = 698.582 ; gain = 331.383
---------------------------------------------------------------------------------

Report RTL Partitions: 
+-+--------------+------------+----------+
| |RTL Partition |Replication |Instances |
+-+--------------+------------+----------+
+-+--------------+------------+----------+
---------------------------------------------------------------------------------
Start Rebuilding User Hierarchy
---------------------------------------------------------------------------------
---------------------------------------------------------------------------------
Finished Rebuilding User Hierarchy : Time (s): cpu = 00:00:08 ; elapsed = 00:00:08 . Memory (MB): peak = 698.582 ; gain = 331.383
---------------------------------------------------------------------------------
---------------------------------------------------------------------------------
Start Renaming Generated Ports
---------------------------------------------------------------------------------
---------------------------------------------------------------------------------
Finished Renaming Generated Ports : Time (s): cpu = 00:00:08 ; elapsed = 00:00:08 . Memory (MB): peak = 698.582 ; gain = 331.383
---------------------------------------------------------------------------------
---------------------------------------------------------------------------------
Start Handling Custom Attributes
---------------------------------------------------------------------------------
---------------------------------------------------------------------------------
Finished Handling Custom Attributes : Time (s): cpu = 00:00:08 ; elapsed = 00:00:08 . Memory (MB): peak = 698.582 ; gain = 331.383
---------------------------------------------------------------------------------
---------------------------------------------------------------------------------
Start Renaming Generated Nets
---------------------------------------------------------------------------------
---------------------------------------------------------------------------------
Finished Renaming Generated Nets : Time (s): cpu = 00:00:08 ; elapsed = 00:00:08 . Memory (MB): peak = 698.582 ; gain = 331.383
---------------------------------------------------------------------------------
---------------------------------------------------------------------------------
Start Writing Synthesis Report
---------------------------------------------------------------------------------

Report BlackBoxes: 
+-+--------------+----------+
| |BlackBox name |Instances |
+-+--------------+----------+
+-+--------------+----------+

Report Cell Usage: 
+------+---------+------+
|      |Cell     |Count |
+------+---------+------+
|1     |BUFG     |     1|
|2     |LUT2     |    12|
|3     |LUT3     |     2|
|4     |LUT4     |   358|
|5     |LUT5     |   260|
|6     |LUT6     |   112|
|7     |RAMB36E1 |   128|
|8     |FDRE     |     6|
|9     |IBUF     |   413|
|10    |OBUF     |   256|
+------+---------+------+

Report Instance Areas: 
+------+---------+---------------------+------+
|      |Instance |Module               |Cells |
+------+---------+---------------------+------+
|1     |top      |                     |  1548|
|2     |  driver |bram_dualport_driver |   386|
|3     |  mux    |bram_mux             |   492|
+------+---------+---------------------+------+
---------------------------------------------------------------------------------
Finished Writing Synthesis Report : Time (s): cpu = 00:00:08 ; elapsed = 00:00:08 . Memory (MB): peak = 698.582 ; gain = 331.383
---------------------------------------------------------------------------------
Synthesis finished with 0 errors, 0 critical warnings and 11 warnings.
Synthesis Optimization Runtime : Time (s): cpu = 00:00:08 ; elapsed = 00:00:08 . Memory (MB): peak = 698.582 ; gain = 331.383
Synthesis Optimization Complete : Time (s): cpu = 00:00:08 ; elapsed = 00:00:08 . Memory (MB): peak = 698.582 ; gain = 331.383
INFO: [Project 1-571] Translating synthesized netlist
INFO: [Netlist 29-17] Analyzing 128 Unisim elements for replacement
INFO: [Netlist 29-28] Unisim Transformation completed in 0 CPU seconds
INFO: [Project 1-570] Preparing netlist for logic optimization
INFO: [Opt 31-138] Pushed 0 inverter(s) to 0 load pin(s).
Netlist sorting complete. Time (s): cpu = 00:00:00 ; elapsed = 00:00:00 . Memory (MB): peak = 789.453 ; gain = 0.000
INFO: [Project 1-111] Unisim Transformation Summary:
No Unisim elements were transformed.

INFO: [Common 17-83] Releasing license: Synthesis
202 Infos, 14 Warnings, 0 Critical Warnings and 0 Errors encountered.
synth_design completed successfully
synth_design: Time (s): cpu = 00:00:11 ; elapsed = 00:00:12 . Memory (MB): peak = 789.453 ; gain = 434.137
Netlist sorting complete. Time (s): cpu = 00:00:00 ; elapsed = 00:00:00.001 . Memory (MB): peak = 789.453 ; gain = 0.000
WARNING: [Constraints 18-5210] No constraints selected for write.
Resolution: This message can indicate that there are no constraints for the design, or it can indicate that the used_in flags are set such that the constraints are ignored. This later case is used when running synth_design to not write synthesis constraints to the resulting checkpoint. Instead, project constraints are read when the synthesized design is opened.
INFO: [Common 17-1381] The checkpoint 'c:/Users/khanm/OneDrive/Documents/GitHub/ECE532_Project_MVP/Project/bram_ctrl/bram_ctrl_v1_0_project/bram_ctrl_v1_0_project.runs/synth_1/bram_ctrl.dcp' has been generated.
INFO: [runtcl-4] Executing : report_utilization -file bram_ctrl_utilization_synth.rpt -pb bram_ctrl_utilization_synth.pb
INFO: [Common 17-206] Exiting Vivado at Mon Mar 30 23:54:34 2026...
