Copyright 1986-2018 Xilinx, Inc. All Rights Reserved.
--------------------------------------------------------------------------------------------
| Tool Version : Vivado v.2018.3 (win64) Build 2405991 Thu Dec  6 23:38:27 MST 2018
| Date         : Wed Mar 18 02:31:58 2026
| Host         : Re1nA running 64-bit major release  (build 9200)
| Command      : report_control_sets -verbose -file project_mvp_top_control_sets_placed.rpt
| Design       : project_mvp_top
| Device       : xc7a100t
--------------------------------------------------------------------------------------------

Control Set Information

Table of Contents
-----------------
1. Summary
2. Histogram
3. Flip-Flop Distribution
4. Detailed Control Set Information

1. Summary
----------

+----------------------------------------------------------+-------+
|                          Status                          | Count |
+----------------------------------------------------------+-------+
| Number of unique control sets                            |    90 |
| Unused register locations in slices containing registers |   554 |
+----------------------------------------------------------+-------+


2. Histogram
------------

+--------+--------------+
| Fanout | Control Sets |
+--------+--------------+
|      2 |            1 |
|      3 |            1 |
|      4 |            1 |
|      5 |            1 |
|      6 |            1 |
|      7 |            2 |
|      9 |            2 |
|     10 |            3 |
|     14 |            1 |
|    16+ |           77 |
+--------+--------------+


3. Flip-Flop Distribution
-------------------------

+--------------+-----------------------+------------------------+-----------------+--------------+
| Clock Enable | Synchronous Set/Reset | Asynchronous Set/Reset | Total Registers | Total Slices |
+--------------+-----------------------+------------------------+-----------------+--------------+
| No           | No                    | No                     |               8 |            7 |
| No           | No                    | Yes                    |               0 |            0 |
| No           | Yes                   | No                     |              27 |           17 |
| Yes          | No                    | No                     |               7 |            2 |
| Yes          | No                    | Yes                    |              16 |            4 |
| Yes          | Yes                   | No                     |            1428 |          486 |
+--------------+-----------------------+------------------------+-----------------+--------------+


4. Detailed Control Set Information
-----------------------------------

+------------------------+---------------------------------------+-------------------------------------------+------------------+----------------+
|      Clock Signal      |             Enable Signal             |              Set/Reset Signal             | Slice Load Count | Bel Load Count |
+------------------------+---------------------------------------+-------------------------------------------+------------------+----------------+
|  clk_IBUF_BUFG         |                                       |                                           |                1 |              2 |
|  vga_clk/inst/clk_out1 |                                       | reset_IBUF                                |                3 |              3 |
|  vga_clk/inst/clk_out1 |                                       | vga_buf_1/vga_data_in[11]_i_1_n_0         |                4 |              4 |
|  clk_IBUF_BUFG         | u_compute/u_checker/state_reg[4][0]   | reset_IBUF                                |                5 |              5 |
|  vga_clk/inst/clk_out1 |                                       |                                           |                6 |              6 |
|  vga_clk/inst/clk_out1 | en_IBUF                               |                                           |                2 |              7 |
|  clk_IBUF_BUFG         | u_compute/k_reg[6]_i_1_n_0            | reset_IBUF                                |                2 |              7 |
|  clk_IBUF_BUFG         | u_compute/u_checker/CEP               | reset_IBUF                                |                4 |              9 |
|  clk_IBUF_BUFG         | u_compute/u_checker/state_reg[0]_0[0] | reset_IBUF                                |                4 |              9 |
|  clk_IBUF_BUFG         |                                       | reset_IBUF                                |                6 |             10 |
|  vga_clk/inst/clk_out1 |                                       | vga_buf_1/vga_output_1/h_count[9]_i_1_n_0 |                4 |             10 |
|  vga_clk/inst/clk_out1 | vga_buf_1/vga_output_1/v_count        | vga_buf_1/vga_output_1/v_count[9]_i_1_n_0 |                6 |             10 |
|  clk_IBUF_BUFG         | u_compute/compute_rd_addr[13]_i_1_n_0 | reset_IBUF                                |                5 |             14 |
|  clk_IBUF_BUFG         | u_compute/out_wea                     | reset_IBUF                                |                4 |             16 |
|  clk_IBUF_BUFG         | u_compute/u_checker/exp_A0_reg[32]0   | reset_IBUF                                |                4 |             17 |
|  clk_IBUF_BUFG         | u_compute/u_checker/exp_A0_reg[33]0   | reset_IBUF                                |                8 |             17 |
|  clk_IBUF_BUFG         | u_compute/u_checker/exp_A0_reg[35]0   | reset_IBUF                                |                7 |             17 |
|  clk_IBUF_BUFG         | u_compute/u_checker/exp_A0_reg[37]0   | reset_IBUF                                |                5 |             17 |
|  clk_IBUF_BUFG         | u_compute/u_checker/exp_A0_reg[29]0   | reset_IBUF                                |                7 |             17 |
|  clk_IBUF_BUFG         | u_compute/u_checker/exp_A0_reg[36]0   | reset_IBUF                                |                4 |             17 |
|  clk_IBUF_BUFG         | u_compute/u_checker/exp_A0_reg[39]0   | reset_IBUF                                |                5 |             17 |
|  clk_IBUF_BUFG         | u_compute/u_checker/exp_A0_reg[24]0   | reset_IBUF                                |                4 |             17 |
|  clk_IBUF_BUFG         | u_compute/u_checker/exp_A0_reg[3]0    | reset_IBUF                                |                7 |             17 |
|  clk_IBUF_BUFG         | u_compute/u_checker/exp_A0_reg[40]0   | reset_IBUF                                |                6 |             17 |
|  clk_IBUF_BUFG         | u_compute/u_checker/exp_A0_reg[21]0   | reset_IBUF                                |                3 |             17 |
|  clk_IBUF_BUFG         | u_compute/u_checker/exp_A0_reg[2]0    | reset_IBUF                                |               12 |             17 |
|  clk_IBUF_BUFG         | u_compute/u_checker/exp_A0_reg[13]0   | reset_IBUF                                |                5 |             17 |
|  clk_IBUF_BUFG         | u_compute/u_checker/exp_A0_reg[14]0   | reset_IBUF                                |               10 |             17 |
|  clk_IBUF_BUFG         | u_compute/u_checker/exp_A0_reg[34]0   | reset_IBUF                                |                5 |             17 |
|  clk_IBUF_BUFG         | u_compute/u_checker/exp_A0_reg[38]0   | reset_IBUF                                |               10 |             17 |
|  clk_IBUF_BUFG         | u_compute/u_checker/exp_A0_reg[41]0   | reset_IBUF                                |                7 |             17 |
|  clk_IBUF_BUFG         | u_compute/u_checker/exp_A0_reg[42]0   | reset_IBUF                                |                8 |             17 |
|  clk_IBUF_BUFG         | u_compute/u_checker/exp_A0_reg[43]0   | reset_IBUF                                |                7 |             17 |
|  clk_IBUF_BUFG         | u_compute/u_checker/exp_A0_reg[44]0   | reset_IBUF                                |                8 |             17 |
|  clk_IBUF_BUFG         | u_compute/u_checker/exp_A0_reg[45]0   | reset_IBUF                                |                8 |             17 |
|  clk_IBUF_BUFG         | u_compute/u_checker/exp_A0_reg[12]0   | reset_IBUF                                |                6 |             17 |
|  clk_IBUF_BUFG         | u_compute/u_checker/exp_A0_reg[46]0   | reset_IBUF                                |                7 |             17 |
|  clk_IBUF_BUFG         | u_compute/u_checker/exp_A0_reg[1]0    | reset_IBUF                                |                8 |             17 |
|  clk_IBUF_BUFG         | u_compute/u_checker/exp_A0_reg[0]0    | reset_IBUF                                |                6 |             17 |
|  clk_IBUF_BUFG         | u_compute/u_checker/exp_A0_reg[20]0   | reset_IBUF                                |                4 |             17 |
|  clk_IBUF_BUFG         | u_compute/u_checker/exp_A0_reg[23]0   | reset_IBUF                                |                3 |             17 |
|  clk_IBUF_BUFG         | u_compute/u_checker/exp_A0_reg[26]0   | reset_IBUF                                |                3 |             17 |
|  clk_IBUF_BUFG         | u_compute/u_checker/exp_A0_reg[11]0   | reset_IBUF                                |                7 |             17 |
|  clk_IBUF_BUFG         | u_compute/u_checker/exp_A0_reg[15]0   | reset_IBUF                                |                4 |             17 |
|  clk_IBUF_BUFG         | u_compute/u_checker/exp_A0_reg[22]0   | reset_IBUF                                |                4 |             17 |
|  clk_IBUF_BUFG         | u_compute/u_checker/exp_A0_reg[49]0   | reset_IBUF                                |                4 |             17 |
|  clk_IBUF_BUFG         | u_compute/u_checker/exp_A0_reg[60]0   | reset_IBUF                                |                6 |             17 |
|  clk_IBUF_BUFG         | u_compute/u_checker/exp_A0_reg[50]0   | reset_IBUF                                |                7 |             17 |
|  clk_IBUF_BUFG         | u_compute/u_checker/exp_A0_reg[56]0   | reset_IBUF                                |                4 |             17 |
|  clk_IBUF_BUFG         | u_compute/u_checker/exp_A0_reg[9]0    | reset_IBUF                                |               11 |             17 |
|  clk_IBUF_BUFG         | u_compute/u_checker/exp_A0_reg[55]0   | reset_IBUF                                |                4 |             17 |
|  clk_IBUF_BUFG         | u_compute/u_checker/exp_A0_reg[59]0   | reset_IBUF                                |                3 |             17 |
|  clk_IBUF_BUFG         | u_compute/u_checker/exp_A0_reg[4]0    | reset_IBUF                                |                6 |             17 |
|  clk_IBUF_BUFG         | u_compute/u_checker/exp_A0_reg[58]0   | reset_IBUF                                |                3 |             17 |
|  clk_IBUF_BUFG         | u_compute/u_checker/exp_A0_reg[6]0    | reset_IBUF                                |                6 |             17 |
|  clk_IBUF_BUFG         | u_compute/u_checker/exp_A0_reg[62]0   | reset_IBUF                                |                6 |             17 |
|  clk_IBUF_BUFG         | u_compute/u_checker/exp_A0_reg[48]0   | reset_IBUF                                |                5 |             17 |
|  clk_IBUF_BUFG         | u_compute/u_checker/exp_A0_reg[47]0   | reset_IBUF                                |               15 |             17 |
|  clk_IBUF_BUFG         | u_compute/u_checker/exp_A0_reg[54]0   | reset_IBUF                                |                3 |             17 |
|  clk_IBUF_BUFG         | u_compute/u_checker/exp_A0_reg[53]0   | reset_IBUF                                |                3 |             17 |
|  clk_IBUF_BUFG         | u_compute/u_checker/exp_A0_reg[52]0   | reset_IBUF                                |                5 |             17 |
|  clk_IBUF_BUFG         | u_compute/u_checker/exp_A0_reg[5]0    | reset_IBUF                                |                4 |             17 |
|  clk_IBUF_BUFG         | u_compute/u_checker/exp_A0_reg[63]0   | reset_IBUF                                |               11 |             17 |
|  clk_IBUF_BUFG         | u_compute/u_checker/exp_A0_reg[51]0   | reset_IBUF                                |                6 |             17 |
|  clk_IBUF_BUFG         | u_compute/u_checker/exp_A0_reg[7]0    | reset_IBUF                                |                4 |             17 |
|  clk_IBUF_BUFG         | u_compute/u_checker/exp_A0_reg[57]0   | reset_IBUF                                |                4 |             17 |
|  clk_IBUF_BUFG         | u_compute/u_checker/exp_A0_reg[61]0   | reset_IBUF                                |                5 |             17 |
|  clk_IBUF_BUFG         | u_compute/u_checker/exp_A0_reg[27]0   | reset_IBUF                                |                5 |             17 |
|  clk_IBUF_BUFG         | u_compute/u_checker/exp_A0_reg[28]0   | reset_IBUF                                |                6 |             17 |
|  clk_IBUF_BUFG         | u_compute/u_checker/exp_A0_reg[16]0   | reset_IBUF                                |                4 |             17 |
|  clk_IBUF_BUFG         | u_compute/scale_reg[16]_i_1_n_0       | reset_IBUF                                |                5 |             17 |
|  clk_IBUF_BUFG         | u_compute/scaled_s_reg[16]_i_1_n_0    | reset_IBUF                                |                5 |             17 |
|  clk_IBUF_BUFG         | u_compute/u_checker/exp_A0_reg[8]0    | reset_IBUF                                |                7 |             17 |
|  clk_IBUF_BUFG         | u_compute/u_checker/exp_A0_reg[25]0   | reset_IBUF                                |                5 |             17 |
|  clk_IBUF_BUFG         | u_compute/s_reg[16]_i_1_n_0           | reset_IBUF                                |                4 |             17 |
|  clk_IBUF_BUFG         | u_compute/u_checker/exp_A0_reg[31]0   | reset_IBUF                                |                8 |             17 |
|  clk_IBUF_BUFG         | u_compute/u_reg[16]_i_1_n_0           | reset_IBUF                                |                4 |             17 |
|  clk_IBUF_BUFG         | u_compute/vt_reg[16]_i_1_n_0          | reset_IBUF                                |                5 |             17 |
|  clk_IBUF_BUFG         | u_compute/u_checker/exp_A0_reg[30]0   | reset_IBUF                                |                8 |             17 |
|  clk_IBUF_BUFG         | u_compute/u_checker/exp_A0_reg[10]0   | reset_IBUF                                |                7 |             17 |
|  clk_IBUF_BUFG         | u_compute/u_checker/exp_A0_reg[17]0   | reset_IBUF                                |                4 |             17 |
|  clk_IBUF_BUFG         | u_compute/u_checker/exp_A0_reg[18]0   | reset_IBUF                                |                3 |             17 |
|  clk_IBUF_BUFG         | u_compute/u_checker/exp_A0_reg[19]0   | reset_IBUF                                |                3 |             17 |
|  clk_IBUF_BUFG         | u_compute/sv_reg[16]_i_1_n_0          | reset_IBUF                                |                7 |             17 |
|  clk_IBUF_BUFG         | u_compute/bram_addr_in[13]_i_1_n_0    | reset_IBUF                                |                9 |             23 |
|  clk_IBUF_BUFG         | u_compute/counter[0]_i_1_n_0          | reset_IBUF                                |                8 |             31 |
|  clk_IBUF_BUFG         | u_compute/u_checker/i_reg[28][0]      | reset_IBUF                                |                9 |             32 |
|  clk_IBUF_BUFG         | u_compute/u_checker/i_reg[27][0]      | reset_IBUF                                |                6 |             32 |
|  clk_IBUF_BUFG         | u_compute/u_checker/E[0]              | reset_IBUF                                |               10 |             32 |
|  clk_IBUF_BUFG         | u_compute/u_checker/CEA2              | reset_IBUF                                |               11 |             34 |
+------------------------+---------------------------------------+-------------------------------------------+------------------+----------------+


