
*** Running vivado
    with args -log project_mvp_top.vdi -applog -m64 -product Vivado -messageDb vivado.pb -mode batch -source project_mvp_top.tcl -notrace


****** Vivado v2018.3 (64-bit)
  **** SW Build 2405991 on Thu Dec  6 23:38:27 MST 2018
  **** IP Build 2404404 on Fri Dec  7 01:43:56 MST 2018
    ** Copyright 1986-2018 Xilinx, Inc. All Rights Reserved.

source project_mvp_top.tcl -notrace
Command: link_design -top project_mvp_top -part xc7a100tcsg324-1
Design is defaulting to srcset: sources_1
Design is defaulting to constrset: constrs_1
INFO: [Project 1-454] Reading design checkpoint 'c:/Users/13083/Documents/GitHub/ECE532_Project_MVP/Project/Project.srcs/sources_1/ip/blk_mem_gen_0/blk_mem_gen_0.dcp' for cell 'input_bram'
INFO: [Project 1-454] Reading design checkpoint 'c:/Users/13083/Documents/GitHub/ECE532_Project_MVP/Project/Project.srcs/sources_1/ip/blk_mem_gen_1/blk_mem_gen_1.dcp' for cell 'output_bram'
INFO: [Project 1-454] Reading design checkpoint 'c:/Users/13083/Documents/GitHub/ECE532_Project_MVP/Project/Project.srcs/sources_1/ip/clk_wiz_0/clk_wiz_0.dcp' for cell 'vga_clk'
INFO: [Netlist 29-17] Analyzing 437 Unisim elements for replacement
INFO: [Netlist 29-28] Unisim Transformation completed in 0 CPU seconds
INFO: [Project 1-479] Netlist was created with Vivado 2018.3
INFO: [Device 21-403] Loading part xc7a100tcsg324-1
INFO: [Project 1-570] Preparing netlist for logic optimization
WARNING: [Opt 31-35] Removing redundant IBUF, vga_clk/inst/clkin1_ibufg, from the path connected to top-level port: clk 
Resolution: The tool has removed redundant IBUF. To resolve this warning, check for redundant IBUF in the input design.
WARNING: [Constraints 18-550] Could not create 'IBUF_LOW_PWR' constraint because net 'vga_clk/clk_in1' is not directly connected to top level port. Synthesis is ignored for IBUF_LOW_PWR but preserved for implementation.
Parsing XDC File [c:/Users/13083/Documents/GitHub/ECE532_Project_MVP/Project/Project.srcs/sources_1/ip/clk_wiz_0/clk_wiz_0_board.xdc] for cell 'vga_clk/inst'
Finished Parsing XDC File [c:/Users/13083/Documents/GitHub/ECE532_Project_MVP/Project/Project.srcs/sources_1/ip/clk_wiz_0/clk_wiz_0_board.xdc] for cell 'vga_clk/inst'
Parsing XDC File [c:/Users/13083/Documents/GitHub/ECE532_Project_MVP/Project/Project.srcs/sources_1/ip/clk_wiz_0/clk_wiz_0.xdc] for cell 'vga_clk/inst'
INFO: [Timing 38-35] Done setting XDC timing constraints. [c:/Users/13083/Documents/GitHub/ECE532_Project_MVP/Project/Project.srcs/sources_1/ip/clk_wiz_0/clk_wiz_0.xdc:57]
INFO: [Timing 38-2] Deriving generated clocks [c:/Users/13083/Documents/GitHub/ECE532_Project_MVP/Project/Project.srcs/sources_1/ip/clk_wiz_0/clk_wiz_0.xdc:57]
get_clocks: Time (s): cpu = 00:00:05 ; elapsed = 00:00:06 . Memory (MB): peak = 1287.684 ; gain = 541.371
Finished Parsing XDC File [c:/Users/13083/Documents/GitHub/ECE532_Project_MVP/Project/Project.srcs/sources_1/ip/clk_wiz_0/clk_wiz_0.xdc] for cell 'vga_clk/inst'
Parsing XDC File [C:/Users/13083/Documents/GitHub/ECE532_Project_MVP/Project/Project.srcs/constrs_1/new/project_mvp_constraints.xdc]
Finished Parsing XDC File [C:/Users/13083/Documents/GitHub/ECE532_Project_MVP/Project/Project.srcs/constrs_1/new/project_mvp_constraints.xdc]
INFO: [Opt 31-138] Pushed 0 inverter(s) to 0 load pin(s).
Netlist sorting complete. Time (s): cpu = 00:00:00 ; elapsed = 00:00:00.001 . Memory (MB): peak = 1287.684 ; gain = 0.000
INFO: [Project 1-111] Unisim Transformation Summary:
No Unisim elements were transformed.

12 Infos, 2 Warnings, 0 Critical Warnings and 0 Errors encountered.
link_design completed successfully
link_design: Time (s): cpu = 00:00:09 ; elapsed = 00:00:27 . Memory (MB): peak = 1287.684 ; gain = 904.418
Command: opt_design
Attempting to get a license for feature 'Implementation' and/or device 'xc7a100t'
INFO: [Common 17-349] Got license for feature 'Implementation' and/or device 'xc7a100t'
Running DRC as a precondition to command opt_design

Starting DRC Task
INFO: [DRC 23-27] Running DRC with 2 threads
INFO: [Project 1-461] DRC finished with 0 Errors
INFO: [Project 1-462] Please refer to the DRC report (report_drc) for more information.

Time (s): cpu = 00:00:01 ; elapsed = 00:00:00.454 . Memory (MB): peak = 1287.684 ; gain = 0.000

Starting Cache Timing Information Task
INFO: [Timing 38-35] Done setting XDC timing constraints.
Ending Cache Timing Information Task | Checksum: 1cbf70ce8

Time (s): cpu = 00:00:00 ; elapsed = 00:00:00.159 . Memory (MB): peak = 1299.246 ; gain = 11.562

Starting Logic Optimization Task

Phase 1 Retarget
INFO: [Opt 31-138] Pushed 0 inverter(s) to 0 load pin(s).
INFO: [Opt 31-49] Retargeted 0 cell(s).
Phase 1 Retarget | Checksum: 11e9ce192

Time (s): cpu = 00:00:00 ; elapsed = 00:00:00.115 . Memory (MB): peak = 1386.215 ; gain = 0.000
INFO: [Opt 31-389] Phase Retarget created 4 cells and removed 4 cells
INFO: [Opt 31-1021] In phase Retarget, 1 netlist objects are constrained preventing optimization. Please run opt_design with -debug_log to get more detail. 

Phase 2 Constant propagation
INFO: [Opt 31-138] Pushed 0 inverter(s) to 0 load pin(s).
Phase 2 Constant propagation | Checksum: 14caa5ba2

Time (s): cpu = 00:00:00 ; elapsed = 00:00:00.159 . Memory (MB): peak = 1386.215 ; gain = 0.000
INFO: [Opt 31-389] Phase Constant propagation created 0 cells and removed 107 cells

Phase 3 Sweep
Phase 3 Sweep | Checksum: 1939caace

Time (s): cpu = 00:00:00 ; elapsed = 00:00:00.475 . Memory (MB): peak = 1386.215 ; gain = 0.000
INFO: [Opt 31-389] Phase Sweep created 0 cells and removed 202 cells
INFO: [Opt 31-1021] In phase Sweep, 2 netlist objects are constrained preventing optimization. Please run opt_design with -debug_log to get more detail. 

Phase 4 BUFG optimization
INFO: [Opt 31-194] Inserted BUFG vga_clk/inst/clk_out1_clk_wiz_0_BUFG_inst to drive 0 load(s) on clock net vga_clk/inst/clk_out1_clk_wiz_0_BUFG
INFO: [Opt 31-194] Inserted BUFG clk_IBUF_BUFG_inst to drive 1518 load(s) on clock net clk_IBUF_BUFG
INFO: [Opt 31-193] Inserted 2 BUFG(s) on clock nets
Phase 4 BUFG optimization | Checksum: 10c646e0d

Time (s): cpu = 00:00:01 ; elapsed = 00:00:00.544 . Memory (MB): peak = 1386.215 ; gain = 0.000
INFO: [Opt 31-662] Phase BUFG optimization created 1 cells of which 1 are BUFGs and removed 0 cells.

Phase 5 Shift Register Optimization
Phase 5 Shift Register Optimization | Checksum: 11130ef82

Time (s): cpu = 00:00:01 ; elapsed = 00:00:00.682 . Memory (MB): peak = 1386.215 ; gain = 0.000
INFO: [Opt 31-389] Phase Shift Register Optimization created 0 cells and removed 0 cells

Phase 6 Post Processing Netlist
Phase 6 Post Processing Netlist | Checksum: 17087be4e

Time (s): cpu = 00:00:01 ; elapsed = 00:00:00.698 . Memory (MB): peak = 1386.215 ; gain = 0.000
INFO: [Opt 31-389] Phase Post Processing Netlist created 0 cells and removed 0 cells
Opt_design Change Summary
=========================


-------------------------------------------------------------------------------------------------------------------------
|  Phase                        |  #Cells created  |  #Cells Removed  |  #Constrained objects preventing optimizations  |
-------------------------------------------------------------------------------------------------------------------------
|  Retarget                     |               4  |               4  |                                              1  |
|  Constant propagation         |               0  |             107  |                                              0  |
|  Sweep                        |               0  |             202  |                                              2  |
|  BUFG optimization            |               1  |               0  |                                              0  |
|  Shift Register Optimization  |               0  |               0  |                                              0  |
|  Post Processing Netlist      |               0  |               0  |                                              0  |
-------------------------------------------------------------------------------------------------------------------------



Starting Connectivity Check Task

Time (s): cpu = 00:00:00 ; elapsed = 00:00:00.002 . Memory (MB): peak = 1386.215 ; gain = 0.000
Ending Logic Optimization Task | Checksum: 150a6e5ea

Time (s): cpu = 00:00:01 ; elapsed = 00:00:00.706 . Memory (MB): peak = 1386.215 ; gain = 0.000

Starting Power Optimization Task
INFO: [Pwropt 34-132] Skipping clock gating for clocks with a period < 2.00 ns.
INFO: [Timing 38-35] Done setting XDC timing constraints.
INFO: [Physopt 32-619] Estimated Timing Summary | WNS=0.077 | TNS=0.000 |
Running Vector-less Activity Propagation...

Finished Running Vector-less Activity Propagation
INFO: [Pwropt 34-9] Applying IDT optimizations ...
INFO: [Pwropt 34-10] Applying ODC optimizations ...


Starting PowerOpt Patch Enables Task
INFO: [Pwropt 34-162] WRITE_MODE attribute of 0 BRAM(s) out of a total of 55 has been updated to save power. Run report_power_opt to get a complete listing of the BRAMs updated.
INFO: [Pwropt 34-201] Structural ODC has moved 4 WE to EN ports
Number of BRAM Ports augmented: 16 newly gated: 4 Total Ports: 110
Number of Flops added for Enable Generation: 4

Ending PowerOpt Patch Enables Task | Checksum: 1e052248f

Time (s): cpu = 00:00:00 ; elapsed = 00:00:00.162 . Memory (MB): peak = 1591.465 ; gain = 0.000
Ending Power Optimization Task | Checksum: 1e052248f

Time (s): cpu = 00:00:03 ; elapsed = 00:00:03 . Memory (MB): peak = 1591.465 ; gain = 205.250

Starting Final Cleanup Task

Starting Logic Optimization Task
INFO: [Timing 38-35] Done setting XDC timing constraints.
INFO: [Opt 31-194] Inserted BUFG vga_clk/inst/clk_out1_clk_wiz_0_BUFG_inst to drive 0 load(s) on clock net vga_clk/inst/clk_out1_clk_wiz_0_BUFG
INFO: [Opt 31-193] Inserted 1 BUFG(s) on clock nets
Ending Logic Optimization Task | Checksum: 1166d4840

Time (s): cpu = 00:00:00 ; elapsed = 00:00:00.239 . Memory (MB): peak = 1591.465 ; gain = 0.000
Ending Final Cleanup Task | Checksum: 1166d4840

Time (s): cpu = 00:00:01 ; elapsed = 00:00:00.821 . Memory (MB): peak = 1591.465 ; gain = 0.000

Starting Netlist Obfuscation Task
Netlist sorting complete. Time (s): cpu = 00:00:00 ; elapsed = 00:00:00.001 . Memory (MB): peak = 1591.465 ; gain = 0.000
Ending Netlist Obfuscation Task | Checksum: 1166d4840

Time (s): cpu = 00:00:00 ; elapsed = 00:00:00.001 . Memory (MB): peak = 1591.465 ; gain = 0.000
INFO: [Common 17-83] Releasing license: Implementation
42 Infos, 2 Warnings, 0 Critical Warnings and 0 Errors encountered.
opt_design completed successfully
opt_design: Time (s): cpu = 00:00:07 ; elapsed = 00:00:05 . Memory (MB): peak = 1591.465 ; gain = 303.781
Netlist sorting complete. Time (s): cpu = 00:00:00 ; elapsed = 00:00:00.001 . Memory (MB): peak = 1591.465 ; gain = 0.000
INFO: [Timing 38-480] Writing timing data to binary archive.
Writing placer database...
Writing XDEF routing.
Writing XDEF routing logical nets.
Writing XDEF routing special nets.
Write XDEF Complete: Time (s): cpu = 00:00:00 ; elapsed = 00:00:00.019 . Memory (MB): peak = 1591.465 ; gain = 0.000
Netlist sorting complete. Time (s): cpu = 00:00:00 ; elapsed = 00:00:00.001 . Memory (MB): peak = 1591.465 ; gain = 0.000
INFO: [Common 17-1381] The checkpoint 'C:/Users/13083/Documents/GitHub/ECE532_Project_MVP/Project/Project.runs/impl_1/project_mvp_top_opt.dcp' has been generated.
INFO: [runtcl-4] Executing : report_drc -file project_mvp_top_drc_opted.rpt -pb project_mvp_top_drc_opted.pb -rpx project_mvp_top_drc_opted.rpx
Command: report_drc -file project_mvp_top_drc_opted.rpt -pb project_mvp_top_drc_opted.pb -rpx project_mvp_top_drc_opted.rpx
INFO: [IP_Flow 19-1839] IP Catalog is up to date.
INFO: [DRC 23-27] Running DRC with 2 threads
INFO: [Coretcl 2-168] The results of DRC are in file C:/Users/13083/Documents/GitHub/ECE532_Project_MVP/Project/Project.runs/impl_1/project_mvp_top_drc_opted.rpt.
report_drc completed successfully
Command: place_design
Attempting to get a license for feature 'Implementation' and/or device 'xc7a100t'
INFO: [Common 17-349] Got license for feature 'Implementation' and/or device 'xc7a100t'
INFO: [DRC 23-27] Running DRC with 2 threads
INFO: [Vivado_Tcl 4-198] DRC finished with 0 Errors
INFO: [Vivado_Tcl 4-199] Please refer to the DRC report (report_drc) for more information.
Running DRC as a precondition to command place_design
INFO: [DRC 23-27] Running DRC with 2 threads
INFO: [Vivado_Tcl 4-198] DRC finished with 0 Errors
INFO: [Vivado_Tcl 4-199] Please refer to the DRC report (report_drc) for more information.

Starting Placer Task
INFO: [Place 30-611] Multithreading enabled for place_design using a maximum of 2 CPUs

Phase 1 Placer Initialization

Phase 1.1 Placer Initialization Netlist Sorting
Netlist sorting complete. Time (s): cpu = 00:00:00 ; elapsed = 00:00:00.001 . Memory (MB): peak = 1591.465 ; gain = 0.000
Phase 1.1 Placer Initialization Netlist Sorting | Checksum: 920c3e6a

Time (s): cpu = 00:00:00 ; elapsed = 00:00:00.003 . Memory (MB): peak = 1591.465 ; gain = 0.000
Netlist sorting complete. Time (s): cpu = 00:00:00 ; elapsed = 00:00:00 . Memory (MB): peak = 1591.465 ; gain = 0.000

Phase 1.2 IO Placement/ Clock Placement/ Build Placer Device
INFO: [Timing 38-35] Done setting XDC timing constraints.
Phase 1.2 IO Placement/ Clock Placement/ Build Placer Device | Checksum: 1733f469a

Time (s): cpu = 00:00:01 ; elapsed = 00:00:00.682 . Memory (MB): peak = 1591.465 ; gain = 0.000

Phase 1.3 Build Placer Netlist Model
Phase 1.3 Build Placer Netlist Model | Checksum: 201e6f32f

Time (s): cpu = 00:00:01 ; elapsed = 00:00:01 . Memory (MB): peak = 1591.465 ; gain = 0.000

Phase 1.4 Constrain Clocks/Macros
Phase 1.4 Constrain Clocks/Macros | Checksum: 201e6f32f

Time (s): cpu = 00:00:01 ; elapsed = 00:00:01 . Memory (MB): peak = 1591.465 ; gain = 0.000
Phase 1 Placer Initialization | Checksum: 201e6f32f

Time (s): cpu = 00:00:01 ; elapsed = 00:00:01 . Memory (MB): peak = 1591.465 ; gain = 0.000

Phase 2 Global Placement

Phase 2.1 Floorplanning
Phase 2.1 Floorplanning | Checksum: 21e8b91eb

Time (s): cpu = 00:00:01 ; elapsed = 00:00:01 . Memory (MB): peak = 1591.465 ; gain = 0.000

Phase 2.2 Physical Synthesis In Placer
INFO: [Physopt 32-65] No nets found for high-fanout optimization.
INFO: [Physopt 32-232] Optimized 0 net. Created 0 new instance.
INFO: [Physopt 32-775] End 1 Pass. Optimized 0 net or cell. Created 0 new cell, deleted 0 existing cell and moved 0 existing cell
INFO: [Physopt 32-64] No nets found for fanout-optimization.
INFO: [Physopt 32-232] Optimized 0 net. Created 0 new instance.
INFO: [Physopt 32-775] End 1 Pass. Optimized 0 net or cell. Created 0 new cell, deleted 0 existing cell and moved 0 existing cell
INFO: [Physopt 32-456] No candidate cells for DSP register optimization found in the design.
INFO: [Physopt 32-775] End 2 Pass. Optimized 0 net or cell. Created 0 new cell, deleted 0 existing cell and moved 0 existing cell
INFO: [Physopt 32-677] No candidate cells for Shift Register optimization found in the design
INFO: [Physopt 32-775] End 1 Pass. Optimized 0 net or cell. Created 0 new cell, deleted 0 existing cell and moved 0 existing cell
INFO: [Physopt 32-526] No candidate cells for BRAM register optimization found in the design
INFO: [Physopt 32-775] End 1 Pass. Optimized 0 net or cell. Created 0 new cell, deleted 0 existing cell and moved 0 existing cell
INFO: [Physopt 32-949] No candidate nets found for HD net replication
INFO: [Physopt 32-775] End 1 Pass. Optimized 0 net or cell. Created 0 new cell, deleted 0 existing cell and moved 0 existing cell
Netlist sorting complete. Time (s): cpu = 00:00:00 ; elapsed = 00:00:00.001 . Memory (MB): peak = 1591.465 ; gain = 0.000

Summary of Physical Synthesis Optimizations
============================================


----------------------------------------------------------------------------------------------------------------------------------------
|  Optimization                  |  Added Cells  |  Removed Cells  |  Optimized Cells/Nets  |  Dont Touch  |  Iterations  |  Elapsed   |
----------------------------------------------------------------------------------------------------------------------------------------
|  Very High Fanout              |            0  |              0  |                     0  |           0  |           1  |  00:00:00  |
|  Fanout                        |            0  |              0  |                     0  |           0  |           1  |  00:00:00  |
|  DSP Register                  |            0  |              0  |                     0  |           0  |           1  |  00:00:00  |
|  Shift Register                |            0  |              0  |                     0  |           0  |           1  |  00:00:00  |
|  BRAM Register                 |            0  |              0  |                     0  |           0  |           1  |  00:00:00  |
|  HD Interface Net Replication  |            0  |              0  |                     0  |           0  |           1  |  00:00:00  |
|  Total                         |            0  |              0  |                     0  |           0  |           6  |  00:00:00  |
----------------------------------------------------------------------------------------------------------------------------------------


Phase 2.2 Physical Synthesis In Placer | Checksum: 1c5e34a6c

Time (s): cpu = 00:00:06 ; elapsed = 00:00:05 . Memory (MB): peak = 1591.465 ; gain = 0.000
Phase 2 Global Placement | Checksum: 1fc61b94d

Time (s): cpu = 00:00:07 ; elapsed = 00:00:05 . Memory (MB): peak = 1591.465 ; gain = 0.000

Phase 3 Detail Placement

Phase 3.1 Commit Multi Column Macros
Phase 3.1 Commit Multi Column Macros | Checksum: 1fc61b94d

Time (s): cpu = 00:00:07 ; elapsed = 00:00:05 . Memory (MB): peak = 1591.465 ; gain = 0.000

Phase 3.2 Commit Most Macros & LUTRAMs
Phase 3.2 Commit Most Macros & LUTRAMs | Checksum: 1edf3555e

Time (s): cpu = 00:00:07 ; elapsed = 00:00:05 . Memory (MB): peak = 1591.465 ; gain = 0.000

Phase 3.3 Area Swap Optimization
Phase 3.3 Area Swap Optimization | Checksum: 17f55b13b

Time (s): cpu = 00:00:07 ; elapsed = 00:00:05 . Memory (MB): peak = 1591.465 ; gain = 0.000

Phase 3.4 Pipeline Register Optimization
Phase 3.4 Pipeline Register Optimization | Checksum: 1e8c30322

Time (s): cpu = 00:00:07 ; elapsed = 00:00:05 . Memory (MB): peak = 1591.465 ; gain = 0.000

Phase 3.5 Fast Optimization
Phase 3.5 Fast Optimization | Checksum: 14e8e943f

Time (s): cpu = 00:00:08 ; elapsed = 00:00:06 . Memory (MB): peak = 1591.465 ; gain = 0.000

Phase 3.6 Small Shape Detail Placement
Phase 3.6 Small Shape Detail Placement | Checksum: 13d59a054

Time (s): cpu = 00:00:08 ; elapsed = 00:00:07 . Memory (MB): peak = 1591.465 ; gain = 0.000

Phase 3.7 Re-assign LUT pins
Phase 3.7 Re-assign LUT pins | Checksum: de03ec16

Time (s): cpu = 00:00:08 ; elapsed = 00:00:07 . Memory (MB): peak = 1591.465 ; gain = 0.000

Phase 3.8 Pipeline Register Optimization
Phase 3.8 Pipeline Register Optimization | Checksum: 167768a27

Time (s): cpu = 00:00:08 ; elapsed = 00:00:07 . Memory (MB): peak = 1591.465 ; gain = 0.000

Phase 3.9 Fast Optimization
Phase 3.9 Fast Optimization | Checksum: 1628be658

Time (s): cpu = 00:00:09 ; elapsed = 00:00:07 . Memory (MB): peak = 1591.465 ; gain = 0.000
Phase 3 Detail Placement | Checksum: 1628be658

Time (s): cpu = 00:00:09 ; elapsed = 00:00:07 . Memory (MB): peak = 1591.465 ; gain = 0.000

Phase 4 Post Placement Optimization and Clean-Up

Phase 4.1 Post Commit Optimization
INFO: [Timing 38-35] Done setting XDC timing constraints.

Phase 4.1.1 Post Placement Optimization
Post Placement Optimization Initialization | Checksum: fdb5063b

Phase 4.1.1.1 BUFG Insertion
INFO: [Place 46-33] Processed net reset_IBUF, BUFG insertion was skipped due to placement/routing conflicts.
INFO: [Place 46-46] BUFG insertion identified 1 candidate nets, 0 success, 0 bufg driver replicated, 1 skipped for placement/routing, 0 skipped for timing, 0 skipped for netlist change reason
Phase 4.1.1.1 BUFG Insertion | Checksum: fdb5063b

Time (s): cpu = 00:00:10 ; elapsed = 00:00:08 . Memory (MB): peak = 1591.465 ; gain = 0.000
INFO: [Place 30-746] Post Placement Timing Summary WNS=-0.040. For the most accurate timing information please run report_timing.
Phase 4.1.1 Post Placement Optimization | Checksum: 17471612f

Time (s): cpu = 00:00:32 ; elapsed = 00:00:32 . Memory (MB): peak = 1591.465 ; gain = 0.000
Phase 4.1 Post Commit Optimization | Checksum: 17471612f

Time (s): cpu = 00:00:32 ; elapsed = 00:00:32 . Memory (MB): peak = 1591.465 ; gain = 0.000

Phase 4.2 Post Placement Cleanup
Phase 4.2 Post Placement Cleanup | Checksum: 17471612f

Time (s): cpu = 00:00:32 ; elapsed = 00:00:32 . Memory (MB): peak = 1591.465 ; gain = 0.000

Phase 4.3 Placer Reporting
Phase 4.3 Placer Reporting | Checksum: 17471612f

Time (s): cpu = 00:00:32 ; elapsed = 00:00:32 . Memory (MB): peak = 1591.465 ; gain = 0.000

Phase 4.4 Final Placement Cleanup
Netlist sorting complete. Time (s): cpu = 00:00:00 ; elapsed = 00:00:00.001 . Memory (MB): peak = 1591.465 ; gain = 0.000
Phase 4.4 Final Placement Cleanup | Checksum: 18f6ea357

Time (s): cpu = 00:00:32 ; elapsed = 00:00:32 . Memory (MB): peak = 1591.465 ; gain = 0.000
Phase 4 Post Placement Optimization and Clean-Up | Checksum: 18f6ea357

Time (s): cpu = 00:00:32 ; elapsed = 00:00:32 . Memory (MB): peak = 1591.465 ; gain = 0.000
Ending Placer Task | Checksum: d7c786e3

Time (s): cpu = 00:00:32 ; elapsed = 00:00:32 . Memory (MB): peak = 1591.465 ; gain = 0.000
INFO: [Common 17-83] Releasing license: Implementation
76 Infos, 2 Warnings, 0 Critical Warnings and 0 Errors encountered.
place_design completed successfully
place_design: Time (s): cpu = 00:00:33 ; elapsed = 00:00:33 . Memory (MB): peak = 1591.465 ; gain = 0.000
Netlist sorting complete. Time (s): cpu = 00:00:00 ; elapsed = 00:00:00 . Memory (MB): peak = 1591.465 ; gain = 0.000
INFO: [Timing 38-480] Writing timing data to binary archive.
Writing placer database...
Netlist sorting complete. Time (s): cpu = 00:00:00 ; elapsed = 00:00:00.001 . Memory (MB): peak = 1591.465 ; gain = 0.000
Writing XDEF routing.
Writing XDEF routing logical nets.
Writing XDEF routing special nets.
Write XDEF Complete: Time (s): cpu = 00:00:01 ; elapsed = 00:00:00.167 . Memory (MB): peak = 1591.465 ; gain = 0.000
INFO: [Common 17-1381] The checkpoint 'C:/Users/13083/Documents/GitHub/ECE532_Project_MVP/Project/Project.runs/impl_1/project_mvp_top_placed.dcp' has been generated.
INFO: [runtcl-4] Executing : report_io -file project_mvp_top_io_placed.rpt
report_io: Time (s): cpu = 00:00:00 ; elapsed = 00:00:00.029 . Memory (MB): peak = 1591.465 ; gain = 0.000
INFO: [runtcl-4] Executing : report_utilization -file project_mvp_top_utilization_placed.rpt -pb project_mvp_top_utilization_placed.pb
INFO: [runtcl-4] Executing : report_control_sets -verbose -file project_mvp_top_control_sets_placed.rpt
report_control_sets: Time (s): cpu = 00:00:00 ; elapsed = 00:00:00.005 . Memory (MB): peak = 1591.465 ; gain = 0.000
Command: route_design
Attempting to get a license for feature 'Implementation' and/or device 'xc7a100t'
INFO: [Common 17-349] Got license for feature 'Implementation' and/or device 'xc7a100t'
Running DRC as a precondition to command route_design
INFO: [DRC 23-27] Running DRC with 2 threads
INFO: [Vivado_Tcl 4-198] DRC finished with 0 Errors
INFO: [Vivado_Tcl 4-199] Please refer to the DRC report (report_drc) for more information.


Starting Routing Task
INFO: [Route 35-254] Multithreading enabled for route_design using a maximum of 2 CPUs
Checksum: PlaceDB: f1d2f01 ConstDB: 0 ShapeSum: c8aa57e2 RouteDB: 0

Phase 1 Build RT Design
Phase 1 Build RT Design | Checksum: 7fe55914

Time (s): cpu = 00:00:21 ; elapsed = 00:00:18 . Memory (MB): peak = 1591.465 ; gain = 0.000
Post Restoration Checksum: NetGraph: 6b40ed59 NumContArr: 14a46bbb Constraints: 0 Timing: 0

Phase 2 Router Initialization

Phase 2.1 Create Timer
Phase 2.1 Create Timer | Checksum: 7fe55914

Time (s): cpu = 00:00:21 ; elapsed = 00:00:18 . Memory (MB): peak = 1593.242 ; gain = 1.777

Phase 2.2 Fix Topology Constraints
Phase 2.2 Fix Topology Constraints | Checksum: 7fe55914

Time (s): cpu = 00:00:21 ; elapsed = 00:00:18 . Memory (MB): peak = 1600.043 ; gain = 8.578

Phase 2.3 Pre Route Cleanup
Phase 2.3 Pre Route Cleanup | Checksum: 7fe55914

Time (s): cpu = 00:00:21 ; elapsed = 00:00:18 . Memory (MB): peak = 1600.043 ; gain = 8.578
 Number of Nodes with overlaps = 0

Phase 2.4 Update Timing
Phase 2.4 Update Timing | Checksum: 114f5aece

Time (s): cpu = 00:00:22 ; elapsed = 00:00:19 . Memory (MB): peak = 1621.730 ; gain = 30.266
INFO: [Route 35-416] Intermediate Timing Summary | WNS=0.044  | TNS=0.000  | WHS=-0.096 | THS=-1.670 |

Phase 2 Router Initialization | Checksum: 17d6f763f

Time (s): cpu = 00:00:22 ; elapsed = 00:00:19 . Memory (MB): peak = 1633.418 ; gain = 41.953

Phase 3 Initial Routing
Phase 3 Initial Routing | Checksum: 218d8c590

Time (s): cpu = 00:00:35 ; elapsed = 00:00:26 . Memory (MB): peak = 1692.262 ; gain = 100.797

Phase 4 Rip-up And Reroute

Phase 4.1 Global Iteration 0
 Number of Nodes with overlaps = 480
 Number of Nodes with overlaps = 141
 Number of Nodes with overlaps = 33
 Number of Nodes with overlaps = 12
 Number of Nodes with overlaps = 6
 Number of Nodes with overlaps = 2
 Number of Nodes with overlaps = 1
 Number of Nodes with overlaps = 0
INFO: [Route 35-416] Intermediate Timing Summary | WNS=-0.062 | TNS=-0.151 | WHS=N/A    | THS=N/A    |

Phase 4.1 Global Iteration 0 | Checksum: 10431afc3

Time (s): cpu = 00:00:45 ; elapsed = 00:00:34 . Memory (MB): peak = 1692.262 ; gain = 100.797

Phase 4.2 Global Iteration 1
 Number of Nodes with overlaps = 32
 Number of Nodes with overlaps = 14
 Number of Nodes with overlaps = 10
 Number of Nodes with overlaps = 6
 Number of Nodes with overlaps = 4
 Number of Nodes with overlaps = 3
 Number of Nodes with overlaps = 7
 Number of Nodes with overlaps = 7
 Number of Nodes with overlaps = 1
 Number of Nodes with overlaps = 3
 Number of Nodes with overlaps = 1
 Number of Nodes with overlaps = 0
INFO: [Route 35-416] Intermediate Timing Summary | WNS=-0.059 | TNS=-0.102 | WHS=N/A    | THS=N/A    |

Phase 4.2 Global Iteration 1 | Checksum: 1d67bdddf

Time (s): cpu = 00:01:51 ; elapsed = 00:01:41 . Memory (MB): peak = 1692.262 ; gain = 100.797
Phase 4 Rip-up And Reroute | Checksum: 1d67bdddf

Time (s): cpu = 00:01:51 ; elapsed = 00:01:41 . Memory (MB): peak = 1692.262 ; gain = 100.797

Phase 5 Delay and Skew Optimization

Phase 5.1 Delay CleanUp

Phase 5.1.1 Update Timing
Phase 5.1.1 Update Timing | Checksum: 1a84b1e87

Time (s): cpu = 00:01:52 ; elapsed = 00:01:41 . Memory (MB): peak = 1692.262 ; gain = 100.797
INFO: [Route 35-416] Intermediate Timing Summary | WNS=-0.059 | TNS=-0.102 | WHS=N/A    | THS=N/A    |

 Number of Nodes with overlaps = 0
Phase 5.1 Delay CleanUp | Checksum: 1e1d12e09

Time (s): cpu = 00:01:56 ; elapsed = 00:01:43 . Memory (MB): peak = 1692.262 ; gain = 100.797

Phase 5.2 Clock Skew Optimization
Phase 5.2 Clock Skew Optimization | Checksum: 1e1d12e09

Time (s): cpu = 00:01:56 ; elapsed = 00:01:43 . Memory (MB): peak = 1692.262 ; gain = 100.797
Phase 5 Delay and Skew Optimization | Checksum: 1e1d12e09

Time (s): cpu = 00:01:56 ; elapsed = 00:01:43 . Memory (MB): peak = 1692.262 ; gain = 100.797

Phase 6 Post Hold Fix

Phase 6.1 Hold Fix Iter

Phase 6.1.1 Update Timing
Phase 6.1.1 Update Timing | Checksum: 231574fea

Time (s): cpu = 00:01:56 ; elapsed = 00:01:43 . Memory (MB): peak = 1692.262 ; gain = 100.797
INFO: [Route 35-416] Intermediate Timing Summary | WNS=-0.061 | TNS=-0.088 | WHS=0.092  | THS=0.000  |

Phase 6.1 Hold Fix Iter | Checksum: 231574fea

Time (s): cpu = 00:01:56 ; elapsed = 00:01:43 . Memory (MB): peak = 1692.262 ; gain = 100.797
Phase 6 Post Hold Fix | Checksum: 231574fea

Time (s): cpu = 00:01:56 ; elapsed = 00:01:43 . Memory (MB): peak = 1692.262 ; gain = 100.797

Phase 7 Route finalize

Router Utilization Summary
  Global Vertical Routing Utilization    = 0.972451 %
  Global Horizontal Routing Utilization  = 1.05463 %
  Routable Net Status*
  *Does not include unroutable nets such as driverless and loadless.
  Run report_route_status for detailed report.
  Number of Failed Nets               = 0
  Number of Unrouted Nets             = 0
  Number of Partially Routed Nets     = 0
  Number of Node Overlaps             = 0

Congestion Report
North Dir 1x1 Area, Max Cong = 59.4595%, No Congested Regions.
South Dir 1x1 Area, Max Cong = 63.964%, No Congested Regions.
East Dir 1x1 Area, Max Cong = 75%, No Congested Regions.
West Dir 1x1 Area, Max Cong = 52.9412%, No Congested Regions.

------------------------------
Reporting congestion hotspots
------------------------------
Direction: North
----------------
Congested clusters found at Level 0
Effective congestion level: 0 Aspect Ratio: 1 Sparse Ratio: 0
Direction: South
----------------
Congested clusters found at Level 0
Effective congestion level: 0 Aspect Ratio: 1 Sparse Ratio: 0
Direction: East
----------------
Congested clusters found at Level 0
Effective congestion level: 0 Aspect Ratio: 1 Sparse Ratio: 0
Direction: West
----------------
Congested clusters found at Level 0
Effective congestion level: 0 Aspect Ratio: 1 Sparse Ratio: 0

Phase 7 Route finalize | Checksum: 25331a829

Time (s): cpu = 00:01:56 ; elapsed = 00:01:43 . Memory (MB): peak = 1692.262 ; gain = 100.797

Phase 8 Verifying routed nets

 Verification completed successfully
Phase 8 Verifying routed nets | Checksum: 25331a829

Time (s): cpu = 00:01:56 ; elapsed = 00:01:43 . Memory (MB): peak = 1692.262 ; gain = 100.797

Phase 9 Depositing Routes
Phase 9 Depositing Routes | Checksum: 240182684

Time (s): cpu = 00:01:56 ; elapsed = 00:01:43 . Memory (MB): peak = 1692.262 ; gain = 100.797

Phase 10 Post Router Timing
INFO: [Route 35-57] Estimated Timing Summary | WNS=-0.061 | TNS=-0.088 | WHS=0.092  | THS=0.000  |

WARNING: [Route 35-328] Router estimated timing not met.
Resolution: For a complete and accurate timing signoff, report_timing_summary must be run after route_design. Alternatively, route_design can be run with the -timing_summary option to enable a complete timing signoff at the end of route_design.
Phase 10 Post Router Timing | Checksum: 240182684

Time (s): cpu = 00:01:56 ; elapsed = 00:01:43 . Memory (MB): peak = 1692.262 ; gain = 100.797
INFO: [Route 35-16] Router Completed Successfully

Time (s): cpu = 00:01:56 ; elapsed = 00:01:43 . Memory (MB): peak = 1692.262 ; gain = 100.797

Routing Is Done.
INFO: [Common 17-83] Releasing license: Implementation
94 Infos, 3 Warnings, 0 Critical Warnings and 0 Errors encountered.
route_design completed successfully
route_design: Time (s): cpu = 00:01:57 ; elapsed = 00:02:09 . Memory (MB): peak = 1692.262 ; gain = 100.797
Netlist sorting complete. Time (s): cpu = 00:00:00 ; elapsed = 00:00:00.001 . Memory (MB): peak = 1692.262 ; gain = 0.000
INFO: [Timing 38-480] Writing timing data to binary archive.
Writing placer database...
Netlist sorting complete. Time (s): cpu = 00:00:00 ; elapsed = 00:00:00.001 . Memory (MB): peak = 1692.262 ; gain = 0.000
Writing XDEF routing.
Writing XDEF routing logical nets.
Writing XDEF routing special nets.
Write XDEF Complete: Time (s): cpu = 00:00:01 ; elapsed = 00:00:00.216 . Memory (MB): peak = 1692.262 ; gain = 0.000
INFO: [Common 17-1381] The checkpoint 'C:/Users/13083/Documents/GitHub/ECE532_Project_MVP/Project/Project.runs/impl_1/project_mvp_top_routed.dcp' has been generated.
INFO: [runtcl-4] Executing : report_drc -file project_mvp_top_drc_routed.rpt -pb project_mvp_top_drc_routed.pb -rpx project_mvp_top_drc_routed.rpx
Command: report_drc -file project_mvp_top_drc_routed.rpt -pb project_mvp_top_drc_routed.pb -rpx project_mvp_top_drc_routed.rpx
INFO: [IP_Flow 19-1839] IP Catalog is up to date.
INFO: [DRC 23-27] Running DRC with 2 threads
INFO: [Coretcl 2-168] The results of DRC are in file C:/Users/13083/Documents/GitHub/ECE532_Project_MVP/Project/Project.runs/impl_1/project_mvp_top_drc_routed.rpt.
report_drc completed successfully
INFO: [runtcl-4] Executing : report_methodology -file project_mvp_top_methodology_drc_routed.rpt -pb project_mvp_top_methodology_drc_routed.pb -rpx project_mvp_top_methodology_drc_routed.rpx
Command: report_methodology -file project_mvp_top_methodology_drc_routed.rpt -pb project_mvp_top_methodology_drc_routed.pb -rpx project_mvp_top_methodology_drc_routed.rpx
INFO: [Timing 38-35] Done setting XDC timing constraints.
INFO: [DRC 23-133] Running Methodology with 2 threads
INFO: [Coretcl 2-1520] The results of Report Methodology are in file C:/Users/13083/Documents/GitHub/ECE532_Project_MVP/Project/Project.runs/impl_1/project_mvp_top_methodology_drc_routed.rpt.
report_methodology completed successfully
INFO: [runtcl-4] Executing : report_power -file project_mvp_top_power_routed.rpt -pb project_mvp_top_power_summary_routed.pb -rpx project_mvp_top_power_routed.rpx
Command: report_power -file project_mvp_top_power_routed.rpt -pb project_mvp_top_power_summary_routed.pb -rpx project_mvp_top_power_routed.rpx
INFO: [Timing 38-35] Done setting XDC timing constraints.
Running Vector-less Activity Propagation...

Finished Running Vector-less Activity Propagation
106 Infos, 3 Warnings, 0 Critical Warnings and 0 Errors encountered.
report_power completed successfully
INFO: [runtcl-4] Executing : report_route_status -file project_mvp_top_route_status.rpt -pb project_mvp_top_route_status.pb
INFO: [runtcl-4] Executing : report_timing_summary -max_paths 10 -file project_mvp_top_timing_summary_routed.rpt -pb project_mvp_top_timing_summary_routed.pb -rpx project_mvp_top_timing_summary_routed.rpx -warn_on_violation 
INFO: [Timing 38-91] UpdateTimingParams: Speed grade: -1, Delay Type: min_max.
INFO: [Timing 38-191] Multithreading enabled for timing update using a maximum of 2 CPUs
CRITICAL WARNING: [Timing 38-282] The design failed to meet the timing requirements. Please see the timing summary report for details on the timing violations.
INFO: [runtcl-4] Executing : report_incremental_reuse -file project_mvp_top_incremental_reuse_routed.rpt
INFO: [Vivado_Tcl 4-1062] Incremental flow is disabled. No incremental reuse Info to report.
INFO: [runtcl-4] Executing : report_clock_utilization -file project_mvp_top_clock_utilization_routed.rpt
INFO: [runtcl-4] Executing : report_bus_skew -warn_on_violation -file project_mvp_top_bus_skew_routed.rpt -pb project_mvp_top_bus_skew_routed.pb -rpx project_mvp_top_bus_skew_routed.rpx
INFO: [Timing 38-91] UpdateTimingParams: Speed grade: -1, Delay Type: min_max.
INFO: [Timing 38-191] Multithreading enabled for timing update using a maximum of 2 CPUs
Command: write_bitstream -force project_mvp_top.bit
Attempting to get a license for feature 'Implementation' and/or device 'xc7a100t'
INFO: [Common 17-349] Got license for feature 'Implementation' and/or device 'xc7a100t'
Running DRC as a precondition to command write_bitstream
INFO: [IP_Flow 19-1839] IP Catalog is up to date.
INFO: [DRC 23-27] Running DRC with 2 threads
WARNING: [DRC CFGBVS-1] Missing CFGBVS and CONFIG_VOLTAGE Design Properties: Neither the CFGBVS nor CONFIG_VOLTAGE voltage property is set in the current_design.  Configuration bank voltage select (CFGBVS) must be set to VCCO or GND, and CONFIG_VOLTAGE must be set to the correct configuration voltage, in order to determine the I/O voltage support for the pins in bank 0.  It is suggested to specify these either using the 'Edit Device Properties' function in the GUI or directly in the XDC file using the following syntax:

 set_property CFGBVS value1 [current_design]
 #where value1 is either VCCO or GND

 set_property CONFIG_VOLTAGE value2 [current_design]
 #where value2 is the voltage provided to configuration bank 0

Refer to the device configuration user guide for more information.
WARNING: [DRC DPIP-1] Input pipelining: DSP ir_buf/out_bram_addr_in0 input ir_buf/out_bram_addr_in0/A[29:0] is not pipelined. Pipelining DSP48 input will improve performance.
WARNING: [DRC DPIP-1] Input pipelining: DSP ir_buf/out_bram_addr_in0 input ir_buf/out_bram_addr_in0/C[47:0] is not pipelined. Pipelining DSP48 input will improve performance.
WARNING: [DRC DPIP-1] Input pipelining: DSP u_compute/fx_mul_return0 input u_compute/fx_mul_return0/A[29:0] is not pipelined. Pipelining DSP48 input will improve performance.
WARNING: [DRC DPIP-1] Input pipelining: DSP u_compute/fx_mul_return0 input u_compute/fx_mul_return0/B[17:0] is not pipelined. Pipelining DSP48 input will improve performance.
WARNING: [DRC DPOP-1] PREG Output pipelining: DSP ir_buf/out_bram_addr_in0 output ir_buf/out_bram_addr_in0/P[47:0] is not pipelined (PREG=0). Pipelining the DSP48 output will improve performance and often saves power so it is suggested whenever possible to fully pipeline this function.  If this DSP48 function was inferred, it is suggested to describe an additional register stage after this function.  If the DSP48 was instantiated in the design, it is suggested to set the PREG attribute to 1.
WARNING: [DRC DPOP-1] PREG Output pipelining: DSP u_compute/fx_mul_return0 output u_compute/fx_mul_return0/P[47:0] is not pipelined (PREG=0). Pipelining the DSP48 output will improve performance and often saves power so it is suggested whenever possible to fully pipeline this function.  If this DSP48 function was inferred, it is suggested to describe an additional register stage after this function.  If the DSP48 was instantiated in the design, it is suggested to set the PREG attribute to 1.
WARNING: [DRC DPOP-1] PREG Output pipelining: DSP vga_buf_1/bram_addrb output vga_buf_1/bram_addrb/P[47:0] is not pipelined (PREG=0). Pipelining the DSP48 output will improve performance and often saves power so it is suggested whenever possible to fully pipeline this function.  If this DSP48 function was inferred, it is suggested to describe an additional register stage after this function.  If the DSP48 was instantiated in the design, it is suggested to set the PREG attribute to 1.
WARNING: [DRC DPOP-2] MREG Output pipelining: DSP ir_buf/out_bram_addr_in0 multiplier stage ir_buf/out_bram_addr_in0/P[47:0] is not pipelined (MREG=0). Pipelining the multiplier function will improve performance and will save significant power so it is suggested whenever possible to fully pipeline this function.  If this multiplier was inferred, it is suggested to describe an additional register stage after this function.  If there is no registered adder/accumulator following the multiply function, two pipeline stages are suggested to allow both the MREG and PREG registers to be used.  If the DSP48 was instantiated in the design, it is suggested to set both the MREG and PREG attributes to 1 when performing multiply functions.
WARNING: [DRC DPOP-2] MREG Output pipelining: DSP u_compute/fx_mul_return0 multiplier stage u_compute/fx_mul_return0/P[47:0] is not pipelined (MREG=0). Pipelining the multiplier function will improve performance and will save significant power so it is suggested whenever possible to fully pipeline this function.  If this multiplier was inferred, it is suggested to describe an additional register stage after this function.  If there is no registered adder/accumulator following the multiply function, two pipeline stages are suggested to allow both the MREG and PREG registers to be used.  If the DSP48 was instantiated in the design, it is suggested to set both the MREG and PREG attributes to 1 when performing multiply functions.
WARNING: [DRC DPOP-2] MREG Output pipelining: DSP vga_buf_1/bram_addrb multiplier stage vga_buf_1/bram_addrb/P[47:0] is not pipelined (MREG=0). Pipelining the multiplier function will improve performance and will save significant power so it is suggested whenever possible to fully pipeline this function.  If this multiplier was inferred, it is suggested to describe an additional register stage after this function.  If there is no registered adder/accumulator following the multiply function, two pipeline stages are suggested to allow both the MREG and PREG registers to be used.  If the DSP48 was instantiated in the design, it is suggested to set both the MREG and PREG attributes to 1 when performing multiply functions.
INFO: [Vivado 12-3199] DRC finished with 0 Errors, 11 Warnings
INFO: [Vivado 12-3200] Please refer to the DRC report (report_drc) for more information.
INFO: [Designutils 20-2272] Running write_bitstream with 2 threads.
Loading data files...
Loading site data...
Loading route data...
Processing options...
Creating bitmap...
Creating bitstream...
Writing bitstream ./project_mvp_top.bit...
INFO: [Vivado 12-1842] Bitgen Completed Successfully.
INFO: [Project 1-120] WebTalk data collection is mandatory when using a WebPACK part without a full Vivado license. To see the specific WebTalk data collected for your design, open the usage_statistics_webtalk.html or usage_statistics_webtalk.xml file in the implementation directory.
INFO: [Common 17-83] Releasing license: Implementation
125 Infos, 14 Warnings, 1 Critical Warnings and 0 Errors encountered.
write_bitstream completed successfully
write_bitstream: Time (s): cpu = 00:00:14 ; elapsed = 00:00:49 . Memory (MB): peak = 2096.316 ; gain = 404.055
INFO: [Common 17-206] Exiting Vivado at Wed Mar 18 02:35:00 2026...
