
*** Running vivado
    with args -log design_1_bram_ctrl_0_0.vds -m64 -product Vivado -mode batch -messageDb vivado.pb -notrace -source design_1_bram_ctrl_0_0.tcl


****** Vivado v2018.3.1 (64-bit)
  **** SW Build 2489853 on Tue Mar 26 04:20:25 MDT 2019
  **** IP Build 2486929 on Tue Mar 26 06:44:21 MDT 2019
    ** Copyright 1986-2019 Xilinx, Inc. All Rights Reserved.

source design_1_bram_ctrl_0_0.tcl -notrace
INFO: [IP_Flow 19-234] Refreshing IP repositories
INFO: [IP_Flow 19-1700] Loaded user IP repository 'c:/Users/khanm/OneDrive/Documents/GitHub/ECE532_Project_MVP/Project/bram_mux'.
INFO: [IP_Flow 19-1700] Loaded user IP repository 'c:/Users/khanm/OneDrive/Documents/GitHub/ECE532_Project_MVP/Project/bram_ctrl'.
INFO: [IP_Flow 19-1700] Loaded user IP repository 'c:/Users/khanm/OneDrive/Documents/GitHub/ECE532_Project_MVP/Project/project_mvp'.
INFO: [IP_Flow 19-2313] Loaded Vivado IP repository 'C:/Xilinx/Vivado/2018.3/data/ip'.
WARNING: [IP_Flow 19-4995] The host OS only allows 260 characters in a normal path. The IP cache path is more than 80 characters. If you experience issues with IP caching, please consider changing the IP cache to a location with a shorter path. Alternately consider using the OS subst command to map part of the path to a drive letter. 
Current IP cache path is c:/Users/khanm/OneDrive/Documents/GitHub/ECE532_Project_MVP/Project/Project.cache/ip 
Command: synth_design -top design_1_bram_ctrl_0_0 -part xc7a100tcsg324-1 -mode out_of_context
Starting synth_design
Attempting to get a license for feature 'Synthesis' and/or device 'xc7a100t'
INFO: [Common 17-349] Got license for feature 'Synthesis' and/or device 'xc7a100t'
INFO: Launching helper process for spawning children vivado processes
INFO: Helper process launched with PID 25544 
---------------------------------------------------------------------------------
Starting RTL Elaboration : Time (s): cpu = 00:00:01 ; elapsed = 00:00:02 . Memory (MB): peak = 472.195 ; gain = 101.500
---------------------------------------------------------------------------------
INFO: [Synth 8-6157] synthesizing module 'design_1_bram_ctrl_0_0' [c:/Users/khanm/OneDrive/Documents/GitHub/ECE532_Project_MVP/Project/Project.srcs/sources_1/bd/design_1/ip/design_1_bram_ctrl_0_0/synth/design_1_bram_ctrl_0_0.v:58]
INFO: [Synth 8-6157] synthesizing module 'bram_ctrl' [c:/Users/khanm/OneDrive/Documents/GitHub/ECE532_Project_MVP/Project/Project.srcs/sources_1/bd/design_1/ipshared/6150/bram_ctrl.v:1]
INFO: [Synth 8-6157] synthesizing module 'bram_mux' [c:/Users/khanm/OneDrive/Documents/GitHub/ECE532_Project_MVP/Project/Project.srcs/sources_1/bd/design_1/ipshared/6150/bram_ctrl.v:157]
INFO: [Synth 8-5534] Detected attribute (* keep = "true" *) [c:/Users/khanm/OneDrive/Documents/GitHub/ECE532_Project_MVP/Project/Project.srcs/sources_1/bd/design_1/ipshared/6150/bram_ctrl.v:161]
INFO: [Synth 8-5534] Detected attribute (* keep = "true" *) [c:/Users/khanm/OneDrive/Documents/GitHub/ECE532_Project_MVP/Project/Project.srcs/sources_1/bd/design_1/ipshared/6150/bram_ctrl.v:162]
INFO: [Synth 8-5534] Detected attribute (* keep = "true" *) [c:/Users/khanm/OneDrive/Documents/GitHub/ECE532_Project_MVP/Project/Project.srcs/sources_1/bd/design_1/ipshared/6150/bram_ctrl.v:163]
INFO: [Synth 8-5534] Detected attribute (* keep = "true" *) [c:/Users/khanm/OneDrive/Documents/GitHub/ECE532_Project_MVP/Project/Project.srcs/sources_1/bd/design_1/ipshared/6150/bram_ctrl.v:164]
INFO: [Synth 8-5534] Detected attribute (* keep = "true" *) [c:/Users/khanm/OneDrive/Documents/GitHub/ECE532_Project_MVP/Project/Project.srcs/sources_1/bd/design_1/ipshared/6150/bram_ctrl.v:165]
INFO: [Synth 8-5534] Detected attribute (* keep = "true" *) [c:/Users/khanm/OneDrive/Documents/GitHub/ECE532_Project_MVP/Project/Project.srcs/sources_1/bd/design_1/ipshared/6150/bram_ctrl.v:167]
INFO: [Synth 8-5534] Detected attribute (* keep = "true" *) [c:/Users/khanm/OneDrive/Documents/GitHub/ECE532_Project_MVP/Project/Project.srcs/sources_1/bd/design_1/ipshared/6150/bram_ctrl.v:168]
INFO: [Synth 8-5534] Detected attribute (* keep = "true" *) [c:/Users/khanm/OneDrive/Documents/GitHub/ECE532_Project_MVP/Project/Project.srcs/sources_1/bd/design_1/ipshared/6150/bram_ctrl.v:169]
INFO: [Synth 8-5534] Detected attribute (* keep = "true" *) [c:/Users/khanm/OneDrive/Documents/GitHub/ECE532_Project_MVP/Project/Project.srcs/sources_1/bd/design_1/ipshared/6150/bram_ctrl.v:170]
INFO: [Synth 8-5534] Detected attribute (* keep = "true" *) [c:/Users/khanm/OneDrive/Documents/GitHub/ECE532_Project_MVP/Project/Project.srcs/sources_1/bd/design_1/ipshared/6150/bram_ctrl.v:171]
INFO: [Synth 8-5534] Detected attribute (* keep = "true" *) [c:/Users/khanm/OneDrive/Documents/GitHub/ECE532_Project_MVP/Project/Project.srcs/sources_1/bd/design_1/ipshared/6150/bram_ctrl.v:174]
INFO: [Synth 8-5534] Detected attribute (* keep = "true" *) [c:/Users/khanm/OneDrive/Documents/GitHub/ECE532_Project_MVP/Project/Project.srcs/sources_1/bd/design_1/ipshared/6150/bram_ctrl.v:175]
INFO: [Synth 8-5534] Detected attribute (* keep = "true" *) [c:/Users/khanm/OneDrive/Documents/GitHub/ECE532_Project_MVP/Project/Project.srcs/sources_1/bd/design_1/ipshared/6150/bram_ctrl.v:176]
INFO: [Synth 8-5534] Detected attribute (* keep = "true" *) [c:/Users/khanm/OneDrive/Documents/GitHub/ECE532_Project_MVP/Project/Project.srcs/sources_1/bd/design_1/ipshared/6150/bram_ctrl.v:177]
INFO: [Synth 8-5534] Detected attribute (* keep = "true" *) [c:/Users/khanm/OneDrive/Documents/GitHub/ECE532_Project_MVP/Project/Project.srcs/sources_1/bd/design_1/ipshared/6150/bram_ctrl.v:178]
INFO: [Synth 8-5534] Detected attribute (* keep = "true" *) [c:/Users/khanm/OneDrive/Documents/GitHub/ECE532_Project_MVP/Project/Project.srcs/sources_1/bd/design_1/ipshared/6150/bram_ctrl.v:180]
INFO: [Synth 8-5534] Detected attribute (* keep = "true" *) [c:/Users/khanm/OneDrive/Documents/GitHub/ECE532_Project_MVP/Project/Project.srcs/sources_1/bd/design_1/ipshared/6150/bram_ctrl.v:181]
INFO: [Synth 8-5534] Detected attribute (* keep = "true" *) [c:/Users/khanm/OneDrive/Documents/GitHub/ECE532_Project_MVP/Project/Project.srcs/sources_1/bd/design_1/ipshared/6150/bram_ctrl.v:182]
INFO: [Synth 8-5534] Detected attribute (* keep = "true" *) [c:/Users/khanm/OneDrive/Documents/GitHub/ECE532_Project_MVP/Project/Project.srcs/sources_1/bd/design_1/ipshared/6150/bram_ctrl.v:183]
INFO: [Synth 8-5534] Detected attribute (* keep = "true" *) [c:/Users/khanm/OneDrive/Documents/GitHub/ECE532_Project_MVP/Project/Project.srcs/sources_1/bd/design_1/ipshared/6150/bram_ctrl.v:184]
INFO: [Synth 8-5534] Detected attribute (* keep = "true" *) [c:/Users/khanm/OneDrive/Documents/GitHub/ECE532_Project_MVP/Project/Project.srcs/sources_1/bd/design_1/ipshared/6150/bram_ctrl.v:185]
INFO: [Synth 8-5534] Detected attribute (* keep = "true" *) [c:/Users/khanm/OneDrive/Documents/GitHub/ECE532_Project_MVP/Project/Project.srcs/sources_1/bd/design_1/ipshared/6150/bram_ctrl.v:188]
INFO: [Synth 8-5534] Detected attribute (* keep = "true" *) [c:/Users/khanm/OneDrive/Documents/GitHub/ECE532_Project_MVP/Project/Project.srcs/sources_1/bd/design_1/ipshared/6150/bram_ctrl.v:189]
INFO: [Synth 8-5534] Detected attribute (* keep = "true" *) [c:/Users/khanm/OneDrive/Documents/GitHub/ECE532_Project_MVP/Project/Project.srcs/sources_1/bd/design_1/ipshared/6150/bram_ctrl.v:190]
INFO: [Synth 8-5534] Detected attribute (* keep = "true" *) [c:/Users/khanm/OneDrive/Documents/GitHub/ECE532_Project_MVP/Project/Project.srcs/sources_1/bd/design_1/ipshared/6150/bram_ctrl.v:191]
INFO: [Synth 8-5534] Detected attribute (* keep = "true" *) [c:/Users/khanm/OneDrive/Documents/GitHub/ECE532_Project_MVP/Project/Project.srcs/sources_1/bd/design_1/ipshared/6150/bram_ctrl.v:192]
INFO: [Synth 8-5534] Detected attribute (* keep = "true" *) [c:/Users/khanm/OneDrive/Documents/GitHub/ECE532_Project_MVP/Project/Project.srcs/sources_1/bd/design_1/ipshared/6150/bram_ctrl.v:194]
INFO: [Synth 8-5534] Detected attribute (* keep = "true" *) [c:/Users/khanm/OneDrive/Documents/GitHub/ECE532_Project_MVP/Project/Project.srcs/sources_1/bd/design_1/ipshared/6150/bram_ctrl.v:195]
INFO: [Synth 8-5534] Detected attribute (* keep = "true" *) [c:/Users/khanm/OneDrive/Documents/GitHub/ECE532_Project_MVP/Project/Project.srcs/sources_1/bd/design_1/ipshared/6150/bram_ctrl.v:196]
INFO: [Synth 8-5534] Detected attribute (* keep = "true" *) [c:/Users/khanm/OneDrive/Documents/GitHub/ECE532_Project_MVP/Project/Project.srcs/sources_1/bd/design_1/ipshared/6150/bram_ctrl.v:197]
INFO: [Synth 8-5534] Detected attribute (* keep = "true" *) [c:/Users/khanm/OneDrive/Documents/GitHub/ECE532_Project_MVP/Project/Project.srcs/sources_1/bd/design_1/ipshared/6150/bram_ctrl.v:198]
INFO: [Synth 8-5534] Detected attribute (* keep = "true" *) [c:/Users/khanm/OneDrive/Documents/GitHub/ECE532_Project_MVP/Project/Project.srcs/sources_1/bd/design_1/ipshared/6150/bram_ctrl.v:199]
INFO: [Synth 8-5534] Detected attribute (* keep = "true" *) [c:/Users/khanm/OneDrive/Documents/GitHub/ECE532_Project_MVP/Project/Project.srcs/sources_1/bd/design_1/ipshared/6150/bram_ctrl.v:202]
INFO: [Synth 8-5534] Detected attribute (* keep = "true" *) [c:/Users/khanm/OneDrive/Documents/GitHub/ECE532_Project_MVP/Project/Project.srcs/sources_1/bd/design_1/ipshared/6150/bram_ctrl.v:203]
INFO: [Synth 8-5534] Detected attribute (* keep = "true" *) [c:/Users/khanm/OneDrive/Documents/GitHub/ECE532_Project_MVP/Project/Project.srcs/sources_1/bd/design_1/ipshared/6150/bram_ctrl.v:204]
INFO: [Synth 8-5534] Detected attribute (* keep = "true" *) [c:/Users/khanm/OneDrive/Documents/GitHub/ECE532_Project_MVP/Project/Project.srcs/sources_1/bd/design_1/ipshared/6150/bram_ctrl.v:205]
INFO: [Synth 8-5534] Detected attribute (* keep = "true" *) [c:/Users/khanm/OneDrive/Documents/GitHub/ECE532_Project_MVP/Project/Project.srcs/sources_1/bd/design_1/ipshared/6150/bram_ctrl.v:206]
INFO: [Synth 8-5534] Detected attribute (* keep = "true" *) [c:/Users/khanm/OneDrive/Documents/GitHub/ECE532_Project_MVP/Project/Project.srcs/sources_1/bd/design_1/ipshared/6150/bram_ctrl.v:208]
INFO: [Synth 8-5534] Detected attribute (* keep = "true" *) [c:/Users/khanm/OneDrive/Documents/GitHub/ECE532_Project_MVP/Project/Project.srcs/sources_1/bd/design_1/ipshared/6150/bram_ctrl.v:209]
INFO: [Synth 8-5534] Detected attribute (* keep = "true" *) [c:/Users/khanm/OneDrive/Documents/GitHub/ECE532_Project_MVP/Project/Project.srcs/sources_1/bd/design_1/ipshared/6150/bram_ctrl.v:210]
INFO: [Synth 8-5534] Detected attribute (* keep = "true" *) [c:/Users/khanm/OneDrive/Documents/GitHub/ECE532_Project_MVP/Project/Project.srcs/sources_1/bd/design_1/ipshared/6150/bram_ctrl.v:211]
INFO: [Synth 8-5534] Detected attribute (* keep = "true" *) [c:/Users/khanm/OneDrive/Documents/GitHub/ECE532_Project_MVP/Project/Project.srcs/sources_1/bd/design_1/ipshared/6150/bram_ctrl.v:212]
INFO: [Synth 8-5534] Detected attribute (* keep = "true" *) [c:/Users/khanm/OneDrive/Documents/GitHub/ECE532_Project_MVP/Project/Project.srcs/sources_1/bd/design_1/ipshared/6150/bram_ctrl.v:213]
INFO: [Synth 8-5534] Detected attribute (* keep = "true" *) [c:/Users/khanm/OneDrive/Documents/GitHub/ECE532_Project_MVP/Project/Project.srcs/sources_1/bd/design_1/ipshared/6150/bram_ctrl.v:216]
INFO: [Synth 8-5534] Detected attribute (* keep = "true" *) [c:/Users/khanm/OneDrive/Documents/GitHub/ECE532_Project_MVP/Project/Project.srcs/sources_1/bd/design_1/ipshared/6150/bram_ctrl.v:217]
INFO: [Synth 8-5534] Detected attribute (* keep = "true" *) [c:/Users/khanm/OneDrive/Documents/GitHub/ECE532_Project_MVP/Project/Project.srcs/sources_1/bd/design_1/ipshared/6150/bram_ctrl.v:218]
INFO: [Synth 8-5534] Detected attribute (* keep = "true" *) [c:/Users/khanm/OneDrive/Documents/GitHub/ECE532_Project_MVP/Project/Project.srcs/sources_1/bd/design_1/ipshared/6150/bram_ctrl.v:219]
INFO: [Synth 8-5534] Detected attribute (* keep = "true" *) [c:/Users/khanm/OneDrive/Documents/GitHub/ECE532_Project_MVP/Project/Project.srcs/sources_1/bd/design_1/ipshared/6150/bram_ctrl.v:220]
INFO: [Synth 8-5534] Detected attribute (* keep = "true" *) [c:/Users/khanm/OneDrive/Documents/GitHub/ECE532_Project_MVP/Project/Project.srcs/sources_1/bd/design_1/ipshared/6150/bram_ctrl.v:222]
INFO: [Synth 8-5534] Detected attribute (* keep = "true" *) [c:/Users/khanm/OneDrive/Documents/GitHub/ECE532_Project_MVP/Project/Project.srcs/sources_1/bd/design_1/ipshared/6150/bram_ctrl.v:223]
INFO: [Synth 8-5534] Detected attribute (* keep = "true" *) [c:/Users/khanm/OneDrive/Documents/GitHub/ECE532_Project_MVP/Project/Project.srcs/sources_1/bd/design_1/ipshared/6150/bram_ctrl.v:224]
INFO: [Synth 8-5534] Detected attribute (* keep = "true" *) [c:/Users/khanm/OneDrive/Documents/GitHub/ECE532_Project_MVP/Project/Project.srcs/sources_1/bd/design_1/ipshared/6150/bram_ctrl.v:225]
INFO: [Synth 8-5534] Detected attribute (* keep = "true" *) [c:/Users/khanm/OneDrive/Documents/GitHub/ECE532_Project_MVP/Project/Project.srcs/sources_1/bd/design_1/ipshared/6150/bram_ctrl.v:226]
INFO: [Synth 8-5534] Detected attribute (* keep = "true" *) [c:/Users/khanm/OneDrive/Documents/GitHub/ECE532_Project_MVP/Project/Project.srcs/sources_1/bd/design_1/ipshared/6150/bram_ctrl.v:227]
INFO: [Synth 8-5534] Detected attribute (* keep = "true" *) [c:/Users/khanm/OneDrive/Documents/GitHub/ECE532_Project_MVP/Project/Project.srcs/sources_1/bd/design_1/ipshared/6150/bram_ctrl.v:230]
INFO: [Synth 8-6155] done synthesizing module 'bram_mux' (1#1) [c:/Users/khanm/OneDrive/Documents/GitHub/ECE532_Project_MVP/Project/Project.srcs/sources_1/bd/design_1/ipshared/6150/bram_ctrl.v:157]
INFO: [Synth 8-6157] synthesizing module 'bram_dualport_driver' [c:/Users/khanm/OneDrive/Documents/GitHub/ECE532_Project_MVP/Project/Project.srcs/sources_1/bd/design_1/ipshared/6150/bram_ctrl.v:113]
	Parameter mem_width bound to: 160000 - type: integer 
INFO: [Synth 8-5534] Detected attribute (* ram_style = "block" *) [c:/Users/khanm/OneDrive/Documents/GitHub/ECE532_Project_MVP/Project/Project.srcs/sources_1/bd/design_1/ipshared/6150/bram_ctrl.v:136]
INFO: [Synth 8-5771] Detected attribute (* cascade_height =  0 *) on RAM mem_reg 
INFO: [Synth 8-5771] Detected attribute (* cascade_height =  0 *) on RAM mem_reg 
INFO: [Synth 8-6155] done synthesizing module 'bram_dualport_driver' (2#1) [c:/Users/khanm/OneDrive/Documents/GitHub/ECE532_Project_MVP/Project/Project.srcs/sources_1/bd/design_1/ipshared/6150/bram_ctrl.v:113]
INFO: [Synth 8-5771] Detected attribute (* cascade_height =  0 *) on RAM mem_reg 
INFO: [Synth 8-5771] Detected attribute (* cascade_height =  0 *) on RAM mem_reg 
WARNING: [Synth 8-3848] Net a_dout_1 in module/entity bram_ctrl does not have driver. [c:/Users/khanm/OneDrive/Documents/GitHub/ECE532_Project_MVP/Project/Project.srcs/sources_1/bd/design_1/ipshared/6150/bram_ctrl.v:9]
WARNING: [Synth 8-3848] Net b_dout_1 in module/entity bram_ctrl does not have driver. [c:/Users/khanm/OneDrive/Documents/GitHub/ECE532_Project_MVP/Project/Project.srcs/sources_1/bd/design_1/ipshared/6150/bram_ctrl.v:15]
WARNING: [Synth 8-3848] Net a_dout_2 in module/entity bram_ctrl does not have driver. [c:/Users/khanm/OneDrive/Documents/GitHub/ECE532_Project_MVP/Project/Project.srcs/sources_1/bd/design_1/ipshared/6150/bram_ctrl.v:23]
WARNING: [Synth 8-3848] Net b_dout_2 in module/entity bram_ctrl does not have driver. [c:/Users/khanm/OneDrive/Documents/GitHub/ECE532_Project_MVP/Project/Project.srcs/sources_1/bd/design_1/ipshared/6150/bram_ctrl.v:29]
WARNING: [Synth 8-3848] Net a_dout_3 in module/entity bram_ctrl does not have driver. [c:/Users/khanm/OneDrive/Documents/GitHub/ECE532_Project_MVP/Project/Project.srcs/sources_1/bd/design_1/ipshared/6150/bram_ctrl.v:37]
WARNING: [Synth 8-3848] Net b_dout_3 in module/entity bram_ctrl does not have driver. [c:/Users/khanm/OneDrive/Documents/GitHub/ECE532_Project_MVP/Project/Project.srcs/sources_1/bd/design_1/ipshared/6150/bram_ctrl.v:43]
WARNING: [Synth 8-3848] Net a_dout_4 in module/entity bram_ctrl does not have driver. [c:/Users/khanm/OneDrive/Documents/GitHub/ECE532_Project_MVP/Project/Project.srcs/sources_1/bd/design_1/ipshared/6150/bram_ctrl.v:51]
WARNING: [Synth 8-3848] Net b_dout_4 in module/entity bram_ctrl does not have driver. [c:/Users/khanm/OneDrive/Documents/GitHub/ECE532_Project_MVP/Project/Project.srcs/sources_1/bd/design_1/ipshared/6150/bram_ctrl.v:57]
INFO: [Synth 8-6155] done synthesizing module 'bram_ctrl' (3#1) [c:/Users/khanm/OneDrive/Documents/GitHub/ECE532_Project_MVP/Project/Project.srcs/sources_1/bd/design_1/ipshared/6150/bram_ctrl.v:1]
INFO: [Synth 8-5771] Detected attribute (* cascade_height =  0 *) on RAM mem_reg 
INFO: [Synth 8-5771] Detected attribute (* cascade_height =  0 *) on RAM mem_reg 
INFO: [Synth 8-6155] done synthesizing module 'design_1_bram_ctrl_0_0' (4#1) [c:/Users/khanm/OneDrive/Documents/GitHub/ECE532_Project_MVP/Project/Project.srcs/sources_1/bd/design_1/ip/design_1_bram_ctrl_0_0/synth/design_1_bram_ctrl_0_0.v:58]
WARNING: [Synth 8-3331] design bram_dualport_driver has unconnected port reset_n
WARNING: [Synth 8-3331] design bram_dualport_driver has unconnected port a_din[31]
WARNING: [Synth 8-3331] design bram_dualport_driver has unconnected port a_din[30]
WARNING: [Synth 8-3331] design bram_dualport_driver has unconnected port a_din[29]
WARNING: [Synth 8-3331] design bram_dualport_driver has unconnected port a_din[28]
WARNING: [Synth 8-3331] design bram_dualport_driver has unconnected port a_din[27]
WARNING: [Synth 8-3331] design bram_dualport_driver has unconnected port a_din[26]
WARNING: [Synth 8-3331] design bram_dualport_driver has unconnected port a_din[25]
WARNING: [Synth 8-3331] design bram_dualport_driver has unconnected port a_din[24]
WARNING: [Synth 8-3331] design bram_dualport_driver has unconnected port a_din[23]
WARNING: [Synth 8-3331] design bram_dualport_driver has unconnected port a_din[22]
WARNING: [Synth 8-3331] design bram_dualport_driver has unconnected port a_din[21]
WARNING: [Synth 8-3331] design bram_dualport_driver has unconnected port a_din[20]
WARNING: [Synth 8-3331] design bram_dualport_driver has unconnected port a_din[19]
WARNING: [Synth 8-3331] design bram_dualport_driver has unconnected port a_din[18]
WARNING: [Synth 8-3331] design bram_dualport_driver has unconnected port a_din[17]
WARNING: [Synth 8-3331] design bram_dualport_driver has unconnected port b_din[31]
WARNING: [Synth 8-3331] design bram_dualport_driver has unconnected port b_din[30]
WARNING: [Synth 8-3331] design bram_dualport_driver has unconnected port b_din[29]
WARNING: [Synth 8-3331] design bram_dualport_driver has unconnected port b_din[28]
WARNING: [Synth 8-3331] design bram_dualport_driver has unconnected port b_din[27]
WARNING: [Synth 8-3331] design bram_dualport_driver has unconnected port b_din[26]
WARNING: [Synth 8-3331] design bram_dualport_driver has unconnected port b_din[25]
WARNING: [Synth 8-3331] design bram_dualport_driver has unconnected port b_din[24]
WARNING: [Synth 8-3331] design bram_dualport_driver has unconnected port b_din[23]
WARNING: [Synth 8-3331] design bram_dualport_driver has unconnected port b_din[22]
WARNING: [Synth 8-3331] design bram_dualport_driver has unconnected port b_din[21]
WARNING: [Synth 8-3331] design bram_dualport_driver has unconnected port b_din[20]
WARNING: [Synth 8-3331] design bram_dualport_driver has unconnected port b_din[19]
WARNING: [Synth 8-3331] design bram_dualport_driver has unconnected port b_din[18]
WARNING: [Synth 8-3331] design bram_dualport_driver has unconnected port b_din[17]
WARNING: [Synth 8-3331] design bram_mux has unconnected port reset_n
---------------------------------------------------------------------------------
Finished RTL Elaboration : Time (s): cpu = 00:00:03 ; elapsed = 00:00:03 . Memory (MB): peak = 582.355 ; gain = 211.660
---------------------------------------------------------------------------------

Report Check Netlist: 
+------+------------------+-------+---------+-------+------------------+
|      |Item              |Errors |Warnings |Status |Description       |
+------+------------------+-------+---------+-------+------------------+
|1     |multi_driven_nets |      0|        0|Passed |Multi driven nets |
+------+------------------+-------+---------+-------+------------------+
---------------------------------------------------------------------------------
Start Handling Custom Attributes
---------------------------------------------------------------------------------
---------------------------------------------------------------------------------
Finished Handling Custom Attributes : Time (s): cpu = 00:00:03 ; elapsed = 00:00:03 . Memory (MB): peak = 582.355 ; gain = 211.660
---------------------------------------------------------------------------------
---------------------------------------------------------------------------------
Finished RTL Optimization Phase 1 : Time (s): cpu = 00:00:03 ; elapsed = 00:00:03 . Memory (MB): peak = 582.355 ; gain = 211.660
---------------------------------------------------------------------------------
INFO: [Device 21-403] Loading part xc7a100tcsg324-1
INFO: [Project 1-570] Preparing netlist for logic optimization

Processing XDC Constraints
Initializing timing engine
Completed Processing XDC Constraints

Netlist sorting complete. Time (s): cpu = 00:00:00 ; elapsed = 00:00:00 . Memory (MB): peak = 851.023 ; gain = 0.000
INFO: [Project 1-111] Unisim Transformation Summary:
No Unisim elements were transformed.

Netlist sorting complete. Time (s): cpu = 00:00:00 ; elapsed = 00:00:00 . Memory (MB): peak = 851.023 ; gain = 0.000
WARNING: [Constraints 18-5210] No constraints selected for write.
Resolution: This message can indicate that there are no constraints for the design, or it can indicate that the used_in flags are set such that the constraints are ignored. This later case is used when running synth_design to not write synthesis constraints to the resulting checkpoint. Instead, project constraints are read when the synthesized design is opened.
Constraint Validation Runtime : Time (s): cpu = 00:00:01 ; elapsed = 00:00:00.050 . Memory (MB): peak = 853.789 ; gain = 2.766
---------------------------------------------------------------------------------
Finished Constraint Validation : Time (s): cpu = 00:00:08 ; elapsed = 00:00:09 . Memory (MB): peak = 853.789 ; gain = 483.094
---------------------------------------------------------------------------------
---------------------------------------------------------------------------------
Start Loading Part and Timing Information
---------------------------------------------------------------------------------
Loading part: xc7a100tcsg324-1
---------------------------------------------------------------------------------
Finished Loading Part and Timing Information : Time (s): cpu = 00:00:08 ; elapsed = 00:00:09 . Memory (MB): peak = 853.789 ; gain = 483.094
---------------------------------------------------------------------------------
---------------------------------------------------------------------------------
Start Applying 'set_property' XDC Constraints
---------------------------------------------------------------------------------
---------------------------------------------------------------------------------
Finished applying 'set_property' XDC Constraints : Time (s): cpu = 00:00:08 ; elapsed = 00:00:09 . Memory (MB): peak = 853.789 ; gain = 483.094
---------------------------------------------------------------------------------
INFO: [Synth 8-3971] The signal mem_reg was recognized as a true dual port RAM template.
---------------------------------------------------------------------------------
Finished RTL Optimization Phase 2 : Time (s): cpu = 00:00:08 ; elapsed = 00:00:09 . Memory (MB): peak = 853.789 ; gain = 483.094
---------------------------------------------------------------------------------

Report RTL Partitions: 
+-+--------------+------------+----------+
| |RTL Partition |Replication |Instances |
+-+--------------+------------+----------+
+-+--------------+------------+----------+
---------------------------------------------------------------------------------
Start RTL Component Statistics 
---------------------------------------------------------------------------------
Detailed RTL Component Info : 
+---Registers : 
	               17 Bit    Registers := 2     
	                4 Bit    Registers := 1     
+---RAMs : 
	            2176K Bit         RAMs := 1     
+---Muxes : 
	   2 Input     32 Bit        Muxes := 8     
---------------------------------------------------------------------------------
Finished RTL Component Statistics 
---------------------------------------------------------------------------------
---------------------------------------------------------------------------------
Start RTL Hierarchical Component Statistics 
---------------------------------------------------------------------------------
Hierarchical RTL Component report 
Module bram_mux 
Detailed RTL Component Info : 
+---Registers : 
	                4 Bit    Registers := 1     
+---Muxes : 
	   2 Input     32 Bit        Muxes := 8     
Module bram_dualport_driver 
Detailed RTL Component Info : 
+---Registers : 
	               17 Bit    Registers := 2     
+---RAMs : 
	            2176K Bit         RAMs := 1     
---------------------------------------------------------------------------------
Finished RTL Hierarchical Component Statistics
---------------------------------------------------------------------------------
---------------------------------------------------------------------------------
Start Part Resource Summary
---------------------------------------------------------------------------------
Part Resources:
DSPs: 240 (col length:80)
BRAMs: 270 (col length: RAMB18 80 RAMB36 40)
---------------------------------------------------------------------------------
Finished Part Resource Summary
---------------------------------------------------------------------------------
---------------------------------------------------------------------------------
Start Cross Boundary and Area Optimization
---------------------------------------------------------------------------------
Warning: Parallel synthesis criteria is not met 
WARNING: [Synth 8-3331] design design_1_bram_ctrl_0_0 has unconnected port reset_n
INFO: [Synth 8-3971] The signal inst/driver/mem_reg was recognized as a true dual port RAM template.
INFO: [Synth 8-3886] merging instance 'insti_1/inst/driver/mem_reg_mux_sel__84' (FDE) to 'insti_1/inst/driver/mem_reg_mux_sel__100'
INFO: [Synth 8-3886] merging instance 'insti_1/inst/driver/mem_reg_mux_sel__50' (FDE) to 'insti_1/inst/driver/mem_reg_mux_sel__100'
INFO: [Synth 8-3886] merging instance 'insti_1/inst/driver/mem_reg_mux_sel__16' (FDE) to 'insti_1/inst/driver/mem_reg_mux_sel__32'
INFO: [Synth 8-3886] merging instance 'insti_1/inst/driver/mem_reg_mux_sel__85' (FDE) to 'insti_1/inst/driver/mem_reg_mux_sel__100'
INFO: [Synth 8-3886] merging instance 'insti_1/inst/driver/mem_reg_mux_sel__51' (FDE) to 'insti_1/inst/driver/mem_reg_mux_sel__100'
INFO: [Synth 8-3886] merging instance 'insti_1/inst/driver/mem_reg_mux_sel__17' (FDE) to 'insti_1/inst/driver/mem_reg_mux_sel__32'
INFO: [Synth 8-3886] merging instance 'insti_1/inst/driver/mem_reg_mux_sel__86' (FDE) to 'insti_1/inst/driver/mem_reg_mux_sel__100'
INFO: [Synth 8-3886] merging instance 'insti_1/inst/driver/mem_reg_mux_sel__52' (FDE) to 'insti_1/inst/driver/mem_reg_mux_sel__100'
INFO: [Synth 8-3886] merging instance 'insti_1/inst/driver/mem_reg_mux_sel__18' (FDE) to 'insti_1/inst/driver/mem_reg_mux_sel__32'
INFO: [Synth 8-3886] merging instance 'insti_1/inst/driver/mem_reg_mux_sel__87' (FDE) to 'insti_1/inst/driver/mem_reg_mux_sel__100'
INFO: [Synth 8-3886] merging instance 'insti_1/inst/driver/mem_reg_mux_sel__53' (FDE) to 'insti_1/inst/driver/mem_reg_mux_sel__100'
INFO: [Synth 8-3886] merging instance 'insti_1/inst/driver/mem_reg_mux_sel__19' (FDE) to 'insti_1/inst/driver/mem_reg_mux_sel__32'
INFO: [Synth 8-3886] merging instance 'insti_1/inst/driver/mem_reg_mux_sel__88' (FDE) to 'insti_1/inst/driver/mem_reg_mux_sel__100'
INFO: [Synth 8-3886] merging instance 'insti_1/inst/driver/mem_reg_mux_sel__54' (FDE) to 'insti_1/inst/driver/mem_reg_mux_sel__100'
INFO: [Synth 8-3886] merging instance 'insti_1/inst/driver/mem_reg_mux_sel__20' (FDE) to 'insti_1/inst/driver/mem_reg_mux_sel__32'
INFO: [Synth 8-3886] merging instance 'insti_1/inst/driver/mem_reg_mux_sel__89' (FDE) to 'insti_1/inst/driver/mem_reg_mux_sel__100'
INFO: [Synth 8-3886] merging instance 'insti_1/inst/driver/mem_reg_mux_sel__55' (FDE) to 'insti_1/inst/driver/mem_reg_mux_sel__100'
INFO: [Synth 8-3886] merging instance 'insti_1/inst/driver/mem_reg_mux_sel__21' (FDE) to 'insti_1/inst/driver/mem_reg_mux_sel__32'
INFO: [Synth 8-3886] merging instance 'insti_1/inst/driver/mem_reg_mux_sel__90' (FDE) to 'insti_1/inst/driver/mem_reg_mux_sel__100'
INFO: [Synth 8-3886] merging instance 'insti_1/inst/driver/mem_reg_mux_sel__56' (FDE) to 'insti_1/inst/driver/mem_reg_mux_sel__100'
INFO: [Synth 8-3886] merging instance 'insti_1/inst/driver/mem_reg_mux_sel__22' (FDE) to 'insti_1/inst/driver/mem_reg_mux_sel__32'
INFO: [Synth 8-3886] merging instance 'insti_1/inst/driver/mem_reg_mux_sel__91' (FDE) to 'insti_1/inst/driver/mem_reg_mux_sel__100'
INFO: [Synth 8-3886] merging instance 'insti_1/inst/driver/mem_reg_mux_sel__57' (FDE) to 'insti_1/inst/driver/mem_reg_mux_sel__100'
INFO: [Synth 8-3886] merging instance 'insti_1/inst/driver/mem_reg_mux_sel__23' (FDE) to 'insti_1/inst/driver/mem_reg_mux_sel__32'
INFO: [Synth 8-3886] merging instance 'insti_1/inst/driver/mem_reg_mux_sel__92' (FDE) to 'insti_1/inst/driver/mem_reg_mux_sel__100'
INFO: [Synth 8-3886] merging instance 'insti_1/inst/driver/mem_reg_mux_sel__58' (FDE) to 'insti_1/inst/driver/mem_reg_mux_sel__100'
INFO: [Synth 8-3886] merging instance 'insti_1/inst/driver/mem_reg_mux_sel__24' (FDE) to 'insti_1/inst/driver/mem_reg_mux_sel__32'
INFO: [Synth 8-3886] merging instance 'insti_1/inst/driver/mem_reg_mux_sel__93' (FDE) to 'insti_1/inst/driver/mem_reg_mux_sel__100'
INFO: [Synth 8-3886] merging instance 'insti_1/inst/driver/mem_reg_mux_sel__59' (FDE) to 'insti_1/inst/driver/mem_reg_mux_sel__100'
INFO: [Synth 8-3886] merging instance 'insti_1/inst/driver/mem_reg_mux_sel__25' (FDE) to 'insti_1/inst/driver/mem_reg_mux_sel__32'
INFO: [Synth 8-3886] merging instance 'insti_1/inst/driver/mem_reg_mux_sel__94' (FDE) to 'insti_1/inst/driver/mem_reg_mux_sel__100'
INFO: [Synth 8-3886] merging instance 'insti_1/inst/driver/mem_reg_mux_sel__60' (FDE) to 'insti_1/inst/driver/mem_reg_mux_sel__100'
INFO: [Synth 8-3886] merging instance 'insti_1/inst/driver/mem_reg_mux_sel__26' (FDE) to 'insti_1/inst/driver/mem_reg_mux_sel__32'
INFO: [Synth 8-3886] merging instance 'insti_1/inst/driver/mem_reg_mux_sel__95' (FDE) to 'insti_1/inst/driver/mem_reg_mux_sel__100'
INFO: [Synth 8-3886] merging instance 'insti_1/inst/driver/mem_reg_mux_sel__61' (FDE) to 'insti_1/inst/driver/mem_reg_mux_sel__100'
INFO: [Synth 8-3886] merging instance 'insti_1/inst/driver/mem_reg_mux_sel__27' (FDE) to 'insti_1/inst/driver/mem_reg_mux_sel__32'
INFO: [Synth 8-3886] merging instance 'insti_1/inst/driver/mem_reg_mux_sel__96' (FDE) to 'insti_1/inst/driver/mem_reg_mux_sel__100'
INFO: [Synth 8-3886] merging instance 'insti_1/inst/driver/mem_reg_mux_sel__62' (FDE) to 'insti_1/inst/driver/mem_reg_mux_sel__100'
INFO: [Synth 8-3886] merging instance 'insti_1/inst/driver/mem_reg_mux_sel__28' (FDE) to 'insti_1/inst/driver/mem_reg_mux_sel__32'
INFO: [Synth 8-3886] merging instance 'insti_1/inst/driver/mem_reg_mux_sel__97' (FDE) to 'insti_1/inst/driver/mem_reg_mux_sel__100'
INFO: [Synth 8-3886] merging instance 'insti_1/inst/driver/mem_reg_mux_sel__63' (FDE) to 'insti_1/inst/driver/mem_reg_mux_sel__100'
INFO: [Synth 8-3886] merging instance 'insti_1/inst/driver/mem_reg_mux_sel__29' (FDE) to 'insti_1/inst/driver/mem_reg_mux_sel__32'
INFO: [Synth 8-3886] merging instance 'insti_1/inst/driver/mem_reg_mux_sel__98' (FDE) to 'insti_1/inst/driver/mem_reg_mux_sel__100'
INFO: [Synth 8-3886] merging instance 'insti_1/inst/driver/mem_reg_mux_sel__64' (FDE) to 'insti_1/inst/driver/mem_reg_mux_sel__100'
INFO: [Synth 8-3886] merging instance 'insti_1/inst/driver/mem_reg_mux_sel__30' (FDE) to 'insti_1/inst/driver/mem_reg_mux_sel__32'
INFO: [Synth 8-3886] merging instance 'insti_1/inst/driver/mem_reg_mux_sel__99' (FDE) to 'insti_1/inst/driver/mem_reg_mux_sel__100'
INFO: [Synth 8-3886] merging instance 'insti_1/inst/driver/mem_reg_mux_sel__65' (FDE) to 'insti_1/inst/driver/mem_reg_mux_sel__100'
INFO: [Synth 8-3886] merging instance 'insti_1/inst/driver/mem_reg_mux_sel__31' (FDE) to 'insti_1/inst/driver/mem_reg_mux_sel__32'
INFO: [Synth 8-3886] merging instance 'insti_1/inst/driver/mem_reg_mux_sel__100' (FDE) to 'insti_1/inst/driver/mem_reg_mux_sel__66'
INFO: [Synth 8-3886] merging instance 'insti_1/inst/driver/mem_reg_mux_sel__67' (FDE) to 'insti_1/inst/driver/mem_reg_mux_sel__83'
INFO: [Synth 8-3886] merging instance 'insti_1/inst/driver/mem_reg_mux_sel__33' (FDE) to 'insti_1/inst/driver/mem_reg_mux_sel__83'
INFO: [Synth 8-3886] merging instance 'insti_1/inst/driver/mem_reg_mux_sel' (FDE) to 'insti_1/inst/driver/mem_reg_mux_sel__15'
INFO: [Synth 8-3886] merging instance 'insti_1/inst/driver/mem_reg_mux_sel__68' (FDE) to 'insti_1/inst/driver/mem_reg_mux_sel__83'
INFO: [Synth 8-3886] merging instance 'insti_1/inst/driver/mem_reg_mux_sel__34' (FDE) to 'insti_1/inst/driver/mem_reg_mux_sel__83'
INFO: [Synth 8-3886] merging instance 'insti_1/inst/driver/mem_reg_mux_sel__0' (FDE) to 'insti_1/inst/driver/mem_reg_mux_sel__15'
INFO: [Synth 8-3886] merging instance 'insti_1/inst/driver/mem_reg_mux_sel__69' (FDE) to 'insti_1/inst/driver/mem_reg_mux_sel__83'
INFO: [Synth 8-3886] merging instance 'insti_1/inst/driver/mem_reg_mux_sel__35' (FDE) to 'insti_1/inst/driver/mem_reg_mux_sel__83'
INFO: [Synth 8-3886] merging instance 'insti_1/inst/driver/mem_reg_mux_sel__1' (FDE) to 'insti_1/inst/driver/mem_reg_mux_sel__15'
INFO: [Synth 8-3886] merging instance 'insti_1/inst/driver/mem_reg_mux_sel__70' (FDE) to 'insti_1/inst/driver/mem_reg_mux_sel__83'
INFO: [Synth 8-3886] merging instance 'insti_1/inst/driver/mem_reg_mux_sel__36' (FDE) to 'insti_1/inst/driver/mem_reg_mux_sel__83'
INFO: [Synth 8-3886] merging instance 'insti_1/inst/driver/mem_reg_mux_sel__2' (FDE) to 'insti_1/inst/driver/mem_reg_mux_sel__15'
INFO: [Synth 8-3886] merging instance 'insti_1/inst/driver/mem_reg_mux_sel__71' (FDE) to 'insti_1/inst/driver/mem_reg_mux_sel__83'
INFO: [Synth 8-3886] merging instance 'insti_1/inst/driver/mem_reg_mux_sel__37' (FDE) to 'insti_1/inst/driver/mem_reg_mux_sel__83'
INFO: [Synth 8-3886] merging instance 'insti_1/inst/driver/mem_reg_mux_sel__3' (FDE) to 'insti_1/inst/driver/mem_reg_mux_sel__15'
INFO: [Synth 8-3886] merging instance 'insti_1/inst/driver/mem_reg_mux_sel__72' (FDE) to 'insti_1/inst/driver/mem_reg_mux_sel__83'
INFO: [Synth 8-3886] merging instance 'insti_1/inst/driver/mem_reg_mux_sel__38' (FDE) to 'insti_1/inst/driver/mem_reg_mux_sel__83'
INFO: [Synth 8-3886] merging instance 'insti_1/inst/driver/mem_reg_mux_sel__4' (FDE) to 'insti_1/inst/driver/mem_reg_mux_sel__15'
INFO: [Synth 8-3886] merging instance 'insti_1/inst/driver/mem_reg_mux_sel__73' (FDE) to 'insti_1/inst/driver/mem_reg_mux_sel__83'
INFO: [Synth 8-3886] merging instance 'insti_1/inst/driver/mem_reg_mux_sel__39' (FDE) to 'insti_1/inst/driver/mem_reg_mux_sel__83'
INFO: [Synth 8-3886] merging instance 'insti_1/inst/driver/mem_reg_mux_sel__5' (FDE) to 'insti_1/inst/driver/mem_reg_mux_sel__15'
INFO: [Synth 8-3886] merging instance 'insti_1/inst/driver/mem_reg_mux_sel__74' (FDE) to 'insti_1/inst/driver/mem_reg_mux_sel__83'
INFO: [Synth 8-3886] merging instance 'insti_1/inst/driver/mem_reg_mux_sel__40' (FDE) to 'insti_1/inst/driver/mem_reg_mux_sel__83'
INFO: [Synth 8-3886] merging instance 'insti_1/inst/driver/mem_reg_mux_sel__6' (FDE) to 'insti_1/inst/driver/mem_reg_mux_sel__15'
INFO: [Synth 8-3886] merging instance 'insti_1/inst/driver/mem_reg_mux_sel__75' (FDE) to 'insti_1/inst/driver/mem_reg_mux_sel__83'
INFO: [Synth 8-3886] merging instance 'insti_1/inst/driver/mem_reg_mux_sel__41' (FDE) to 'insti_1/inst/driver/mem_reg_mux_sel__83'
INFO: [Synth 8-3886] merging instance 'insti_1/inst/driver/mem_reg_mux_sel__7' (FDE) to 'insti_1/inst/driver/mem_reg_mux_sel__15'
INFO: [Synth 8-3886] merging instance 'insti_1/inst/driver/mem_reg_mux_sel__76' (FDE) to 'insti_1/inst/driver/mem_reg_mux_sel__83'
INFO: [Synth 8-3886] merging instance 'insti_1/inst/driver/mem_reg_mux_sel__42' (FDE) to 'insti_1/inst/driver/mem_reg_mux_sel__83'
INFO: [Synth 8-3886] merging instance 'insti_1/inst/driver/mem_reg_mux_sel__8' (FDE) to 'insti_1/inst/driver/mem_reg_mux_sel__15'
INFO: [Synth 8-3886] merging instance 'insti_1/inst/driver/mem_reg_mux_sel__77' (FDE) to 'insti_1/inst/driver/mem_reg_mux_sel__83'
INFO: [Synth 8-3886] merging instance 'insti_1/inst/driver/mem_reg_mux_sel__43' (FDE) to 'insti_1/inst/driver/mem_reg_mux_sel__83'
INFO: [Synth 8-3886] merging instance 'insti_1/inst/driver/mem_reg_mux_sel__9' (FDE) to 'insti_1/inst/driver/mem_reg_mux_sel__15'
INFO: [Synth 8-3886] merging instance 'insti_1/inst/driver/mem_reg_mux_sel__78' (FDE) to 'insti_1/inst/driver/mem_reg_mux_sel__83'
INFO: [Synth 8-3886] merging instance 'insti_1/inst/driver/mem_reg_mux_sel__44' (FDE) to 'insti_1/inst/driver/mem_reg_mux_sel__83'
INFO: [Synth 8-3886] merging instance 'insti_1/inst/driver/mem_reg_mux_sel__10' (FDE) to 'insti_1/inst/driver/mem_reg_mux_sel__15'
INFO: [Synth 8-3886] merging instance 'insti_1/inst/driver/mem_reg_mux_sel__79' (FDE) to 'insti_1/inst/driver/mem_reg_mux_sel__83'
INFO: [Synth 8-3886] merging instance 'insti_1/inst/driver/mem_reg_mux_sel__45' (FDE) to 'insti_1/inst/driver/mem_reg_mux_sel__83'
INFO: [Synth 8-3886] merging instance 'insti_1/inst/driver/mem_reg_mux_sel__11' (FDE) to 'insti_1/inst/driver/mem_reg_mux_sel__15'
INFO: [Synth 8-3886] merging instance 'insti_1/inst/driver/mem_reg_mux_sel__80' (FDE) to 'insti_1/inst/driver/mem_reg_mux_sel__83'
INFO: [Synth 8-3886] merging instance 'insti_1/inst/driver/mem_reg_mux_sel__46' (FDE) to 'insti_1/inst/driver/mem_reg_mux_sel__83'
INFO: [Synth 8-3886] merging instance 'insti_1/inst/driver/mem_reg_mux_sel__12' (FDE) to 'insti_1/inst/driver/mem_reg_mux_sel__15'
INFO: [Synth 8-3886] merging instance 'insti_1/inst/driver/mem_reg_mux_sel__81' (FDE) to 'insti_1/inst/driver/mem_reg_mux_sel__83'
INFO: [Synth 8-3886] merging instance 'insti_1/inst/driver/mem_reg_mux_sel__47' (FDE) to 'insti_1/inst/driver/mem_reg_mux_sel__83'
INFO: [Synth 8-3886] merging instance 'insti_1/inst/driver/mem_reg_mux_sel__13' (FDE) to 'insti_1/inst/driver/mem_reg_mux_sel__15'
INFO: [Synth 8-3886] merging instance 'insti_1/inst/driver/mem_reg_mux_sel__82' (FDE) to 'insti_1/inst/driver/mem_reg_mux_sel__83'
INFO: [Synth 8-3886] merging instance 'insti_1/inst/driver/mem_reg_mux_sel__48' (FDE) to 'insti_1/inst/driver/mem_reg_mux_sel__83'
INFO: [Synth 8-3886] merging instance 'insti_1/inst/driver/mem_reg_mux_sel__14' (FDE) to 'insti_1/inst/driver/mem_reg_mux_sel__15'
INFO: [Synth 8-3886] merging instance 'insti_1/inst/driver/mem_reg_mux_sel__83' (FDE) to 'insti_1/inst/driver/mem_reg_mux_sel__49'
---------------------------------------------------------------------------------
Finished Cross Boundary and Area Optimization : Time (s): cpu = 00:00:09 ; elapsed = 00:00:10 . Memory (MB): peak = 853.789 ; gain = 483.094
---------------------------------------------------------------------------------
---------------------------------------------------------------------------------
Start ROM, RAM, DSP and Shift Register Reporting
---------------------------------------------------------------------------------

Block RAM: Preliminary Mapping  Report (see note below)
+----------------------+------------+------------------------+---+---+------------------------+---+---+------------------+--------+--------+
|Module Name           | RTL Object | PORT A (Depth x Width) | W | R | PORT B (Depth x Width) | W | R | Ports driving FF | RAMB18 | RAMB36 | 
+----------------------+------------+------------------------+---+---+------------------------+---+---+------------------+--------+--------+
|bram_dualport_driver: | mem_reg    | 128 K x 17(READ_FIRST) | W | R | 128 K x 17(READ_FIRST) | W | R | Port A and B     | 0      | 68     | 
+----------------------+------------+------------------------+---+---+------------------------+---+---+------------------+--------+--------+

Note: The table above is a preliminary report that shows the Block RAMs at the current stage of the synthesis flow. Some Block RAMs may be reimplemented as non Block RAM primitives later in the synthesis flow. Multiple instantiated Block RAMs are reported only once. 
---------------------------------------------------------------------------------
Finished ROM, RAM, DSP and Shift Register Reporting
---------------------------------------------------------------------------------
INFO: [Synth 8-6837] The timing for the instance insti_1/inst/driver/mem_reg_0_0 (implemented as a Block RAM) might be sub-optimal as no optional output register could be merged into the block ram. Providing additional output register may help in improving timing.
INFO: [Synth 8-6837] The timing for the instance insti_1/inst/driver/mem_reg_0_0 (implemented as a Block RAM) might be sub-optimal as no optional output register could be merged into the block ram. Providing additional output register may help in improving timing.
INFO: [Synth 8-6837] The timing for the instance insti_1/inst/driver/mem_reg_0_1 (implemented as a Block RAM) might be sub-optimal as no optional output register could be merged into the block ram. Providing additional output register may help in improving timing.
INFO: [Synth 8-6837] The timing for the instance insti_1/inst/driver/mem_reg_0_1 (implemented as a Block RAM) might be sub-optimal as no optional output register could be merged into the block ram. Providing additional output register may help in improving timing.
INFO: [Synth 8-6837] The timing for the instance insti_1/inst/driver/mem_reg_0_2 (implemented as a Block RAM) might be sub-optimal as no optional output register could be merged into the block ram. Providing additional output register may help in improving timing.
INFO: [Synth 8-6837] The timing for the instance insti_1/inst/driver/mem_reg_0_2 (implemented as a Block RAM) might be sub-optimal as no optional output register could be merged into the block ram. Providing additional output register may help in improving timing.
INFO: [Synth 8-6837] The timing for the instance insti_1/inst/driver/mem_reg_0_3 (implemented as a Block RAM) might be sub-optimal as no optional output register could be merged into the block ram. Providing additional output register may help in improving timing.
INFO: [Synth 8-6837] The timing for the instance insti_1/inst/driver/mem_reg_0_3 (implemented as a Block RAM) might be sub-optimal as no optional output register could be merged into the block ram. Providing additional output register may help in improving timing.
INFO: [Synth 8-6837] The timing for the instance insti_1/inst/driver/mem_reg_0_4 (implemented as a Block RAM) might be sub-optimal as no optional output register could be merged into the block ram. Providing additional output register may help in improving timing.
INFO: [Synth 8-6837] The timing for the instance insti_1/inst/driver/mem_reg_0_4 (implemented as a Block RAM) might be sub-optimal as no optional output register could be merged into the block ram. Providing additional output register may help in improving timing.
INFO: [Synth 8-6837] The timing for the instance insti_1/inst/driver/mem_reg_0_5 (implemented as a Block RAM) might be sub-optimal as no optional output register could be merged into the block ram. Providing additional output register may help in improving timing.
INFO: [Synth 8-6837] The timing for the instance insti_1/inst/driver/mem_reg_0_5 (implemented as a Block RAM) might be sub-optimal as no optional output register could be merged into the block ram. Providing additional output register may help in improving timing.
INFO: [Synth 8-6837] The timing for the instance insti_1/inst/driver/mem_reg_0_6 (implemented as a Block RAM) might be sub-optimal as no optional output register could be merged into the block ram. Providing additional output register may help in improving timing.
INFO: [Synth 8-6837] The timing for the instance insti_1/inst/driver/mem_reg_0_6 (implemented as a Block RAM) might be sub-optimal as no optional output register could be merged into the block ram. Providing additional output register may help in improving timing.
INFO: [Synth 8-6837] The timing for the instance insti_1/inst/driver/mem_reg_0_7 (implemented as a Block RAM) might be sub-optimal as no optional output register could be merged into the block ram. Providing additional output register may help in improving timing.
INFO: [Synth 8-6837] The timing for the instance insti_1/inst/driver/mem_reg_0_7 (implemented as a Block RAM) might be sub-optimal as no optional output register could be merged into the block ram. Providing additional output register may help in improving timing.
INFO: [Synth 8-6837] The timing for the instance insti_1/inst/driver/mem_reg_0_8 (implemented as a Block RAM) might be sub-optimal as no optional output register could be merged into the block ram. Providing additional output register may help in improving timing.
INFO: [Synth 8-6837] The timing for the instance insti_1/inst/driver/mem_reg_0_8 (implemented as a Block RAM) might be sub-optimal as no optional output register could be merged into the block ram. Providing additional output register may help in improving timing.
INFO: [Synth 8-6837] The timing for the instance insti_1/inst/driver/mem_reg_0_9 (implemented as a Block RAM) might be sub-optimal as no optional output register could be merged into the block ram. Providing additional output register may help in improving timing.
INFO: [Synth 8-6837] The timing for the instance insti_1/inst/driver/mem_reg_0_9 (implemented as a Block RAM) might be sub-optimal as no optional output register could be merged into the block ram. Providing additional output register may help in improving timing.
INFO: [Synth 8-6837] The timing for the instance insti_1/inst/driver/mem_reg_0_10 (implemented as a Block RAM) might be sub-optimal as no optional output register could be merged into the block ram. Providing additional output register may help in improving timing.
INFO: [Synth 8-6837] The timing for the instance insti_1/inst/driver/mem_reg_0_10 (implemented as a Block RAM) might be sub-optimal as no optional output register could be merged into the block ram. Providing additional output register may help in improving timing.
INFO: [Synth 8-6837] The timing for the instance insti_1/inst/driver/mem_reg_0_11 (implemented as a Block RAM) might be sub-optimal as no optional output register could be merged into the block ram. Providing additional output register may help in improving timing.
INFO: [Synth 8-6837] The timing for the instance insti_1/inst/driver/mem_reg_0_11 (implemented as a Block RAM) might be sub-optimal as no optional output register could be merged into the block ram. Providing additional output register may help in improving timing.
INFO: [Synth 8-6837] The timing for the instance insti_1/inst/driver/mem_reg_0_12 (implemented as a Block RAM) might be sub-optimal as no optional output register could be merged into the block ram. Providing additional output register may help in improving timing.
INFO: [Synth 8-6837] The timing for the instance insti_1/inst/driver/mem_reg_0_12 (implemented as a Block RAM) might be sub-optimal as no optional output register could be merged into the block ram. Providing additional output register may help in improving timing.
INFO: [Synth 8-6837] The timing for the instance insti_1/inst/driver/mem_reg_0_13 (implemented as a Block RAM) might be sub-optimal as no optional output register could be merged into the block ram. Providing additional output register may help in improving timing.
INFO: [Synth 8-6837] The timing for the instance insti_1/inst/driver/mem_reg_0_13 (implemented as a Block RAM) might be sub-optimal as no optional output register could be merged into the block ram. Providing additional output register may help in improving timing.
INFO: [Synth 8-6837] The timing for the instance insti_1/inst/driver/mem_reg_0_14 (implemented as a Block RAM) might be sub-optimal as no optional output register could be merged into the block ram. Providing additional output register may help in improving timing.
INFO: [Synth 8-6837] The timing for the instance insti_1/inst/driver/mem_reg_0_14 (implemented as a Block RAM) might be sub-optimal as no optional output register could be merged into the block ram. Providing additional output register may help in improving timing.
INFO: [Synth 8-6837] The timing for the instance insti_1/inst/driver/mem_reg_0_15 (implemented as a Block RAM) might be sub-optimal as no optional output register could be merged into the block ram. Providing additional output register may help in improving timing.
INFO: [Synth 8-6837] The timing for the instance insti_1/inst/driver/mem_reg_0_15 (implemented as a Block RAM) might be sub-optimal as no optional output register could be merged into the block ram. Providing additional output register may help in improving timing.
INFO: [Synth 8-6837] The timing for the instance insti_1/inst/driver/mem_reg_0_16 (implemented as a Block RAM) might be sub-optimal as no optional output register could be merged into the block ram. Providing additional output register may help in improving timing.
INFO: [Synth 8-6837] The timing for the instance insti_1/inst/driver/mem_reg_0_16 (implemented as a Block RAM) might be sub-optimal as no optional output register could be merged into the block ram. Providing additional output register may help in improving timing.
INFO: [Synth 8-6837] The timing for the instance insti_1/inst/driver/mem_reg_1_0 (implemented as a Block RAM) might be sub-optimal as no optional output register could be merged into the block ram. Providing additional output register may help in improving timing.
INFO: [Synth 8-6837] The timing for the instance insti_1/inst/driver/mem_reg_1_0 (implemented as a Block RAM) might be sub-optimal as no optional output register could be merged into the block ram. Providing additional output register may help in improving timing.
INFO: [Synth 8-6837] The timing for the instance insti_1/inst/driver/mem_reg_1_1 (implemented as a Block RAM) might be sub-optimal as no optional output register could be merged into the block ram. Providing additional output register may help in improving timing.
INFO: [Synth 8-6837] The timing for the instance insti_1/inst/driver/mem_reg_1_1 (implemented as a Block RAM) might be sub-optimal as no optional output register could be merged into the block ram. Providing additional output register may help in improving timing.
INFO: [Synth 8-6837] The timing for the instance insti_1/inst/driver/mem_reg_1_2 (implemented as a Block RAM) might be sub-optimal as no optional output register could be merged into the block ram. Providing additional output register may help in improving timing.
INFO: [Synth 8-6837] The timing for the instance insti_1/inst/driver/mem_reg_1_2 (implemented as a Block RAM) might be sub-optimal as no optional output register could be merged into the block ram. Providing additional output register may help in improving timing.
INFO: [Synth 8-6837] The timing for the instance insti_1/inst/driver/mem_reg_1_3 (implemented as a Block RAM) might be sub-optimal as no optional output register could be merged into the block ram. Providing additional output register may help in improving timing.
INFO: [Synth 8-6837] The timing for the instance insti_1/inst/driver/mem_reg_1_3 (implemented as a Block RAM) might be sub-optimal as no optional output register could be merged into the block ram. Providing additional output register may help in improving timing.
INFO: [Synth 8-6837] The timing for the instance insti_1/inst/driver/mem_reg_1_4 (implemented as a Block RAM) might be sub-optimal as no optional output register could be merged into the block ram. Providing additional output register may help in improving timing.
INFO: [Synth 8-6837] The timing for the instance insti_1/inst/driver/mem_reg_1_4 (implemented as a Block RAM) might be sub-optimal as no optional output register could be merged into the block ram. Providing additional output register may help in improving timing.
INFO: [Synth 8-6837] The timing for the instance insti_1/inst/driver/mem_reg_1_5 (implemented as a Block RAM) might be sub-optimal as no optional output register could be merged into the block ram. Providing additional output register may help in improving timing.
INFO: [Synth 8-6837] The timing for the instance insti_1/inst/driver/mem_reg_1_5 (implemented as a Block RAM) might be sub-optimal as no optional output register could be merged into the block ram. Providing additional output register may help in improving timing.
INFO: [Synth 8-6837] The timing for the instance insti_1/inst/driver/mem_reg_1_6 (implemented as a Block RAM) might be sub-optimal as no optional output register could be merged into the block ram. Providing additional output register may help in improving timing.
INFO: [Synth 8-6837] The timing for the instance insti_1/inst/driver/mem_reg_1_6 (implemented as a Block RAM) might be sub-optimal as no optional output register could be merged into the block ram. Providing additional output register may help in improving timing.
INFO: [Synth 8-6837] The timing for the instance insti_1/inst/driver/mem_reg_1_7 (implemented as a Block RAM) might be sub-optimal as no optional output register could be merged into the block ram. Providing additional output register may help in improving timing.
INFO: [Synth 8-6837] The timing for the instance insti_1/inst/driver/mem_reg_1_7 (implemented as a Block RAM) might be sub-optimal as no optional output register could be merged into the block ram. Providing additional output register may help in improving timing.
INFO: [Synth 8-6837] The timing for the instance insti_1/inst/driver/mem_reg_1_8 (implemented as a Block RAM) might be sub-optimal as no optional output register could be merged into the block ram. Providing additional output register may help in improving timing.
INFO: [Synth 8-6837] The timing for the instance insti_1/inst/driver/mem_reg_1_8 (implemented as a Block RAM) might be sub-optimal as no optional output register could be merged into the block ram. Providing additional output register may help in improving timing.
INFO: [Synth 8-6837] The timing for the instance insti_1/inst/driver/mem_reg_1_9 (implemented as a Block RAM) might be sub-optimal as no optional output register could be merged into the block ram. Providing additional output register may help in improving timing.
INFO: [Synth 8-6837] The timing for the instance insti_1/inst/driver/mem_reg_1_9 (implemented as a Block RAM) might be sub-optimal as no optional output register could be merged into the block ram. Providing additional output register may help in improving timing.
INFO: [Synth 8-6837] The timing for the instance insti_1/inst/driver/mem_reg_1_10 (implemented as a Block RAM) might be sub-optimal as no optional output register could be merged into the block ram. Providing additional output register may help in improving timing.
INFO: [Synth 8-6837] The timing for the instance insti_1/inst/driver/mem_reg_1_10 (implemented as a Block RAM) might be sub-optimal as no optional output register could be merged into the block ram. Providing additional output register may help in improving timing.
INFO: [Synth 8-6837] The timing for the instance insti_1/inst/driver/mem_reg_1_11 (implemented as a Block RAM) might be sub-optimal as no optional output register could be merged into the block ram. Providing additional output register may help in improving timing.
INFO: [Synth 8-6837] The timing for the instance insti_1/inst/driver/mem_reg_1_11 (implemented as a Block RAM) might be sub-optimal as no optional output register could be merged into the block ram. Providing additional output register may help in improving timing.
INFO: [Synth 8-6837] The timing for the instance insti_1/inst/driver/mem_reg_1_12 (implemented as a Block RAM) might be sub-optimal as no optional output register could be merged into the block ram. Providing additional output register may help in improving timing.
INFO: [Synth 8-6837] The timing for the instance insti_1/inst/driver/mem_reg_1_12 (implemented as a Block RAM) might be sub-optimal as no optional output register could be merged into the block ram. Providing additional output register may help in improving timing.
INFO: [Synth 8-6837] The timing for the instance insti_1/inst/driver/mem_reg_1_13 (implemented as a Block RAM) might be sub-optimal as no optional output register could be merged into the block ram. Providing additional output register may help in improving timing.
INFO: [Synth 8-6837] The timing for the instance insti_1/inst/driver/mem_reg_1_13 (implemented as a Block RAM) might be sub-optimal as no optional output register could be merged into the block ram. Providing additional output register may help in improving timing.
INFO: [Synth 8-6837] The timing for the instance insti_1/inst/driver/mem_reg_1_14 (implemented as a Block RAM) might be sub-optimal as no optional output register could be merged into the block ram. Providing additional output register may help in improving timing.
INFO: [Synth 8-6837] The timing for the instance insti_1/inst/driver/mem_reg_1_14 (implemented as a Block RAM) might be sub-optimal as no optional output register could be merged into the block ram. Providing additional output register may help in improving timing.
INFO: [Synth 8-6837] The timing for the instance insti_1/inst/driver/mem_reg_1_15 (implemented as a Block RAM) might be sub-optimal as no optional output register could be merged into the block ram. Providing additional output register may help in improving timing.
INFO: [Synth 8-6837] The timing for the instance insti_1/inst/driver/mem_reg_1_15 (implemented as a Block RAM) might be sub-optimal as no optional output register could be merged into the block ram. Providing additional output register may help in improving timing.
INFO: [Synth 8-6837] The timing for the instance insti_1/inst/driver/mem_reg_1_16 (implemented as a Block RAM) might be sub-optimal as no optional output register could be merged into the block ram. Providing additional output register may help in improving timing.
INFO: [Synth 8-6837] The timing for the instance insti_1/inst/driver/mem_reg_1_16 (implemented as a Block RAM) might be sub-optimal as no optional output register could be merged into the block ram. Providing additional output register may help in improving timing.
INFO: [Synth 8-6837] The timing for the instance insti_1/inst/driver/mem_reg_2_0 (implemented as a Block RAM) might be sub-optimal as no optional output register could be merged into the block ram. Providing additional output register may help in improving timing.
INFO: [Synth 8-6837] The timing for the instance insti_1/inst/driver/mem_reg_2_0 (implemented as a Block RAM) might be sub-optimal as no optional output register could be merged into the block ram. Providing additional output register may help in improving timing.
INFO: [Synth 8-6837] The timing for the instance insti_1/inst/driver/mem_reg_2_1 (implemented as a Block RAM) might be sub-optimal as no optional output register could be merged into the block ram. Providing additional output register may help in improving timing.
INFO: [Synth 8-6837] The timing for the instance insti_1/inst/driver/mem_reg_2_1 (implemented as a Block RAM) might be sub-optimal as no optional output register could be merged into the block ram. Providing additional output register may help in improving timing.
INFO: [Synth 8-6837] The timing for the instance insti_1/inst/driver/mem_reg_2_2 (implemented as a Block RAM) might be sub-optimal as no optional output register could be merged into the block ram. Providing additional output register may help in improving timing.
INFO: [Synth 8-6837] The timing for the instance insti_1/inst/driver/mem_reg_2_2 (implemented as a Block RAM) might be sub-optimal as no optional output register could be merged into the block ram. Providing additional output register may help in improving timing.
INFO: [Synth 8-6837] The timing for the instance insti_1/inst/driver/mem_reg_2_3 (implemented as a Block RAM) might be sub-optimal as no optional output register could be merged into the block ram. Providing additional output register may help in improving timing.
INFO: [Synth 8-6837] The timing for the instance insti_1/inst/driver/mem_reg_2_3 (implemented as a Block RAM) might be sub-optimal as no optional output register could be merged into the block ram. Providing additional output register may help in improving timing.
INFO: [Synth 8-6837] The timing for the instance insti_1/inst/driver/mem_reg_2_4 (implemented as a Block RAM) might be sub-optimal as no optional output register could be merged into the block ram. Providing additional output register may help in improving timing.
INFO: [Synth 8-6837] The timing for the instance insti_1/inst/driver/mem_reg_2_4 (implemented as a Block RAM) might be sub-optimal as no optional output register could be merged into the block ram. Providing additional output register may help in improving timing.
INFO: [Synth 8-6837] The timing for the instance insti_1/inst/driver/mem_reg_2_5 (implemented as a Block RAM) might be sub-optimal as no optional output register could be merged into the block ram. Providing additional output register may help in improving timing.
INFO: [Synth 8-6837] The timing for the instance insti_1/inst/driver/mem_reg_2_5 (implemented as a Block RAM) might be sub-optimal as no optional output register could be merged into the block ram. Providing additional output register may help in improving timing.
INFO: [Synth 8-6837] The timing for the instance insti_1/inst/driver/mem_reg_2_6 (implemented as a Block RAM) might be sub-optimal as no optional output register could be merged into the block ram. Providing additional output register may help in improving timing.
INFO: [Synth 8-6837] The timing for the instance insti_1/inst/driver/mem_reg_2_6 (implemented as a Block RAM) might be sub-optimal as no optional output register could be merged into the block ram. Providing additional output register may help in improving timing.
INFO: [Synth 8-6837] The timing for the instance insti_1/inst/driver/mem_reg_2_7 (implemented as a Block RAM) might be sub-optimal as no optional output register could be merged into the block ram. Providing additional output register may help in improving timing.
INFO: [Synth 8-6837] The timing for the instance insti_1/inst/driver/mem_reg_2_7 (implemented as a Block RAM) might be sub-optimal as no optional output register could be merged into the block ram. Providing additional output register may help in improving timing.
INFO: [Synth 8-6837] The timing for the instance insti_1/inst/driver/mem_reg_2_8 (implemented as a Block RAM) might be sub-optimal as no optional output register could be merged into the block ram. Providing additional output register may help in improving timing.
INFO: [Synth 8-6837] The timing for the instance insti_1/inst/driver/mem_reg_2_8 (implemented as a Block RAM) might be sub-optimal as no optional output register could be merged into the block ram. Providing additional output register may help in improving timing.
INFO: [Synth 8-6837] The timing for the instance insti_1/inst/driver/mem_reg_2_9 (implemented as a Block RAM) might be sub-optimal as no optional output register could be merged into the block ram. Providing additional output register may help in improving timing.
INFO: [Synth 8-6837] The timing for the instance insti_1/inst/driver/mem_reg_2_9 (implemented as a Block RAM) might be sub-optimal as no optional output register could be merged into the block ram. Providing additional output register may help in improving timing.
INFO: [Synth 8-6837] The timing for the instance insti_1/inst/driver/mem_reg_2_10 (implemented as a Block RAM) might be sub-optimal as no optional output register could be merged into the block ram. Providing additional output register may help in improving timing.
INFO: [Synth 8-6837] The timing for the instance insti_1/inst/driver/mem_reg_2_10 (implemented as a Block RAM) might be sub-optimal as no optional output register could be merged into the block ram. Providing additional output register may help in improving timing.
INFO: [Synth 8-6837] The timing for the instance insti_1/inst/driver/mem_reg_2_11 (implemented as a Block RAM) might be sub-optimal as no optional output register could be merged into the block ram. Providing additional output register may help in improving timing.
INFO: [Synth 8-6837] The timing for the instance insti_1/inst/driver/mem_reg_2_11 (implemented as a Block RAM) might be sub-optimal as no optional output register could be merged into the block ram. Providing additional output register may help in improving timing.
INFO: [Synth 8-6837] The timing for the instance insti_1/inst/driver/mem_reg_2_12 (implemented as a Block RAM) might be sub-optimal as no optional output register could be merged into the block ram. Providing additional output register may help in improving timing.
INFO: [Synth 8-6837] The timing for the instance insti_1/inst/driver/mem_reg_2_12 (implemented as a Block RAM) might be sub-optimal as no optional output register could be merged into the block ram. Providing additional output register may help in improving timing.
INFO: [Synth 8-6837] The timing for the instance insti_1/inst/driver/mem_reg_2_13 (implemented as a Block RAM) might be sub-optimal as no optional output register could be merged into the block ram. Providing additional output register may help in improving timing.
INFO: [Synth 8-6837] The timing for the instance insti_1/inst/driver/mem_reg_2_13 (implemented as a Block RAM) might be sub-optimal as no optional output register could be merged into the block ram. Providing additional output register may help in improving timing.
INFO: [Synth 8-6837] The timing for the instance insti_1/inst/driver/mem_reg_2_14 (implemented as a Block RAM) might be sub-optimal as no optional output register could be merged into the block ram. Providing additional output register may help in improving timing.
INFO: [Synth 8-6837] The timing for the instance insti_1/inst/driver/mem_reg_2_14 (implemented as a Block RAM) might be sub-optimal as no optional output register could be merged into the block ram. Providing additional output register may help in improving timing.
INFO: [Synth 8-6837] The timing for the instance insti_1/inst/driver/mem_reg_2_15 (implemented as a Block RAM) might be sub-optimal as no optional output register could be merged into the block ram. Providing additional output register may help in improving timing.
INFO: [Synth 8-6837] The timing for the instance insti_1/inst/driver/mem_reg_2_15 (implemented as a Block RAM) might be sub-optimal as no optional output register could be merged into the block ram. Providing additional output register may help in improving timing.
INFO: [Common 17-14] Message 'Synth 8-6837' appears 100 times and further instances of the messages will be disabled. Use the Tcl command set_msg_config to change the current settings.

Report RTL Partitions: 
+-+--------------+------------+----------+
| |RTL Partition |Replication |Instances |
+-+--------------+------------+----------+
+-+--------------+------------+----------+
---------------------------------------------------------------------------------
Start Applying XDC Timing Constraints
---------------------------------------------------------------------------------
---------------------------------------------------------------------------------
Finished Applying XDC Timing Constraints : Time (s): cpu = 00:00:14 ; elapsed = 00:00:15 . Memory (MB): peak = 865.824 ; gain = 495.129
---------------------------------------------------------------------------------
---------------------------------------------------------------------------------
Start Timing Optimization
---------------------------------------------------------------------------------
---------------------------------------------------------------------------------
Finished Timing Optimization : Time (s): cpu = 00:00:14 ; elapsed = 00:00:15 . Memory (MB): peak = 866.941 ; gain = 496.246
---------------------------------------------------------------------------------
---------------------------------------------------------------------------------
Start ROM, RAM, DSP and Shift Register Reporting
---------------------------------------------------------------------------------

Block RAM: Final Mapping  Report
+----------------------+------------+------------------------+---+---+------------------------+---+---+------------------+--------+--------+
|Module Name           | RTL Object | PORT A (Depth x Width) | W | R | PORT B (Depth x Width) | W | R | Ports driving FF | RAMB18 | RAMB36 | 
+----------------------+------------+------------------------+---+---+------------------------+---+---+------------------+--------+--------+
|bram_dualport_driver: | mem_reg    | 128 K x 17(READ_FIRST) | W | R | 128 K x 17(READ_FIRST) | W | R | Port A and B     | 0      | 68     | 
+----------------------+------------+------------------------+---+---+------------------------+---+---+------------------+--------+--------+

---------------------------------------------------------------------------------
Finished ROM, RAM, DSP and Shift Register Reporting
---------------------------------------------------------------------------------

Report RTL Partitions: 
+-+--------------+------------+----------+
| |RTL Partition |Replication |Instances |
+-+--------------+------------+----------+
+-+--------------+------------+----------+
---------------------------------------------------------------------------------
Start Technology Mapping
---------------------------------------------------------------------------------
---------------------------------------------------------------------------------
Finished Technology Mapping : Time (s): cpu = 00:00:14 ; elapsed = 00:00:15 . Memory (MB): peak = 883.250 ; gain = 512.555
---------------------------------------------------------------------------------

Report RTL Partitions: 
+-+--------------+------------+----------+
| |RTL Partition |Replication |Instances |
+-+--------------+------------+----------+
+-+--------------+------------+----------+
---------------------------------------------------------------------------------
Start IO Insertion
---------------------------------------------------------------------------------
---------------------------------------------------------------------------------
Start Flattening Before IO Insertion
---------------------------------------------------------------------------------
---------------------------------------------------------------------------------
Finished Flattening Before IO Insertion
---------------------------------------------------------------------------------
---------------------------------------------------------------------------------
Start Final Netlist Cleanup
---------------------------------------------------------------------------------
INFO: [Synth 8-6064] Net n_0_253 is driving 68 big block pins (URAM, BRAM and DSP loads). Created 7 replicas of its driver. 
INFO: [Synth 8-6064] Net n_0_251 is driving 68 big block pins (URAM, BRAM and DSP loads). Created 7 replicas of its driver. 
INFO: [Synth 8-6064] Net n_0_248 is driving 68 big block pins (URAM, BRAM and DSP loads). Created 7 replicas of its driver. 
INFO: [Synth 8-6064] Net n_0_246 is driving 68 big block pins (URAM, BRAM and DSP loads). Created 7 replicas of its driver. 
INFO: [Synth 8-6064] Net n_0_244 is driving 68 big block pins (URAM, BRAM and DSP loads). Created 7 replicas of its driver. 
INFO: [Synth 8-6064] Net n_0_242 is driving 68 big block pins (URAM, BRAM and DSP loads). Created 7 replicas of its driver. 
INFO: [Synth 8-6064] Net n_0_241 is driving 68 big block pins (URAM, BRAM and DSP loads). Created 7 replicas of its driver. 
INFO: [Synth 8-6064] Net n_0_239 is driving 68 big block pins (URAM, BRAM and DSP loads). Created 7 replicas of its driver. 
---------------------------------------------------------------------------------
Finished Final Netlist Cleanup
---------------------------------------------------------------------------------
---------------------------------------------------------------------------------
Finished IO Insertion : Time (s): cpu = 00:00:15 ; elapsed = 00:00:16 . Memory (MB): peak = 883.250 ; gain = 512.555
---------------------------------------------------------------------------------

Report Check Netlist: 
+------+------------------+-------+---------+-------+------------------+
|      |Item              |Errors |Warnings |Status |Description       |
+------+------------------+-------+---------+-------+------------------+
|1     |multi_driven_nets |      0|        0|Passed |Multi driven nets |
+------+------------------+-------+---------+-------+------------------+
---------------------------------------------------------------------------------
Start Renaming Generated Instances
---------------------------------------------------------------------------------
---------------------------------------------------------------------------------
Finished Renaming Generated Instances : Time (s): cpu = 00:00:15 ; elapsed = 00:00:16 . Memory (MB): peak = 883.250 ; gain = 512.555
---------------------------------------------------------------------------------

Report RTL Partitions: 
+-+--------------+------------+----------+
| |RTL Partition |Replication |Instances |
+-+--------------+------------+----------+
+-+--------------+------------+----------+
---------------------------------------------------------------------------------
Start Rebuilding User Hierarchy
---------------------------------------------------------------------------------
---------------------------------------------------------------------------------
Finished Rebuilding User Hierarchy : Time (s): cpu = 00:00:15 ; elapsed = 00:00:16 . Memory (MB): peak = 883.250 ; gain = 512.555
---------------------------------------------------------------------------------
---------------------------------------------------------------------------------
Start Renaming Generated Ports
---------------------------------------------------------------------------------
---------------------------------------------------------------------------------
Finished Renaming Generated Ports : Time (s): cpu = 00:00:15 ; elapsed = 00:00:16 . Memory (MB): peak = 883.250 ; gain = 512.555
---------------------------------------------------------------------------------
---------------------------------------------------------------------------------
Start Handling Custom Attributes
---------------------------------------------------------------------------------
---------------------------------------------------------------------------------
Finished Handling Custom Attributes : Time (s): cpu = 00:00:15 ; elapsed = 00:00:16 . Memory (MB): peak = 883.250 ; gain = 512.555
---------------------------------------------------------------------------------
---------------------------------------------------------------------------------
Start Renaming Generated Nets
---------------------------------------------------------------------------------
---------------------------------------------------------------------------------
Finished Renaming Generated Nets : Time (s): cpu = 00:00:15 ; elapsed = 00:00:16 . Memory (MB): peak = 883.250 ; gain = 512.555
---------------------------------------------------------------------------------
---------------------------------------------------------------------------------
Start Writing Synthesis Report
---------------------------------------------------------------------------------

Report BlackBoxes: 
+-+--------------+----------+
| |BlackBox name |Instances |
+-+--------------+----------+
+-+--------------+----------+

Report Cell Usage: 
+------+---------+------+
|      |Cell     |Count |
+------+---------+------+
|1     |LUT1     |    30|
|2     |LUT2     |   256|
|3     |LUT3     |    64|
|4     |LUT4     |   102|
|5     |LUT5     |   102|
|6     |LUT6     |    34|
|7     |RAMB36E1 |    68|
|8     |FDRE     |     8|
+------+---------+------+

Report Instance Areas: 
+------+-----------+---------------------+------+
|      |Instance   |Module               |Cells |
+------+-----------+---------------------+------+
|1     |top        |                     |   664|
|2     |  inst     |bram_ctrl            |   664|
|3     |    driver |bram_dualport_driver |   106|
|4     |    mux    |bram_mux             |   558|
+------+-----------+---------------------+------+
---------------------------------------------------------------------------------
Finished Writing Synthesis Report : Time (s): cpu = 00:00:15 ; elapsed = 00:00:16 . Memory (MB): peak = 883.250 ; gain = 512.555
---------------------------------------------------------------------------------
Synthesis finished with 0 errors, 0 critical warnings and 1 warnings.
Synthesis Optimization Runtime : Time (s): cpu = 00:00:08 ; elapsed = 00:00:12 . Memory (MB): peak = 883.250 ; gain = 241.121
Synthesis Optimization Complete : Time (s): cpu = 00:00:15 ; elapsed = 00:00:16 . Memory (MB): peak = 883.250 ; gain = 512.555
INFO: [Project 1-571] Translating synthesized netlist
INFO: [Netlist 29-17] Analyzing 68 Unisim elements for replacement
INFO: [Netlist 29-28] Unisim Transformation completed in 0 CPU seconds
INFO: [Project 1-570] Preparing netlist for logic optimization
INFO: [Opt 31-138] Pushed 0 inverter(s) to 0 load pin(s).
Netlist sorting complete. Time (s): cpu = 00:00:00 ; elapsed = 00:00:00 . Memory (MB): peak = 887.531 ; gain = 0.000
INFO: [Project 1-111] Unisim Transformation Summary:
No Unisim elements were transformed.

INFO: [Common 17-83] Releasing license: Synthesis
295 Infos, 43 Warnings, 0 Critical Warnings and 0 Errors encountered.
synth_design completed successfully
synth_design: Time (s): cpu = 00:00:17 ; elapsed = 00:00:18 . Memory (MB): peak = 887.531 ; gain = 528.336
Netlist sorting complete. Time (s): cpu = 00:00:00 ; elapsed = 00:00:00 . Memory (MB): peak = 887.531 ; gain = 0.000
WARNING: [Constraints 18-5210] No constraints selected for write.
Resolution: This message can indicate that there are no constraints for the design, or it can indicate that the used_in flags are set such that the constraints are ignored. This later case is used when running synth_design to not write synthesis constraints to the resulting checkpoint. Instead, project constraints are read when the synthesized design is opened.
INFO: [Common 17-1381] The checkpoint 'C:/Users/khanm/OneDrive/Documents/GitHub/ECE532_Project_MVP/Project/Project.runs/design_1_bram_ctrl_0_0_synth_1/design_1_bram_ctrl_0_0.dcp' has been generated.
INFO: [Coretcl 2-1648] Added synthesis output to IP cache for IP design_1_bram_ctrl_0_0, cache-ID = d2de06a3456988df
INFO: [Coretcl 2-1174] Renamed 3 cell refs.
Netlist sorting complete. Time (s): cpu = 00:00:00 ; elapsed = 00:00:00 . Memory (MB): peak = 887.531 ; gain = 0.000
WARNING: [Constraints 18-5210] No constraints selected for write.
Resolution: This message can indicate that there are no constraints for the design, or it can indicate that the used_in flags are set such that the constraints are ignored. This later case is used when running synth_design to not write synthesis constraints to the resulting checkpoint. Instead, project constraints are read when the synthesized design is opened.
INFO: [Common 17-1381] The checkpoint 'C:/Users/khanm/OneDrive/Documents/GitHub/ECE532_Project_MVP/Project/Project.runs/design_1_bram_ctrl_0_0_synth_1/design_1_bram_ctrl_0_0.dcp' has been generated.
INFO: [runtcl-4] Executing : report_utilization -file design_1_bram_ctrl_0_0_utilization_synth.rpt -pb design_1_bram_ctrl_0_0_utilization_synth.pb
INFO: [Common 17-206] Exiting Vivado at Tue Mar 31 08:11:42 2026...
